#
# There is insufficient memory for the Java Runtime Environment to continue.
# Native memory allocation (mmap) failed to map 245366784 bytes for G1 virtual space
# Possible reasons:
#   The system is out of physical RAM or swap space
#   The process is running with CompressedOops enabled, and the Java Heap may be blocking the growth of the native heap
# Possible solutions:
#   Reduce memory load on the system
#   Increase physical memory or swap space
#   Check if swap backing store is full
#   Decrease Java heap size (-Xmx/-Xms)
#   Decrease number of Java threads
#   Decrease Java thread stack sizes (-Xss)
#   Set larger code cache with -XX:ReservedCodeCacheSize=
#   JVM is running with Unscaled Compressed Oops mode in which the Java heap is
#     placed in the first 4GB address space. The Java Heap base address is the
#     maximum limit for the native heap growth. Please use -XX:HeapBaseMinAddress
#     to set the Java Heap base and to place the Java Heap above 4GB virtual address.
# This output file may be truncated or incomplete.
#
#  Out of Memory Error (os_windows.cpp:3769), pid=13048, tid=11740
#
# JRE version: OpenJDK Runtime Environment (17.0.6) (build 17.0.6+0-b2043.56-10027231)
# Java VM: OpenJDK 64-Bit Server VM (17.0.6+0-b2043.56-10027231, mixed mode, tiered, compressed oops, compressed class ptrs, g1 gc, windows-amd64)
# No core dump will be written. Minidumps are not enabled by default on client versions of Windows
#

---------------  S U M M A R Y ------------

Command Line: --add-opens=java.base/java.util=ALL-UNNAMED --add-opens=java.base/java.lang=ALL-UNNAMED --add-opens=java.base/java.lang.invoke=ALL-UNNAMED --add-opens=java.base/java.util=ALL-UNNAMED --add-opens=java.prefs/java.util.prefs=ALL-UNNAMED --add-opens=java.prefs/java.util.prefs=ALL-UNNAMED --add-opens=java.base/java.nio.charset=ALL-UNNAMED --add-opens=java.base/java.net=ALL-UNNAMED --add-opens=java.base/java.util.concurrent.atomic=ALL-UNNAMED -Xmx2048m -Dfile.encoding=UTF-8 -Duser.country=ID -Duser.language=id -Duser.variant org.gradle.launcher.daemon.bootstrap.GradleDaemon 7.2

Host: Intel(R) Pentium(R) CPU 4417U @ 2.30GHz, 4 cores, 3G,  Windows 11 , 64 bit Build 22621 (10.0.22621.2506)
Time: Wed Dec  6 20:42:26 2023 SE Asia Standard Time elapsed time: 44.257037 seconds (0d 0h 0m 44s)

---------------  T H R E A D  ---------------

Current thread (0x000002a61fbbad20):  VMThread "VM Thread" [stack: 0x000000db70800000,0x000000db70900000] [id=11740]

Stack: [0x000000db70800000,0x000000db70900000]
Native frames: (J=compiled Java code, j=interpreted, Vv=VM code, C=native code)
V  [jvm.dll+0x683c9a]
V  [jvm.dll+0x8427a4]
V  [jvm.dll+0x843f9e]
V  [jvm.dll+0x844603]
V  [jvm.dll+0x249b75]
V  [jvm.dll+0x680b69]
V  [jvm.dll+0x67505a]
V  [jvm.dll+0x309acb]
V  [jvm.dll+0x310f86]
V  [jvm.dll+0x3608ee]
V  [jvm.dll+0x360b1f]
V  [jvm.dll+0x2dfbf8]
V  [jvm.dll+0x2ddec4]
V  [jvm.dll+0x2dd4cc]
V  [jvm.dll+0x321f3b]
V  [jvm.dll+0x848ccb]
V  [jvm.dll+0x849a04]
V  [jvm.dll+0x849f1d]
V  [jvm.dll+0x84a2f4]
V  [jvm.dll+0x84a3c0]
V  [jvm.dll+0x7f274a]
V  [jvm.dll+0x682ad5]
C  [ucrtbase.dll+0x29363]
C  [KERNEL32.DLL+0x1257d]
C  [ntdll.dll+0x5aa58]

VM_Operation (0x000000db757f90b0): G1CollectForAllocation, mode: safepoint, requested by thread 0x000002a623295ab0


---------------  P R O C E S S  ---------------

Threads class SMR info:
_java_thread_list=0x000002a62a874fc0, length=89, elements={
0x000002a6066694a0, 0x000002a61fbf9db0, 0x000002a61fbfa960, 0x000002a61fc622b0,
0x000002a61fc62c70, 0x000002a61fc63720, 0x000002a61fc106d0, 0x000002a61fc16bd0,
0x000002a620808090, 0x000002a620822d60, 0x000002a62096ac00, 0x000002a62096fb00,
0x000002a621f0bd60, 0x000002a621761fd0, 0x000002a6220ceae0, 0x000002a622e5e460,
0x000002a621c38200, 0x000002a622e38d50, 0x000002a622e39bc0, 0x000002a622e396f0,
0x000002a622e39220, 0x000002a622e37070, 0x000002a622e37540, 0x000002a622e3a090,
0x000002a622e3a560, 0x000002a622e383b0, 0x000002a622e3aa30, 0x000002a622e37a10,
0x000002a622e37ee0, 0x000002a622e38880, 0x000002a62308c0b0, 0x000002a62308cf20,
0x000002a62308ca50, 0x000002a623087880, 0x000002a62308c580, 0x000002a62308ad70,
0x000002a62308d8c0, 0x000002a623089090, 0x000002a6230886f0, 0x000002a62308dd90,
0x000002a62308e260, 0x000002a62308b240, 0x000002a623088bc0, 0x000002a62308e730,
0x000002a623089560, 0x000002a62308ec00, 0x000002a62308b710, 0x000002a623089a30,
0x000002a62308a8a0, 0x000002a62308bbe0, 0x000002a6230873b0, 0x000002a623297790,
0x000002a623297c60, 0x000002a62329b620, 0x000002a623296df0, 0x000002a6232972c0,
0x000002a62329a2e0, 0x000002a623298ad0, 0x000002a623298130, 0x000002a623294770,
0x000002a623298600, 0x000002a623298fa0, 0x000002a62329a7b0, 0x000002a623296450,
0x000002a623299470, 0x000002a62329ac80, 0x000002a623299940, 0x000002a62329b150,
0x000002a623299e10, 0x000002a62329baf0, 0x000002a623295110, 0x000002a623296920,
0x000002a623294c40, 0x000002a62329bfc0, 0x000002a6232955e0, 0x000002a623295ab0,
0x000002a623295f80, 0x000002a6217d5bd0, 0x000002a6217d26e0, 0x000002a6217d0a00,
0x000002a6217d4890, 0x000002a6217d73e0, 0x000002a6217d3a20, 0x000002a6217d4d60,
0x000002a6217d78b0, 0x000002a6217d0060, 0x000002a6217d13a0, 0x000002a6217d1870,
0x000002a6217d1d40
}
_to_delete_list=0x000002a62a873760, length=87, elements={
0x000002a6066694a0, 0x000002a61fbf9db0, 0x000002a61fbfa960, 0x000002a61fc622b0,
0x000002a61fc62c70, 0x000002a61fc63720, 0x000002a61fc106d0, 0x000002a61fc16bd0,
0x000002a620808090, 0x000002a620822d60, 0x000002a62096ac00, 0x000002a62096fb00,
0x000002a621f0bd60, 0x000002a621761fd0, 0x000002a6220ceae0, 0x000002a622e5e460,
0x000002a621c38200, 0x000002a622e38d50, 0x000002a622e39bc0, 0x000002a622e396f0,
0x000002a622e39220, 0x000002a622e37070, 0x000002a622e37540, 0x000002a622e3a090,
0x000002a622e3a560, 0x000002a622e383b0, 0x000002a622e3aa30, 0x000002a622e37a10,
0x000002a622e37ee0, 0x000002a622e38880, 0x000002a62308c0b0, 0x000002a62308cf20,
0x000002a62308ca50, 0x000002a623087880, 0x000002a62308c580, 0x000002a62308ad70,
0x000002a62308d8c0, 0x000002a623089090, 0x000002a6230886f0, 0x000002a62308dd90,
0x000002a62308e260, 0x000002a62308b240, 0x000002a623088bc0, 0x000002a62308e730,
0x000002a623089560, 0x000002a62308ec00, 0x000002a62308b710, 0x000002a623089a30,
0x000002a62308a8a0, 0x000002a62308bbe0, 0x000002a6230873b0, 0x000002a623297790,
0x000002a623297c60, 0x000002a62329b620, 0x000002a623296df0, 0x000002a6232972c0,
0x000002a62329a2e0, 0x000002a623298ad0, 0x000002a623298130, 0x000002a623294770,
0x000002a623298600, 0x000002a623298fa0, 0x000002a62329a7b0, 0x000002a623296450,
0x000002a623299470, 0x000002a62329ac80, 0x000002a623299940, 0x000002a62329b150,
0x000002a623299e10, 0x000002a62329baf0, 0x000002a623295110, 0x000002a623296920,
0x000002a623294c40, 0x000002a62329bfc0, 0x000002a6232955e0, 0x000002a623295ab0,
0x000002a623295f80, 0x000002a6217d5bd0, 0x000002a6217d26e0, 0x000002a6217d0a00,
0x000002a6217d4890, 0x000002a6217d73e0, 0x000002a6217d3a20, 0x000002a6217d4d60,
0x000002a6217d78b0, 0x000002a6217d0060, 0x000002a6217d13a0
}

Java Threads: ( => current thread )
  0x000002a6066694a0 JavaThread "main" [_thread_blocked, id=13888, stack(0x000000db70200000,0x000000db70300000)]
  0x000002a61fbf9db0 JavaThread "Reference Handler" daemon [_thread_blocked, id=6576, stack(0x000000db70900000,0x000000db70a00000)]
  0x000002a61fbfa960 JavaThread "Finalizer" daemon [_thread_blocked, id=14936, stack(0x000000db70a00000,0x000000db70b00000)]
  0x000002a61fc622b0 JavaThread "Signal Dispatcher" daemon [_thread_blocked, id=15292, stack(0x000000db70b00000,0x000000db70c00000)]
  0x000002a61fc62c70 JavaThread "Attach Listener" daemon [_thread_blocked, id=14684, stack(0x000000db70c00000,0x000000db70d00000)]
  0x000002a61fc63720 JavaThread "Service Thread" daemon [_thread_blocked, id=4632, stack(0x000000db70d00000,0x000000db70e00000)]
  0x000002a61fc106d0 JavaThread "Monitor Deflation Thread" daemon [_thread_blocked, id=7264, stack(0x000000db70e00000,0x000000db70f00000)]
  0x000002a61fc16bd0 JavaThread "C2 CompilerThread0" daemon [_thread_in_native, id=14328, stack(0x000000db70f00000,0x000000db71000000)]
  0x000002a620808090 JavaThread "C1 CompilerThread0" daemon [_thread_blocked, id=14140, stack(0x000000db71000000,0x000000db71100000)]
  0x000002a620822d60 JavaThread "Sweeper thread" daemon [_thread_blocked, id=16168, stack(0x000000db71100000,0x000000db71200000)]
  0x000002a62096ac00 JavaThread "Common-Cleaner" daemon [_thread_blocked, id=13336, stack(0x000000db71200000,0x000000db71300000)]
  0x000002a62096fb00 JavaThread "Notification Thread" daemon [_thread_blocked, id=6048, stack(0x000000db71300000,0x000000db71400000)]
  0x000002a621f0bd60 JavaThread "Daemon health stats" [_thread_blocked, id=9700, stack(0x000000db71800000,0x000000db71900000)]
  0x000002a621761fd0 JavaThread "Incoming local TCP Connector on port 52752" [_thread_in_native, id=5288, stack(0x000000db71900000,0x000000db71a00000)]
  0x000002a6220ceae0 JavaThread "Daemon periodic checks" [_thread_blocked, id=4400, stack(0x000000db71a00000,0x000000db71b00000)]
  0x000002a622e5e460 JavaThread "Daemon" [_thread_blocked, id=3184, stack(0x000000db71b00000,0x000000db71c00000)]
  0x000002a621c38200 JavaThread "Handler for socket connection from /127.0.0.1:52752 to /127.0.0.1:52753" [_thread_in_native, id=14776, stack(0x000000db71c00000,0x000000db71d00000)]
  0x000002a622e38d50 JavaThread "Cancel handler" [_thread_blocked, id=13992, stack(0x000000db71d00000,0x000000db71e00000)]
  0x000002a622e39bc0 JavaThread "Daemon worker" [_thread_blocked, id=14908, stack(0x000000db71e00000,0x000000db71f00000)]
  0x000002a622e396f0 JavaThread "Asynchronous log dispatcher for DefaultDaemonConnection: socket connection from /127.0.0.1:52752 to /127.0.0.1:52753" [_thread_blocked, id=14636, stack(0x000000db71f00000,0x000000db72000000)]
  0x000002a622e39220 JavaThread "Stdin handler" [_thread_blocked, id=5672, stack(0x000000db72000000,0x000000db72100000)]
  0x000002a622e37070 JavaThread "Daemon client event forwarder" [_thread_blocked, id=2624, stack(0x000000db72100000,0x000000db72200000)]
  0x000002a622e37540 JavaThread "Cache worker for journal cache (C:\Users\Ian\.gradle\caches\journal-1)" [_thread_blocked, id=12668, stack(0x000000db72200000,0x000000db72300000)]
  0x000002a622e3a090 JavaThread "File lock request listener" [_thread_in_native, id=11728, stack(0x000000db72300000,0x000000db72400000)]
  0x000002a622e3a560 JavaThread "Cache worker for file hash cache (C:\Users\Ian\.gradle\caches\7.2\fileHashes)" [_thread_blocked, id=6444, stack(0x000000db72400000,0x000000db72500000)]
  0x000002a622e383b0 JavaThread "Cache worker for file hash cache (C:\Users\Ian\AndroidStudioProjects\ujianandroid_\.gradle\7.2\fileHashes)" [_thread_blocked, id=1560, stack(0x000000db72500000,0x000000db72600000)]
  0x000002a622e3aa30 JavaThread "File watcher server" daemon [_thread_blocked, id=2024, stack(0x000000db72600000,0x000000db72700000)]
  0x000002a622e37a10 JavaThread "File watcher consumer" daemon [_thread_blocked, id=11460, stack(0x000000db72700000,0x000000db72800000)]
  0x000002a622e37ee0 JavaThread "Cache worker for checksums cache (C:\Users\Ian\AndroidStudioProjects\ujianandroid_\.gradle\checksums)" [_thread_blocked, id=5932, stack(0x000000db72800000,0x000000db72900000)]
  0x000002a622e38880 JavaThread "Cache worker for cache directory md-supplier (C:\Users\Ian\.gradle\caches\7.2\md-supplier)" [_thread_blocked, id=13508, stack(0x000000db72900000,0x000000db72a00000)]
  0x000002a62308c0b0 JavaThread "Cache worker for cache directory md-rule (C:\Users\Ian\.gradle\caches\7.2\md-rule)" [_thread_blocked, id=6580, stack(0x000000db72a00000,0x000000db72b00000)]
  0x000002a62308cf20 JavaThread "Cache worker for execution history cache (C:\Users\Ian\.gradle\caches\7.2\executionHistory)" [_thread_blocked, id=13900, stack(0x000000db72b00000,0x000000db72c00000)]
  0x000002a62308ca50 JavaThread "jar transforms" [_thread_blocked, id=9768, stack(0x000000db72c00000,0x000000db72d00000)]
  0x000002a623087880 JavaThread "jar transforms Thread 2" [_thread_blocked, id=692, stack(0x000000db72d00000,0x000000db72e00000)]
  0x000002a62308c580 JavaThread "Cache worker for file content cache (C:\Users\Ian\.gradle\caches\7.2\fileContent)" [_thread_blocked, id=10364, stack(0x000000db72e00000,0x000000db72f00000)]
  0x000002a62308ad70 JavaThread "jar transforms Thread 3" [_thread_blocked, id=1348, stack(0x000000db72f00000,0x000000db73000000)]
  0x000002a62308d8c0 JavaThread "jar transforms Thread 4" [_thread_blocked, id=260, stack(0x000000db73000000,0x000000db73100000)]
  0x000002a623089090 JavaThread "Cache worker for dependencies-accessors (C:\Users\Ian\AndroidStudioProjects\ujianandroid_\.gradle\7.2\dependencies-accessors)" [_thread_blocked, id=15144, stack(0x000000db73100000,0x000000db73200000)]
  0x000002a6230886f0 JavaThread "Cache worker for Build Output Cleanup Cache (C:\Users\Ian\AndroidStudioProjects\ujianandroid_\.gradle\buildOutputCleanup)" [_thread_blocked, id=12448, stack(0x000000db73200000,0x000000db73300000)]
  0x000002a62308dd90 JavaThread "Unconstrained build operations" [_thread_blocked, id=15712, stack(0x000000db73300000,0x000000db73400000)]
  0x000002a62308e260 JavaThread "Unconstrained build operations Thread 2" [_thread_blocked, id=14072, stack(0x000000db73400000,0x000000db73500000)]
  0x000002a62308b240 JavaThread "Unconstrained build operations Thread 3" [_thread_blocked, id=5912, stack(0x000000db73500000,0x000000db73600000)]
  0x000002a623088bc0 JavaThread "Unconstrained build operations Thread 4" [_thread_blocked, id=12912, stack(0x000000db73600000,0x000000db73700000)]
  0x000002a62308e730 JavaThread "Unconstrained build operations Thread 5" [_thread_blocked, id=16264, stack(0x000000db73700000,0x000000db73800000)]
  0x000002a623089560 JavaThread "Unconstrained build operations Thread 6" [_thread_blocked, id=2040, stack(0x000000db73800000,0x000000db73900000)]
  0x000002a62308ec00 JavaThread "Unconstrained build operations Thread 7" [_thread_blocked, id=2900, stack(0x000000db73900000,0x000000db73a00000)]
  0x000002a62308b710 JavaThread "Unconstrained build operations Thread 8" [_thread_blocked, id=15040, stack(0x000000db73a00000,0x000000db73b00000)]
  0x000002a623089a30 JavaThread "Unconstrained build operations Thread 9" [_thread_blocked, id=14392, stack(0x000000db73b00000,0x000000db73c00000)]
  0x000002a62308a8a0 JavaThread "Unconstrained build operations Thread 10" [_thread_blocked, id=12948, stack(0x000000db73c00000,0x000000db73d00000)]
  0x000002a62308bbe0 JavaThread "Unconstrained build operations Thread 11" [_thread_blocked, id=3952, stack(0x000000db73d00000,0x000000db73e00000)]
  0x000002a6230873b0 JavaThread "Unconstrained build operations Thread 12" [_thread_blocked, id=9772, stack(0x000000db73e00000,0x000000db73f00000)]
  0x000002a623297790 JavaThread "Unconstrained build operations Thread 13" [_thread_blocked, id=3060, stack(0x000000db73f00000,0x000000db74000000)]
  0x000002a623297c60 JavaThread "Unconstrained build operations Thread 14" [_thread_blocked, id=15348, stack(0x000000db74000000,0x000000db74100000)]
  0x000002a62329b620 JavaThread "Unconstrained build operations Thread 15" [_thread_blocked, id=10952, stack(0x000000db74100000,0x000000db74200000)]
  0x000002a623296df0 JavaThread "Unconstrained build operations Thread 16" [_thread_blocked, id=10632, stack(0x000000db74200000,0x000000db74300000)]
  0x000002a6232972c0 JavaThread "Unconstrained build operations Thread 17" [_thread_blocked, id=7644, stack(0x000000db74300000,0x000000db74400000)]
  0x000002a62329a2e0 JavaThread "Unconstrained build operations Thread 18" [_thread_blocked, id=15688, stack(0x000000db74400000,0x000000db74500000)]
  0x000002a623298ad0 JavaThread "Unconstrained build operations Thread 19" [_thread_blocked, id=15328, stack(0x000000db74500000,0x000000db74600000)]
  0x000002a623298130 JavaThread "Unconstrained build operations Thread 20" [_thread_blocked, id=4320, stack(0x000000db74600000,0x000000db74700000)]
  0x000002a623294770 JavaThread "Unconstrained build operations Thread 21" [_thread_blocked, id=2928, stack(0x000000db74700000,0x000000db74800000)]
  0x000002a623298600 JavaThread "Unconstrained build operations Thread 22" [_thread_blocked, id=3296, stack(0x000000db74800000,0x000000db74900000)]
  0x000002a623298fa0 JavaThread "Unconstrained build operations Thread 23" [_thread_blocked, id=3504, stack(0x000000db74900000,0x000000db74a00000)]
  0x000002a62329a7b0 JavaThread "Unconstrained build operations Thread 24" [_thread_blocked, id=4532, stack(0x000000db74a00000,0x000000db74b00000)]
  0x000002a623296450 JavaThread "Unconstrained build operations Thread 25" [_thread_blocked, id=12184, stack(0x000000db74b00000,0x000000db74c00000)]
  0x000002a623299470 JavaThread "Unconstrained build operations Thread 26" [_thread_blocked, id=16288, stack(0x000000db74c00000,0x000000db74d00000)]
  0x000002a62329ac80 JavaThread "Unconstrained build operations Thread 27" [_thread_blocked, id=12180, stack(0x000000db74d00000,0x000000db74e00000)]
  0x000002a623299940 JavaThread "Unconstrained build operations Thread 28" [_thread_blocked, id=8524, stack(0x000000db74e00000,0x000000db74f00000)]
  0x000002a62329b150 JavaThread "Unconstrained build operations Thread 29" [_thread_blocked, id=1472, stack(0x000000db74f00000,0x000000db75000000)]
  0x000002a623299e10 JavaThread "Unconstrained build operations Thread 30" [_thread_blocked, id=7724, stack(0x000000db75000000,0x000000db75100000)]
  0x000002a62329baf0 JavaThread "Unconstrained build operations Thread 31" [_thread_blocked, id=6216, stack(0x000000db75100000,0x000000db75200000)]
  0x000002a623295110 JavaThread "Unconstrained build operations Thread 32" [_thread_blocked, id=7972, stack(0x000000db75200000,0x000000db75300000)]
  0x000002a623296920 JavaThread "Unconstrained build operations Thread 33" [_thread_blocked, id=11568, stack(0x000000db75300000,0x000000db75400000)]
  0x000002a623294c40 JavaThread "Unconstrained build operations Thread 34" [_thread_blocked, id=9944, stack(0x000000db75400000,0x000000db75500000)]
  0x000002a62329bfc0 JavaThread "Unconstrained build operations Thread 35" [_thread_blocked, id=3376, stack(0x000000db75500000,0x000000db75600000)]
  0x000002a6232955e0 JavaThread "Unconstrained build operations Thread 36" [_thread_blocked, id=15644, stack(0x000000db75600000,0x000000db75700000)]
  0x000002a623295ab0 JavaThread "Unconstrained build operations Thread 37" [_thread_blocked, id=9524, stack(0x000000db75700000,0x000000db75800000)]
  0x000002a623295f80 JavaThread "Unconstrained build operations Thread 38" [_thread_blocked, id=3200, stack(0x000000db75800000,0x000000db75900000)]
  0x000002a6217d5bd0 JavaThread "Unconstrained build operations Thread 39" [_thread_blocked, id=13760, stack(0x000000db75900000,0x000000db75a00000)]
  0x000002a6217d26e0 JavaThread "Unconstrained build operations Thread 40" [_thread_blocked, id=10928, stack(0x000000db75a00000,0x000000db75b00000)]
  0x000002a6217d0a00 JavaThread "Memory manager" [_thread_blocked, id=12048, stack(0x000000db75b00000,0x000000db75c00000)]
  0x000002a6217d4890 JavaThread "build event listener" [_thread_blocked, id=9472, stack(0x000000db75c00000,0x000000db75d00000)]
  0x000002a6217d73e0 JavaThread "Execution worker for ':'" [_thread_blocked, id=6352, stack(0x000000db75d00000,0x000000db75e00000)]
  0x000002a6217d3a20 JavaThread "Execution worker for ':' Thread 2" [_thread_blocked, id=15576, stack(0x000000db75e00000,0x000000db75f00000)]
  0x000002a6217d4d60 JavaThread "Execution worker for ':' Thread 3" [_thread_blocked, id=8804, stack(0x000000db75f00000,0x000000db76000000)]
  0x000002a6217d78b0 JavaThread "Cache worker for execution history cache (C:\Users\Ian\AndroidStudioProjects\ujianandroid_\.gradle\7.2\executionHistory)" [_thread_blocked, id=8372, stack(0x000000db76000000,0x000000db76100000)]
  0x000002a6217d0060 JavaThread "WorkerExecutor Queue" [_thread_blocked, id=2296, stack(0x000000db76300000,0x000000db76400000)]
  0x000002a6217d13a0 JavaThread "pool-3-thread-1" [_thread_blocked, id=13340, stack(0x000000db76400000,0x000000db76500000)]
  0x000002a6217d1870 JavaThread "stderr" [_thread_in_native, id=16220, stack(0x000000db76500000,0x000000db76600000)]
  0x000002a6217d1d40 JavaThread "stdout" [_thread_in_native, id=14652, stack(0x000000db76600000,0x000000db76700000)]

Other Threads:
=>0x000002a61fbbad20 VMThread "VM Thread" [stack: 0x000000db70800000,0x000000db70900000] [id=11740]
  0x000002a62096ffd0 WatcherThread [stack: 0x000000db71400000,0x000000db71500000] [id=14256]
  0x000002a6066c3140 GCTaskThread "GC Thread#0" [stack: 0x000000db70300000,0x000000db70400000] [id=5948]
  0x000002a620da9510 GCTaskThread "GC Thread#1" [stack: 0x000000db71600000,0x000000db71700000] [id=10680]
  0x000002a620cdb930 GCTaskThread "GC Thread#2" [stack: 0x000000db71700000,0x000000db71800000] [id=2308]
  0x000002a6217b0030 GCTaskThread "GC Thread#3" [stack: 0x000000db71500000,0x000000db71600000] [id=4280]
  0x000002a6066d3f20 ConcurrentGCThread "G1 Main Marker" [stack: 0x000000db70400000,0x000000db70500000] [id=16172]
  0x000002a6066d5f80 ConcurrentGCThread "G1 Conc#0" [stack: 0x000000db70500000,0x000000db70600000] [id=14768]
  0x000002a6067247f0 ConcurrentGCThread "G1 Refine#0" [stack: 0x000000db70600000,0x000000db70700000] [id=2952]
  0x000002a62794e490 ConcurrentGCThread "G1 Refine#1" [stack: 0x000000db76700000,0x000000db76800000] [id=2572]
  0x000002a6238ddbe0 ConcurrentGCThread "G1 Refine#2" [stack: 0x000000db76800000,0x000000db76900000] [id=7300]
  0x000002a6067250b0 ConcurrentGCThread "G1 Service" [stack: 0x000000db70700000,0x000000db70800000] [id=828]

Threads with active compile tasks:
C2 CompilerThread0    44341 11279 %     4       com.android.tools.r8.internal.U6::a @ 66 (6044 bytes)
C1 CompilerThread0    44342 12043       2       java.util.BitSet::set (58 bytes)

VM state: at safepoint (normal execution)

VM Mutex/Monitor currently owned by a thread:  ([mutex/lock_event])
[0x000002a606664290] Threads_lock - owner thread: 0x000002a61fbbad20
[0x000002a6066633f0] Heap_lock - owner thread: 0x000002a623295ab0

Heap address: 0x0000000080000000, size: 2048 MB, Compressed Oops mode: 32-bit

CDS archive(s) not mapped
Compressed class space mapped at: 0x0000000100000000-0x0000000140000000, reserved size: 1073741824
Narrow klass base: 0x0000000000000000, Narrow klass shift: 3, Narrow klass range: 0x140000000

GC Precious Log:
 CPUs: 4 total, 4 available
 Memory: 3952M
 Large Page Support: Disabled
 NUMA Support: Disabled
 Compressed Oops: Enabled (32-bit)
 Heap Region Size: 1M
 Heap Min Capacity: 8M
 Heap Initial Capacity: 62M
 Heap Max Capacity: 2G
 Pre-touch: Disabled
 Parallel Workers: 4
 Concurrent Workers: 1
 Concurrent Refinement Workers: 4
 Periodic GC: Disabled

Heap:
 garbage-first heap   total 223232K, used 128512K [0x0000000080000000, 0x0000000100000000)
  region size 1024K, 8 young (8192K), 8 survivors (8192K)
 Metaspace       used 95946K, committed 96512K, reserved 1138688K
  class space    used 13073K, committed 13376K, reserved 1048576K

Heap Regions: E=young(eden), S=young(survivor), O=old, HS=humongous(starts), HC=humongous(continues), CS=collection set, F=free, OA=open archive, CA=closed archive, TAMS=top-at-mark-start (previous, next)
|   0|0x0000000080000000, 0x0000000080100000, 0x0000000080100000|100%|HS|  |TAMS 0x0000000080100000, 0x0000000080000000| Complete 
|   1|0x0000000080100000, 0x0000000080200000, 0x0000000080200000|100%|HC|  |TAMS 0x0000000080200000, 0x0000000080100000| Complete 
|   2|0x0000000080200000, 0x0000000080300000, 0x0000000080300000|100%|HC|  |TAMS 0x0000000080300000, 0x0000000080200000| Complete 
|   3|0x0000000080300000, 0x0000000080400000, 0x0000000080400000|100%| O|  |TAMS 0x0000000080400000, 0x0000000080300000| Untracked 
|   4|0x0000000080400000, 0x0000000080500000, 0x0000000080500000|100%| O|  |TAMS 0x0000000080500000, 0x0000000080400000| Untracked 
|   5|0x0000000080500000, 0x0000000080600000, 0x0000000080600000|100%| O|  |TAMS 0x0000000080600000, 0x0000000080500000| Untracked 
|   6|0x0000000080600000, 0x0000000080700000, 0x0000000080700000|100%| O|  |TAMS 0x0000000080700000, 0x0000000080600000| Untracked 
|   7|0x0000000080700000, 0x0000000080800000, 0x0000000080800000|100%| O|  |TAMS 0x0000000080800000, 0x0000000080700000| Untracked 
|   8|0x0000000080800000, 0x0000000080900000, 0x0000000080900000|100%| O|  |TAMS 0x0000000080900000, 0x0000000080800000| Untracked 
|   9|0x0000000080900000, 0x0000000080a00000, 0x0000000080a00000|100%| O|  |TAMS 0x0000000080a00000, 0x0000000080900000| Untracked 
|  10|0x0000000080a00000, 0x0000000080b00000, 0x0000000080b00000|100%| O|  |TAMS 0x0000000080b00000, 0x0000000080a00000| Untracked 
|  11|0x0000000080b00000, 0x0000000080c00000, 0x0000000080c00000|100%| O|  |TAMS 0x0000000080b00000, 0x0000000080b00000| Untracked 
|  12|0x0000000080c00000, 0x0000000080d00000, 0x0000000080d00000|100%| O|  |TAMS 0x0000000080d00000, 0x0000000080c00000| Untracked 
|  13|0x0000000080d00000, 0x0000000080e00000, 0x0000000080e00000|100%| O|  |TAMS 0x0000000080e00000, 0x0000000080d00000| Untracked 
|  14|0x0000000080e00000, 0x0000000080f00000, 0x0000000080f00000|100%| O|  |TAMS 0x0000000080f00000, 0x0000000080e00000| Untracked 
|  15|0x0000000080f00000, 0x0000000081000000, 0x0000000081000000|100%| O|  |TAMS 0x0000000081000000, 0x0000000080f00000| Untracked 
|  16|0x0000000081000000, 0x0000000081100000, 0x0000000081100000|100%| O|  |TAMS 0x0000000081100000, 0x0000000081000000| Untracked 
|  17|0x0000000081100000, 0x0000000081200000, 0x0000000081200000|100%| O|  |TAMS 0x0000000081200000, 0x0000000081100000| Untracked 
|  18|0x0000000081200000, 0x0000000081300000, 0x0000000081300000|100%| O|  |TAMS 0x0000000081300000, 0x0000000081200000| Untracked 
|  19|0x0000000081300000, 0x0000000081400000, 0x0000000081400000|100%| O|  |TAMS 0x0000000081400000, 0x0000000081300000| Untracked 
|  20|0x0000000081400000, 0x0000000081500000, 0x0000000081500000|100%| O|  |TAMS 0x0000000081500000, 0x0000000081400000| Untracked 
|  21|0x0000000081500000, 0x0000000081600000, 0x0000000081600000|100%| O|  |TAMS 0x0000000081600000, 0x0000000081500000| Untracked 
|  22|0x0000000081600000, 0x0000000081700000, 0x0000000081700000|100%| O|  |TAMS 0x0000000081700000, 0x0000000081600000| Untracked 
|  23|0x0000000081700000, 0x0000000081800000, 0x0000000081800000|100%| O|  |TAMS 0x0000000081800000, 0x0000000081700000| Untracked 
|  24|0x0000000081800000, 0x0000000081900000, 0x0000000081900000|100%| O|  |TAMS 0x0000000081900000, 0x0000000081800000| Untracked 
|  25|0x0000000081900000, 0x0000000081a00000, 0x0000000081a00000|100%| O|  |TAMS 0x0000000081a00000, 0x0000000081900000| Untracked 
|  26|0x0000000081a00000, 0x0000000081b00000, 0x0000000081b00000|100%| O|  |TAMS 0x0000000081b00000, 0x0000000081a00000| Untracked 
|  27|0x0000000081b00000, 0x0000000081c00000, 0x0000000081c00000|100%| O|  |TAMS 0x0000000081c00000, 0x0000000081b00000| Untracked 
|  28|0x0000000081c00000, 0x0000000081d00000, 0x0000000081d00000|100%| O|  |TAMS 0x0000000081d00000, 0x0000000081c00000| Untracked 
|  29|0x0000000081d00000, 0x0000000081e00000, 0x0000000081e00000|100%| O|  |TAMS 0x0000000081e00000, 0x0000000081d00000| Untracked 
|  30|0x0000000081e00000, 0x0000000081f00000, 0x0000000081f00000|100%| O|  |TAMS 0x0000000081f00000, 0x0000000081e00000| Untracked 
|  31|0x0000000081f00000, 0x0000000082000000, 0x0000000082000000|100%| O|  |TAMS 0x0000000082000000, 0x0000000081f00000| Untracked 
|  32|0x0000000082000000, 0x0000000082100000, 0x0000000082100000|100%|HS|  |TAMS 0x0000000082100000, 0x0000000082000000| Complete 
|  33|0x0000000082100000, 0x0000000082200000, 0x0000000082200000|100%|HS|  |TAMS 0x0000000082200000, 0x0000000082100000| Complete 
|  34|0x0000000082200000, 0x0000000082300000, 0x0000000082300000|100%| O|  |TAMS 0x0000000082300000, 0x0000000082200000| Untracked 
|  35|0x0000000082300000, 0x0000000082400000, 0x0000000082400000|100%| O|  |TAMS 0x0000000082400000, 0x0000000082300000| Untracked 
|  36|0x0000000082400000, 0x0000000082500000, 0x0000000082500000|100%|HS|  |TAMS 0x0000000082500000, 0x0000000082400000| Complete 
|  37|0x0000000082500000, 0x0000000082600000, 0x0000000082600000|100%|HC|  |TAMS 0x0000000082600000, 0x0000000082500000| Complete 
|  38|0x0000000082600000, 0x0000000082700000, 0x0000000082700000|100%| O|  |TAMS 0x0000000082700000, 0x0000000082600000| Untracked 
|  39|0x0000000082700000, 0x0000000082800000, 0x0000000082800000|100%| O|  |TAMS 0x0000000082800000, 0x0000000082700000| Untracked 
|  40|0x0000000082800000, 0x0000000082900000, 0x0000000082900000|100%| O|  |TAMS 0x0000000082900000, 0x0000000082800000| Untracked 
|  41|0x0000000082900000, 0x0000000082a00000, 0x0000000082a00000|100%| O|  |TAMS 0x0000000082a00000, 0x0000000082900000| Untracked 
|  42|0x0000000082a00000, 0x0000000082b00000, 0x0000000082b00000|100%| O|  |TAMS 0x0000000082b00000, 0x0000000082a00000| Untracked 
|  43|0x0000000082b00000, 0x0000000082c00000, 0x0000000082c00000|100%| O|  |TAMS 0x0000000082c00000, 0x0000000082b00000| Untracked 
|  44|0x0000000082c00000, 0x0000000082d00000, 0x0000000082d00000|100%| O|  |TAMS 0x0000000082d00000, 0x0000000082c00000| Untracked 
|  45|0x0000000082d00000, 0x0000000082e00000, 0x0000000082e00000|100%| O|  |TAMS 0x0000000082e00000, 0x0000000082d00000| Untracked 
|  46|0x0000000082e00000, 0x0000000082f00000, 0x0000000082f00000|100%| O|  |TAMS 0x0000000082f00000, 0x0000000082e00000| Untracked 
|  47|0x0000000082f00000, 0x0000000083000000, 0x0000000083000000|100%| O|  |TAMS 0x0000000083000000, 0x0000000082f00000| Untracked 
|  48|0x0000000083000000, 0x0000000083100000, 0x0000000083100000|100%| O|  |TAMS 0x0000000083100000, 0x0000000083000000| Untracked 
|  49|0x0000000083100000, 0x0000000083200000, 0x0000000083200000|100%| O|  |TAMS 0x0000000083200000, 0x0000000083100000| Untracked 
|  50|0x0000000083200000, 0x0000000083300000, 0x0000000083300000|100%| O|  |TAMS 0x0000000083300000, 0x0000000083200000| Untracked 
|  51|0x0000000083300000, 0x0000000083400000, 0x0000000083400000|100%| O|  |TAMS 0x0000000083400000, 0x0000000083300000| Untracked 
|  52|0x0000000083400000, 0x0000000083500000, 0x0000000083500000|100%| O|  |TAMS 0x0000000083500000, 0x0000000083400000| Untracked 
|  53|0x0000000083500000, 0x0000000083600000, 0x0000000083600000|100%| O|  |TAMS 0x0000000083600000, 0x0000000083500000| Untracked 
|  54|0x0000000083600000, 0x0000000083700000, 0x0000000083700000|100%| O|  |TAMS 0x0000000083700000, 0x0000000083600000| Untracked 
|  55|0x0000000083700000, 0x0000000083800000, 0x0000000083800000|100%| O|  |TAMS 0x0000000083800000, 0x0000000083700000| Untracked 
|  56|0x0000000083800000, 0x0000000083900000, 0x0000000083900000|100%| O|  |TAMS 0x0000000083900000, 0x0000000083800000| Untracked 
|  57|0x0000000083900000, 0x0000000083a00000, 0x0000000083a00000|100%| O|  |TAMS 0x0000000083a00000, 0x0000000083900000| Untracked 
|  58|0x0000000083a00000, 0x0000000083b00000, 0x0000000083b00000|100%| O|  |TAMS 0x0000000083b00000, 0x0000000083a00000| Untracked 
|  59|0x0000000083b00000, 0x0000000083c00000, 0x0000000083c00000|100%| O|  |TAMS 0x0000000083c00000, 0x0000000083b00000| Untracked 
|  60|0x0000000083c00000, 0x0000000083d00000, 0x0000000083d00000|100%| O|  |TAMS 0x0000000083d00000, 0x0000000083c00000| Untracked 
|  61|0x0000000083d00000, 0x0000000083e00000, 0x0000000083e00000|100%| O|  |TAMS 0x0000000083e00000, 0x0000000083d00000| Untracked 
|  62|0x0000000083e00000, 0x0000000083f00000, 0x0000000083f00000|100%| O|  |TAMS 0x0000000083f00000, 0x0000000083e00000| Untracked 
|  63|0x0000000083f00000, 0x0000000084000000, 0x0000000084000000|100%| O|  |TAMS 0x0000000084000000, 0x0000000083f00000| Untracked 
|  64|0x0000000084000000, 0x0000000084100000, 0x0000000084100000|100%| O|  |TAMS 0x0000000084100000, 0x0000000084000000| Untracked 
|  65|0x0000000084100000, 0x0000000084200000, 0x0000000084200000|100%| O|  |TAMS 0x0000000084200000, 0x0000000084100000| Untracked 
|  66|0x0000000084200000, 0x0000000084300000, 0x0000000084300000|100%| O|  |TAMS 0x0000000084300000, 0x0000000084200000| Untracked 
|  67|0x0000000084300000, 0x0000000084400000, 0x0000000084400000|100%| O|  |TAMS 0x0000000084300000, 0x0000000084300000| Untracked 
|  68|0x0000000084400000, 0x0000000084500000, 0x0000000084500000|100%| O|  |TAMS 0x0000000084400000, 0x0000000084400000| Untracked 
|  69|0x0000000084500000, 0x0000000084600000, 0x0000000084600000|100%| O|  |TAMS 0x0000000084500000, 0x0000000084500000| Untracked 
|  70|0x0000000084600000, 0x0000000084700000, 0x0000000084700000|100%| O|  |TAMS 0x0000000084600000, 0x0000000084600000| Untracked 
|  71|0x0000000084700000, 0x0000000084800000, 0x0000000084800000|100%| O|  |TAMS 0x0000000084700000, 0x0000000084700000| Untracked 
|  72|0x0000000084800000, 0x0000000084900000, 0x0000000084900000|100%| O|  |TAMS 0x0000000084800000, 0x0000000084800000| Untracked 
|  73|0x0000000084900000, 0x0000000084a00000, 0x0000000084a00000|100%| O|  |TAMS 0x0000000084900000, 0x0000000084900000| Untracked 
|  74|0x0000000084a00000, 0x0000000084b00000, 0x0000000084b00000|100%| O|  |TAMS 0x0000000084a00000, 0x0000000084a00000| Untracked 
|  75|0x0000000084b00000, 0x0000000084c00000, 0x0000000084c00000|100%| O|  |TAMS 0x0000000084b00000, 0x0000000084b00000| Untracked 
|  76|0x0000000084c00000, 0x0000000084d00000, 0x0000000084d00000|100%| O|  |TAMS 0x0000000084c00000, 0x0000000084c00000| Untracked 
|  77|0x0000000084d00000, 0x0000000084e00000, 0x0000000084e00000|100%| O|  |TAMS 0x0000000084d00000, 0x0000000084d00000| Untracked 
|  78|0x0000000084e00000, 0x0000000084f00000, 0x0000000084f00000|100%| O|  |TAMS 0x0000000084e00000, 0x0000000084e00000| Untracked 
|  79|0x0000000084f00000, 0x0000000085000000, 0x0000000085000000|100%| O|  |TAMS 0x0000000084f00000, 0x0000000084f00000| Untracked 
|  80|0x0000000085000000, 0x0000000085100000, 0x0000000085100000|100%| O|  |TAMS 0x0000000085000000, 0x0000000085000000| Untracked 
|  81|0x0000000085100000, 0x0000000085200000, 0x0000000085200000|100%| O|  |TAMS 0x0000000085100000, 0x0000000085100000| Untracked 
|  82|0x0000000085200000, 0x0000000085300000, 0x0000000085300000|100%| O|  |TAMS 0x0000000085200000, 0x0000000085200000| Untracked 
|  83|0x0000000085300000, 0x0000000085400000, 0x0000000085400000|100%| O|  |TAMS 0x0000000085300000, 0x0000000085300000| Untracked 
|  84|0x0000000085400000, 0x0000000085500000, 0x0000000085500000|100%| O|  |TAMS 0x0000000085400000, 0x0000000085400000| Untracked 
|  85|0x0000000085500000, 0x0000000085600000, 0x0000000085600000|100%| O|  |TAMS 0x0000000085500000, 0x0000000085500000| Untracked 
|  86|0x0000000085600000, 0x0000000085700000, 0x0000000085700000|100%| O|  |TAMS 0x0000000085600000, 0x0000000085600000| Untracked 
|  87|0x0000000085700000, 0x0000000085800000, 0x0000000085800000|100%| O|  |TAMS 0x0000000085700000, 0x0000000085700000| Untracked 
|  88|0x0000000085800000, 0x0000000085900000, 0x0000000085900000|100%| O|  |TAMS 0x0000000085800000, 0x0000000085800000| Untracked 
|  89|0x0000000085900000, 0x0000000085a00000, 0x0000000085a00000|100%| O|  |TAMS 0x0000000085900000, 0x0000000085900000| Untracked 
|  90|0x0000000085a00000, 0x0000000085b00000, 0x0000000085b00000|100%| O|  |TAMS 0x0000000085a00000, 0x0000000085a00000| Untracked 
|  91|0x0000000085b00000, 0x0000000085c00000, 0x0000000085c00000|100%| O|  |TAMS 0x0000000085b00000, 0x0000000085b00000| Untracked 
|  92|0x0000000085c00000, 0x0000000085d00000, 0x0000000085d00000|100%| O|  |TAMS 0x0000000085c00000, 0x0000000085c00000| Untracked 
|  93|0x0000000085d00000, 0x0000000085e00000, 0x0000000085e00000|100%| O|  |TAMS 0x0000000085d00000, 0x0000000085d00000| Untracked 
|  94|0x0000000085e00000, 0x0000000085f00000, 0x0000000085f00000|100%| O|  |TAMS 0x0000000085e00000, 0x0000000085e00000| Untracked 
|  95|0x0000000085f00000, 0x0000000086000000, 0x0000000086000000|100%| O|  |TAMS 0x0000000085f00000, 0x0000000085f00000| Untracked 
|  96|0x0000000086000000, 0x0000000086100000, 0x0000000086100000|100%| O|  |TAMS 0x0000000086000000, 0x0000000086000000| Untracked 
|  97|0x0000000086100000, 0x0000000086200000, 0x0000000086200000|100%| O|  |TAMS 0x0000000086100000, 0x0000000086100000| Untracked 
|  98|0x0000000086200000, 0x0000000086300000, 0x0000000086300000|100%| O|  |TAMS 0x0000000086200000, 0x0000000086200000| Untracked 
|  99|0x0000000086300000, 0x0000000086400000, 0x0000000086400000|100%| O|  |TAMS 0x0000000086300000, 0x0000000086300000| Untracked 
| 100|0x0000000086400000, 0x0000000086500000, 0x0000000086500000|100%| O|  |TAMS 0x0000000086400000, 0x0000000086400000| Untracked 
| 101|0x0000000086500000, 0x0000000086600000, 0x0000000086600000|100%| O|  |TAMS 0x0000000086500000, 0x0000000086500000| Untracked 
| 102|0x0000000086600000, 0x0000000086700000, 0x0000000086700000|100%| O|  |TAMS 0x0000000086600000, 0x0000000086600000| Untracked 
| 103|0x0000000086700000, 0x0000000086800000, 0x0000000086800000|100%| O|  |TAMS 0x0000000086700000, 0x0000000086700000| Untracked 
| 104|0x0000000086800000, 0x0000000086900000, 0x0000000086900000|100%| O|  |TAMS 0x0000000086800000, 0x0000000086800000| Untracked 
| 105|0x0000000086900000, 0x0000000086a00000, 0x0000000086a00000|100%| O|  |TAMS 0x0000000086900000, 0x0000000086900000| Untracked 
| 106|0x0000000086a00000, 0x0000000086b00000, 0x0000000086b00000|100%| O|  |TAMS 0x0000000086a00000, 0x0000000086a00000| Untracked 
| 107|0x0000000086b00000, 0x0000000086c00000, 0x0000000086c00000|100%| O|  |TAMS 0x0000000086b00000, 0x0000000086b00000| Untracked 
| 108|0x0000000086c00000, 0x0000000086d00000, 0x0000000086d00000|100%| O|  |TAMS 0x0000000086c00000, 0x0000000086c00000| Untracked 
| 109|0x0000000086d00000, 0x0000000086e00000, 0x0000000086e00000|100%| O|  |TAMS 0x0000000086d00000, 0x0000000086d00000| Untracked 
| 110|0x0000000086e00000, 0x0000000086f00000, 0x0000000086f00000|100%| O|  |TAMS 0x0000000086e00000, 0x0000000086e00000| Untracked 
| 111|0x0000000086f00000, 0x0000000087000000, 0x0000000087000000|100%| O|  |TAMS 0x0000000086f00000, 0x0000000086f00000| Untracked 
| 112|0x0000000087000000, 0x0000000087100000, 0x0000000087100000|100%| O|  |TAMS 0x0000000087000000, 0x0000000087000000| Untracked 
| 113|0x0000000087100000, 0x0000000087200000, 0x0000000087200000|100%| O|  |TAMS 0x0000000087100000, 0x0000000087100000| Untracked 
| 114|0x0000000087200000, 0x0000000087300000, 0x0000000087300000|100%| O|  |TAMS 0x0000000087200000, 0x0000000087200000| Untracked 
| 115|0x0000000087300000, 0x0000000087400000, 0x0000000087400000|100%| O|  |TAMS 0x0000000087300000, 0x0000000087300000| Untracked 
| 116|0x0000000087400000, 0x0000000087500000, 0x0000000087500000|100%| O|  |TAMS 0x0000000087400000, 0x0000000087400000| Untracked 
| 117|0x0000000087500000, 0x0000000087600000, 0x0000000087600000|100%| O|  |TAMS 0x0000000087500000, 0x0000000087500000| Untracked 
| 118|0x0000000087600000, 0x0000000087600000, 0x0000000087700000|  0%| F|  |TAMS 0x0000000087600000, 0x0000000087600000| Untracked 
| 119|0x0000000087700000, 0x0000000087700000, 0x0000000087800000|  0%| F|  |TAMS 0x0000000087700000, 0x0000000087700000| Untracked 
| 120|0x0000000087800000, 0x0000000087800000, 0x0000000087900000|  0%| F|  |TAMS 0x0000000087800000, 0x0000000087800000| Untracked 
| 121|0x0000000087900000, 0x0000000087900000, 0x0000000087a00000|  0%| F|  |TAMS 0x0000000087900000, 0x0000000087900000| Untracked 
| 122|0x0000000087a00000, 0x0000000087a00000, 0x0000000087b00000|  0%| F|  |TAMS 0x0000000087a00000, 0x0000000087a00000| Untracked 
| 123|0x0000000087b00000, 0x0000000087b00000, 0x0000000087c00000|  0%| F|  |TAMS 0x0000000087b00000, 0x0000000087b00000| Untracked 
| 124|0x0000000087c00000, 0x0000000087c00000, 0x0000000087d00000|  0%| F|  |TAMS 0x0000000087c00000, 0x0000000087c00000| Untracked 
| 125|0x0000000087d00000, 0x0000000087d00000, 0x0000000087e00000|  0%| F|  |TAMS 0x0000000087d00000, 0x0000000087d00000| Untracked 
| 126|0x0000000087e00000, 0x0000000087e00000, 0x0000000087f00000|  0%| F|  |TAMS 0x0000000087e00000, 0x0000000087e00000| Untracked 
| 127|0x0000000087f00000, 0x0000000087f00000, 0x0000000088000000|  0%| F|  |TAMS 0x0000000087f00000, 0x0000000087f00000| Untracked 
| 128|0x0000000088000000, 0x0000000088000000, 0x0000000088100000|  0%| F|  |TAMS 0x0000000088000000, 0x0000000088000000| Untracked 
| 129|0x0000000088100000, 0x0000000088100000, 0x0000000088200000|  0%| F|  |TAMS 0x0000000088100000, 0x0000000088100000| Untracked 
| 130|0x0000000088200000, 0x0000000088200000, 0x0000000088300000|  0%| F|  |TAMS 0x0000000088200000, 0x0000000088200000| Untracked 
| 131|0x0000000088300000, 0x0000000088300000, 0x0000000088400000|  0%| F|  |TAMS 0x0000000088300000, 0x0000000088300000| Untracked 
| 132|0x0000000088400000, 0x0000000088400000, 0x0000000088500000|  0%| F|  |TAMS 0x0000000088400000, 0x0000000088400000| Untracked 
| 133|0x0000000088500000, 0x0000000088500000, 0x0000000088600000|  0%| F|  |TAMS 0x0000000088500000, 0x0000000088500000| Untracked 
| 134|0x0000000088600000, 0x0000000088600000, 0x0000000088700000|  0%| F|  |TAMS 0x0000000088600000, 0x0000000088600000| Untracked 
| 135|0x0000000088700000, 0x0000000088700000, 0x0000000088800000|  0%| F|  |TAMS 0x0000000088700000, 0x0000000088700000| Untracked 
| 136|0x0000000088800000, 0x0000000088800000, 0x0000000088900000|  0%| F|  |TAMS 0x0000000088800000, 0x0000000088800000| Untracked 
| 137|0x0000000088900000, 0x0000000088900000, 0x0000000088a00000|  0%| F|  |TAMS 0x0000000088900000, 0x0000000088900000| Untracked 
| 138|0x0000000088a00000, 0x0000000088a00000, 0x0000000088b00000|  0%| F|  |TAMS 0x0000000088a00000, 0x0000000088a00000| Untracked 
| 139|0x0000000088b00000, 0x0000000088b00000, 0x0000000088c00000|  0%| F|  |TAMS 0x0000000088b00000, 0x0000000088b00000| Untracked 
| 140|0x0000000088c00000, 0x0000000088c00000, 0x0000000088d00000|  0%| F|  |TAMS 0x0000000088c00000, 0x0000000088c00000| Untracked 
| 141|0x0000000088d00000, 0x0000000088d00000, 0x0000000088e00000|  0%| F|  |TAMS 0x0000000088d00000, 0x0000000088d00000| Untracked 
| 142|0x0000000088e00000, 0x0000000088e00000, 0x0000000088f00000|  0%| F|  |TAMS 0x0000000088e00000, 0x0000000088e00000| Untracked 
| 143|0x0000000088f00000, 0x0000000088f00000, 0x0000000089000000|  0%| F|  |TAMS 0x0000000088f00000, 0x0000000088f00000| Untracked 
| 144|0x0000000089000000, 0x0000000089000000, 0x0000000089100000|  0%| F|  |TAMS 0x0000000089000000, 0x0000000089000000| Untracked 
| 145|0x0000000089100000, 0x0000000089100000, 0x0000000089200000|  0%| F|  |TAMS 0x0000000089100000, 0x0000000089100000| Untracked 
| 146|0x0000000089200000, 0x0000000089200000, 0x0000000089300000|  0%| F|  |TAMS 0x0000000089200000, 0x0000000089200000| Untracked 
| 147|0x0000000089300000, 0x0000000089300000, 0x0000000089400000|  0%| F|  |TAMS 0x0000000089300000, 0x0000000089300000| Untracked 
| 148|0x0000000089400000, 0x0000000089400000, 0x0000000089500000|  0%| F|  |TAMS 0x0000000089400000, 0x0000000089400000| Untracked 
| 149|0x0000000089500000, 0x0000000089500000, 0x0000000089600000|  0%| F|  |TAMS 0x0000000089500000, 0x0000000089500000| Untracked 
| 150|0x0000000089600000, 0x0000000089600000, 0x0000000089700000|  0%| F|  |TAMS 0x0000000089600000, 0x0000000089600000| Untracked 
| 151|0x0000000089700000, 0x0000000089700000, 0x0000000089800000|  0%| F|  |TAMS 0x0000000089700000, 0x0000000089700000| Untracked 
| 152|0x0000000089800000, 0x0000000089800000, 0x0000000089900000|  0%| F|  |TAMS 0x0000000089800000, 0x0000000089800000| Untracked 
| 153|0x0000000089900000, 0x0000000089900000, 0x0000000089a00000|  0%| F|  |TAMS 0x0000000089900000, 0x0000000089900000| Untracked 
| 154|0x0000000089a00000, 0x0000000089a00000, 0x0000000089b00000|  0%| F|  |TAMS 0x0000000089a00000, 0x0000000089a00000| Untracked 
| 155|0x0000000089b00000, 0x0000000089b80000, 0x0000000089c00000| 50%| S|CS|TAMS 0x0000000089b00000, 0x0000000089b00000| Complete 
| 156|0x0000000089c00000, 0x0000000089d00000, 0x0000000089d00000|100%| S|CS|TAMS 0x0000000089c00000, 0x0000000089c00000| Complete 
| 157|0x0000000089d00000, 0x0000000089e00000, 0x0000000089e00000|100%| S|CS|TAMS 0x0000000089d00000, 0x0000000089d00000| Complete 
| 158|0x0000000089e00000, 0x0000000089f00000, 0x0000000089f00000|100%| S|CS|TAMS 0x0000000089e00000, 0x0000000089e00000| Complete 
| 159|0x0000000089f00000, 0x000000008a000000, 0x000000008a000000|100%| S|CS|TAMS 0x0000000089f00000, 0x0000000089f00000| Complete 
| 160|0x000000008a000000, 0x000000008a100000, 0x000000008a100000|100%| S|CS|TAMS 0x000000008a000000, 0x000000008a000000| Complete 
| 161|0x000000008a100000, 0x000000008a200000, 0x000000008a200000|100%| S|CS|TAMS 0x000000008a100000, 0x000000008a100000| Complete 
| 162|0x000000008a200000, 0x000000008a300000, 0x000000008a300000|100%| S|CS|TAMS 0x000000008a200000, 0x000000008a200000| Complete 
| 163|0x000000008a300000, 0x000000008a300000, 0x000000008a400000|  0%| F|  |TAMS 0x000000008a300000, 0x000000008a300000| Untracked 
| 164|0x000000008a400000, 0x000000008a400000, 0x000000008a500000|  0%| F|  |TAMS 0x000000008a400000, 0x000000008a400000| Untracked 
| 165|0x000000008a500000, 0x000000008a500000, 0x000000008a600000|  0%| F|  |TAMS 0x000000008a500000, 0x000000008a500000| Untracked 
| 166|0x000000008a600000, 0x000000008a600000, 0x000000008a700000|  0%| F|  |TAMS 0x000000008a600000, 0x000000008a600000| Untracked 
| 167|0x000000008a700000, 0x000000008a700000, 0x000000008a800000|  0%| F|  |TAMS 0x000000008a700000, 0x000000008a700000| Untracked 
| 168|0x000000008a800000, 0x000000008a800000, 0x000000008a900000|  0%| F|  |TAMS 0x000000008a800000, 0x000000008a800000| Untracked 
| 169|0x000000008a900000, 0x000000008a900000, 0x000000008aa00000|  0%| F|  |TAMS 0x000000008a900000, 0x000000008a900000| Untracked 
| 170|0x000000008aa00000, 0x000000008aa00000, 0x000000008ab00000|  0%| F|  |TAMS 0x000000008aa00000, 0x000000008aa00000| Untracked 
| 171|0x000000008ab00000, 0x000000008ab00000, 0x000000008ac00000|  0%| F|  |TAMS 0x000000008ab00000, 0x000000008ab00000| Untracked 
| 172|0x000000008ac00000, 0x000000008ac00000, 0x000000008ad00000|  0%| F|  |TAMS 0x000000008ac00000, 0x000000008ac00000| Untracked 
| 173|0x000000008ad00000, 0x000000008ad00000, 0x000000008ae00000|  0%| F|  |TAMS 0x000000008ad00000, 0x000000008ad00000| Untracked 
| 174|0x000000008ae00000, 0x000000008ae00000, 0x000000008af00000|  0%| F|  |TAMS 0x000000008ae00000, 0x000000008ae00000| Untracked 
| 175|0x000000008af00000, 0x000000008af00000, 0x000000008b000000|  0%| F|  |TAMS 0x000000008af00000, 0x000000008af00000| Untracked 
| 176|0x000000008b000000, 0x000000008b000000, 0x000000008b100000|  0%| F|  |TAMS 0x000000008b000000, 0x000000008b000000| Untracked 
| 177|0x000000008b100000, 0x000000008b100000, 0x000000008b200000|  0%| F|  |TAMS 0x000000008b100000, 0x000000008b100000| Untracked 
| 178|0x000000008b200000, 0x000000008b200000, 0x000000008b300000|  0%| F|  |TAMS 0x000000008b200000, 0x000000008b200000| Untracked 
| 179|0x000000008b300000, 0x000000008b300000, 0x000000008b400000|  0%| F|  |TAMS 0x000000008b300000, 0x000000008b300000| Untracked 
| 180|0x000000008b400000, 0x000000008b400000, 0x000000008b500000|  0%| F|  |TAMS 0x000000008b400000, 0x000000008b400000| Untracked 
| 181|0x000000008b500000, 0x000000008b500000, 0x000000008b600000|  0%| F|  |TAMS 0x000000008b500000, 0x000000008b500000| Untracked 
| 182|0x000000008b600000, 0x000000008b600000, 0x000000008b700000|  0%| F|  |TAMS 0x000000008b600000, 0x000000008b600000| Untracked 
| 183|0x000000008b700000, 0x000000008b700000, 0x000000008b800000|  0%| F|  |TAMS 0x000000008b700000, 0x000000008b700000| Untracked 
| 184|0x000000008b800000, 0x000000008b800000, 0x000000008b900000|  0%| F|  |TAMS 0x000000008b800000, 0x000000008b800000| Untracked 
| 185|0x000000008b900000, 0x000000008b900000, 0x000000008ba00000|  0%| F|  |TAMS 0x000000008b900000, 0x000000008b900000| Untracked 
| 186|0x000000008ba00000, 0x000000008ba00000, 0x000000008bb00000|  0%| F|  |TAMS 0x000000008ba00000, 0x000000008ba00000| Untracked 
| 187|0x000000008bb00000, 0x000000008bb00000, 0x000000008bc00000|  0%| F|  |TAMS 0x000000008bb00000, 0x000000008bb00000| Untracked 
| 188|0x000000008bc00000, 0x000000008bc00000, 0x000000008bd00000|  0%| F|  |TAMS 0x000000008bc00000, 0x000000008bc00000| Untracked 
| 189|0x000000008bd00000, 0x000000008bd00000, 0x000000008be00000|  0%| F|  |TAMS 0x000000008bd00000, 0x000000008bd00000| Untracked 
| 190|0x000000008be00000, 0x000000008be00000, 0x000000008bf00000|  0%| F|  |TAMS 0x000000008be00000, 0x000000008be00000| Untracked 
| 191|0x000000008bf00000, 0x000000008bf00000, 0x000000008c000000|  0%| F|  |TAMS 0x000000008bf00000, 0x000000008bf00000| Untracked 
| 192|0x000000008c000000, 0x000000008c000000, 0x000000008c100000|  0%| F|  |TAMS 0x000000008c000000, 0x000000008c000000| Untracked 
| 193|0x000000008c100000, 0x000000008c100000, 0x000000008c200000|  0%| F|  |TAMS 0x000000008c100000, 0x000000008c100000| Untracked 
| 194|0x000000008c200000, 0x000000008c200000, 0x000000008c300000|  0%| F|  |TAMS 0x000000008c200000, 0x000000008c200000| Untracked 
| 195|0x000000008c300000, 0x000000008c300000, 0x000000008c400000|  0%| F|  |TAMS 0x000000008c300000, 0x000000008c300000| Untracked 
| 196|0x000000008c400000, 0x000000008c400000, 0x000000008c500000|  0%| F|  |TAMS 0x000000008c400000, 0x000000008c400000| Untracked 
| 197|0x000000008c500000, 0x000000008c500000, 0x000000008c600000|  0%| F|  |TAMS 0x000000008c500000, 0x000000008c500000| Untracked 
| 198|0x000000008c600000, 0x000000008c600000, 0x000000008c700000|  0%| F|  |TAMS 0x000000008c600000, 0x000000008c600000| Untracked 
| 199|0x000000008c700000, 0x000000008c700000, 0x000000008c800000|  0%| F|  |TAMS 0x000000008c700000, 0x000000008c700000| Untracked 
| 200|0x000000008c800000, 0x000000008c800000, 0x000000008c900000|  0%| F|  |TAMS 0x000000008c800000, 0x000000008c800000| Untracked 
| 201|0x000000008c900000, 0x000000008c900000, 0x000000008ca00000|  0%| F|  |TAMS 0x000000008c900000, 0x000000008c900000| Untracked 
| 202|0x000000008ca00000, 0x000000008ca00000, 0x000000008cb00000|  0%| F|  |TAMS 0x000000008ca00000, 0x000000008ca00000| Untracked 
| 203|0x000000008cb00000, 0x000000008cb00000, 0x000000008cc00000|  0%| F|  |TAMS 0x000000008cb00000, 0x000000008cb00000| Untracked 
| 204|0x000000008cc00000, 0x000000008cc00000, 0x000000008cd00000|  0%| F|  |TAMS 0x000000008cc00000, 0x000000008cc00000| Untracked 
| 205|0x000000008cd00000, 0x000000008cd00000, 0x000000008ce00000|  0%| F|  |TAMS 0x000000008cd00000, 0x000000008cd00000| Untracked 
| 206|0x000000008ce00000, 0x000000008ce00000, 0x000000008cf00000|  0%| F|  |TAMS 0x000000008ce00000, 0x000000008ce00000| Untracked 
| 207|0x000000008cf00000, 0x000000008cf00000, 0x000000008d000000|  0%| F|  |TAMS 0x000000008cf00000, 0x000000008cf00000| Untracked 
| 208|0x000000008d000000, 0x000000008d000000, 0x000000008d100000|  0%| F|  |TAMS 0x000000008d000000, 0x000000008d000000| Untracked 
| 209|0x000000008d100000, 0x000000008d100000, 0x000000008d200000|  0%| F|  |TAMS 0x000000008d100000, 0x000000008d100000| Untracked 
| 210|0x000000008d200000, 0x000000008d200000, 0x000000008d300000|  0%| F|  |TAMS 0x000000008d200000, 0x000000008d200000| Untracked 
| 211|0x000000008d300000, 0x000000008d300000, 0x000000008d400000|  0%| F|  |TAMS 0x000000008d300000, 0x000000008d300000| Untracked 
| 212|0x000000008d400000, 0x000000008d400000, 0x000000008d500000|  0%| F|  |TAMS 0x000000008d400000, 0x000000008d400000| Untracked 
| 213|0x000000008d500000, 0x000000008d500000, 0x000000008d600000|  0%| F|  |TAMS 0x000000008d500000, 0x000000008d500000| Untracked 
| 214|0x000000008d600000, 0x000000008d600000, 0x000000008d700000|  0%| F|  |TAMS 0x000000008d600000, 0x000000008d600000| Untracked 
| 215|0x000000008d700000, 0x000000008d700000, 0x000000008d800000|  0%| F|  |TAMS 0x000000008d700000, 0x000000008d700000| Untracked 
| 216|0x000000008d800000, 0x000000008d800000, 0x000000008d900000|  0%| F|  |TAMS 0x000000008d800000, 0x000000008d800000| Untracked 
| 217|0x000000008d900000, 0x000000008d900000, 0x000000008da00000|  0%| F|  |TAMS 0x000000008d900000, 0x000000008d900000| Untracked 

Card table byte_map: [0x000002a618f30000,0x000002a619330000] _byte_map_base: 0x000002a618b30000

Marking Bits (Prev, Next): (CMBitMap*) 0x000002a6066c35f0, (CMBitMap*) 0x000002a6066c3630
 Prev Bits: [0x000002a619730000, 0x000002a61b730000)
 Next Bits: [0x000002a61b730000, 0x000002a61d730000)

Polling page: 0x000002a6045c0000

Metaspace:

Usage:
  Non-class:     80.93 MB used.
      Class:     12.77 MB used.
       Both:     93.70 MB used.

Virtual space:
  Non-class space:       88.00 MB reserved,      81.19 MB ( 92%) committed,  11 nodes.
      Class space:        1.00 GB reserved,      13.06 MB (  1%) committed,  1 nodes.
             Both:        1.09 GB reserved,      94.25 MB (  8%) committed. 

Chunk freelists:
   Non-Class:  2.75 MB
       Class:  2.81 MB
        Both:  5.56 MB

MaxMetaspaceSize: unlimited
CompressedClassSpaceSize: 1.00 GB
Initial GC threshold: 21.00 MB
Current GC threshold: 131.88 MB
CDS: off
MetaspaceReclaimPolicy: balanced
 - commit_granule_bytes: 65536.
 - commit_granule_words: 8192.
 - virtual_space_node_default_size: 1048576.
 - enlarge_chunks_in_place: 1.
 - new_chunks_are_fully_committed: 0.
 - uncommit_free_chunks: 1.
 - use_allocation_guard: 0.
 - handle_deallocations: 1.


Internal statistics:

num_allocs_failed_limit: 9.
num_arena_births: 820.
num_arena_deaths: 6.
num_vsnodes_births: 12.
num_vsnodes_deaths: 0.
num_space_committed: 1508.
num_space_uncommitted: 0.
num_chunks_returned_to_freelist: 15.
num_chunks_taken_from_freelist: 4297.
num_chunk_merges: 5.
num_chunk_splits: 2866.
num_chunks_enlarged: 1950.
num_purges: 2.
num_inconsistent_stats: 0.

CodeHeap 'non-profiled nmethods': size=120000Kb used=4164Kb max_used=4607Kb free=115835Kb
 bounds [0x000002a611600000, 0x000002a611aa0000, 0x000002a618b30000]
CodeHeap 'profiled nmethods': size=120000Kb used=19599Kb max_used=19809Kb free=100400Kb
 bounds [0x000002a609b30000, 0x000002a60af20000, 0x000002a611060000]
CodeHeap 'non-nmethods': size=5760Kb used=2389Kb max_used=2487Kb free=3370Kb
 bounds [0x000002a611060000, 0x000002a6112f0000, 0x000002a611600000]
 total_blobs=11151 nmethods=10226 adapters=838
 compilation: enabled
              stopped_count=0, restarted_count=0
 full_count=0

Compilation events (20 events):
Event: 44.180 Thread 0x000002a620808090 nmethod 12031 0x000002a6119aab90 code [0x000002a6119aad20, 0x000002a6119aadd8]
Event: 44.180 Thread 0x000002a620808090 12034       2       com.android.tools.r8.internal.b5::b (11 bytes)
Event: 44.180 Thread 0x000002a620808090 nmethod 12034 0x000002a60a3c9710 code [0x000002a60a3c98c0, 0x000002a60a3c9a68]
Event: 44.180 Thread 0x000002a620808090 12018       1       com.android.tools.r8.internal.oh::comparator (5 bytes)
Event: 44.180 Thread 0x000002a620808090 nmethod 12018 0x000002a6119aa890 code [0x000002a6119aaa20, 0x000002a6119aaaf8]
Event: 44.187 Thread 0x000002a620808090 12036       2       com.android.tools.r8.internal.e5::b (27 bytes)
Event: 44.188 Thread 0x000002a620808090 nmethod 12036 0x000002a609c77e90 code [0x000002a609c78020, 0x000002a609c78178]
Event: 44.188 Thread 0x000002a620808090 12037       2       com.android.tools.r8.internal.e5::a (9 bytes)
Event: 44.188 Thread 0x000002a620808090 nmethod 12037 0x000002a60a6d1810 code [0x000002a60a6d19a0, 0x000002a60a6d1ac8]
Event: 44.188 Thread 0x000002a620808090 12038       2       com.android.tools.r8.internal.he::<init> (5 bytes)
Event: 44.188 Thread 0x000002a620808090 nmethod 12038 0x000002a60a6d1490 code [0x000002a60a6d1620, 0x000002a60a6d1748]
Event: 44.189 Thread 0x000002a620808090 12039       2       com.android.tools.r8.internal.QG::a (41 bytes)
Event: 44.189 Thread 0x000002a620808090 nmethod 12039 0x000002a60a6d1010 code [0x000002a60a6d11c0, 0x000002a60a6d1338]
Event: 44.189 Thread 0x000002a620808090 12040       2       com.android.tools.r8.internal.Gg::a (27 bytes)
Event: 44.189 Thread 0x000002a620808090 nmethod 12040 0x000002a60a6d0c90 code [0x000002a60a6d0e20, 0x000002a60a6d0f78]
Event: 44.189 Thread 0x000002a620808090 12041       1       com.android.tools.r8.internal.dj::N0 (2 bytes)
Event: 44.189 Thread 0x000002a620808090 nmethod 12041 0x000002a6119aa590 code [0x000002a6119aa720, 0x000002a6119aa7f8]
Event: 44.190 Thread 0x000002a620808090 12042       2       java.util.BitSet::expandTo (23 bytes)
Event: 44.190 Thread 0x000002a620808090 nmethod 12042 0x000002a60a6d0910 code [0x000002a60a6d0aa0, 0x000002a60a6d0be8]
Event: 44.190 Thread 0x000002a620808090 12043       2       java.util.BitSet::set (58 bytes)

GC Heap History (20 events):
Event: 28.034 GC heap after
{Heap after GC invocations=42 (full 0):
 garbage-first heap   total 116736K, used 65381K [0x0000000080000000, 0x0000000100000000)
  region size 1024K, 5 young (5120K), 5 survivors (5120K)
 Metaspace       used 77922K, committed 78528K, reserved 1122304K
  class space    used 10436K, committed 10752K, reserved 1048576K
}
Event: 29.197 GC heap before
{Heap before GC invocations=43 (full 0):
 garbage-first heap   total 122880K, used 94053K [0x0000000080000000, 0x0000000100000000)
  region size 1024K, 33 young (33792K), 5 survivors (5120K)
 Metaspace       used 80150K, committed 80704K, reserved 1122304K
  class space    used 10865K, committed 11136K, reserved 1048576K
}
Event: 29.227 GC heap after
{Heap after GC invocations=44 (full 0):
 garbage-first heap   total 122880K, used 68851K [0x0000000080000000, 0x0000000100000000)
  region size 1024K, 4 young (4096K), 4 survivors (4096K)
 Metaspace       used 80150K, committed 80704K, reserved 1122304K
  class space    used 10865K, committed 11136K, reserved 1048576K
}
Event: 29.303 GC heap before
{Heap before GC invocations=44 (full 0):
 garbage-first heap   total 122880K, used 70899K [0x0000000080000000, 0x0000000100000000)
  region size 1024K, 6 young (6144K), 4 survivors (4096K)
 Metaspace       used 80261K, committed 80832K, reserved 1122304K
  class space    used 10885K, committed 11136K, reserved 1048576K
}
Event: 29.321 GC heap after
{Heap after GC invocations=45 (full 0):
 garbage-first heap   total 122880K, used 69295K [0x0000000080000000, 0x0000000100000000)
  region size 1024K, 1 young (1024K), 1 survivors (1024K)
 Metaspace       used 80261K, committed 80832K, reserved 1122304K
  class space    used 10885K, committed 11136K, reserved 1048576K
}
Event: 30.204 GC heap before
{Heap before GC invocations=45 (full 0):
 garbage-first heap   total 122880K, used 97967K [0x0000000080000000, 0x0000000100000000)
  region size 1024K, 30 young (30720K), 1 survivors (1024K)
 Metaspace       used 80460K, committed 80960K, reserved 1122304K
  class space    used 10887K, committed 11136K, reserved 1048576K
}
Event: 30.211 GC heap after
{Heap after GC invocations=46 (full 0):
 garbage-first heap   total 122880K, used 71011K [0x0000000080000000, 0x0000000100000000)
  region size 1024K, 3 young (3072K), 3 survivors (3072K)
 Metaspace       used 80460K, committed 80960K, reserved 1122304K
  class space    used 10887K, committed 11136K, reserved 1048576K
}
Event: 32.974 GC heap before
{Heap before GC invocations=47 (full 0):
 garbage-first heap   total 122880K, used 99683K [0x0000000080000000, 0x0000000100000000)
  region size 1024K, 32 young (32768K), 3 survivors (3072K)
 Metaspace       used 81005K, committed 81536K, reserved 1122304K
  class space    used 10953K, committed 11200K, reserved 1048576K
}
Event: 32.997 GC heap after
{Heap after GC invocations=48 (full 0):
 garbage-first heap   total 122880K, used 73436K [0x0000000080000000, 0x0000000100000000)
  region size 1024K, 4 young (4096K), 4 survivors (4096K)
 Metaspace       used 81005K, committed 81536K, reserved 1122304K
  class space    used 10953K, committed 11200K, reserved 1048576K
}
Event: 33.097 GC heap before
{Heap before GC invocations=48 (full 0):
 garbage-first heap   total 122880K, used 75484K [0x0000000080000000, 0x0000000100000000)
  region size 1024K, 6 young (6144K), 4 survivors (4096K)
 Metaspace       used 81008K, committed 81536K, reserved 1122304K
  class space    used 10953K, committed 11200K, reserved 1048576K
}
Event: 33.138 GC heap after
{Heap after GC invocations=49 (full 0):
 garbage-first heap   total 223232K, used 73678K [0x0000000080000000, 0x0000000100000000)
  region size 1024K, 1 young (1024K), 1 survivors (1024K)
 Metaspace       used 81008K, committed 81536K, reserved 1122304K
  class space    used 10953K, committed 11200K, reserved 1048576K
}
Event: 38.959 GC heap before
{Heap before GC invocations=49 (full 0):
 garbage-first heap   total 223232K, used 165838K [0x0000000080000000, 0x0000000100000000)
  region size 1024K, 92 young (94208K), 1 survivors (1024K)
 Metaspace       used 85908K, committed 86400K, reserved 1130496K
  class space    used 11580K, committed 11840K, reserved 1048576K
}
Event: 38.982 GC heap after
{Heap after GC invocations=50 (full 0):
 garbage-first heap   total 223232K, used 82871K [0x0000000080000000, 0x0000000100000000)
  region size 1024K, 10 young (10240K), 10 survivors (10240K)
 Metaspace       used 85908K, committed 86400K, reserved 1130496K
  class space    used 11580K, committed 11840K, reserved 1048576K
}
Event: 40.820 GC heap before
{Heap before GC invocations=50 (full 0):
 garbage-first heap   total 223232K, used 170935K [0x0000000080000000, 0x0000000100000000)
  region size 1024K, 97 young (99328K), 10 survivors (10240K)
 Metaspace       used 90690K, committed 91264K, reserved 1130496K
  class space    used 12248K, committed 12544K, reserved 1048576K
}
Event: 40.900 GC heap after
{Heap after GC invocations=51 (full 0):
 garbage-first heap   total 223232K, used 98304K [0x0000000080000000, 0x0000000100000000)
  region size 1024K, 13 young (13312K), 13 survivors (13312K)
 Metaspace       used 90690K, committed 91264K, reserved 1130496K
  class space    used 12248K, committed 12544K, reserved 1048576K
}
Event: 42.584 GC heap before
{Heap before GC invocations=51 (full 0):
 garbage-first heap   total 223232K, used 169984K [0x0000000080000000, 0x0000000100000000)
  region size 1024K, 84 young (86016K), 13 survivors (13312K)
 Metaspace       used 92584K, committed 93120K, reserved 1130496K
  class space    used 12491K, committed 12736K, reserved 1048576K
}
Event: 42.647 GC heap after
{Heap after GC invocations=52 (full 0):
 garbage-first heap   total 223232K, used 108316K [0x0000000080000000, 0x0000000100000000)
  region size 1024K, 11 young (11264K), 11 survivors (11264K)
 Metaspace       used 92584K, committed 93120K, reserved 1130496K
  class space    used 12491K, committed 12736K, reserved 1048576K
}
Event: 42.975 GC heap before
{Heap before GC invocations=52 (full 0):
 garbage-first heap   total 223232K, used 172828K [0x0000000080000000, 0x0000000100000000)
  region size 1024K, 74 young (75776K), 11 survivors (11264K)
 Metaspace       used 92625K, committed 93120K, reserved 1130496K
  class space    used 12493K, committed 12736K, reserved 1048576K
}
Event: 43.059 GC heap after
{Heap after GC invocations=53 (full 0):
 garbage-first heap   total 223232K, used 120320K [0x0000000080000000, 0x0000000100000000)
  region size 1024K, 10 young (10240K), 10 survivors (10240K)
 Metaspace       used 92625K, committed 93120K, reserved 1130496K
  class space    used 12493K, committed 12736K, reserved 1048576K
}
Event: 44.190 GC heap before
{Heap before GC invocations=53 (full 0):
 garbage-first heap   total 223232K, used 176640K [0x0000000080000000, 0x0000000100000000)
  region size 1024K, 65 young (66560K), 10 survivors (10240K)
 Metaspace       used 95946K, committed 96512K, reserved 1138688K
  class space    used 13073K, committed 13376K, reserved 1048576K
}

Dll operation events (2 events):
Event: 0.023 Loaded shared library C:\Program Files\Android\Android Studio\jbr\bin\java.dll
Event: 0.923 Loaded shared library C:\Program Files\Android\Android Studio\jbr\bin\verify.dll

Deoptimization events (20 events):
Event: 43.771 Thread 0x000002a623295ab0 Uncommon trap: trap_request=0xffffffc6 fr.pc=0x000002a6117ffd20 relative=0x0000000000000920
Event: 43.771 Thread 0x000002a623295ab0 Uncommon trap: reason=bimorphic_or_optimized_type_check action=maybe_recompile pc=0x000002a6117ffd20 method=com.android.tools.r8.internal.Sb$a.hashCode()I @ 26 c2
Event: 43.771 Thread 0x000002a623295ab0 DEOPT PACKING pc=0x000002a6117ffd20 sp=0x000000db757f97c0
Event: 43.771 Thread 0x000002a623295ab0 DEOPT UNPACKING pc=0x000002a6110b699d sp=0x000000db757f9768 mode 2
Event: 43.798 Thread 0x000002a623299e10 Uncommon trap: trap_request=0xffffffc6 fr.pc=0x000002a6117ffd20 relative=0x0000000000000920
Event: 43.798 Thread 0x000002a623299e10 Uncommon trap: reason=bimorphic_or_optimized_type_check action=maybe_recompile pc=0x000002a6117ffd20 method=com.android.tools.r8.internal.Sb$a.hashCode()I @ 26 c2
Event: 43.798 Thread 0x000002a623299e10 DEOPT PACKING pc=0x000002a6117ffd20 sp=0x000000db750f9aa0
Event: 43.798 Thread 0x000002a623299e10 DEOPT UNPACKING pc=0x000002a6110b699d sp=0x000000db750f9a48 mode 2
Event: 43.798 Thread 0x000002a623299e10 Uncommon trap: trap_request=0xffffffc6 fr.pc=0x000002a6117ffd20 relative=0x0000000000000920
Event: 43.798 Thread 0x000002a623299e10 Uncommon trap: reason=bimorphic_or_optimized_type_check action=maybe_recompile pc=0x000002a6117ffd20 method=com.android.tools.r8.internal.Sb$a.hashCode()I @ 26 c2
Event: 43.798 Thread 0x000002a623299e10 DEOPT PACKING pc=0x000002a6117ffd20 sp=0x000000db750f9ae0
Event: 43.798 Thread 0x000002a623299e10 DEOPT UNPACKING pc=0x000002a6110b699d sp=0x000000db750f9a88 mode 2
Event: 43.850 Thread 0x000002a623295ab0 Uncommon trap: trap_request=0xffffff45 fr.pc=0x000002a61165dbc8 relative=0x00000000000012c8
Event: 43.850 Thread 0x000002a623295ab0 Uncommon trap: reason=unstable_if action=reinterpret pc=0x000002a61165dbc8 method=java.util.HashMap.computeIfAbsent(Ljava/lang/Object;Ljava/util/function/Function;)Ljava/lang/Object; @ 145 c2
Event: 43.850 Thread 0x000002a623295ab0 DEOPT PACKING pc=0x000002a61165dbc8 sp=0x000000db757f97c0
Event: 43.850 Thread 0x000002a623295ab0 DEOPT UNPACKING pc=0x000002a6110b699d sp=0x000000db757f9790 mode 2
Event: 43.876 Thread 0x000002a623295ab0 DEOPT PACKING pc=0x000002a60a46ddaa sp=0x000000db757f8ee0
Event: 43.876 Thread 0x000002a623295ab0 DEOPT UNPACKING pc=0x000002a6110b7124 sp=0x000000db757f8348 mode 0
Event: 43.925 Thread 0x000002a623299e10 DEOPT PACKING pc=0x000002a609ed549b sp=0x000000db750f8270
Event: 43.925 Thread 0x000002a623299e10 DEOPT UNPACKING pc=0x000002a6110b7124 sp=0x000000db750f76e0 mode 0

Classes unloaded (3 events):
Event: 30.537 Thread 0x000002a61fbbad20 Unloading class 0x0000000100b04c00 'java/lang/invoke/LambdaForm$DMH+0x0000000100b04c00'
Event: 30.537 Thread 0x000002a61fbbad20 Unloading class 0x0000000100b04800 'java/lang/invoke/LambdaForm$DMH+0x0000000100b04800'
Event: 30.537 Thread 0x000002a61fbbad20 Unloading class 0x0000000100b04000 'java/lang/invoke/LambdaForm$DMH+0x0000000100b04000'

Classes redefined (0 events):
No events

Internal exceptions (20 events):
Event: 39.931 Thread 0x000002a623297c60 Exception <a 'java/lang/NoSuchMethodError'{0x000000008ad17c10}: 'java.lang.Object java.lang.invoke.DirectMethodHandle$Holder.invokeSpecial(java.lang.Object, java.lang.Object, java.lang.Object, int, java.lang.Object, java.lang.Object)'> (0x000000008ad17c10) 
thrown [s\src\hotspot\share\interpreter\linkResolver.cpp, line 771]
Event: 39.931 Thread 0x000002a623295ab0 Exception <a 'java/lang/NoSuchMethodError'{0x000000008ae102e8}: 'java.lang.Object java.lang.invoke.DirectMethodHandle$Holder.newInvokeSpecial(java.lang.Object, java.lang.Object, int, java.lang.Object, java.lang.Object)'> (0x000000008ae102e8) 
thrown [s\src\hotspot\share\interpreter\linkResolver.cpp, line 771]
Event: 39.932 Thread 0x000002a623295ab0 Exception <a 'java/lang/NoSuchMethodError'{0x000000008ad27a78}: 'java.lang.Object java.lang.invoke.Invokers$Holder.linkToTargetMethod(java.lang.Object, int, java.lang.Object, java.lang.Object, java.lang.Object)'> (0x000000008ad27a78) 
thrown [s\src\hotspot\share\interpreter\linkResolver.cpp, line 771]
Event: 39.977 Thread 0x000002a623295ab0 Exception <a 'java/lang/NoSuchMethodError'{0x000000008ab3e630}: 'java.lang.Object java.lang.invoke.DirectMethodHandle$Holder.newInvokeSpecial(java.lang.Object, long)'> (0x000000008ab3e630) 
thrown [s\src\hotspot\share\interpreter\linkResolver.cpp, line 771]
Event: 39.977 Thread 0x000002a623299e10 Exception <a 'java/lang/NoSuchMethodError'{0x000000008ab0a0a0}: 'java.lang.Object java.lang.invoke.DirectMethodHandle$Holder.newInvokeSpecial(java.lang.Object, long)'> (0x000000008ab0a0a0) 
thrown [s\src\hotspot\share\interpreter\linkResolver.cpp, line 771]
Event: 40.320 Thread 0x000002a6217d0060 Exception <a 'java/lang/NoSuchMethodError'{0x000000008ab4a5f8}: 'void java.lang.invoke.DirectMethodHandle$Holder.invokeStatic(java.lang.Object, long)'> (0x000000008ab4a5f8) 
thrown [s\src\hotspot\share\interpreter\linkResolver.cpp, line 771]
Event: 40.325 Thread 0x000002a6217d0060 Exception <a 'java/lang/NoSuchMethodError'{0x000000008ab529d8}: 'java.lang.Object java.lang.invoke.DirectMethodHandle$Holder.invokeStatic(java.lang.Object, java.lang.Object, long, java.lang.Object)'> (0x000000008ab529d8) 
thrown [s\src\hotspot\share\interpreter\linkResolver.cpp, line 771]
Event: 40.325 Thread 0x000002a6217d0060 Exception <a 'java/lang/NoSuchMethodError'{0x000000008ab56718}: 'java.lang.Object java.lang.invoke.DirectMethodHandle$Holder.invokeStaticInit(java.lang.Object, java.lang.Object, long, java.lang.Object)'> (0x000000008ab56718) 
thrown [s\src\hotspot\share\interpreter\linkResolver.cpp, line 771]
Event: 40.326 Thread 0x000002a6217d0060 Exception <a 'java/lang/NoSuchMethodError'{0x000000008ab5cfd8}: 'java.lang.Object java.lang.invoke.DirectMethodHandle$Holder.newInvokeSpecial(java.lang.Object, java.lang.Object, long)'> (0x000000008ab5cfd8) 
thrown [s\src\hotspot\share\interpreter\linkResolver.cpp, line 771]
Event: 40.327 Thread 0x000002a6217d0060 Exception <a 'java/lang/NoSuchMethodError'{0x000000008ab60df0}: 'java.lang.Object java.lang.invoke.Invokers$Holder.linkToTargetMethod(java.lang.Object, long, java.lang.Object)'> (0x000000008ab60df0) 
thrown [s\src\hotspot\share\interpreter\linkResolver.cpp, line 771]
Event: 40.630 Thread 0x000002a623299e10 Exception <a 'java/lang/NoSuchMethodError'{0x0000000088b3a800}: 'int java.lang.invoke.DirectMethodHandle$Holder.invokeVirtual(java.lang.Object, java.lang.Object, java.lang.Object, java.lang.Object)'> (0x0000000088b3a800) 
thrown [s\src\hotspot\share\interpreter\linkResolver.cpp, line 771]
Event: 40.730 Thread 0x000002a623295ab0 Exception <a 'java/lang/IncompatibleClassChangeError'{0x00000000886b5348}: Found class java.lang.Object, but interface was expected> (0x00000000886b5348) 
thrown [s\src\hotspot\share\interpreter\linkResolver.cpp, line 838]
Event: 40.747 Thread 0x000002a623295ab0 Exception <a 'java/lang/NoSuchMethodError'{0x00000000886fe898}: 'int java.lang.invoke.DirectMethodHandle$Holder.invokeVirtual(java.lang.Object, java.lang.Object, java.lang.Object)'> (0x00000000886fe898) 
thrown [s\src\hotspot\share\interpreter\linkResolver.cpp, line 771]
Event: 43.321 Thread 0x000002a6217d0060 Exception <a 'java/lang/NoSuchMethodError'{0x000000008c8be1a0}: 'int java.lang.invoke.DirectMethodHandle$Holder.invokeSpecialIFC(java.lang.Object, java.lang.Object, java.lang.Object)'> (0x000000008c8be1a0) 
thrown [s\src\hotspot\share\interpreter\linkResolver.cpp, line 771]
Event: 43.441 Thread 0x000002a623299e10 Exception <a 'java/lang/NoSuchMethodError'{0x000000008c428280}: 'java.lang.Object java.lang.invoke.DirectMethodHandle$Holder.invokeVirtual(java.lang.Object, java.lang.Object, int, java.lang.Object)'> (0x000000008c428280) 
thrown [s\src\hotspot\share\interpreter\linkResolver.cpp, line 771]
Event: 43.441 Thread 0x000002a623295ab0 Exception <a 'java/lang/NoSuchMethodError'{0x000000008c4dc398}: 'java.lang.Object java.lang.invoke.DirectMethodHandle$Holder.invokeVirtual(java.lang.Object, java.lang.Object, int, java.lang.Object)'> (0x000000008c4dc398) 
thrown [s\src\hotspot\share\interpreter\linkResolver.cpp, line 771]
Event: 43.494 Thread 0x000002a623295ab0 Exception <a 'java/lang/IncompatibleClassChangeError'{0x000000008c3ca880}: Found class java.lang.Object, but interface was expected> (0x000000008c3ca880) 
thrown [s\src\hotspot\share\interpreter\linkResolver.cpp, line 838]
Event: 43.496 Thread 0x000002a623295ab0 Exception <a 'java/lang/IncompatibleClassChangeError'{0x000000008c2e7bd0}: Found class java.lang.Object, but interface was expected> (0x000000008c2e7bd0) 
thrown [s\src\hotspot\share\interpreter\linkResolver.cpp, line 838]
Event: 43.540 Thread 0x000002a623299e10 Exception <a 'java/lang/NoSuchMethodError'{0x000000008c0084c0}: 'void java.lang.invoke.DirectMethodHandle$Holder.invokeVirtual(java.lang.Object, java.lang.Object, int, java.lang.Object)'> (0x000000008c0084c0) 
thrown [s\src\hotspot\share\interpreter\linkResolver.cpp, line 771]
Event: 43.658 Thread 0x000002a623295ab0 Exception <a 'java/lang/NoSuchMethodError'{0x000000008bbc8260}: 'int java.lang.invoke.DirectMethodHandle$Holder.invokeSpecial(java.lang.Object, java.lang.Object, java.lang.Object, int)'> (0x000000008bbc8260) 
thrown [s\src\hotspot\share\interpreter\linkResolver.cpp, line 771]

VM Operations (20 events):
Event: 42.652 Executing VM operation: G1CollectForAllocation done
Event: 42.974 Executing VM operation: G1CollectForAllocation
Event: 43.064 Executing VM operation: G1CollectForAllocation done
Event: 43.161 Executing VM operation: HandshakeAllThreads
Event: 43.198 Executing VM operation: HandshakeAllThreads done
Event: 43.305 Executing VM operation: HandshakeAllThreads
Event: 43.305 Executing VM operation: HandshakeAllThreads done
Event: 43.307 Executing VM operation: HandshakeAllThreads
Event: 43.307 Executing VM operation: HandshakeAllThreads done
Event: 43.312 Executing VM operation: HandshakeAllThreads
Event: 43.313 Executing VM operation: HandshakeAllThreads done
Event: 43.631 Executing VM operation: HandshakeAllThreads
Event: 43.632 Executing VM operation: HandshakeAllThreads done
Event: 43.639 Executing VM operation: HandshakeAllThreads
Event: 43.640 Executing VM operation: HandshakeAllThreads done
Event: 43.923 Executing VM operation: HandshakeAllThreads
Event: 43.923 Executing VM operation: HandshakeAllThreads done
Event: 43.934 Executing VM operation: ICBufferFull
Event: 43.934 Executing VM operation: ICBufferFull done
Event: 44.190 Executing VM operation: G1CollectForAllocation

Events (20 events):
Event: 40.938 Thread 0x000002a620822d60 flushing nmethod 0x000002a60ad10590
Event: 40.938 Thread 0x000002a620822d60 flushing nmethod 0x000002a60ad11f10
Event: 40.938 Thread 0x000002a620822d60 flushing nmethod 0x000002a60ad12410
Event: 40.938 Thread 0x000002a620822d60 flushing nmethod 0x000002a60ad19910
Event: 40.938 Thread 0x000002a620822d60 flushing nmethod 0x000002a60ad19d90
Event: 40.938 Thread 0x000002a620822d60 flushing nmethod 0x000002a60ad35910
Event: 40.938 Thread 0x000002a620822d60 flushing nmethod 0x000002a60ada9d90
Event: 40.938 Thread 0x000002a620822d60 flushing nmethod 0x000002a60adaa190
Event: 40.938 Thread 0x000002a620822d60 flushing nmethod 0x000002a60adb1610
Event: 40.938 Thread 0x000002a620822d60 flushing nmethod 0x000002a60adb6690
Event: 43.628 loading class java/util/SortedSet$1
Event: 43.630 loading class java/util/SortedSet$1 done
Event: 43.634 loading class java/util/stream/SliceOps
Event: 43.636 loading class java/util/stream/SliceOps done
Event: 43.636 loading class java/util/stream/SliceOps$1
Event: 43.638 loading class java/util/stream/SliceOps$1 done
Event: 43.641 loading class java/util/stream/SliceOps$1$1
Event: 43.643 loading class java/util/PriorityQueue
Event: 43.643 loading class java/util/stream/SliceOps$1$1 done
Event: 43.644 loading class java/util/PriorityQueue done


Dynamic libraries:
0x00007ff7529e0000 - 0x00007ff7529ea000 	C:\Program Files\Android\Android Studio\jbr\bin\java.exe
0x00007ffb865b0000 - 0x00007ffb867c7000 	C:\WINDOWS\SYSTEM32\ntdll.dll
0x00007ffb84780000 - 0x00007ffb84844000 	C:\WINDOWS\System32\KERNEL32.DLL
0x00007ffb83a40000 - 0x00007ffb83de5000 	C:\WINDOWS\System32\KERNELBASE.dll
0x00007ffb841e0000 - 0x00007ffb842f1000 	C:\WINDOWS\System32\ucrtbase.dll
0x00007ffb6b9a0000 - 0x00007ffb6b9bb000 	C:\Program Files\Android\Android Studio\jbr\bin\VCRUNTIME140.dll
0x00007ffb6b770000 - 0x00007ffb6b787000 	C:\Program Files\Android\Android Studio\jbr\bin\jli.dll
0x00007ffb85ef0000 - 0x00007ffb8609e000 	C:\WINDOWS\System32\USER32.dll
0x00007ffb6eae0000 - 0x00007ffb6ed73000 	C:\WINDOWS\WinSxS\amd64_microsoft.windows.common-controls_6595b64144ccf1df_6.0.22621.2506_none_270c5ae97388e100\COMCTL32.dll
0x00007ffb83f10000 - 0x00007ffb83f36000 	C:\WINDOWS\System32\win32u.dll
0x00007ffb851e0000 - 0x00007ffb85209000 	C:\WINDOWS\System32\GDI32.dll
0x00007ffb850d0000 - 0x00007ffb85177000 	C:\WINDOWS\System32\msvcrt.dll
0x00007ffb83920000 - 0x00007ffb83a39000 	C:\WINDOWS\System32\gdi32full.dll
0x00007ffb83e70000 - 0x00007ffb83f0a000 	C:\WINDOWS\System32\msvcp_win.dll
0x00007ffb86270000 - 0x00007ffb862a1000 	C:\WINDOWS\System32\IMM32.DLL
0x00007ffb6ba30000 - 0x00007ffb6ba3c000 	C:\Program Files\Android\Android Studio\jbr\bin\vcruntime140_1.dll
0x00007ffb4d530000 - 0x00007ffb4d5bd000 	C:\Program Files\Android\Android Studio\jbr\bin\msvcp140.dll
0x00007ffb4f9b0000 - 0x00007ffb5061e000 	C:\Program Files\Android\Android Studio\jbr\bin\server\jvm.dll
0x00007ffb84ed0000 - 0x00007ffb84f81000 	C:\WINDOWS\System32\ADVAPI32.dll
0x00007ffb860a0000 - 0x00007ffb86146000 	C:\WINDOWS\System32\sechost.dll
0x00007ffb86150000 - 0x00007ffb86267000 	C:\WINDOWS\System32\RPCRT4.dll
0x00007ffb5beb0000 - 0x00007ffb5beb9000 	C:\WINDOWS\SYSTEM32\WSOCK32.dll
0x00007ffb73470000 - 0x00007ffb734a4000 	C:\WINDOWS\SYSTEM32\WINMM.dll
0x00007ffb84e50000 - 0x00007ffb84ec1000 	C:\WINDOWS\System32\WS2_32.dll
0x00007ffb6ea90000 - 0x00007ffb6ea9a000 	C:\WINDOWS\SYSTEM32\VERSION.dll
0x00007ffb82920000 - 0x00007ffb82938000 	C:\WINDOWS\SYSTEM32\kernel.appcore.dll
0x00007ffb7b950000 - 0x00007ffb7b95a000 	C:\Program Files\Android\Android Studio\jbr\bin\jimage.dll
0x00007ffb7e330000 - 0x00007ffb7e563000 	C:\WINDOWS\SYSTEM32\DBGHELP.DLL
0x00007ffb84950000 - 0x00007ffb84cd9000 	C:\WINDOWS\System32\combase.dll
0x00007ffb84ff0000 - 0x00007ffb850c7000 	C:\WINDOWS\System32\OLEAUT32.dll
0x00007ffb54340000 - 0x00007ffb54372000 	C:\WINDOWS\SYSTEM32\dbgcore.DLL
0x00007ffb83df0000 - 0x00007ffb83e6a000 	C:\WINDOWS\System32\bcryptPrimitives.dll
0x00007ffb6bc40000 - 0x00007ffb6bc65000 	C:\Program Files\Android\Android Studio\jbr\bin\java.dll
0x00007ffb6e8a0000 - 0x00007ffb6e8b8000 	C:\Program Files\Android\Android Studio\jbr\bin\zip.dll
0x00007ffb85210000 - 0x00007ffb85a69000 	C:\WINDOWS\System32\SHELL32.dll
0x00007ffb81840000 - 0x00007ffb82134000 	C:\WINDOWS\SYSTEM32\windows.storage.dll
0x00007ffb81700000 - 0x00007ffb8183e000 	C:\WINDOWS\SYSTEM32\wintypes.dll
0x00007ffb86470000 - 0x00007ffb86563000 	C:\WINDOWS\System32\SHCORE.dll
0x00007ffb84df0000 - 0x00007ffb84e4e000 	C:\WINDOWS\System32\shlwapi.dll
0x00007ffb83850000 - 0x00007ffb83876000 	C:\WINDOWS\SYSTEM32\profapi.dll
0x00007ffb6bc20000 - 0x00007ffb6bc39000 	C:\Program Files\Android\Android Studio\jbr\bin\net.dll
0x00007ffb76ef0000 - 0x00007ffb77027000 	C:\WINDOWS\SYSTEM32\WINHTTP.dll
0x00007ffb82da0000 - 0x00007ffb82e09000 	C:\WINDOWS\system32\mswsock.dll
0x00007ffb6bbc0000 - 0x00007ffb6bbd6000 	C:\Program Files\Android\Android Studio\jbr\bin\nio.dll
0x00007ffb788e0000 - 0x00007ffb788f0000 	C:\Program Files\Android\Android Studio\jbr\bin\verify.dll
0x00007ffb7b570000 - 0x00007ffb7b597000 	C:\Users\Ian\.gradle\native\e1d6ef7f7dcc3fd88c89a11ec53ec762bb8ba0a96d01ffa2cd45eb1d1d8dd5c5\windows-amd64\native-platform.dll
0x00007ffb42300000 - 0x00007ffb42444000 	C:\Users\Ian\.gradle\native\5664cfc778a61ccfe75a443a1ab52a65af34e5dc3c78e0209fed803814484fcb\windows-amd64\native-platform-file-events.dll
0x00007ffb6e820000 - 0x00007ffb6e829000 	C:\Program Files\Android\Android Studio\jbr\bin\management.dll
0x00007ffb6daa0000 - 0x00007ffb6daab000 	C:\Program Files\Android\Android Studio\jbr\bin\management_ext.dll
0x00007ffb862b0000 - 0x00007ffb862b8000 	C:\WINDOWS\System32\PSAPI.DLL
0x00007ffb82ff0000 - 0x00007ffb8300b000 	C:\WINDOWS\SYSTEM32\CRYPTSP.dll
0x00007ffb82880000 - 0x00007ffb828b5000 	C:\WINDOWS\system32\rsaenh.dll
0x00007ffb82e90000 - 0x00007ffb82ebc000 	C:\WINDOWS\SYSTEM32\USERENV.dll
0x00007ffb831e0000 - 0x00007ffb83208000 	C:\WINDOWS\SYSTEM32\bcrypt.dll
0x00007ffb83010000 - 0x00007ffb8301c000 	C:\WINDOWS\SYSTEM32\CRYPTBASE.dll
0x00007ffb823e0000 - 0x00007ffb8240d000 	C:\WINDOWS\SYSTEM32\IPHLPAPI.DLL
0x00007ffb851d0000 - 0x00007ffb851d9000 	C:\WINDOWS\System32\NSI.dll
0x00007ffb740f0000 - 0x00007ffb74109000 	C:\WINDOWS\SYSTEM32\dhcpcsvc6.DLL
0x00007ffb73fe0000 - 0x00007ffb73fff000 	C:\WINDOWS\SYSTEM32\dhcpcsvc.DLL
0x00007ffb82410000 - 0x00007ffb82509000 	C:\WINDOWS\SYSTEM32\DNSAPI.dll
0x00007ffb6cd20000 - 0x00007ffb6cd28000 	C:\WINDOWS\system32\wshunix.dll

dbghelp: loaded successfully - version: 4.0.5 - missing functions: none
symbol engine: initialized successfully - sym options: 0x614 - pdb path: .;C:\Program Files\Android\Android Studio\jbr\bin;C:\WINDOWS\SYSTEM32;C:\WINDOWS\WinSxS\amd64_microsoft.windows.common-controls_6595b64144ccf1df_6.0.22621.2506_none_270c5ae97388e100;C:\Program Files\Android\Android Studio\jbr\bin\server;C:\Users\Ian\.gradle\native\e1d6ef7f7dcc3fd88c89a11ec53ec762bb8ba0a96d01ffa2cd45eb1d1d8dd5c5\windows-amd64;C:\Users\Ian\.gradle\native\5664cfc778a61ccfe75a443a1ab52a65af34e5dc3c78e0209fed803814484fcb\windows-amd64

VM Arguments:
jvm_args: --add-opens=java.base/java.util=ALL-UNNAMED --add-opens=java.base/java.lang=ALL-UNNAMED --add-opens=java.base/java.lang.invoke=ALL-UNNAMED --add-opens=java.base/java.util=ALL-UNNAMED --add-opens=java.prefs/java.util.prefs=ALL-UNNAMED --add-opens=java.prefs/java.util.prefs=ALL-UNNAMED --add-opens=java.base/java.nio.charset=ALL-UNNAMED --add-opens=java.base/java.net=ALL-UNNAMED --add-opens=java.base/java.util.concurrent.atomic=ALL-UNNAMED -Xmx2048m -Dfile.encoding=UTF-8 -Duser.country=ID -Duser.language=id -Duser.variant 
java_command: org.gradle.launcher.daemon.bootstrap.GradleDaemon 7.2
java_class_path (initial): C:\Users\Ian\.gradle\wrapper\dists\gradle-7.2-bin\2dnblmf4td7x66yl1d74lt32g\gradle-7.2\lib\gradle-launcher-7.2.jar
Launcher Type: SUN_STANDARD

[Global flags]
     intx CICompilerCount                          = 3                                         {product} {ergonomic}
     uint ConcGCThreads                            = 1                                         {product} {ergonomic}
     uint G1ConcRefinementThreads                  = 4                                         {product} {ergonomic}
   size_t G1HeapRegionSize                         = 1048576                                   {product} {ergonomic}
    uintx GCDrainStackTargetSize                   = 64                                        {product} {ergonomic}
   size_t InitialHeapSize                          = 65011712                                  {product} {ergonomic}
   size_t MarkStackSize                            = 4194304                                   {product} {ergonomic}
   size_t MaxHeapSize                              = 2147483648                                {product} {command line}
   size_t MaxNewSize                               = 1287651328                                {product} {ergonomic}
   size_t MinHeapDeltaBytes                        = 1048576                                   {product} {ergonomic}
   size_t MinHeapSize                              = 8388608                                   {product} {ergonomic}
    uintx NonNMethodCodeHeapSize                   = 5832780                                {pd product} {ergonomic}
    uintx NonProfiledCodeHeapSize                  = 122912730                              {pd product} {ergonomic}
    uintx ProfiledCodeHeapSize                     = 122912730                              {pd product} {ergonomic}
    uintx ReservedCodeCacheSize                    = 251658240                              {pd product} {ergonomic}
     bool SegmentedCodeCache                       = true                                      {product} {ergonomic}
   size_t SoftMaxHeapSize                          = 2147483648                             {manageable} {ergonomic}
     bool UseCompressedClassPointers               = true                           {product lp64_product} {ergonomic}
     bool UseCompressedOops                        = true                           {product lp64_product} {ergonomic}
     bool UseG1GC                                  = true                                      {product} {ergonomic}
     bool UseLargePagesIndividualAllocation        = false                                  {pd product} {ergonomic}

Logging:
Log output configuration:
 #0: stdout all=warning uptime,level,tags
 #1: stderr all=off uptime,level,tags

Environment Variables:
PATH=C:\ProgramData\Oracle\Java\javapath;C:\Program Files\OpenLogic\jdk-17.0.6.10-hotspot\bin;C:\Program Files\OpenJDK\jdk-11.0.18.10-hotspot\bin;C:\Program Files (x86)\Common Files\Oracle\Java\javapath;C:\Program Files (x86)\Common Files\Intel\Shared Files\cpp\bin\Intel64;C:\WINDOWS\system32;C:\WINDOWS;C:\WINDOWS\System32\Wbem;C:\WINDOWS\System32\WindowsPowerShell\v1.0\;C:\WINDOWS\System32\OpenSSH\;C:\Program Files\Intel\WiFi\bin\;C:\Program Files\Common Files\Intel\WirelessCommon\;C:\Program Files\Git\cmd;C:\Users\Ian\AppData\Local\Microsoft\WindowsApps;;C:\Users\Ian\AppData\Local\Programs\Microsoft VS Code\bin
USERNAME=Ian
OS=Windows_NT
PROCESSOR_IDENTIFIER=Intel64 Family 6 Model 142 Stepping 10, GenuineIntel
TMP=C:\Users\Ian\AppData\Local\Temp
TEMP=C:\Users\Ian\AppData\Local\Temp


JNI global refs:
JNI global refs: 24, weak refs: 57

JNI global refs memory usage: 843, weak refs: 841


---------------  S Y S T E M  ---------------

OS:
 Windows 11 , 64 bit Build 22621 (10.0.22621.2506)
OS uptime: 0 days 3:03 hours

CPU: total 4 (initial active 4) (2 cores per cpu, 2 threads per core) family 6 model 142 stepping 10 microcode 0xe0, cx8, cmov, fxsr, ht, mmx, 3dnowpref, sse, sse2, sse3, ssse3, sse4.1, sse4.2, popcnt, lzcnt, tsc, tscinvbit, aes, erms, clmul, clflush, clflushopt

Memory: 4k page, system-wide physical 3952M (251M free)
TotalPageFile size 8048M (AvailPageFile size 182M)
current process WorkingSet (physical memory assigned to process): 316M, peak: 335M
current process commit charge ("private bytes"): 549M, peak: 783M

vm_info: OpenJDK 64-Bit Server VM (17.0.6+0-b2043.56-10027231) for windows-amd64 JRE (17.0.6+0-b2043.56-10027231), built on Apr 28 2023 00:43:19 by "androidbuild" with MS VC++ 16.10 / 16.11 (VS2019)

END.
