#
# There is insufficient memory for the Java Runtime Environment to continue.
# Native memory allocation (mmap) failed to map 3342336 bytes for G1 virtual space
# Possible reasons:
#   The system is out of physical RAM or swap space
#   The process is running with CompressedOops enabled, and the Java Heap may be blocking the growth of the native heap
# Possible solutions:
#   Reduce memory load on the system
#   Increase physical memory or swap space
#   Check if swap backing store is full
#   Decrease Java heap size (-Xmx/-Xms)
#   Decrease number of Java threads
#   Decrease Java thread stack sizes (-Xss)
#   Set larger code cache with -XX:ReservedCodeCacheSize=
#   JVM is running with Unscaled Compressed Oops mode in which the Java heap is
#     placed in the first 4GB address space. The Java Heap base address is the
#     maximum limit for the native heap growth. Please use -XX:HeapBaseMinAddress
#     to set the Java Heap base and to place the Java Heap above 4GB virtual address.
# This output file may be truncated or incomplete.
#
#  Out of Memory Error (os_windows.cpp:3769), pid=4984, tid=15952
#
# JRE version: OpenJDK Runtime Environment (17.0.6) (build 17.0.6+0-b2043.56-10027231)
# Java VM: OpenJDK 64-Bit Server VM (17.0.6+0-b2043.56-10027231, mixed mode, tiered, compressed oops, compressed class ptrs, g1 gc, windows-amd64)
# No core dump will be written. Minidumps are not enabled by default on client versions of Windows
#

---------------  S U M M A R Y ------------

Command Line: --add-opens=java.base/java.util=ALL-UNNAMED --add-opens=java.base/java.lang=ALL-UNNAMED --add-opens=java.base/java.lang.invoke=ALL-UNNAMED --add-opens=java.base/java.util=ALL-UNNAMED --add-opens=java.prefs/java.util.prefs=ALL-UNNAMED --add-opens=java.prefs/java.util.prefs=ALL-UNNAMED --add-opens=java.base/java.nio.charset=ALL-UNNAMED --add-opens=java.base/java.net=ALL-UNNAMED --add-opens=java.base/java.util.concurrent.atomic=ALL-UNNAMED -Xmx2048m -Dfile.encoding=UTF-8 -Duser.country=ID -Duser.language=id -Duser.variant org.gradle.launcher.daemon.bootstrap.GradleDaemon 7.2

Host: Intel(R) Pentium(R) CPU 4417U @ 2.30GHz, 4 cores, 3G,  Windows 11 , 64 bit Build 22621 (10.0.22621.2506)
Time: Wed Dec  6 20:46:30 2023 SE Asia Standard Time elapsed time: 33.227832 seconds (0d 0h 0m 33s)

---------------  T H R E A D  ---------------

Current thread (0x000002071dda6fd0):  VMThread "VM Thread" [stack: 0x000000e56ea00000,0x000000e56eb00000] [id=15952]

Stack: [0x000000e56ea00000,0x000000e56eb00000]
Native frames: (J=compiled Java code, j=interpreted, Vv=VM code, C=native code)
V  [jvm.dll+0x683c9a]
V  [jvm.dll+0x8427a4]
V  [jvm.dll+0x843f9e]
V  [jvm.dll+0x844603]
V  [jvm.dll+0x249b75]
V  [jvm.dll+0x680b69]
V  [jvm.dll+0x67505a]
V  [jvm.dll+0x309acb]
V  [jvm.dll+0x310f86]
V  [jvm.dll+0x360903]
V  [jvm.dll+0x360b1f]
V  [jvm.dll+0x2dfbf8]
V  [jvm.dll+0x2ddec4]
V  [jvm.dll+0x2dd4cc]
V  [jvm.dll+0x321f3b]
V  [jvm.dll+0x848ccb]
V  [jvm.dll+0x849a04]
V  [jvm.dll+0x849f1d]
V  [jvm.dll+0x84a2f4]
V  [jvm.dll+0x84a3c0]
V  [jvm.dll+0x7f274a]
V  [jvm.dll+0x682ad5]
C  [ucrtbase.dll+0x29363]
C  [KERNEL32.DLL+0x1257d]
C  [ntdll.dll+0x5aa58]

VM_Operation (0x000000e571ef9110): G1CollectForAllocation, mode: safepoint, requested by thread 0x00000207203523e0


---------------  P R O C E S S  ---------------

Threads class SMR info:
_java_thread_list=0x0000020727f97b50, length=89, elements={
0x00000207048692f0, 0x000002071de02cc0, 0x000002071dde5650, 0x000002071de43010,
0x000002071de438d0, 0x000002071de46390, 0x000002071de46d40, 0x000002071de489f0,
0x000002071e804480, 0x000002071e84e4d0, 0x000002071e977490, 0x000002071e977d60,
0x000002071edaae50, 0x000002072174f500, 0x0000020720d34a00, 0x000002071fb489b0,
0x0000020721038be0, 0x0000020720f80f10, 0x0000020720f83a60, 0x0000020720f80570,
0x0000020720f813e0, 0x0000020720f818b0, 0x0000020720f800a0, 0x0000020720f83590,
0x0000020720f82bf0, 0x0000020720f80a40, 0x0000020720f830c0, 0x0000020720f82250,
0x0000020720f81d80, 0x0000020720f82720, 0x000002072034eef0, 0x000002072034f3c0,
0x00000207203510a0, 0x000002072034f890, 0x000002072034ba00, 0x000002072034c870,
0x000002072034c3a0, 0x000002072034b060, 0x0000020720351f10, 0x000002072034fd60,
0x000002072034d210, 0x000002072034d6e0, 0x000002072034bed0, 0x000002072034dbb0,
0x0000020720350230, 0x0000020720350bd0, 0x00000207203523e0, 0x000002072034e550,
0x000002072034ea20, 0x0000020720350700, 0x00000207203528b0, 0x000002072034b530,
0x0000020723436e40, 0x0000020723438180, 0x0000020723432ae0, 0x0000020723433e20,
0x0000020723437310, 0x0000020723435160, 0x0000020723435fd0, 0x0000020723432fb0,
0x00000207234312d0, 0x0000020723431c70, 0x00000207234317a0, 0x0000020723433480,
0x0000020723437cb0, 0x00000207234377e0, 0x0000020723434c90, 0x0000020723432140,
0x0000020723432610, 0x00000207234347c0, 0x0000020723433950, 0x0000020723438650,
0x00000207234342f0, 0x0000020723435630, 0x0000020723435b00, 0x00000207234364a0,
0x0000020723436970, 0x0000020723430e00, 0x0000020722d6a830, 0x0000020722d6e6c0,
0x0000020722d6fa00, 0x0000020722d6c040, 0x0000020722d6c9e0, 0x0000020722d69e90,
0x0000020722d703a0, 0x0000020724573a10, 0x0000020722d69020, 0x0000020724573070,
0x0000020724573ee0
}

Java Threads: ( => current thread )
  0x00000207048692f0 JavaThread "main" [_thread_blocked, id=5908, stack(0x000000e56e400000,0x000000e56e500000)]
  0x000002071de02cc0 JavaThread "Reference Handler" daemon [_thread_blocked, id=1948, stack(0x000000e56eb00000,0x000000e56ec00000)]
  0x000002071dde5650 JavaThread "Finalizer" daemon [_thread_blocked, id=12676, stack(0x000000e56ec00000,0x000000e56ed00000)]
  0x000002071de43010 JavaThread "Signal Dispatcher" daemon [_thread_blocked, id=5316, stack(0x000000e56ed00000,0x000000e56ee00000)]
  0x000002071de438d0 JavaThread "Attach Listener" daemon [_thread_blocked, id=13908, stack(0x000000e56ee00000,0x000000e56ef00000)]
  0x000002071de46390 JavaThread "Service Thread" daemon [_thread_blocked, id=11848, stack(0x000000e56ef00000,0x000000e56f000000)]
  0x000002071de46d40 JavaThread "Monitor Deflation Thread" daemon [_thread_blocked, id=14088, stack(0x000000e56f000000,0x000000e56f100000)]
  0x000002071de489f0 JavaThread "C2 CompilerThread0" daemon [_thread_blocked, id=8296, stack(0x000000e56f100000,0x000000e56f200000)]
  0x000002071e804480 JavaThread "C1 CompilerThread0" daemon [_thread_blocked, id=16208, stack(0x000000e56f200000,0x000000e56f300000)]
  0x000002071e84e4d0 JavaThread "Sweeper thread" daemon [_thread_blocked, id=4568, stack(0x000000e56f300000,0x000000e56f400000)]
  0x000002071e977490 JavaThread "Common-Cleaner" daemon [_thread_blocked, id=12768, stack(0x000000e56f400000,0x000000e56f500000)]
  0x000002071e977d60 JavaThread "Notification Thread" daemon [_thread_blocked, id=4292, stack(0x000000e56f500000,0x000000e56f600000)]
  0x000002071edaae50 JavaThread "Daemon health stats" [_thread_blocked, id=1216, stack(0x000000e56fb00000,0x000000e56fc00000)]
  0x000002072174f500 JavaThread "Incoming local TCP Connector on port 52812" [_thread_in_native, id=14744, stack(0x000000e56fa00000,0x000000e56fb00000)]
  0x0000020720d34a00 JavaThread "Daemon periodic checks" [_thread_blocked, id=5088, stack(0x000000e56fc00000,0x000000e56fd00000)]
  0x000002071fb489b0 JavaThread "Daemon" [_thread_blocked, id=13944, stack(0x000000e56fe00000,0x000000e56ff00000)]
  0x0000020721038be0 JavaThread "Handler for socket connection from /127.0.0.1:52812 to /127.0.0.1:52813" [_thread_in_native, id=10276, stack(0x000000e56ff00000,0x000000e570000000)]
  0x0000020720f80f10 JavaThread "Cancel handler" [_thread_blocked, id=15636, stack(0x000000e56fd00000,0x000000e56fe00000)]
  0x0000020720f83a60 JavaThread "Daemon worker" [_thread_blocked, id=12620, stack(0x000000e570000000,0x000000e570100000)]
  0x0000020720f80570 JavaThread "Asynchronous log dispatcher for DefaultDaemonConnection: socket connection from /127.0.0.1:52812 to /127.0.0.1:52813" [_thread_blocked, id=9024, stack(0x000000e570100000,0x000000e570200000)]
  0x0000020720f813e0 JavaThread "Stdin handler" [_thread_blocked, id=14988, stack(0x000000e570200000,0x000000e570300000)]
  0x0000020720f818b0 JavaThread "Daemon client event forwarder" [_thread_blocked, id=3008, stack(0x000000e570300000,0x000000e570400000)]
  0x0000020720f800a0 JavaThread "Cache worker for journal cache (C:\Users\Ian\.gradle\caches\journal-1)" [_thread_blocked, id=8352, stack(0x000000e570400000,0x000000e570500000)]
  0x0000020720f83590 JavaThread "File lock request listener" [_thread_in_native, id=2292, stack(0x000000e570500000,0x000000e570600000)]
  0x0000020720f82bf0 JavaThread "Cache worker for file hash cache (C:\Users\Ian\.gradle\caches\7.2\fileHashes)" [_thread_blocked, id=16348, stack(0x000000e570600000,0x000000e570700000)]
  0x0000020720f80a40 JavaThread "Cache worker for file hash cache (C:\Users\Ian\AndroidStudioProjects\ujianandroid_\.gradle\7.2\fileHashes)" [_thread_blocked, id=14172, stack(0x000000e570800000,0x000000e570900000)]
  0x0000020720f830c0 JavaThread "File watcher server" daemon [_thread_blocked, id=13588, stack(0x000000e570900000,0x000000e570a00000)]
  0x0000020720f82250 JavaThread "File watcher consumer" daemon [_thread_blocked, id=9740, stack(0x000000e570a00000,0x000000e570b00000)]
  0x0000020720f81d80 JavaThread "Cache worker for checksums cache (C:\Users\Ian\AndroidStudioProjects\ujianandroid_\.gradle\checksums)" [_thread_blocked, id=8480, stack(0x000000e570b00000,0x000000e570c00000)]
  0x0000020720f82720 JavaThread "Cache worker for cache directory md-supplier (C:\Users\Ian\.gradle\caches\7.2\md-supplier)" [_thread_blocked, id=10252, stack(0x000000e570c00000,0x000000e570d00000)]
  0x000002072034eef0 JavaThread "Cache worker for cache directory md-rule (C:\Users\Ian\.gradle\caches\7.2\md-rule)" [_thread_blocked, id=8816, stack(0x000000e570d00000,0x000000e570e00000)]
  0x000002072034f3c0 JavaThread "Cache worker for execution history cache (C:\Users\Ian\.gradle\caches\7.2\executionHistory)" [_thread_blocked, id=6052, stack(0x000000e570e00000,0x000000e570f00000)]
  0x00000207203510a0 JavaThread "jar transforms" [_thread_blocked, id=14776, stack(0x000000e570f00000,0x000000e571000000)]
  0x000002072034f890 JavaThread "jar transforms Thread 2" [_thread_blocked, id=13992, stack(0x000000e571000000,0x000000e571100000)]
  0x000002072034ba00 JavaThread "Cache worker for file content cache (C:\Users\Ian\.gradle\caches\7.2\fileContent)" [_thread_blocked, id=14084, stack(0x000000e571200000,0x000000e571300000)]
  0x000002072034c870 JavaThread "jar transforms Thread 3" [_thread_blocked, id=4672, stack(0x000000e571300000,0x000000e571400000)]
  0x000002072034c3a0 JavaThread "jar transforms Thread 4" [_thread_blocked, id=12052, stack(0x000000e571400000,0x000000e571500000)]
  0x000002072034b060 JavaThread "Cache worker for dependencies-accessors (C:\Users\Ian\AndroidStudioProjects\ujianandroid_\.gradle\7.2\dependencies-accessors)" [_thread_blocked, id=13900, stack(0x000000e571500000,0x000000e571600000)]
  0x0000020720351f10 JavaThread "Cache worker for Build Output Cleanup Cache (C:\Users\Ian\AndroidStudioProjects\ujianandroid_\.gradle\buildOutputCleanup)" [_thread_blocked, id=1988, stack(0x000000e571600000,0x000000e571700000)]
  0x000002072034fd60 JavaThread "Unconstrained build operations" [_thread_blocked, id=3392, stack(0x000000e571700000,0x000000e571800000)]
  0x000002072034d210 JavaThread "Unconstrained build operations Thread 2" [_thread_blocked, id=3336, stack(0x000000e571800000,0x000000e571900000)]
  0x000002072034d6e0 JavaThread "Unconstrained build operations Thread 3" [_thread_blocked, id=1848, stack(0x000000e571900000,0x000000e571a00000)]
  0x000002072034bed0 JavaThread "Unconstrained build operations Thread 4" [_thread_blocked, id=1560, stack(0x000000e571a00000,0x000000e571b00000)]
  0x000002072034dbb0 JavaThread "Unconstrained build operations Thread 5" [_thread_blocked, id=5672, stack(0x000000e571b00000,0x000000e571c00000)]
  0x0000020720350230 JavaThread "Unconstrained build operations Thread 6" [_thread_blocked, id=12668, stack(0x000000e571c00000,0x000000e571d00000)]
  0x0000020720350bd0 JavaThread "Unconstrained build operations Thread 7" [_thread_blocked, id=4632, stack(0x000000e571d00000,0x000000e571e00000)]
  0x00000207203523e0 JavaThread "Unconstrained build operations Thread 8" [_thread_blocked, id=12184, stack(0x000000e571e00000,0x000000e571f00000)]
  0x000002072034e550 JavaThread "Unconstrained build operations Thread 9" [_thread_blocked, id=2952, stack(0x000000e571f00000,0x000000e572000000)]
  0x000002072034ea20 JavaThread "Unconstrained build operations Thread 10" [_thread_blocked, id=14768, stack(0x000000e572000000,0x000000e572100000)]
  0x0000020720350700 JavaThread "Unconstrained build operations Thread 11" [_thread_blocked, id=16172, stack(0x000000e572100000,0x000000e572200000)]
  0x00000207203528b0 JavaThread "Unconstrained build operations Thread 12" [_thread_blocked, id=7264, stack(0x000000e572200000,0x000000e572300000)]
  0x000002072034b530 JavaThread "Unconstrained build operations Thread 13" [_thread_blocked, id=2308, stack(0x000000e572300000,0x000000e572400000)]
  0x0000020723436e40 JavaThread "Unconstrained build operations Thread 14" [_thread_blocked, id=4400, stack(0x000000e572400000,0x000000e572500000)]
  0x0000020723438180 JavaThread "Unconstrained build operations Thread 15" [_thread_blocked, id=14328, stack(0x000000e572500000,0x000000e572600000)]
  0x0000020723432ae0 JavaThread "Unconstrained build operations Thread 16" [_thread_blocked, id=13508, stack(0x000000e572600000,0x000000e572700000)]
  0x0000020723433e20 JavaThread "Unconstrained build operations Thread 17" [_thread_blocked, id=12164, stack(0x000000e572700000,0x000000e572800000)]
  0x0000020723437310 JavaThread "Unconstrained build operations Thread 18" [_thread_blocked, id=8120, stack(0x000000e572800000,0x000000e572900000)]
  0x0000020723435160 JavaThread "Unconstrained build operations Thread 19" [_thread_blocked, id=8400, stack(0x000000e572900000,0x000000e572a00000)]
  0x0000020723435fd0 JavaThread "Unconstrained build operations Thread 20" [_thread_blocked, id=5352, stack(0x000000e572a00000,0x000000e572b00000)]
  0x0000020723432fb0 JavaThread "Unconstrained build operations Thread 21" [_thread_blocked, id=7672, stack(0x000000e572b00000,0x000000e572c00000)]
  0x00000207234312d0 JavaThread "Unconstrained build operations Thread 22" [_thread_blocked, id=11844, stack(0x000000e572c00000,0x000000e572d00000)]
  0x0000020723431c70 JavaThread "Unconstrained build operations Thread 23" [_thread_blocked, id=11728, stack(0x000000e572d00000,0x000000e572e00000)]
  0x00000207234317a0 JavaThread "Unconstrained build operations Thread 24" [_thread_blocked, id=14636, stack(0x000000e572e00000,0x000000e572f00000)]
  0x0000020723433480 JavaThread "Unconstrained build operations Thread 25" [_thread_blocked, id=14140, stack(0x000000e572f00000,0x000000e573000000)]
  0x0000020723437cb0 JavaThread "Unconstrained build operations Thread 26" [_thread_blocked, id=11568, stack(0x000000e573000000,0x000000e573100000)]
  0x00000207234377e0 JavaThread "Unconstrained build operations Thread 27" [_thread_blocked, id=11980, stack(0x000000e573100000,0x000000e573200000)]
  0x0000020723434c90 JavaThread "Unconstrained build operations Thread 28" [_thread_blocked, id=2040, stack(0x000000e573200000,0x000000e573300000)]
  0x0000020723432140 JavaThread "Unconstrained build operations Thread 29" [_thread_blocked, id=14936, stack(0x000000e573300000,0x000000e573400000)]
  0x0000020723432610 JavaThread "Unconstrained build operations Thread 30" [_thread_blocked, id=6576, stack(0x000000e573400000,0x000000e573500000)]
  0x00000207234347c0 JavaThread "Unconstrained build operations Thread 31" [_thread_blocked, id=828, stack(0x000000e573500000,0x000000e573600000)]
  0x0000020723433950 JavaThread "Unconstrained build operations Thread 32" [_thread_blocked, id=4280, stack(0x000000e573600000,0x000000e573700000)]
  0x0000020723438650 JavaThread "Unconstrained build operations Thread 33" [_thread_blocked, id=13888, stack(0x000000e573700000,0x000000e573800000)]
  0x00000207234342f0 JavaThread "Unconstrained build operations Thread 34" [_thread_blocked, id=13336, stack(0x000000e573800000,0x000000e573900000)]
  0x0000020723435630 JavaThread "Unconstrained build operations Thread 35" [_thread_blocked, id=1348, stack(0x000000e573900000,0x000000e573a00000)]
  0x0000020723435b00 JavaThread "Unconstrained build operations Thread 36" [_thread_blocked, id=12448, stack(0x000000e573a00000,0x000000e573b00000)]
  0x00000207234364a0 JavaThread "Unconstrained build operations Thread 37" [_thread_blocked, id=16168, stack(0x000000e573b00000,0x000000e573c00000)]
  0x0000020723436970 JavaThread "Unconstrained build operations Thread 38" [_thread_blocked, id=13608, stack(0x000000e573c00000,0x000000e573d00000)]
  0x0000020723430e00 JavaThread "Unconstrained build operations Thread 39" [_thread_blocked, id=5932, stack(0x000000e573d00000,0x000000e573e00000)]
  0x0000020722d6a830 JavaThread "Unconstrained build operations Thread 40" [_thread_blocked, id=5916, stack(0x000000e573e00000,0x000000e573f00000)]
  0x0000020722d6e6c0 JavaThread "Memory manager" [_thread_blocked, id=8064, stack(0x000000e570700000,0x000000e570800000)]
  0x0000020722d6fa00 JavaThread "build event listener" [_thread_blocked, id=15348, stack(0x000000e573f00000,0x000000e574000000)]
  0x0000020722d6c040 JavaThread "Execution worker for ':'" [_thread_blocked, id=2836, stack(0x000000e574000000,0x000000e574100000)]
  0x0000020722d6c9e0 JavaThread "Execution worker for ':' Thread 2" [_thread_blocked, id=16304, stack(0x000000e574100000,0x000000e574200000)]
  0x0000020722d69e90 JavaThread "Execution worker for ':' Thread 3" [_thread_blocked, id=2448, stack(0x000000e574200000,0x000000e574300000)]
  0x0000020722d703a0 JavaThread "Cache worker for execution history cache (C:\Users\Ian\AndroidStudioProjects\ujianandroid_\.gradle\7.2\executionHistory)" [_thread_blocked, id=15880, stack(0x000000e574300000,0x000000e574400000)]
  0x0000020724573a10 JavaThread "WorkerExecutor Queue" [_thread_blocked, id=2640, stack(0x000000e574400000,0x000000e574500000)]
  0x0000020722d69020 JavaThread "pool-3-thread-1" [_thread_blocked, id=7748, stack(0x000000e574500000,0x000000e574600000)]
  0x0000020724573070 JavaThread "stderr" [_thread_in_native, id=2076, stack(0x000000e574600000,0x000000e574700000)]
  0x0000020724573ee0 JavaThread "stdout" [_thread_in_native, id=2480, stack(0x000000e574700000,0x000000e574800000)]

Other Threads:
=>0x000002071dda6fd0 VMThread "VM Thread" [stack: 0x000000e56ea00000,0x000000e56eb00000] [id=15952]
  0x000002071e97a240 WatcherThread [stack: 0x000000e56f600000,0x000000e56f700000] [id=9040]
  0x00000207048c4fa0 GCTaskThread "GC Thread#0" [stack: 0x000000e56e500000,0x000000e56e600000] [id=14148]
  0x000002071ecca000 GCTaskThread "GC Thread#1" [stack: 0x000000e56f700000,0x000000e56f800000] [id=2732]
  0x000002071f058d20 GCTaskThread "GC Thread#2" [stack: 0x000000e56f800000,0x000000e56f900000] [id=6528]
  0x000002071ee2b730 GCTaskThread "GC Thread#3" [stack: 0x000000e56f900000,0x000000e56fa00000] [id=10664]
  0x00000207048d5d80 ConcurrentGCThread "G1 Main Marker" [stack: 0x000000e56e600000,0x000000e56e700000] [id=14300]
  0x00000207048d6630 ConcurrentGCThread "G1 Conc#0" [stack: 0x000000e56e700000,0x000000e56e800000] [id=2348]
  0x00000207049210d0 ConcurrentGCThread "G1 Refine#0" [stack: 0x000000e56e800000,0x000000e56e900000] [id=4240]
  0x0000020721ad6d50 ConcurrentGCThread "G1 Refine#1" [stack: 0x000000e571100000,0x000000e571200000] [id=15016]
  0x0000020704921990 ConcurrentGCThread "G1 Service" [stack: 0x000000e56e900000,0x000000e56ea00000] [id=8472]

Threads with active compile tasks:
C2 CompilerThread0    33302 10861       4       com.android.tools.r8.graph.c0::a (89 bytes)

VM state: at safepoint (normal execution)

VM Mutex/Monitor currently owned by a thread:  ([mutex/lock_event])
[0x0000020704863870] Threads_lock - owner thread: 0x000002071dda6fd0
[0x0000020704864440] Heap_lock - owner thread: 0x00000207203523e0

Heap address: 0x0000000080000000, size: 2048 MB, Compressed Oops mode: 32-bit

CDS archive(s) not mapped
Compressed class space mapped at: 0x0000000100000000-0x0000000140000000, reserved size: 1073741824
Narrow klass base: 0x0000000000000000, Narrow klass shift: 3, Narrow klass range: 0x140000000

GC Precious Log:
 CPUs: 4 total, 4 available
 Memory: 3952M
 Large Page Support: Disabled
 NUMA Support: Disabled
 Compressed Oops: Enabled (32-bit)
 Heap Region Size: 1M
 Heap Min Capacity: 8M
 Heap Initial Capacity: 62M
 Heap Max Capacity: 2G
 Pre-touch: Disabled
 Parallel Workers: 4
 Concurrent Workers: 1
 Concurrent Refinement Workers: 4
 Periodic GC: Disabled

Heap:
 garbage-first heap   total 163840K, used 94208K [0x0000000080000000, 0x0000000100000000)
  region size 1024K, 1 young (1024K), 1 survivors (1024K)
 Metaspace       used 91281K, committed 91840K, reserved 1130496K
  class space    used 12363K, committed 12608K, reserved 1048576K

Heap Regions: E=young(eden), S=young(survivor), O=old, HS=humongous(starts), HC=humongous(continues), CS=collection set, F=free, OA=open archive, CA=closed archive, TAMS=top-at-mark-start (previous, next)
|   0|0x0000000080000000, 0x0000000080100000, 0x0000000080100000|100%|HS|  |TAMS 0x0000000080100000, 0x0000000080000000| Complete 
|   1|0x0000000080100000, 0x0000000080200000, 0x0000000080200000|100%|HC|  |TAMS 0x0000000080200000, 0x0000000080100000| Complete 
|   2|0x0000000080200000, 0x0000000080300000, 0x0000000080300000|100%|HC|  |TAMS 0x0000000080300000, 0x0000000080200000| Complete 
|   3|0x0000000080300000, 0x0000000080400000, 0x0000000080400000|100%| O|  |TAMS 0x0000000080400000, 0x0000000080300000| Untracked 
|   4|0x0000000080400000, 0x0000000080500000, 0x0000000080500000|100%| O|  |TAMS 0x0000000080500000, 0x0000000080400000| Untracked 
|   5|0x0000000080500000, 0x0000000080600000, 0x0000000080600000|100%| O|  |TAMS 0x0000000080600000, 0x0000000080500000| Untracked 
|   6|0x0000000080600000, 0x0000000080700000, 0x0000000080700000|100%| O|  |TAMS 0x0000000080700000, 0x0000000080600000| Untracked 
|   7|0x0000000080700000, 0x0000000080800000, 0x0000000080800000|100%| O|  |TAMS 0x0000000080800000, 0x0000000080700000| Untracked 
|   8|0x0000000080800000, 0x0000000080900000, 0x0000000080900000|100%| O|  |TAMS 0x0000000080900000, 0x0000000080800000| Untracked 
|   9|0x0000000080900000, 0x0000000080a00000, 0x0000000080a00000|100%| O|  |TAMS 0x0000000080a00000, 0x0000000080900000| Untracked 
|  10|0x0000000080a00000, 0x0000000080b00000, 0x0000000080b00000|100%| O|  |TAMS 0x0000000080b00000, 0x0000000080a00000| Untracked 
|  11|0x0000000080b00000, 0x0000000080c00000, 0x0000000080c00000|100%| O|  |TAMS 0x0000000080c00000, 0x0000000080b00000| Untracked 
|  12|0x0000000080c00000, 0x0000000080d00000, 0x0000000080d00000|100%| O|  |TAMS 0x0000000080d00000, 0x0000000080c00000| Untracked 
|  13|0x0000000080d00000, 0x0000000080e00000, 0x0000000080e00000|100%| O|  |TAMS 0x0000000080e00000, 0x0000000080d00000| Untracked 
|  14|0x0000000080e00000, 0x0000000080f00000, 0x0000000080f00000|100%| O|  |TAMS 0x0000000080f00000, 0x0000000080e00000| Untracked 
|  15|0x0000000080f00000, 0x0000000081000000, 0x0000000081000000|100%| O|  |TAMS 0x0000000081000000, 0x0000000080f00000| Untracked 
|  16|0x0000000081000000, 0x0000000081100000, 0x0000000081100000|100%| O|  |TAMS 0x0000000081100000, 0x0000000081000000| Untracked 
|  17|0x0000000081100000, 0x0000000081200000, 0x0000000081200000|100%| O|  |TAMS 0x0000000081200000, 0x0000000081100000| Untracked 
|  18|0x0000000081200000, 0x0000000081300000, 0x0000000081300000|100%| O|  |TAMS 0x0000000081300000, 0x0000000081200000| Untracked 
|  19|0x0000000081300000, 0x0000000081400000, 0x0000000081400000|100%| O|  |TAMS 0x0000000081400000, 0x0000000081300000| Untracked 
|  20|0x0000000081400000, 0x0000000081500000, 0x0000000081500000|100%| O|  |TAMS 0x0000000081500000, 0x0000000081400000| Untracked 
|  21|0x0000000081500000, 0x0000000081600000, 0x0000000081600000|100%| O|  |TAMS 0x0000000081600000, 0x0000000081500000| Untracked 
|  22|0x0000000081600000, 0x0000000081700000, 0x0000000081700000|100%| O|  |TAMS 0x0000000081700000, 0x0000000081600000| Untracked 
|  23|0x0000000081700000, 0x0000000081800000, 0x0000000081800000|100%| O|  |TAMS 0x0000000081800000, 0x0000000081700000| Untracked 
|  24|0x0000000081800000, 0x0000000081900000, 0x0000000081900000|100%| O|  |TAMS 0x0000000081900000, 0x0000000081800000| Untracked 
|  25|0x0000000081900000, 0x0000000081a00000, 0x0000000081a00000|100%| O|  |TAMS 0x0000000081a00000, 0x0000000081900000| Untracked 
|  26|0x0000000081a00000, 0x0000000081b00000, 0x0000000081b00000|100%| O|  |TAMS 0x0000000081b00000, 0x0000000081a00000| Untracked 
|  27|0x0000000081b00000, 0x0000000081c00000, 0x0000000081c00000|100%| O|  |TAMS 0x0000000081c00000, 0x0000000081b00000| Untracked 
|  28|0x0000000081c00000, 0x0000000081d00000, 0x0000000081d00000|100%|HS|  |TAMS 0x0000000081d00000, 0x0000000081c00000| Complete 
|  29|0x0000000081d00000, 0x0000000081e00000, 0x0000000081e00000|100%|HS|  |TAMS 0x0000000081e00000, 0x0000000081d00000| Complete 
|  30|0x0000000081e00000, 0x0000000081f00000, 0x0000000081f00000|100%| O|  |TAMS 0x0000000081f00000, 0x0000000081e00000| Untracked 
|  31|0x0000000081f00000, 0x0000000082000000, 0x0000000082000000|100%| O|  |TAMS 0x0000000082000000, 0x0000000081f00000| Untracked 
|  32|0x0000000082000000, 0x0000000082100000, 0x0000000082100000|100%|HS|  |TAMS 0x0000000082100000, 0x0000000082000000| Complete 
|  33|0x0000000082100000, 0x0000000082200000, 0x0000000082200000|100%|HC|  |TAMS 0x0000000082200000, 0x0000000082100000| Complete 
|  34|0x0000000082200000, 0x0000000082300000, 0x0000000082300000|100%| O|  |TAMS 0x0000000082300000, 0x0000000082200000| Untracked 
|  35|0x0000000082300000, 0x0000000082400000, 0x0000000082400000|100%| O|  |TAMS 0x0000000082400000, 0x0000000082300000| Untracked 
|  36|0x0000000082400000, 0x0000000082500000, 0x0000000082500000|100%| O|  |TAMS 0x0000000082500000, 0x0000000082400000| Untracked 
|  37|0x0000000082500000, 0x0000000082600000, 0x0000000082600000|100%| O|  |TAMS 0x0000000082600000, 0x0000000082500000| Untracked 
|  38|0x0000000082600000, 0x0000000082700000, 0x0000000082700000|100%| O|  |TAMS 0x0000000082700000, 0x0000000082600000| Untracked 
|  39|0x0000000082700000, 0x0000000082800000, 0x0000000082800000|100%| O|  |TAMS 0x0000000082800000, 0x0000000082700000| Untracked 
|  40|0x0000000082800000, 0x0000000082900000, 0x0000000082900000|100%| O|  |TAMS 0x0000000082900000, 0x0000000082800000| Untracked 
|  41|0x0000000082900000, 0x0000000082a00000, 0x0000000082a00000|100%| O|  |TAMS 0x0000000082a00000, 0x0000000082900000| Untracked 
|  42|0x0000000082a00000, 0x0000000082b00000, 0x0000000082b00000|100%| O|  |TAMS 0x0000000082b00000, 0x0000000082a00000| Untracked 
|  43|0x0000000082b00000, 0x0000000082c00000, 0x0000000082c00000|100%| O|  |TAMS 0x0000000082c00000, 0x0000000082b00000| Untracked 
|  44|0x0000000082c00000, 0x0000000082d00000, 0x0000000082d00000|100%| O|  |TAMS 0x0000000082d00000, 0x0000000082c00000| Untracked 
|  45|0x0000000082d00000, 0x0000000082e00000, 0x0000000082e00000|100%| O|  |TAMS 0x0000000082e00000, 0x0000000082d00000| Untracked 
|  46|0x0000000082e00000, 0x0000000082f00000, 0x0000000082f00000|100%| O|  |TAMS 0x0000000082f00000, 0x0000000082e00000| Untracked 
|  47|0x0000000082f00000, 0x0000000083000000, 0x0000000083000000|100%| O|  |TAMS 0x0000000083000000, 0x0000000082f00000| Untracked 
|  48|0x0000000083000000, 0x0000000083100000, 0x0000000083100000|100%| O|  |TAMS 0x0000000083100000, 0x0000000083000000| Untracked 
|  49|0x0000000083100000, 0x0000000083200000, 0x0000000083200000|100%| O|  |TAMS 0x0000000083200000, 0x0000000083100000| Untracked 
|  50|0x0000000083200000, 0x0000000083300000, 0x0000000083300000|100%| O|  |TAMS 0x0000000083300000, 0x0000000083200000| Untracked 
|  51|0x0000000083300000, 0x0000000083400000, 0x0000000083400000|100%| O|  |TAMS 0x0000000083400000, 0x0000000083300000| Untracked 
|  52|0x0000000083400000, 0x0000000083500000, 0x0000000083500000|100%| O|  |TAMS 0x0000000083500000, 0x0000000083400000| Untracked 
|  53|0x0000000083500000, 0x0000000083600000, 0x0000000083600000|100%| O|  |TAMS 0x0000000083600000, 0x0000000083500000| Untracked 
|  54|0x0000000083600000, 0x0000000083700000, 0x0000000083700000|100%| O|  |TAMS 0x0000000083700000, 0x0000000083600000| Untracked 
|  55|0x0000000083700000, 0x0000000083800000, 0x0000000083800000|100%| O|  |TAMS 0x0000000083800000, 0x0000000083700000| Untracked 
|  56|0x0000000083800000, 0x0000000083900000, 0x0000000083900000|100%| O|  |TAMS 0x0000000083900000, 0x0000000083800000| Untracked 
|  57|0x0000000083900000, 0x0000000083a00000, 0x0000000083a00000|100%| O|  |TAMS 0x0000000083a00000, 0x0000000083900000| Untracked 
|  58|0x0000000083a00000, 0x0000000083b00000, 0x0000000083b00000|100%| O|  |TAMS 0x0000000083b00000, 0x0000000083a00000| Untracked 
|  59|0x0000000083b00000, 0x0000000083c00000, 0x0000000083c00000|100%| O|  |TAMS 0x0000000083c00000, 0x0000000083b00000| Untracked 
|  60|0x0000000083c00000, 0x0000000083d00000, 0x0000000083d00000|100%| O|  |TAMS 0x0000000083d00000, 0x0000000083c00000| Untracked 
|  61|0x0000000083d00000, 0x0000000083e00000, 0x0000000083e00000|100%| O|  |TAMS 0x0000000083e00000, 0x0000000083d00000| Untracked 
|  62|0x0000000083e00000, 0x0000000083f00000, 0x0000000083f00000|100%| O|  |TAMS 0x0000000083f00000, 0x0000000083e00000| Untracked 
|  63|0x0000000083f00000, 0x0000000084000000, 0x0000000084000000|100%| O|  |TAMS 0x0000000084000000, 0x0000000083f00000| Untracked 
|  64|0x0000000084000000, 0x0000000084100000, 0x0000000084100000|100%| O|  |TAMS 0x0000000084100000, 0x0000000084000000| Untracked 
|  65|0x0000000084100000, 0x0000000084200000, 0x0000000084200000|100%| O|  |TAMS 0x0000000084200000, 0x0000000084100000| Untracked 
|  66|0x0000000084200000, 0x0000000084300000, 0x0000000084300000|100%| O|  |TAMS 0x0000000084300000, 0x0000000084200000| Untracked 
|  67|0x0000000084300000, 0x0000000084400000, 0x0000000084400000|100%| O|  |TAMS 0x0000000084300000, 0x0000000084300000| Untracked 
|  68|0x0000000084400000, 0x0000000084500000, 0x0000000084500000|100%| O|  |TAMS 0x0000000084500000, 0x0000000084400000| Untracked 
|  69|0x0000000084500000, 0x0000000084600000, 0x0000000084600000|100%| O|  |TAMS 0x0000000084600000, 0x0000000084500000| Untracked 
|  70|0x0000000084600000, 0x0000000084700000, 0x0000000084700000|100%| O|  |TAMS 0x0000000084700000, 0x0000000084600000| Untracked 
|  71|0x0000000084700000, 0x0000000084800000, 0x0000000084800000|100%| O|  |TAMS 0x0000000084800000, 0x0000000084700000| Untracked 
|  72|0x0000000084800000, 0x0000000084900000, 0x0000000084900000|100%| O|  |TAMS 0x0000000084900000, 0x0000000084800000| Untracked 
|  73|0x0000000084900000, 0x0000000084a00000, 0x0000000084a00000|100%| O|  |TAMS 0x0000000084a00000, 0x0000000084900000| Untracked 
|  74|0x0000000084a00000, 0x0000000084b00000, 0x0000000084b00000|100%| O|  |TAMS 0x0000000084b00000, 0x0000000084a00000| Untracked 
|  75|0x0000000084b00000, 0x0000000084c00000, 0x0000000084c00000|100%| O|  |TAMS 0x0000000084c00000, 0x0000000084b00000| Untracked 
|  76|0x0000000084c00000, 0x0000000084d00000, 0x0000000084d00000|100%| O|  |TAMS 0x0000000084d00000, 0x0000000084c00000| Untracked 
|  77|0x0000000084d00000, 0x0000000084e00000, 0x0000000084e00000|100%| O|  |TAMS 0x0000000084e00000, 0x0000000084d00000| Untracked 
|  78|0x0000000084e00000, 0x0000000084f00000, 0x0000000084f00000|100%| O|  |TAMS 0x0000000084f00000, 0x0000000084e00000| Untracked 
|  79|0x0000000084f00000, 0x0000000084f00000, 0x0000000085000000|  0%| F|  |TAMS 0x0000000084f00000, 0x0000000084f00000| Untracked 
|  80|0x0000000085000000, 0x0000000085100000, 0x0000000085100000|100%| O|  |TAMS 0x0000000085000000, 0x0000000085000000| Untracked 
|  81|0x0000000085100000, 0x0000000085200000, 0x0000000085200000|100%| O|  |TAMS 0x0000000085100000, 0x0000000085100000| Untracked 
|  82|0x0000000085200000, 0x0000000085300000, 0x0000000085300000|100%| O|  |TAMS 0x0000000085200000, 0x0000000085200000| Untracked 
|  83|0x0000000085300000, 0x0000000085400000, 0x0000000085400000|100%| O|  |TAMS 0x0000000085300000, 0x0000000085300000| Untracked 
|  84|0x0000000085400000, 0x0000000085500000, 0x0000000085500000|100%| O|  |TAMS 0x0000000085400000, 0x0000000085400000| Untracked 
|  85|0x0000000085500000, 0x0000000085600000, 0x0000000085600000|100%| O|  |TAMS 0x0000000085500000, 0x0000000085500000| Untracked 
|  86|0x0000000085600000, 0x0000000085700000, 0x0000000085700000|100%| O|  |TAMS 0x0000000085600000, 0x0000000085600000| Untracked 
|  87|0x0000000085700000, 0x0000000085800000, 0x0000000085800000|100%| O|  |TAMS 0x0000000085700000, 0x0000000085700000| Untracked 
|  88|0x0000000085800000, 0x0000000085900000, 0x0000000085900000|100%| O|  |TAMS 0x0000000085800000, 0x0000000085800000| Untracked 
|  89|0x0000000085900000, 0x0000000085a00000, 0x0000000085a00000|100%| O|  |TAMS 0x0000000085900000, 0x0000000085900000| Untracked 
|  90|0x0000000085a00000, 0x0000000085b00000, 0x0000000085b00000|100%| O|  |TAMS 0x0000000085a00000, 0x0000000085a00000| Untracked 
|  91|0x0000000085b00000, 0x0000000085c00000, 0x0000000085c00000|100%| O|  |TAMS 0x0000000085b00000, 0x0000000085b00000| Untracked 
|  92|0x0000000085c00000, 0x0000000085c00000, 0x0000000085d00000|  0%| F|  |TAMS 0x0000000085c00000, 0x0000000085c00000| Untracked 
|  93|0x0000000085d00000, 0x0000000085d00000, 0x0000000085e00000|  0%| F|  |TAMS 0x0000000085d00000, 0x0000000085d00000| Untracked 
|  94|0x0000000085e00000, 0x0000000085e00000, 0x0000000085f00000|  0%| F|  |TAMS 0x0000000085e00000, 0x0000000085e00000| Untracked 
|  95|0x0000000085f00000, 0x0000000085f00000, 0x0000000086000000|  0%| F|  |TAMS 0x0000000085f00000, 0x0000000085f00000| Untracked 
|  96|0x0000000086000000, 0x0000000086000000, 0x0000000086100000|  0%| F|  |TAMS 0x0000000086000000, 0x0000000086000000| Untracked 
|  97|0x0000000086100000, 0x0000000086100000, 0x0000000086200000|  0%| F|  |TAMS 0x0000000086100000, 0x0000000086100000| Untracked 
|  98|0x0000000086200000, 0x0000000086200000, 0x0000000086300000|  0%| F|  |TAMS 0x0000000086200000, 0x0000000086200000| Untracked 
|  99|0x0000000086300000, 0x0000000086300000, 0x0000000086400000|  0%| F|  |TAMS 0x0000000086300000, 0x0000000086300000| Untracked 
| 100|0x0000000086400000, 0x0000000086400000, 0x0000000086500000|  0%| F|  |TAMS 0x0000000086400000, 0x0000000086400000| Untracked 
| 101|0x0000000086500000, 0x0000000086500000, 0x0000000086600000|  0%| F|  |TAMS 0x0000000086500000, 0x0000000086500000| Untracked 
| 102|0x0000000086600000, 0x0000000086600000, 0x0000000086700000|  0%| F|  |TAMS 0x0000000086600000, 0x0000000086600000| Untracked 
| 103|0x0000000086700000, 0x0000000086700000, 0x0000000086800000|  0%| F|  |TAMS 0x0000000086700000, 0x0000000086700000| Untracked 
| 104|0x0000000086800000, 0x0000000086800000, 0x0000000086900000|  0%| F|  |TAMS 0x0000000086800000, 0x0000000086800000| Untracked 
| 105|0x0000000086900000, 0x0000000086900000, 0x0000000086a00000|  0%| F|  |TAMS 0x0000000086900000, 0x0000000086900000| Untracked 
| 106|0x0000000086a00000, 0x0000000086a00000, 0x0000000086b00000|  0%| F|  |TAMS 0x0000000086a00000, 0x0000000086a00000| Untracked 
| 107|0x0000000086b00000, 0x0000000086b00000, 0x0000000086c00000|  0%| F|  |TAMS 0x0000000086b00000, 0x0000000086b00000| Untracked 
| 108|0x0000000086c00000, 0x0000000086c00000, 0x0000000086d00000|  0%| F|  |TAMS 0x0000000086c00000, 0x0000000086c00000| Untracked 
| 109|0x0000000086d00000, 0x0000000086d00000, 0x0000000086e00000|  0%| F|  |TAMS 0x0000000086d00000, 0x0000000086d00000| Untracked 
| 110|0x0000000086e00000, 0x0000000086e00000, 0x0000000086f00000|  0%| F|  |TAMS 0x0000000086e00000, 0x0000000086e00000| Untracked 
| 111|0x0000000086f00000, 0x0000000086f00000, 0x0000000087000000|  0%| F|  |TAMS 0x0000000086f00000, 0x0000000086f00000| Untracked 
| 112|0x0000000087000000, 0x0000000087000000, 0x0000000087100000|  0%| F|  |TAMS 0x0000000087000000, 0x0000000087000000| Untracked 
| 113|0x0000000087100000, 0x0000000087100000, 0x0000000087200000|  0%| F|  |TAMS 0x0000000087100000, 0x0000000087100000| Untracked 
| 114|0x0000000087200000, 0x0000000087200000, 0x0000000087300000|  0%| F|  |TAMS 0x0000000087200000, 0x0000000087200000| Untracked 
| 115|0x0000000087300000, 0x0000000087300000, 0x0000000087400000|  0%| F|  |TAMS 0x0000000087300000, 0x0000000087300000| Untracked 
| 116|0x0000000087400000, 0x0000000087400000, 0x0000000087500000|  0%| F|  |TAMS 0x0000000087400000, 0x0000000087400000| Untracked 
| 117|0x0000000087500000, 0x0000000087500000, 0x0000000087600000|  0%| F|  |TAMS 0x0000000087500000, 0x0000000087500000| Untracked 
| 118|0x0000000087600000, 0x0000000087600000, 0x0000000087700000|  0%| F|  |TAMS 0x0000000087600000, 0x0000000087600000| Untracked 
| 119|0x0000000087700000, 0x0000000087700000, 0x0000000087800000|  0%| F|  |TAMS 0x0000000087700000, 0x0000000087700000| Untracked 
| 120|0x0000000087800000, 0x0000000087800000, 0x0000000087900000|  0%| F|  |TAMS 0x0000000087800000, 0x0000000087800000| Untracked 
| 121|0x0000000087900000, 0x0000000087900000, 0x0000000087a00000|  0%| F|  |TAMS 0x0000000087900000, 0x0000000087900000| Untracked 
| 122|0x0000000087a00000, 0x0000000087a00000, 0x0000000087b00000|  0%| F|  |TAMS 0x0000000087a00000, 0x0000000087a00000| Untracked 
| 123|0x0000000087b00000, 0x0000000087b00000, 0x0000000087c00000|  0%| F|  |TAMS 0x0000000087b00000, 0x0000000087b00000| Untracked 
| 124|0x0000000087c00000, 0x0000000087c00000, 0x0000000087d00000|  0%| F|  |TAMS 0x0000000087c00000, 0x0000000087c00000| Untracked 
| 125|0x0000000087d00000, 0x0000000087d00000, 0x0000000087e00000|  0%| F|  |TAMS 0x0000000087d00000, 0x0000000087d00000| Untracked 
| 126|0x0000000087e00000, 0x0000000087e00000, 0x0000000087f00000|  0%| F|  |TAMS 0x0000000087e00000, 0x0000000087e00000| Untracked 
| 127|0x0000000087f00000, 0x0000000087f00000, 0x0000000088000000|  0%| F|  |TAMS 0x0000000087f00000, 0x0000000087f00000| Untracked 
| 128|0x0000000088000000, 0x0000000088000000, 0x0000000088100000|  0%| F|  |TAMS 0x0000000088000000, 0x0000000088000000| Untracked 
| 129|0x0000000088100000, 0x0000000088100000, 0x0000000088200000|  0%| F|  |TAMS 0x0000000088100000, 0x0000000088100000| Untracked 
| 130|0x0000000088200000, 0x0000000088200000, 0x0000000088300000|  0%| F|  |TAMS 0x0000000088200000, 0x0000000088200000| Untracked 
| 131|0x0000000088300000, 0x0000000088300000, 0x0000000088400000|  0%| F|  |TAMS 0x0000000088300000, 0x0000000088300000| Untracked 
| 132|0x0000000088400000, 0x0000000088400000, 0x0000000088500000|  0%| F|  |TAMS 0x0000000088400000, 0x0000000088400000| Untracked 
| 133|0x0000000088500000, 0x0000000088500000, 0x0000000088600000|  0%| F|  |TAMS 0x0000000088500000, 0x0000000088500000| Untracked 
| 134|0x0000000088600000, 0x0000000088600000, 0x0000000088700000|  0%| F|  |TAMS 0x0000000088600000, 0x0000000088600000| Untracked 
| 135|0x0000000088700000, 0x0000000088700000, 0x0000000088800000|  0%| F|  |TAMS 0x0000000088700000, 0x0000000088700000| Untracked 
| 136|0x0000000088800000, 0x0000000088800000, 0x0000000088900000|  0%| F|  |TAMS 0x0000000088800000, 0x0000000088800000| Untracked 
| 137|0x0000000088900000, 0x0000000088900000, 0x0000000088a00000|  0%| F|  |TAMS 0x0000000088900000, 0x0000000088900000| Untracked 
| 138|0x0000000088a00000, 0x0000000088a00000, 0x0000000088b00000|  0%| F|  |TAMS 0x0000000088a00000, 0x0000000088a00000| Untracked 
| 139|0x0000000088b00000, 0x0000000088b00000, 0x0000000088c00000|  0%| F|  |TAMS 0x0000000088b00000, 0x0000000088b00000| Untracked 
| 140|0x0000000088c00000, 0x0000000088c00000, 0x0000000088d00000|  0%| F|  |TAMS 0x0000000088c00000, 0x0000000088c00000| Untracked 
| 141|0x0000000088d00000, 0x0000000088d00000, 0x0000000088e00000|  0%| F|  |TAMS 0x0000000088d00000, 0x0000000088d00000| Untracked 
| 142|0x0000000088e00000, 0x0000000088e00000, 0x0000000088f00000|  0%| F|  |TAMS 0x0000000088e00000, 0x0000000088e00000| Untracked 
| 143|0x0000000088f00000, 0x0000000088f00000, 0x0000000089000000|  0%| F|  |TAMS 0x0000000088f00000, 0x0000000088f00000| Untracked 
| 144|0x0000000089000000, 0x0000000089000000, 0x0000000089100000|  0%| F|  |TAMS 0x0000000089000000, 0x0000000089000000| Untracked 
| 145|0x0000000089100000, 0x0000000089100000, 0x0000000089200000|  0%| F|  |TAMS 0x0000000089100000, 0x0000000089100000| Untracked 
| 146|0x0000000089200000, 0x0000000089200000, 0x0000000089300000|  0%| F|  |TAMS 0x0000000089200000, 0x0000000089200000| Untracked 
| 147|0x0000000089300000, 0x0000000089300000, 0x0000000089400000|  0%| F|  |TAMS 0x0000000089300000, 0x0000000089300000| Untracked 
| 148|0x0000000089400000, 0x0000000089400000, 0x0000000089500000|  0%| F|  |TAMS 0x0000000089400000, 0x0000000089400000| Untracked 
| 149|0x0000000089500000, 0x0000000089500000, 0x0000000089600000|  0%| F|  |TAMS 0x0000000089500000, 0x0000000089500000| Untracked 
| 150|0x0000000089600000, 0x0000000089600000, 0x0000000089700000|  0%| F|  |TAMS 0x0000000089600000, 0x0000000089600000| Untracked 
| 151|0x0000000089700000, 0x0000000089700000, 0x0000000089800000|  0%| F|  |TAMS 0x0000000089700000, 0x0000000089700000| Untracked 
| 152|0x0000000089800000, 0x0000000089800000, 0x0000000089900000|  0%| F|  |TAMS 0x0000000089800000, 0x0000000089800000| Untracked 
| 153|0x0000000089900000, 0x0000000089900000, 0x0000000089a00000|  0%| F|  |TAMS 0x0000000089900000, 0x0000000089900000| Untracked 
| 154|0x0000000089a00000, 0x0000000089a00000, 0x0000000089b00000|  0%| F|  |TAMS 0x0000000089a00000, 0x0000000089a00000| Untracked 
| 155|0x0000000089b00000, 0x0000000089b00000, 0x0000000089c00000|  0%| F|  |TAMS 0x0000000089b00000, 0x0000000089b00000| Untracked 
| 156|0x0000000089c00000, 0x0000000089d00000, 0x0000000089d00000|100%| S|CS|TAMS 0x0000000089c00000, 0x0000000089c00000| Complete 
| 157|0x0000000089d00000, 0x0000000089d00000, 0x0000000089e00000|  0%| F|  |TAMS 0x0000000089d00000, 0x0000000089d00000| Untracked 
| 158|0x0000000089e00000, 0x0000000089e00000, 0x0000000089f00000|  0%| F|  |TAMS 0x0000000089e00000, 0x0000000089e00000| Untracked 
| 159|0x0000000089f00000, 0x0000000089f00000, 0x000000008a000000|  0%| F|  |TAMS 0x0000000089f00000, 0x0000000089f00000| Untracked 

Card table byte_map: [0x0000020717130000,0x0000020717530000] _byte_map_base: 0x0000020716d30000

Marking Bits (Prev, Next): (CMBitMap*) 0x00000207048c5490, (CMBitMap*) 0x00000207048c5450
 Prev Bits: [0x0000020719930000, 0x000002071b930000)
 Next Bits: [0x0000020717930000, 0x0000020719930000)

Polling page: 0x0000020704030000

Metaspace:

Usage:
  Non-class:     77.07 MB used.
      Class:     12.07 MB used.
       Both:     89.14 MB used.

Virtual space:
  Non-class space:       80.00 MB reserved,      77.38 MB ( 97%) committed,  10 nodes.
      Class space:        1.00 GB reserved,      12.31 MB (  1%) committed,  1 nodes.
             Both:        1.08 GB reserved,      89.69 MB (  8%) committed. 

Chunk freelists:
   Non-Class:  1.98 MB
       Class:  3.50 MB
        Both:  5.48 MB

MaxMetaspaceSize: unlimited
CompressedClassSpaceSize: 1.00 GB
Initial GC threshold: 21.00 MB
Current GC threshold: 147.75 MB
CDS: off
MetaspaceReclaimPolicy: balanced
 - commit_granule_bytes: 65536.
 - commit_granule_words: 8192.
 - virtual_space_node_default_size: 1048576.
 - enlarge_chunks_in_place: 1.
 - new_chunks_are_fully_committed: 0.
 - uncommit_free_chunks: 1.
 - use_allocation_guard: 0.
 - handle_deallocations: 1.


Internal statistics:

num_allocs_failed_limit: 8.
num_arena_births: 808.
num_arena_deaths: 6.
num_vsnodes_births: 11.
num_vsnodes_deaths: 0.
num_space_committed: 1435.
num_space_uncommitted: 0.
num_chunks_returned_to_freelist: 15.
num_chunks_taken_from_freelist: 4124.
num_chunk_merges: 5.
num_chunk_splits: 2723.
num_chunks_enlarged: 1830.
num_purges: 2.
num_inconsistent_stats: 0.

CodeHeap 'non-profiled nmethods': size=120000Kb used=4458Kb max_used=4458Kb free=115541Kb
 bounds [0x000002070f800000, 0x000002070fc60000, 0x0000020716d30000]
CodeHeap 'profiled nmethods': size=120000Kb used=19561Kb max_used=19561Kb free=100438Kb
 bounds [0x0000020707d30000, 0x0000020709050000, 0x000002070f260000]
CodeHeap 'non-nmethods': size=5760Kb used=2383Kb max_used=2449Kb free=3376Kb
 bounds [0x000002070f260000, 0x000002070f4e0000, 0x000002070f800000]
 total_blobs=10832 nmethods=9915 adapters=830
 compilation: enabled
              stopped_count=0, restarted_count=0
 full_count=0

Compilation events (20 events):
Event: 33.184 Thread 0x000002071e804480 10855       2       kotlin.comparisons.ComparisonsKt__ComparisonsKt::compareValues (27 bytes)
Event: 33.184 Thread 0x000002071de489f0 nmethod 10516 0x000002070fc5a190 code [0x000002070fc5a300, 0x000002070fc5a3f8]
Event: 33.185 Thread 0x000002071de489f0 10312       4       com.android.tools.r8.graph.c0::a (129 bytes)
Event: 33.185 Thread 0x000002071e804480 nmethod 10855 0x0000020709044710 code [0x00000207090448c0, 0x0000020709044a68]
Event: 33.185 Thread 0x000002071e804480 10860       2       com.google.common.collect.ObjectArrays::checkElementsNotNull (23 bytes)
Event: 33.185 Thread 0x000002071e804480 nmethod 10860 0x0000020709044b10 code [0x0000020709044cc0, 0x0000020709044e68]
Event: 33.185 Thread 0x000002071e804480 10858       2       com.google.common.collect.ImmutableList$Builder::getReadyToExpandTo (66 bytes)
Event: 33.185 Thread 0x000002071e804480 nmethod 10858 0x0000020709044f90 code [0x0000020709045160, 0x0000020709045408]
Event: 33.186 Thread 0x000002071e804480 10859       2       com.google.common.collect.ObjectArrays::checkElementsNotNull (7 bytes)
Event: 33.186 Thread 0x000002071e804480 nmethod 10859 0x0000020709045590 code [0x0000020709045740, 0x00000207090458c8]
Event: 33.189 Thread 0x000002071de489f0 nmethod 10312 0x000002070fc5a510 code [0x000002070fc5a6a0, 0x000002070fc5a8b8]
Event: 33.189 Thread 0x000002071de489f0 10861       4       com.android.tools.r8.graph.c0::a (89 bytes)
Event: 33.189 Thread 0x000002071e804480 10864       2       com.android.tools.r8.internal.Br::b (35 bytes)
Event: 33.190 Thread 0x000002071e804480 nmethod 10864 0x0000020709045a10 code [0x0000020709045bc0, 0x0000020709045db8]
Event: 33.192 Thread 0x000002071e804480 10865       2       com.android.tools.r8.internal.l4::<init> (92 bytes)
Event: 33.192 Thread 0x000002071e804480 nmethod 10865 0x0000020709045f10 code [0x00000207090460a0, 0x0000020709046258]
Event: 33.193 Thread 0x000002071e804480 10866       2       com.android.tools.r8.internal.Z4::<init> (10 bytes)
Event: 33.193 Thread 0x000002071e804480 nmethod 10866 0x0000020709046310 code [0x00000207090464a0, 0x00000207090465f8]
Event: 33.198 Thread 0x000002071e804480 10867 %     3       com.android.tools.r8.internal.oh::a @ 85 (990 bytes)
Event: 33.203 Thread 0x000002071e804480 nmethod 10867% 0x0000020709046690 code [0x0000020709046b80, 0x0000020709049c08]

GC Heap History (20 events):
Event: 25.994 GC heap after
{Heap after GC invocations=33 (full 0):
 garbage-first heap   total 118784K, used 67114K [0x0000000080000000, 0x0000000100000000)
  region size 1024K, 5 young (5120K), 5 survivors (5120K)
 Metaspace       used 78810K, committed 79424K, reserved 1122304K
  class space    used 10633K, committed 10944K, reserved 1048576K
}
Event: 27.031 GC heap before
{Heap before GC invocations=34 (full 0):
 garbage-first heap   total 118784K, used 94762K [0x0000000080000000, 0x0000000100000000)
  region size 1024K, 33 young (33792K), 5 survivors (5120K)
 Metaspace       used 80292K, committed 80896K, reserved 1122304K
  class space    used 10901K, committed 11200K, reserved 1048576K
}
Event: 27.044 GC heap after
{Heap after GC invocations=35 (full 0):
 garbage-first heap   total 118784K, used 69614K [0x0000000080000000, 0x0000000100000000)
  region size 1024K, 3 young (3072K), 3 survivors (3072K)
 Metaspace       used 80292K, committed 80896K, reserved 1122304K
  class space    used 10901K, committed 11200K, reserved 1048576K
}
Event: 28.069 GC heap before
{Heap before GC invocations=35 (full 0):
 garbage-first heap   total 118784K, used 96238K [0x0000000080000000, 0x0000000100000000)
  region size 1024K, 30 young (30720K), 3 survivors (3072K)
 Metaspace       used 80506K, committed 81088K, reserved 1122304K
  class space    used 10908K, committed 11200K, reserved 1048576K
}
Event: 28.077 GC heap after
{Heap after GC invocations=36 (full 0):
 garbage-first heap   total 118784K, used 71923K [0x0000000080000000, 0x0000000100000000)
  region size 1024K, 3 young (3072K), 3 survivors (3072K)
 Metaspace       used 80506K, committed 81088K, reserved 1122304K
  class space    used 10908K, committed 11200K, reserved 1048576K
}
Event: 29.028 GC heap before
{Heap before GC invocations=37 (full 0):
 garbage-first heap   total 124928K, used 96499K [0x0000000080000000, 0x0000000100000000)
  region size 1024K, 28 young (28672K), 3 survivors (3072K)
 Metaspace       used 80991K, committed 81536K, reserved 1122304K
  class space    used 10969K, committed 11264K, reserved 1048576K
}
Event: 29.036 GC heap after
{Heap after GC invocations=38 (full 0):
 garbage-first heap   total 124928K, used 73547K [0x0000000080000000, 0x0000000100000000)
  region size 1024K, 4 young (4096K), 4 survivors (4096K)
 Metaspace       used 80991K, committed 81536K, reserved 1122304K
  class space    used 10969K, committed 11264K, reserved 1048576K
}
Event: 29.065 GC heap before
{Heap before GC invocations=38 (full 0):
 garbage-first heap   total 124928K, used 75595K [0x0000000080000000, 0x0000000100000000)
  region size 1024K, 6 young (6144K), 4 survivors (4096K)
 Metaspace       used 80996K, committed 81536K, reserved 1122304K
  class space    used 10969K, committed 11264K, reserved 1048576K
}
Event: 29.073 GC heap after
{Heap after GC invocations=39 (full 0):
 garbage-first heap   total 150528K, used 73806K [0x0000000080000000, 0x0000000100000000)
  region size 1024K, 1 young (1024K), 1 survivors (1024K)
 Metaspace       used 80996K, committed 81536K, reserved 1122304K
  class space    used 10969K, committed 11264K, reserved 1048576K
}
Event: 30.294 GC heap before
{Heap before GC invocations=39 (full 0):
 garbage-first heap   total 150528K, used 120910K [0x0000000080000000, 0x0000000100000000)
  region size 1024K, 48 young (49152K), 1 survivors (1024K)
 Metaspace       used 83548K, committed 84096K, reserved 1122304K
  class space    used 11250K, committed 11520K, reserved 1048576K
}
Event: 30.303 GC heap after
{Heap after GC invocations=40 (full 0):
 garbage-first heap   total 150528K, used 76289K [0x0000000080000000, 0x0000000100000000)
  region size 1024K, 4 young (4096K), 4 survivors (4096K)
 Metaspace       used 83548K, committed 84096K, reserved 1122304K
  class space    used 11250K, committed 11520K, reserved 1048576K
}
Event: 31.117 GC heap before
{Heap before GC invocations=41 (full 0):
 garbage-first heap   total 150528K, used 121345K [0x0000000080000000, 0x0000000100000000)
  region size 1024K, 49 young (50176K), 4 survivors (4096K)
 Metaspace       used 86685K, committed 87232K, reserved 1130496K
  class space    used 11700K, committed 11968K, reserved 1048576K
}
Event: 31.135 GC heap after
{Heap after GC invocations=42 (full 0):
 garbage-first heap   total 150528K, used 83236K [0x0000000080000000, 0x0000000100000000)
  region size 1024K, 7 young (7168K), 7 survivors (7168K)
 Metaspace       used 86685K, committed 87232K, reserved 1130496K
  class space    used 11700K, committed 11968K, reserved 1048576K
}
Event: 31.151 GC heap before
{Heap before GC invocations=42 (full 0):
 garbage-first heap   total 150528K, used 84260K [0x0000000080000000, 0x0000000100000000)
  region size 1024K, 9 young (9216K), 7 survivors (7168K)
 Metaspace       used 86754K, committed 87296K, reserved 1130496K
  class space    used 11707K, committed 11968K, reserved 1048576K
}
Event: 31.161 GC heap after
{Heap after GC invocations=43 (full 0):
 garbage-first heap   total 150528K, used 81669K [0x0000000080000000, 0x0000000100000000)
  region size 1024K, 1 young (1024K), 1 survivors (1024K)
 Metaspace       used 86754K, committed 87296K, reserved 1130496K
  class space    used 11707K, committed 11968K, reserved 1048576K
}
Event: 32.066 GC heap before
{Heap before GC invocations=43 (full 0):
 garbage-first heap   total 150528K, used 120581K [0x0000000080000000, 0x0000000100000000)
  region size 1024K, 40 young (40960K), 1 survivors (1024K)
 Metaspace       used 90024K, committed 90560K, reserved 1130496K
  class space    used 12174K, committed 12416K, reserved 1048576K
}
Event: 32.080 GC heap after
{Heap after GC invocations=44 (full 0):
 garbage-first heap   total 150528K, used 88713K [0x0000000080000000, 0x0000000100000000)
  region size 1024K, 5 young (5120K), 5 survivors (5120K)
 Metaspace       used 90024K, committed 90560K, reserved 1130496K
  class space    used 12174K, committed 12416K, reserved 1048576K
}
Event: 33.162 GC heap before
{Heap before GC invocations=45 (full 0):
 garbage-first heap   total 163840K, used 120457K [0x0000000080000000, 0x0000000100000000)
  region size 1024K, 36 young (36864K), 5 survivors (5120K)
 Metaspace       used 91256K, committed 91776K, reserved 1130496K
  class space    used 12356K, committed 12608K, reserved 1048576K
}
Event: 33.183 GC heap after
{Heap after GC invocations=46 (full 0):
 garbage-first heap   total 163840K, used 93184K [0x0000000080000000, 0x0000000100000000)
  region size 1024K, 5 young (5120K), 5 survivors (5120K)
 Metaspace       used 91256K, committed 91776K, reserved 1130496K
  class space    used 12356K, committed 12608K, reserved 1048576K
}
Event: 33.204 GC heap before
{Heap before GC invocations=46 (full 0):
 garbage-first heap   total 163840K, used 96256K [0x0000000080000000, 0x0000000100000000)
  region size 1024K, 8 young (8192K), 5 survivors (5120K)
 Metaspace       used 91281K, committed 91840K, reserved 1130496K
  class space    used 12363K, committed 12608K, reserved 1048576K
}

Dll operation events (2 events):
Event: 0.185 Loaded shared library C:\Program Files\Android\Android Studio\jbr\bin\java.dll
Event: 3.427 Loaded shared library C:\Program Files\Android\Android Studio\jbr\bin\verify.dll

Deoptimization events (20 events):
Event: 33.190 Thread 0x00000207203523e0 DEOPT PACKING pc=0x00000207090030c8 sp=0x000000e571ef9340
Event: 33.190 Thread 0x00000207203523e0 DEOPT UNPACKING pc=0x000002070f2b7124 sp=0x000000e571ef8868 mode 0
Event: 33.191 Thread 0x00000207203523e0 DEOPT PACKING pc=0x00000207090030c8 sp=0x000000e571ef9320
Event: 33.191 Thread 0x00000207203523e0 DEOPT UNPACKING pc=0x000002070f2b7124 sp=0x000000e571ef8848 mode 0
Event: 33.192 Thread 0x00000207203523e0 DEOPT PACKING pc=0x0000020709003098 sp=0x000000e571ef9340
Event: 33.192 Thread 0x00000207203523e0 DEOPT UNPACKING pc=0x000002070f2b7124 sp=0x000000e571ef8868 mode 0
Event: 33.195 Thread 0x00000207203523e0 DEOPT PACKING pc=0x0000020709003098 sp=0x000000e571ef9290
Event: 33.195 Thread 0x00000207203523e0 DEOPT UNPACKING pc=0x000002070f2b7124 sp=0x000000e571ef87b8 mode 0
Event: 33.197 Thread 0x00000207203523e0 DEOPT PACKING pc=0x0000020709003098 sp=0x000000e571ef9320
Event: 33.197 Thread 0x00000207203523e0 DEOPT UNPACKING pc=0x000002070f2b7124 sp=0x000000e571ef8848 mode 0
Event: 33.197 Thread 0x00000207203523e0 DEOPT PACKING pc=0x0000020709003098 sp=0x000000e571ef9320
Event: 33.197 Thread 0x00000207203523e0 DEOPT UNPACKING pc=0x000002070f2b7124 sp=0x000000e571ef8848 mode 0
Event: 33.200 Thread 0x00000207203523e0 DEOPT PACKING pc=0x00000207090030c8 sp=0x000000e571ef9320
Event: 33.200 Thread 0x00000207203523e0 DEOPT UNPACKING pc=0x000002070f2b7124 sp=0x000000e571ef8848 mode 0
Event: 33.202 Thread 0x00000207203523e0 DEOPT PACKING pc=0x0000020709003098 sp=0x000000e571ef9320
Event: 33.202 Thread 0x00000207203523e0 DEOPT UNPACKING pc=0x000002070f2b7124 sp=0x000000e571ef8848 mode 0
Event: 33.203 Thread 0x00000207203523e0 DEOPT PACKING pc=0x00000207090030c8 sp=0x000000e571ef93c0
Event: 33.203 Thread 0x00000207203523e0 DEOPT UNPACKING pc=0x000002070f2b7124 sp=0x000000e571ef88e8 mode 0
Event: 33.203 Thread 0x00000207203523e0 DEOPT PACKING pc=0x0000020709003098 sp=0x000000e571ef9290
Event: 33.203 Thread 0x00000207203523e0 DEOPT UNPACKING pc=0x000002070f2b7124 sp=0x000000e571ef87b8 mode 0

Classes unloaded (3 events):
Event: 30.564 Thread 0x000002071dda6fd0 Unloading class 0x0000000100b10c00 'java/lang/invoke/LambdaForm$DMH+0x0000000100b10c00'
Event: 30.565 Thread 0x000002071dda6fd0 Unloading class 0x0000000100b10800 'java/lang/invoke/LambdaForm$DMH+0x0000000100b10800'
Event: 30.565 Thread 0x000002071dda6fd0 Unloading class 0x0000000100b10400 'java/lang/invoke/LambdaForm$DMH+0x0000000100b10400'

Classes redefined (0 events):
No events

Internal exceptions (20 events):
Event: 30.193 Thread 0x0000020722d6c9e0 Exception <a 'java/lang/NoSuchMethodError'{0x00000000868dcfa0}: 'int java.lang.invoke.DirectMethodHandle$Holder.invokeSpecial(java.lang.Object, java.lang.Object, java.lang.Object, java.lang.Object, java.lang.Object)'> (0x00000000868dcfa0) 
thrown [s\src\hotspot\share\interpreter\linkResolver.cpp, line 771]
Event: 30.734 Thread 0x0000020722d6c9e0 Exception <a 'java/lang/NoSuchMethodError'{0x000000008833fde0}: 'void java.lang.invoke.DirectMethodHandle$Holder.invokeStatic(java.lang.Object, java.lang.Object, java.lang.Object, java.lang.Object, java.lang.Object, java.lang.Object, java.lang.Object)'> (0x000000008833fde0) 
thrown [s\src\hotspot\share\interpreter\linkResolver.cpp, line 771]
Event: 31.042 Thread 0x00000207234347c0 Exception <a 'sun/nio/fs/WindowsException'{0x0000000086edf6d8}> (0x0000000086edf6d8) 
thrown [s\src\hotspot\share\prims\jni.cpp, line 517]
Event: 31.078 Thread 0x00000207203523e0 Exception <a 'sun/nio/fs/WindowsException'{0x0000000086805598}> (0x0000000086805598) 
thrown [s\src\hotspot\share\prims\jni.cpp, line 517]
Event: 31.355 Thread 0x0000020720350bd0 Exception <a 'sun/nio/fs/WindowsException'{0x0000000087dea810}> (0x0000000087dea810) 
thrown [s\src\hotspot\share\prims\jni.cpp, line 517]
Event: 31.526 Thread 0x00000207234347c0 Exception <a 'java/lang/NoSuchMethodError'{0x000000008767b2c0}: 'java.lang.Object java.lang.invoke.DirectMethodHandle$Holder.invokeStatic(java.lang.Object, java.lang.Object, java.lang.Object, java.lang.Object, java.lang.Object, java.lang.Object, java.lang.Object, java.lang.Object, java.lang.Object, java.lang.Object, java.lang.Object, java.lang.Object, java.lang.Object, java.lang.Object, java.lang.Object, java.lang.Object, java.lang.Object, java.lang.Object, int, java.lang.Object)'> (0x000000008767b2c0) 
th
Event: 31.526 Thread 0x00000207234347c0 Exception <a 'java/lang/NoSuchMethodError'{0x0000000087681408}: 'java.lang.Object java.lang.invoke.DirectMethodHandle$Holder.invokeStaticInit(java.lang.Object, java.lang.Object, java.lang.Object, java.lang.Object, java.lang.Object, java.lang.Object, java.lang.Object, java.lang.Object, java.lang.Object, java.lang.Object, java.lang.Object, java.lang.Object, java.lang.Object, java.lang.Object, java.lang.Object, java.lang.Object, java.lang.Object, java.lang.Object, int, java.lang.Object)'> (0x0000000087681408)
Event: 31.574 Thread 0x0000020724573a10 Exception <a 'java/lang/NoSuchMethodError'{0x0000000087625bc8}: 'void java.lang.invoke.DirectMethodHandle$Holder.invokeStatic(java.lang.Object, long)'> (0x0000000087625bc8) 
thrown [s\src\hotspot\share\interpreter\linkResolver.cpp, line 771]
Event: 31.575 Thread 0x0000020724573a10 Exception <a 'java/lang/NoSuchMethodError'{0x000000008762b220}: 'java.lang.Object java.lang.invoke.DirectMethodHandle$Holder.newInvokeSpecial(java.lang.Object, long)'> (0x000000008762b220) 
thrown [s\src\hotspot\share\interpreter\linkResolver.cpp, line 771]
Event: 31.600 Thread 0x0000020724573a10 Exception <a 'java/lang/NoSuchMethodError'{0x0000000087632088}: 'java.lang.Object java.lang.invoke.DirectMethodHandle$Holder.invokeStatic(java.lang.Object, java.lang.Object, long, java.lang.Object)'> (0x0000000087632088) 
thrown [s\src\hotspot\share\interpreter\linkResolver.cpp, line 771]
Event: 31.601 Thread 0x0000020724573a10 Exception <a 'java/lang/NoSuchMethodError'{0x0000000087514e30}: 'java.lang.Object java.lang.invoke.DirectMethodHandle$Holder.invokeStaticInit(java.lang.Object, java.lang.Object, long, java.lang.Object)'> (0x0000000087514e30) 
thrown [s\src\hotspot\share\interpreter\linkResolver.cpp, line 771]
Event: 31.602 Thread 0x0000020724573a10 Exception <a 'java/lang/NoSuchMethodError'{0x000000008751b6f0}: 'java.lang.Object java.lang.invoke.DirectMethodHandle$Holder.newInvokeSpecial(java.lang.Object, java.lang.Object, long)'> (0x000000008751b6f0) 
thrown [s\src\hotspot\share\interpreter\linkResolver.cpp, line 771]
Event: 31.603 Thread 0x0000020724573a10 Exception <a 'java/lang/NoSuchMethodError'{0x000000008751f508}: 'java.lang.Object java.lang.invoke.Invokers$Holder.linkToTargetMethod(java.lang.Object, long, java.lang.Object)'> (0x000000008751f508) 
thrown [s\src\hotspot\share\interpreter\linkResolver.cpp, line 771]
Event: 31.636 Thread 0x0000020720350bd0 Exception <a 'java/lang/IncompatibleClassChangeError'{0x00000000877b43f8}: Found class java.lang.Object, but interface was expected> (0x00000000877b43f8) 
thrown [s\src\hotspot\share\interpreter\linkResolver.cpp, line 838]
Event: 31.636 Thread 0x00000207234347c0 Exception <a 'java/lang/IncompatibleClassChangeError'{0x00000000875aa1b8}: Found class java.lang.Object, but interface was expected> (0x00000000875aa1b8) 
thrown [s\src\hotspot\share\interpreter\linkResolver.cpp, line 838]
Event: 31.661 Thread 0x0000020720350bd0 Exception <a 'java/lang/NoSuchMethodError'{0x0000000087465fe0}: 'java.lang.Object java.lang.invoke.DirectMethodHandle$Holder.invokeSpecial(java.lang.Object, java.lang.Object, java.lang.Object, int, java.lang.Object, java.lang.Object)'> (0x0000000087465fe0) 
thrown [s\src\hotspot\share\interpreter\linkResolver.cpp, line 771]
Event: 31.661 Thread 0x00000207234347c0 Exception <a 'java/lang/NoSuchMethodError'{0x0000000087487190}: 'java.lang.Object java.lang.invoke.DirectMethodHandle$Holder.invokeSpecial(java.lang.Object, java.lang.Object, java.lang.Object, int, java.lang.Object, java.lang.Object)'> (0x0000000087487190) 
thrown [s\src\hotspot\share\interpreter\linkResolver.cpp, line 771]
Event: 32.687 Thread 0x00000207234347c0 Exception <a 'java/lang/NoSuchMethodError'{0x0000000089ed3078}: 'int java.lang.invoke.DirectMethodHandle$Holder.invokeVirtual(java.lang.Object, java.lang.Object, java.lang.Object, java.lang.Object)'> (0x0000000089ed3078) 
thrown [s\src\hotspot\share\interpreter\linkResolver.cpp, line 771]
Event: 32.926 Thread 0x00000207234347c0 Exception <a 'java/lang/IncompatibleClassChangeError'{0x0000000089b90e88}: Found class java.lang.Object, but interface was expected> (0x0000000089b90e88) 
thrown [s\src\hotspot\share\interpreter\linkResolver.cpp, line 838]
Event: 32.946 Thread 0x00000207234347c0 Exception <a 'java/lang/NoSuchMethodError'{0x0000000089a392d8}: 'int java.lang.invoke.DirectMethodHandle$Holder.invokeVirtual(java.lang.Object, java.lang.Object, java.lang.Object)'> (0x0000000089a392d8) 
thrown [s\src\hotspot\share\interpreter\linkResolver.cpp, line 771]

VM Operations (20 events):
Event: 31.267 Executing VM operation: HandshakeAllThreads done
Event: 31.540 Executing VM operation: HandshakeAllThreads
Event: 31.541 Executing VM operation: HandshakeAllThreads done
Event: 31.608 Executing VM operation: HandshakeAllThreads
Event: 31.608 Executing VM operation: HandshakeAllThreads done
Event: 32.066 Executing VM operation: G1CollectForAllocation
Event: 32.087 Executing VM operation: G1CollectForAllocation done
Event: 32.369 Executing VM operation: G1Concurrent
Event: 32.464 Executing VM operation: G1Concurrent done
Event: 32.616 Executing VM operation: G1Concurrent
Event: 32.618 Executing VM operation: G1Concurrent done
Event: 32.962 Executing VM operation: HandshakeAllThreads
Event: 32.962 Executing VM operation: HandshakeAllThreads done
Event: 32.971 Executing VM operation: HandshakeAllThreads
Event: 32.972 Executing VM operation: HandshakeAllThreads done
Event: 33.001 Executing VM operation: HandshakeAllThreads
Event: 33.001 Executing VM operation: HandshakeAllThreads done
Event: 33.161 Executing VM operation: G1CollectForAllocation
Event: 33.184 Executing VM operation: G1CollectForAllocation done
Event: 33.204 Executing VM operation: G1CollectForAllocation

Events (20 events):
Event: 31.511 loading class java/util/concurrent/Executors$DelegatedScheduledExecutorService done
Event: 31.512 Thread 0x0000020722d69020 Thread added: 0x0000020722d69020
Event: 31.515 loading class java/lang/ProcessBuilder
Event: 31.517 loading class java/lang/ProcessBuilder done
Event: 31.517 loading class java/lang/ProcessImpl
Event: 31.518 loading class java/lang/ProcessImpl done
Event: 31.576 loading class java/lang/ProcessHandleImpl
Event: 31.598 loading class java/lang/ProcessHandleImpl done
Event: 31.603 loading class java/lang/ProcessImpl$2
Event: 31.605 loading class java/lang/ProcessImpl$2 done
Event: 31.605 loading class java/lang/Process$PipeInputStream
Event: 31.606 loading class java/lang/Process$PipeInputStream done
Event: 31.608 loading class jdk/internal/event/ProcessStartEvent
Event: 31.615 loading class jdk/internal/event/ProcessStartEvent done
Event: 31.621 Thread 0x0000020724573070 Thread added: 0x0000020724573070
Event: 31.621 Thread 0x0000020724573ee0 Thread added: 0x0000020724573ee0
Event: 31.630 loading class java/lang/reflect/GenericSignatureFormatError
Event: 31.630 loading class java/lang/reflect/GenericSignatureFormatError done
Event: 31.988 loading class java/util/concurrent/ConcurrentLinkedQueue$Itr
Event: 31.989 loading class java/util/concurrent/ConcurrentLinkedQueue$Itr done


Dynamic libraries:
0x00007ff7529e0000 - 0x00007ff7529ea000 	C:\Program Files\Android\Android Studio\jbr\bin\java.exe
0x00007ffb865b0000 - 0x00007ffb867c7000 	C:\WINDOWS\SYSTEM32\ntdll.dll
0x00007ffb84780000 - 0x00007ffb84844000 	C:\WINDOWS\System32\KERNEL32.DLL
0x00007ffb83a40000 - 0x00007ffb83de5000 	C:\WINDOWS\System32\KERNELBASE.dll
0x00007ffb841e0000 - 0x00007ffb842f1000 	C:\WINDOWS\System32\ucrtbase.dll
0x00007ffb6b9a0000 - 0x00007ffb6b9bb000 	C:\Program Files\Android\Android Studio\jbr\bin\VCRUNTIME140.dll
0x00007ffb6b770000 - 0x00007ffb6b787000 	C:\Program Files\Android\Android Studio\jbr\bin\jli.dll
0x00007ffb85ef0000 - 0x00007ffb8609e000 	C:\WINDOWS\System32\USER32.dll
0x00007ffb83f10000 - 0x00007ffb83f36000 	C:\WINDOWS\System32\win32u.dll
0x00007ffb851e0000 - 0x00007ffb85209000 	C:\WINDOWS\System32\GDI32.dll
0x00007ffb83920000 - 0x00007ffb83a39000 	C:\WINDOWS\System32\gdi32full.dll
0x00007ffb83e70000 - 0x00007ffb83f0a000 	C:\WINDOWS\System32\msvcp_win.dll
0x00007ffb6eae0000 - 0x00007ffb6ed73000 	C:\WINDOWS\WinSxS\amd64_microsoft.windows.common-controls_6595b64144ccf1df_6.0.22621.2506_none_270c5ae97388e100\COMCTL32.dll
0x00007ffb850d0000 - 0x00007ffb85177000 	C:\WINDOWS\System32\msvcrt.dll
0x00007ffb86270000 - 0x00007ffb862a1000 	C:\WINDOWS\System32\IMM32.DLL
0x00007ffb6ba30000 - 0x00007ffb6ba3c000 	C:\Program Files\Android\Android Studio\jbr\bin\vcruntime140_1.dll
0x00007ffb4d530000 - 0x00007ffb4d5bd000 	C:\Program Files\Android\Android Studio\jbr\bin\msvcp140.dll
0x00007ffb4f9b0000 - 0x00007ffb5061e000 	C:\Program Files\Android\Android Studio\jbr\bin\server\jvm.dll
0x00007ffb84ed0000 - 0x00007ffb84f81000 	C:\WINDOWS\System32\ADVAPI32.dll
0x00007ffb860a0000 - 0x00007ffb86146000 	C:\WINDOWS\System32\sechost.dll
0x00007ffb86150000 - 0x00007ffb86267000 	C:\WINDOWS\System32\RPCRT4.dll
0x00007ffb5beb0000 - 0x00007ffb5beb9000 	C:\WINDOWS\SYSTEM32\WSOCK32.dll
0x00007ffb84e50000 - 0x00007ffb84ec1000 	C:\WINDOWS\System32\WS2_32.dll
0x00007ffb6ea90000 - 0x00007ffb6ea9a000 	C:\WINDOWS\SYSTEM32\VERSION.dll
0x00007ffb73470000 - 0x00007ffb734a4000 	C:\WINDOWS\SYSTEM32\WINMM.dll
0x00007ffb82920000 - 0x00007ffb82938000 	C:\WINDOWS\SYSTEM32\kernel.appcore.dll
0x00007ffb7b950000 - 0x00007ffb7b95a000 	C:\Program Files\Android\Android Studio\jbr\bin\jimage.dll
0x00007ffb7e330000 - 0x00007ffb7e563000 	C:\WINDOWS\SYSTEM32\DBGHELP.DLL
0x00007ffb84950000 - 0x00007ffb84cd9000 	C:\WINDOWS\System32\combase.dll
0x00007ffb84ff0000 - 0x00007ffb850c7000 	C:\WINDOWS\System32\OLEAUT32.dll
0x00007ffb54340000 - 0x00007ffb54372000 	C:\WINDOWS\SYSTEM32\dbgcore.DLL
0x00007ffb83df0000 - 0x00007ffb83e6a000 	C:\WINDOWS\System32\bcryptPrimitives.dll
0x00007ffb6bc40000 - 0x00007ffb6bc65000 	C:\Program Files\Android\Android Studio\jbr\bin\java.dll
0x00007ffb6e8a0000 - 0x00007ffb6e8b8000 	C:\Program Files\Android\Android Studio\jbr\bin\zip.dll
0x00007ffb85210000 - 0x00007ffb85a69000 	C:\WINDOWS\System32\SHELL32.dll
0x00007ffb81840000 - 0x00007ffb82134000 	C:\WINDOWS\SYSTEM32\windows.storage.dll
0x00007ffb81700000 - 0x00007ffb8183e000 	C:\WINDOWS\SYSTEM32\wintypes.dll
0x00007ffb86470000 - 0x00007ffb86563000 	C:\WINDOWS\System32\SHCORE.dll
0x00007ffb84df0000 - 0x00007ffb84e4e000 	C:\WINDOWS\System32\shlwapi.dll
0x00007ffb83850000 - 0x00007ffb83876000 	C:\WINDOWS\SYSTEM32\profapi.dll
0x00007ffb6bc20000 - 0x00007ffb6bc39000 	C:\Program Files\Android\Android Studio\jbr\bin\net.dll
0x00007ffb76ef0000 - 0x00007ffb77027000 	C:\WINDOWS\SYSTEM32\WINHTTP.dll
0x00007ffb82da0000 - 0x00007ffb82e09000 	C:\WINDOWS\system32\mswsock.dll
0x00007ffb6bbc0000 - 0x00007ffb6bbd6000 	C:\Program Files\Android\Android Studio\jbr\bin\nio.dll
0x00007ffb788e0000 - 0x00007ffb788f0000 	C:\Program Files\Android\Android Studio\jbr\bin\verify.dll
0x00007ffb7b570000 - 0x00007ffb7b597000 	C:\Users\Ian\.gradle\native\e1d6ef7f7dcc3fd88c89a11ec53ec762bb8ba0a96d01ffa2cd45eb1d1d8dd5c5\windows-amd64\native-platform.dll
0x00007ffb440d0000 - 0x00007ffb44214000 	C:\Users\Ian\.gradle\native\5664cfc778a61ccfe75a443a1ab52a65af34e5dc3c78e0209fed803814484fcb\windows-amd64\native-platform-file-events.dll
0x00007ffb6e820000 - 0x00007ffb6e829000 	C:\Program Files\Android\Android Studio\jbr\bin\management.dll
0x00007ffb6daa0000 - 0x00007ffb6daab000 	C:\Program Files\Android\Android Studio\jbr\bin\management_ext.dll
0x00007ffb862b0000 - 0x00007ffb862b8000 	C:\WINDOWS\System32\PSAPI.DLL
0x00007ffb82ff0000 - 0x00007ffb8300b000 	C:\WINDOWS\SYSTEM32\CRYPTSP.dll
0x00007ffb82880000 - 0x00007ffb828b5000 	C:\WINDOWS\system32\rsaenh.dll
0x00007ffb82e90000 - 0x00007ffb82ebc000 	C:\WINDOWS\SYSTEM32\USERENV.dll
0x00007ffb831e0000 - 0x00007ffb83208000 	C:\WINDOWS\SYSTEM32\bcrypt.dll
0x00007ffb83010000 - 0x00007ffb8301c000 	C:\WINDOWS\SYSTEM32\CRYPTBASE.dll
0x00007ffb823e0000 - 0x00007ffb8240d000 	C:\WINDOWS\SYSTEM32\IPHLPAPI.DLL
0x00007ffb851d0000 - 0x00007ffb851d9000 	C:\WINDOWS\System32\NSI.dll
0x00007ffb740f0000 - 0x00007ffb74109000 	C:\WINDOWS\SYSTEM32\dhcpcsvc6.DLL
0x00007ffb73fe0000 - 0x00007ffb73fff000 	C:\WINDOWS\SYSTEM32\dhcpcsvc.DLL
0x00007ffb82410000 - 0x00007ffb82509000 	C:\WINDOWS\SYSTEM32\DNSAPI.dll
0x00007ffb6cd20000 - 0x00007ffb6cd28000 	C:\WINDOWS\system32\wshunix.dll

dbghelp: loaded successfully - version: 4.0.5 - missing functions: none
symbol engine: initialized successfully - sym options: 0x614 - pdb path: .;C:\Program Files\Android\Android Studio\jbr\bin;C:\WINDOWS\SYSTEM32;C:\WINDOWS\WinSxS\amd64_microsoft.windows.common-controls_6595b64144ccf1df_6.0.22621.2506_none_270c5ae97388e100;C:\Program Files\Android\Android Studio\jbr\bin\server;C:\Users\Ian\.gradle\native\e1d6ef7f7dcc3fd88c89a11ec53ec762bb8ba0a96d01ffa2cd45eb1d1d8dd5c5\windows-amd64;C:\Users\Ian\.gradle\native\5664cfc778a61ccfe75a443a1ab52a65af34e5dc3c78e0209fed803814484fcb\windows-amd64

VM Arguments:
jvm_args: --add-opens=java.base/java.util=ALL-UNNAMED --add-opens=java.base/java.lang=ALL-UNNAMED --add-opens=java.base/java.lang.invoke=ALL-UNNAMED --add-opens=java.base/java.util=ALL-UNNAMED --add-opens=java.prefs/java.util.prefs=ALL-UNNAMED --add-opens=java.prefs/java.util.prefs=ALL-UNNAMED --add-opens=java.base/java.nio.charset=ALL-UNNAMED --add-opens=java.base/java.net=ALL-UNNAMED --add-opens=java.base/java.util.concurrent.atomic=ALL-UNNAMED -Xmx2048m -Dfile.encoding=UTF-8 -Duser.country=ID -Duser.language=id -Duser.variant 
java_command: org.gradle.launcher.daemon.bootstrap.GradleDaemon 7.2
java_class_path (initial): C:\Users\Ian\.gradle\wrapper\dists\gradle-7.2-bin\2dnblmf4td7x66yl1d74lt32g\gradle-7.2\lib\gradle-launcher-7.2.jar
Launcher Type: SUN_STANDARD

[Global flags]
     intx CICompilerCount                          = 3                                         {product} {ergonomic}
     uint ConcGCThreads                            = 1                                         {product} {ergonomic}
     uint G1ConcRefinementThreads                  = 4                                         {product} {ergonomic}
   size_t G1HeapRegionSize                         = 1048576                                   {product} {ergonomic}
    uintx GCDrainStackTargetSize                   = 64                                        {product} {ergonomic}
   size_t InitialHeapSize                          = 65011712                                  {product} {ergonomic}
   size_t MarkStackSize                            = 4194304                                   {product} {ergonomic}
   size_t MaxHeapSize                              = 2147483648                                {product} {command line}
   size_t MaxNewSize                               = 1287651328                                {product} {ergonomic}
   size_t MinHeapDeltaBytes                        = 1048576                                   {product} {ergonomic}
   size_t MinHeapSize                              = 8388608                                   {product} {ergonomic}
    uintx NonNMethodCodeHeapSize                   = 5832780                                {pd product} {ergonomic}
    uintx NonProfiledCodeHeapSize                  = 122912730                              {pd product} {ergonomic}
    uintx ProfiledCodeHeapSize                     = 122912730                              {pd product} {ergonomic}
    uintx ReservedCodeCacheSize                    = 251658240                              {pd product} {ergonomic}
     bool SegmentedCodeCache                       = true                                      {product} {ergonomic}
   size_t SoftMaxHeapSize                          = 2147483648                             {manageable} {ergonomic}
     bool UseCompressedClassPointers               = true                           {product lp64_product} {ergonomic}
     bool UseCompressedOops                        = true                           {product lp64_product} {ergonomic}
     bool UseG1GC                                  = true                                      {product} {ergonomic}
     bool UseLargePagesIndividualAllocation        = false                                  {pd product} {ergonomic}

Logging:
Log output configuration:
 #0: stdout all=warning uptime,level,tags
 #1: stderr all=off uptime,level,tags

Environment Variables:
PATH=C:\ProgramData\Oracle\Java\javapath;C:\Program Files\OpenLogic\jdk-17.0.6.10-hotspot\bin;C:\Program Files\OpenJDK\jdk-11.0.18.10-hotspot\bin;C:\Program Files (x86)\Common Files\Oracle\Java\javapath;C:\Program Files (x86)\Common Files\Intel\Shared Files\cpp\bin\Intel64;C:\WINDOWS\system32;C:\WINDOWS;C:\WINDOWS\System32\Wbem;C:\WINDOWS\System32\WindowsPowerShell\v1.0\;C:\WINDOWS\System32\OpenSSH\;C:\Program Files\Intel\WiFi\bin\;C:\Program Files\Common Files\Intel\WirelessCommon\;C:\Program Files\Git\cmd;C:\Users\Ian\AppData\Local\Microsoft\WindowsApps;;C:\Users\Ian\AppData\Local\Programs\Microsoft VS Code\bin
USERNAME=Ian
OS=Windows_NT
PROCESSOR_IDENTIFIER=Intel64 Family 6 Model 142 Stepping 10, GenuineIntel
TMP=C:\Users\Ian\AppData\Local\Temp
TEMP=C:\Users\Ian\AppData\Local\Temp


JNI global refs:
JNI global refs: 24, weak refs: 12

JNI global refs memory usage: 843, weak refs: 841


---------------  S Y S T E M  ---------------

OS:
 Windows 11 , 64 bit Build 22621 (10.0.22621.2506)
OS uptime: 0 days 3:07 hours

CPU: total 4 (initial active 4) (2 cores per cpu, 2 threads per core) family 6 model 142 stepping 10 microcode 0xe0, cx8, cmov, fxsr, ht, mmx, 3dnowpref, sse, sse2, sse3, ssse3, sse4.1, sse4.2, popcnt, lzcnt, tsc, tscinvbit, aes, erms, clmul, clflush, clflushopt

Memory: 4k page, system-wide physical 3952M (262M free)
TotalPageFile size 8048M (AvailPageFile size 6M)
current process WorkingSet (physical memory assigned to process): 365M, peak: 365M
current process commit charge ("private bytes"): 662M, peak: 666M

vm_info: OpenJDK 64-Bit Server VM (17.0.6+0-b2043.56-10027231) for windows-amd64 JRE (17.0.6+0-b2043.56-10027231), built on Apr 28 2023 00:43:19 by "androidbuild" with MS VC++ 16.10 / 16.11 (VS2019)

END.
