#
# There is insufficient memory for the Java Runtime Environment to continue.
# Native memory allocation (mmap) failed to map 141557760 bytes for G1 virtual space
# Possible reasons:
#   The system is out of physical RAM or swap space
#   The process is running with CompressedOops enabled, and the Java Heap may be blocking the growth of the native heap
# Possible solutions:
#   Reduce memory load on the system
#   Increase physical memory or swap space
#   Check if swap backing store is full
#   Decrease Java heap size (-Xmx/-Xms)
#   Decrease number of Java threads
#   Decrease Java thread stack sizes (-Xss)
#   Set larger code cache with -XX:ReservedCodeCacheSize=
#   JVM is running with Unscaled Compressed Oops mode in which the Java heap is
#     placed in the first 4GB address space. The Java Heap base address is the
#     maximum limit for the native heap growth. Please use -XX:HeapBaseMinAddress
#     to set the Java Heap base and to place the Java Heap above 4GB virtual address.
# This output file may be truncated or incomplete.
#
#  Out of Memory Error (os_windows.cpp:3769), pid=5024, tid=12616
#
# JRE version: OpenJDK Runtime Environment (17.0.6) (build 17.0.6+0-b2043.56-10027231)
# Java VM: OpenJDK 64-Bit Server VM (17.0.6+0-b2043.56-10027231, mixed mode, tiered, compressed oops, compressed class ptrs, g1 gc, windows-amd64)
# No core dump will be written. Minidumps are not enabled by default on client versions of Windows
#

---------------  S U M M A R Y ------------

Command Line: --add-opens=java.base/java.util=ALL-UNNAMED --add-opens=java.base/java.lang=ALL-UNNAMED --add-opens=java.base/java.lang.invoke=ALL-UNNAMED --add-opens=java.base/java.util=ALL-UNNAMED --add-opens=java.prefs/java.util.prefs=ALL-UNNAMED --add-opens=java.prefs/java.util.prefs=ALL-UNNAMED --add-opens=java.base/java.nio.charset=ALL-UNNAMED --add-opens=java.base/java.net=ALL-UNNAMED --add-opens=java.base/java.util.concurrent.atomic=ALL-UNNAMED -Xmx2048m -Dfile.encoding=UTF-8 -Duser.country=ID -Duser.language=id -Duser.variant org.gradle.launcher.daemon.bootstrap.GradleDaemon 7.2

Host: Intel(R) Pentium(R) CPU 4417U @ 2.30GHz, 4 cores, 3G,  Windows 11 , 64 bit Build 22621 (10.0.22621.2506)
Time: Wed Dec  6 20:50:26 2023 SE Asia Standard Time elapsed time: 56.581186 seconds (0d 0h 0m 56s)

---------------  T H R E A D  ---------------

Current thread (0x0000017d42ed5730):  VMThread "VM Thread" [stack: 0x0000003d6c700000,0x0000003d6c800000] [id=12616]

Stack: [0x0000003d6c700000,0x0000003d6c800000]
Native frames: (J=compiled Java code, j=interpreted, Vv=VM code, C=native code)
V  [jvm.dll+0x683c9a]
V  [jvm.dll+0x8427a4]
V  [jvm.dll+0x843f9e]
V  [jvm.dll+0x844603]
V  [jvm.dll+0x249b75]
V  [jvm.dll+0x680b69]
V  [jvm.dll+0x67505a]
V  [jvm.dll+0x309acb]
V  [jvm.dll+0x310f86]
V  [jvm.dll+0x3608ee]
V  [jvm.dll+0x360b1f]
V  [jvm.dll+0x2dfbf8]
V  [jvm.dll+0x2ddec4]
V  [jvm.dll+0x2dd4cc]
V  [jvm.dll+0x321f3b]
V  [jvm.dll+0x848ccb]
V  [jvm.dll+0x849a04]
V  [jvm.dll+0x849f1d]
V  [jvm.dll+0x84a2f4]
V  [jvm.dll+0x84a3c0]
V  [jvm.dll+0x7f274a]
V  [jvm.dll+0x682ad5]
C  [ucrtbase.dll+0x29363]
C  [KERNEL32.DLL+0x1257d]
C  [ntdll.dll+0x5aa58]

VM_Operation (0x0000003d70bf42b0): G1CollectForAllocation, mode: safepoint, requested by thread 0x0000017d43eabb40


---------------  P R O C E S S  ---------------

Threads class SMR info:
_java_thread_list=0x0000017d4fbcecf0, length=89, elements={
0x0000017d299295f0, 0x0000017d42ec2170, 0x0000017d42ea4390, 0x0000017d42ebfd50,
0x0000017d42ec0810, 0x0000017d42ef3da0, 0x0000017d42ef4750, 0x0000017d42f0c640,
0x0000017d42f11380, 0x0000017d42f16b80, 0x0000017d43a73ac0, 0x0000017d43a97220,
0x0000017d454c8530, 0x0000017d44e02200, 0x0000017d4531c040, 0x0000017d4480fdb0,
0x0000017d4493cbb0, 0x0000017d4520eed0, 0x0000017d45211080, 0x0000017d4520ea00,
0x0000017d45211550, 0x0000017d4520f870, 0x0000017d45210210, 0x0000017d45210bb0,
0x0000017d4520e530, 0x0000017d4520e060, 0x0000017d4520fd40, 0x0000017d4520f3a0,
0x0000017d452106e0, 0x0000017d4739fde0, 0x0000017d473a02b0, 0x0000017d473a37a0,
0x0000017d473a5e20, 0x0000017d4739f910, 0x0000017d473a0c50, 0x0000017d473a15f0,
0x0000017d473a1ac0, 0x0000017d4739ef70, 0x0000017d473a4fb0, 0x0000017d473a2460,
0x0000017d473a5480, 0x0000017d473a2930, 0x0000017d473a2e00, 0x0000017d473a3c70,
0x0000017d473a32d0, 0x0000017d473a5950, 0x0000017d473a62f0, 0x0000017d4739eaa0,
0x0000017d4739f440, 0x0000017d43eb2ec0, 0x0000017d43eb11e0, 0x0000017d43eb16b0,
0x0000017d43eb2520, 0x0000017d43eac010, 0x0000017d43eb0d10, 0x0000017d43ead820,
0x0000017d43eaf500, 0x0000017d43eac4e0, 0x0000017d43eaf030, 0x0000017d43eb2050,
0x0000017d43eaeb60, 0x0000017d43eb1b80, 0x0000017d43eadcf0, 0x0000017d43eaf9d0,
0x0000017d43eabb40, 0x0000017d43eb29f0, 0x0000017d43eb3390, 0x0000017d43eafea0,
0x0000017d43eb0370, 0x0000017d43eb0840, 0x0000017d43eae1c0, 0x0000017d43eac9b0,
0x0000017d43eae690, 0x0000017d43eace80, 0x0000017d43ead350, 0x0000017d4644ae40,
0x0000017d4644d4c0, 0x0000017d4644e800, 0x0000017d4644ecd0, 0x0000017d4644b310,
0x0000017d4644d990, 0x0000017d4644c180, 0x0000017d4644e330, 0x0000017d4644b7e0,
0x0000017d4644f1a0, 0x0000017d4da3ef10, 0x0000017d47fa9990, 0x0000017d47fab1a0,
0x0000017d47fa9e60
}

Java Threads: ( => current thread )
  0x0000017d299295f0 JavaThread "main" [_thread_blocked, id=12560, stack(0x0000003d6c100000,0x0000003d6c200000)]
  0x0000017d42ec2170 JavaThread "Reference Handler" daemon [_thread_blocked, id=14716, stack(0x0000003d6c800000,0x0000003d6c900000)]
  0x0000017d42ea4390 JavaThread "Finalizer" daemon [_thread_blocked, id=13704, stack(0x0000003d6c900000,0x0000003d6ca00000)]
  0x0000017d42ebfd50 JavaThread "Signal Dispatcher" daemon [_thread_blocked, id=8132, stack(0x0000003d6ca00000,0x0000003d6cb00000)]
  0x0000017d42ec0810 JavaThread "Attach Listener" daemon [_thread_blocked, id=13636, stack(0x0000003d6cb00000,0x0000003d6cc00000)]
  0x0000017d42ef3da0 JavaThread "Service Thread" daemon [_thread_blocked, id=15696, stack(0x0000003d6cc00000,0x0000003d6cd00000)]
  0x0000017d42ef4750 JavaThread "Monitor Deflation Thread" daemon [_thread_blocked, id=8212, stack(0x0000003d6cd00000,0x0000003d6ce00000)]
  0x0000017d42f0c640 JavaThread "C2 CompilerThread0" daemon [_thread_in_native, id=15704, stack(0x0000003d6ce00000,0x0000003d6cf00000)]
  0x0000017d42f11380 JavaThread "C1 CompilerThread0" daemon [_thread_blocked, id=12160, stack(0x0000003d6cf00000,0x0000003d6d000000)]
  0x0000017d42f16b80 JavaThread "Sweeper thread" daemon [_thread_blocked, id=13808, stack(0x0000003d6d000000,0x0000003d6d100000)]
  0x0000017d43a73ac0 JavaThread "Common-Cleaner" daemon [_thread_blocked, id=3376, stack(0x0000003d6d100000,0x0000003d6d200000)]
  0x0000017d43a97220 JavaThread "Notification Thread" daemon [_thread_blocked, id=9080, stack(0x0000003d6d200000,0x0000003d6d300000)]
  0x0000017d454c8530 JavaThread "Daemon health stats" [_thread_blocked, id=15288, stack(0x0000003d6d700000,0x0000003d6d800000)]
  0x0000017d44e02200 JavaThread "Incoming local TCP Connector on port 52847" [_thread_in_native, id=2392, stack(0x0000003d6d800000,0x0000003d6d900000)]
  0x0000017d4531c040 JavaThread "Daemon periodic checks" [_thread_blocked, id=1896, stack(0x0000003d6d900000,0x0000003d6da00000)]
  0x0000017d4480fdb0 JavaThread "Daemon" [_thread_blocked, id=12272, stack(0x0000003d6da00000,0x0000003d6db00000)]
  0x0000017d4493cbb0 JavaThread "Handler for socket connection from /127.0.0.1:52847 to /127.0.0.1:52848" [_thread_in_native, id=4936, stack(0x0000003d6db00000,0x0000003d6dc00000)]
  0x0000017d4520eed0 JavaThread "Cancel handler" [_thread_blocked, id=13332, stack(0x0000003d6dc00000,0x0000003d6dd00000)]
  0x0000017d45211080 JavaThread "Daemon worker" [_thread_blocked, id=14284, stack(0x0000003d6dd00000,0x0000003d6de00000)]
  0x0000017d4520ea00 JavaThread "Asynchronous log dispatcher for DefaultDaemonConnection: socket connection from /127.0.0.1:52847 to /127.0.0.1:52848" [_thread_blocked, id=9580, stack(0x0000003d6de00000,0x0000003d6df00000)]
  0x0000017d45211550 JavaThread "Stdin handler" [_thread_blocked, id=10212, stack(0x0000003d6df00000,0x0000003d6e000000)]
  0x0000017d4520f870 JavaThread "Daemon client event forwarder" [_thread_blocked, id=8708, stack(0x0000003d6e000000,0x0000003d6e100000)]
  0x0000017d45210210 JavaThread "Cache worker for journal cache (C:\Users\Ian\.gradle\caches\journal-1)" [_thread_blocked, id=9008, stack(0x0000003d6e100000,0x0000003d6e200000)]
  0x0000017d45210bb0 JavaThread "File lock request listener" [_thread_in_native, id=3840, stack(0x0000003d6e200000,0x0000003d6e300000)]
  0x0000017d4520e530 JavaThread "Cache worker for file hash cache (C:\Users\Ian\.gradle\caches\7.2\fileHashes)" [_thread_blocked, id=16340, stack(0x0000003d6e300000,0x0000003d6e400000)]
  0x0000017d4520e060 JavaThread "Cache worker for file hash cache (C:\Users\Ian\AndroidStudioProjects\ujianandroid_\.gradle\7.2\fileHashes)" [_thread_blocked, id=14468, stack(0x0000003d6e400000,0x0000003d6e500000)]
  0x0000017d4520fd40 JavaThread "File watcher server" daemon [_thread_in_native, id=14944, stack(0x0000003d6e500000,0x0000003d6e600000)]
  0x0000017d4520f3a0 JavaThread "File watcher consumer" daemon [_thread_blocked, id=15460, stack(0x0000003d6e600000,0x0000003d6e700000)]
  0x0000017d452106e0 JavaThread "Cache worker for checksums cache (C:\Users\Ian\AndroidStudioProjects\ujianandroid_\.gradle\checksums)" [_thread_blocked, id=1776, stack(0x0000003d6e700000,0x0000003d6e800000)]
  0x0000017d4739fde0 JavaThread "Cache worker for cache directory md-supplier (C:\Users\Ian\.gradle\caches\7.2\md-supplier)" [_thread_blocked, id=16204, stack(0x0000003d6e800000,0x0000003d6e900000)]
  0x0000017d473a02b0 JavaThread "Cache worker for cache directory md-rule (C:\Users\Ian\.gradle\caches\7.2\md-rule)" [_thread_blocked, id=15304, stack(0x0000003d6e900000,0x0000003d6ea00000)]
  0x0000017d473a37a0 JavaThread "Cache worker for execution history cache (C:\Users\Ian\.gradle\caches\7.2\executionHistory)" [_thread_blocked, id=14952, stack(0x0000003d6ea00000,0x0000003d6eb00000)]
  0x0000017d473a5e20 JavaThread "jar transforms" [_thread_blocked, id=6560, stack(0x0000003d6eb00000,0x0000003d6ec00000)]
  0x0000017d4739f910 JavaThread "jar transforms Thread 2" [_thread_blocked, id=1744, stack(0x0000003d6ec00000,0x0000003d6ed00000)]
  0x0000017d473a0c50 JavaThread "Cache worker for file content cache (C:\Users\Ian\.gradle\caches\7.2\fileContent)" [_thread_blocked, id=7204, stack(0x0000003d6ed00000,0x0000003d6ee00000)]
  0x0000017d473a15f0 JavaThread "jar transforms Thread 3" [_thread_blocked, id=16284, stack(0x0000003d6ee00000,0x0000003d6ef00000)]
  0x0000017d473a1ac0 JavaThread "jar transforms Thread 4" [_thread_blocked, id=2872, stack(0x0000003d6ef00000,0x0000003d6f000000)]
  0x0000017d4739ef70 JavaThread "Cache worker for dependencies-accessors (C:\Users\Ian\AndroidStudioProjects\ujianandroid_\.gradle\7.2\dependencies-accessors)" [_thread_blocked, id=376, stack(0x0000003d6f000000,0x0000003d6f100000)]
  0x0000017d473a4fb0 JavaThread "Cache worker for Build Output Cleanup Cache (C:\Users\Ian\AndroidStudioProjects\ujianandroid_\.gradle\buildOutputCleanup)" [_thread_blocked, id=9408, stack(0x0000003d6f200000,0x0000003d6f300000)]
  0x0000017d473a2460 JavaThread "Unconstrained build operations" [_thread_blocked, id=7536, stack(0x0000003d6f100000,0x0000003d6f200000)]
  0x0000017d473a5480 JavaThread "Unconstrained build operations Thread 2" [_thread_blocked, id=10208, stack(0x0000003d6f300000,0x0000003d6f400000)]
  0x0000017d473a2930 JavaThread "Unconstrained build operations Thread 3" [_thread_blocked, id=14688, stack(0x0000003d6f400000,0x0000003d6f500000)]
  0x0000017d473a2e00 JavaThread "Unconstrained build operations Thread 4" [_thread_blocked, id=16268, stack(0x0000003d6f500000,0x0000003d6f600000)]
  0x0000017d473a3c70 JavaThread "Unconstrained build operations Thread 5" [_thread_blocked, id=7824, stack(0x0000003d6f600000,0x0000003d6f700000)]
  0x0000017d473a32d0 JavaThread "Unconstrained build operations Thread 6" [_thread_blocked, id=2840, stack(0x0000003d6f700000,0x0000003d6f800000)]
  0x0000017d473a5950 JavaThread "Unconstrained build operations Thread 7" [_thread_blocked, id=13732, stack(0x0000003d6f800000,0x0000003d6f900000)]
  0x0000017d473a62f0 JavaThread "Unconstrained build operations Thread 8" [_thread_blocked, id=1180, stack(0x0000003d6f900000,0x0000003d6fa00000)]
  0x0000017d4739eaa0 JavaThread "Unconstrained build operations Thread 9" [_thread_blocked, id=12720, stack(0x0000003d6fa00000,0x0000003d6fb00000)]
  0x0000017d4739f440 JavaThread "Unconstrained build operations Thread 10" [_thread_blocked, id=13372, stack(0x0000003d6fb00000,0x0000003d6fc00000)]
  0x0000017d43eb2ec0 JavaThread "Unconstrained build operations Thread 11" [_thread_blocked, id=3676, stack(0x0000003d6fc00000,0x0000003d6fd00000)]
  0x0000017d43eb11e0 JavaThread "Unconstrained build operations Thread 12" [_thread_blocked, id=5804, stack(0x0000003d6fd00000,0x0000003d6fe00000)]
  0x0000017d43eb16b0 JavaThread "Unconstrained build operations Thread 13" [_thread_blocked, id=1320, stack(0x0000003d6fe00000,0x0000003d6ff00000)]
  0x0000017d43eb2520 JavaThread "Unconstrained build operations Thread 14" [_thread_blocked, id=636, stack(0x0000003d6ff00000,0x0000003d70000000)]
  0x0000017d43eac010 JavaThread "Unconstrained build operations Thread 15" [_thread_blocked, id=12128, stack(0x0000003d70000000,0x0000003d70100000)]
  0x0000017d43eb0d10 JavaThread "Unconstrained build operations Thread 16" [_thread_blocked, id=2100, stack(0x0000003d70100000,0x0000003d70200000)]
  0x0000017d43ead820 JavaThread "Unconstrained build operations Thread 17" [_thread_blocked, id=15468, stack(0x0000003d70200000,0x0000003d70300000)]
  0x0000017d43eaf500 JavaThread "Unconstrained build operations Thread 18" [_thread_blocked, id=15572, stack(0x0000003d70300000,0x0000003d70400000)]
  0x0000017d43eac4e0 JavaThread "Unconstrained build operations Thread 19" [_thread_blocked, id=8012, stack(0x0000003d70400000,0x0000003d70500000)]
  0x0000017d43eaf030 JavaThread "Unconstrained build operations Thread 20" [_thread_blocked, id=16228, stack(0x0000003d70500000,0x0000003d70600000)]
  0x0000017d43eb2050 JavaThread "Unconstrained build operations Thread 21" [_thread_blocked, id=13516, stack(0x0000003d70600000,0x0000003d70700000)]
  0x0000017d43eaeb60 JavaThread "Unconstrained build operations Thread 22" [_thread_blocked, id=11888, stack(0x0000003d70700000,0x0000003d70800000)]
  0x0000017d43eb1b80 JavaThread "Unconstrained build operations Thread 23" [_thread_blocked, id=14216, stack(0x0000003d70800000,0x0000003d70900000)]
  0x0000017d43eadcf0 JavaThread "Unconstrained build operations Thread 24" [_thread_blocked, id=12716, stack(0x0000003d70900000,0x0000003d70a00000)]
  0x0000017d43eaf9d0 JavaThread "Unconstrained build operations Thread 25" [_thread_blocked, id=15884, stack(0x0000003d70a00000,0x0000003d70b00000)]
  0x0000017d43eabb40 JavaThread "Unconstrained build operations Thread 26" [_thread_blocked, id=8680, stack(0x0000003d70b00000,0x0000003d70c00000)]
  0x0000017d43eb29f0 JavaThread "Unconstrained build operations Thread 27" [_thread_blocked, id=4192, stack(0x0000003d70c00000,0x0000003d70d00000)]
  0x0000017d43eb3390 JavaThread "Unconstrained build operations Thread 28" [_thread_blocked, id=6400, stack(0x0000003d70d00000,0x0000003d70e00000)]
  0x0000017d43eafea0 JavaThread "Unconstrained build operations Thread 29" [_thread_blocked, id=16300, stack(0x0000003d70e00000,0x0000003d70f00000)]
  0x0000017d43eb0370 JavaThread "Unconstrained build operations Thread 30" [_thread_blocked, id=7840, stack(0x0000003d70f00000,0x0000003d71000000)]
  0x0000017d43eb0840 JavaThread "Unconstrained build operations Thread 31" [_thread_blocked, id=4108, stack(0x0000003d71000000,0x0000003d71100000)]
  0x0000017d43eae1c0 JavaThread "Unconstrained build operations Thread 32" [_thread_blocked, id=14232, stack(0x0000003d71100000,0x0000003d71200000)]
  0x0000017d43eac9b0 JavaThread "Unconstrained build operations Thread 33" [_thread_blocked, id=12320, stack(0x0000003d71200000,0x0000003d71300000)]
  0x0000017d43eae690 JavaThread "Unconstrained build operations Thread 34" [_thread_blocked, id=14236, stack(0x0000003d71300000,0x0000003d71400000)]
  0x0000017d43eace80 JavaThread "Unconstrained build operations Thread 35" [_thread_blocked, id=13316, stack(0x0000003d71400000,0x0000003d71500000)]
  0x0000017d43ead350 JavaThread "Unconstrained build operations Thread 36" [_thread_blocked, id=12112, stack(0x0000003d71500000,0x0000003d71600000)]
  0x0000017d4644ae40 JavaThread "Unconstrained build operations Thread 37" [_thread_blocked, id=2880, stack(0x0000003d71600000,0x0000003d71700000)]
  0x0000017d4644d4c0 JavaThread "Unconstrained build operations Thread 38" [_thread_blocked, id=6368, stack(0x0000003d71700000,0x0000003d71800000)]
  0x0000017d4644e800 JavaThread "Unconstrained build operations Thread 39" [_thread_blocked, id=8604, stack(0x0000003d71800000,0x0000003d71900000)]
  0x0000017d4644ecd0 JavaThread "Unconstrained build operations Thread 40" [_thread_blocked, id=4496, stack(0x0000003d71900000,0x0000003d71a00000)]
  0x0000017d4644b310 JavaThread "Memory manager" [_thread_blocked, id=2944, stack(0x0000003d71c00000,0x0000003d71d00000)]
  0x0000017d4644d990 JavaThread "build event listener" [_thread_blocked, id=15564, stack(0x0000003d71d00000,0x0000003d71e00000)]
  0x0000017d4644c180 JavaThread "Execution worker for ':'" [_thread_blocked, id=15988, stack(0x0000003d71e00000,0x0000003d71f00000)]
  0x0000017d4644e330 JavaThread "Execution worker for ':' Thread 2" [_thread_blocked, id=7676, stack(0x0000003d71f00000,0x0000003d72000000)]
  0x0000017d4644b7e0 JavaThread "Execution worker for ':' Thread 3" [_thread_blocked, id=11896, stack(0x0000003d72000000,0x0000003d72100000)]
  0x0000017d4644f1a0 JavaThread "Cache worker for execution history cache (C:\Users\Ian\AndroidStudioProjects\ujianandroid_\.gradle\7.2\executionHistory)" [_thread_blocked, id=7728, stack(0x0000003d72100000,0x0000003d72200000)]
  0x0000017d4da3ef10 JavaThread "WorkerExecutor Queue" [_thread_blocked, id=12688, stack(0x0000003d72200000,0x0000003d72300000)]
  0x0000017d47fa9990 JavaThread "pool-3-thread-1" [_thread_blocked, id=2344, stack(0x0000003d72300000,0x0000003d72400000)]
  0x0000017d47fab1a0 JavaThread "stderr" [_thread_in_native, id=4824, stack(0x0000003d72400000,0x0000003d72500000)]
  0x0000017d47fa9e60 JavaThread "stdout" [_thread_in_native, id=2564, stack(0x0000003d72500000,0x0000003d72600000)]

Other Threads:
=>0x0000017d42ed5730 VMThread "VM Thread" [stack: 0x0000003d6c700000,0x0000003d6c800000] [id=12616]
  0x0000017d43a976f0 WatcherThread [stack: 0x0000003d6d300000,0x0000003d6d400000] [id=4892]
  0x0000017d299852a0 GCTaskThread "GC Thread#0" [stack: 0x0000003d6c200000,0x0000003d6c300000] [id=13364]
  0x0000017d443ae010 GCTaskThread "GC Thread#1" [stack: 0x0000003d6d400000,0x0000003d6d500000] [id=892]
  0x0000017d442a7930 GCTaskThread "GC Thread#2" [stack: 0x0000003d6d500000,0x0000003d6d600000] [id=8424]
  0x0000017d44541d40 GCTaskThread "GC Thread#3" [stack: 0x0000003d6d600000,0x0000003d6d700000] [id=2676]
  0x0000017d29996080 ConcurrentGCThread "G1 Main Marker" [stack: 0x0000003d6c300000,0x0000003d6c400000] [id=8408]
  0x0000017d29996930 ConcurrentGCThread "G1 Conc#0" [stack: 0x0000003d6c400000,0x0000003d6c500000] [id=1352]
  0x0000017d299e13d0 ConcurrentGCThread "G1 Refine#0" [stack: 0x0000003d6c500000,0x0000003d6c600000] [id=15248]
  0x0000017d47e181b0 ConcurrentGCThread "G1 Refine#1" [stack: 0x0000003d72600000,0x0000003d72700000] [id=12552]
  0x0000017d299e1c90 ConcurrentGCThread "G1 Service" [stack: 0x0000003d6c600000,0x0000003d6c700000] [id=13676]

Threads with active compile tasks:
C2 CompilerThread0    56701 11030 %     4       com.android.tools.r8.internal.U6::a @ 1682 (6044 bytes)

VM state: at safepoint (normal execution)

VM Mutex/Monitor currently owned by a thread:  ([mutex/lock_event])
[0x0000017d29922a90] Threads_lock - owner thread: 0x0000017d42ed5730
[0x0000017d29923db0] Heap_lock - owner thread: 0x0000017d43eabb40

Heap address: 0x0000000080000000, size: 2048 MB, Compressed Oops mode: 32-bit

CDS archive(s) not mapped
Compressed class space mapped at: 0x0000000100000000-0x0000000140000000, reserved size: 1073741824
Narrow klass base: 0x0000000000000000, Narrow klass shift: 3, Narrow klass range: 0x140000000

GC Precious Log:
 CPUs: 4 total, 4 available
 Memory: 3952M
 Large Page Support: Disabled
 NUMA Support: Disabled
 Compressed Oops: Enabled (32-bit)
 Heap Region Size: 1M
 Heap Min Capacity: 8M
 Heap Initial Capacity: 62M
 Heap Max Capacity: 2G
 Pre-touch: Disabled
 Parallel Workers: 4
 Concurrent Workers: 1
 Concurrent Refinement Workers: 4
 Periodic GC: Disabled

Heap:
 garbage-first heap   total 177152K, used 117955K [0x0000000080000000, 0x0000000100000000)
  region size 1024K, 5 young (5120K), 5 survivors (5120K)
 Metaspace       used 95404K, committed 96000K, reserved 1138688K
  class space    used 13040K, committed 13312K, reserved 1048576K

Heap Regions: E=young(eden), S=young(survivor), O=old, HS=humongous(starts), HC=humongous(continues), CS=collection set, F=free, OA=open archive, CA=closed archive, TAMS=top-at-mark-start (previous, next)
|   0|0x0000000080000000, 0x0000000080100000, 0x0000000080100000|100%|HS|  |TAMS 0x0000000080100000, 0x0000000080000000| Complete 
|   1|0x0000000080100000, 0x0000000080200000, 0x0000000080200000|100%|HC|  |TAMS 0x0000000080200000, 0x0000000080100000| Complete 
|   2|0x0000000080200000, 0x0000000080300000, 0x0000000080300000|100%|HC|  |TAMS 0x0000000080300000, 0x0000000080200000| Complete 
|   3|0x0000000080300000, 0x0000000080400000, 0x0000000080400000|100%| O|  |TAMS 0x0000000080400000, 0x0000000080300000| Untracked 
|   4|0x0000000080400000, 0x0000000080500000, 0x0000000080500000|100%| O|  |TAMS 0x0000000080500000, 0x0000000080400000| Untracked 
|   5|0x0000000080500000, 0x0000000080600000, 0x0000000080600000|100%| O|  |TAMS 0x0000000080600000, 0x0000000080500000| Untracked 
|   6|0x0000000080600000, 0x0000000080700000, 0x0000000080700000|100%| O|  |TAMS 0x0000000080700000, 0x0000000080600000| Untracked 
|   7|0x0000000080700000, 0x0000000080800000, 0x0000000080800000|100%| O|  |TAMS 0x0000000080800000, 0x0000000080700000| Untracked 
|   8|0x0000000080800000, 0x0000000080900000, 0x0000000080900000|100%| O|  |TAMS 0x0000000080900000, 0x0000000080800000| Untracked 
|   9|0x0000000080900000, 0x0000000080a00000, 0x0000000080a00000|100%| O|  |TAMS 0x0000000080a00000, 0x0000000080900000| Untracked 
|  10|0x0000000080a00000, 0x0000000080b00000, 0x0000000080b00000|100%| O|  |TAMS 0x0000000080b00000, 0x0000000080a00000| Untracked 
|  11|0x0000000080b00000, 0x0000000080c00000, 0x0000000080c00000|100%| O|  |TAMS 0x0000000080c00000, 0x0000000080b00000| Untracked 
|  12|0x0000000080c00000, 0x0000000080d00000, 0x0000000080d00000|100%| O|  |TAMS 0x0000000080d00000, 0x0000000080c00000| Untracked 
|  13|0x0000000080d00000, 0x0000000080e00000, 0x0000000080e00000|100%| O|  |TAMS 0x0000000080d00000, 0x0000000080d00000| Untracked 
|  14|0x0000000080e00000, 0x0000000080f00000, 0x0000000080f00000|100%| O|  |TAMS 0x0000000080f00000, 0x0000000080e00000| Untracked 
|  15|0x0000000080f00000, 0x0000000081000000, 0x0000000081000000|100%| O|  |TAMS 0x0000000081000000, 0x0000000080f00000| Untracked 
|  16|0x0000000081000000, 0x0000000081100000, 0x0000000081100000|100%| O|  |TAMS 0x0000000081100000, 0x0000000081000000| Untracked 
|  17|0x0000000081100000, 0x0000000081200000, 0x0000000081200000|100%| O|  |TAMS 0x0000000081200000, 0x0000000081100000| Untracked 
|  18|0x0000000081200000, 0x0000000081300000, 0x0000000081300000|100%| O|  |TAMS 0x0000000081300000, 0x0000000081200000| Untracked 
|  19|0x0000000081300000, 0x0000000081400000, 0x0000000081400000|100%| O|  |TAMS 0x0000000081400000, 0x0000000081300000| Untracked 
|  20|0x0000000081400000, 0x0000000081500000, 0x0000000081500000|100%| O|  |TAMS 0x0000000081500000, 0x0000000081400000| Untracked 
|  21|0x0000000081500000, 0x0000000081600000, 0x0000000081600000|100%| O|  |TAMS 0x0000000081600000, 0x0000000081500000| Untracked 
|  22|0x0000000081600000, 0x0000000081700000, 0x0000000081700000|100%| O|  |TAMS 0x0000000081700000, 0x0000000081600000| Untracked 
|  23|0x0000000081700000, 0x0000000081800000, 0x0000000081800000|100%| O|  |TAMS 0x0000000081800000, 0x0000000081700000| Untracked 
|  24|0x0000000081800000, 0x0000000081900000, 0x0000000081900000|100%| O|  |TAMS 0x0000000081900000, 0x0000000081800000| Untracked 
|  25|0x0000000081900000, 0x0000000081a00000, 0x0000000081a00000|100%| O|  |TAMS 0x0000000081a00000, 0x0000000081900000| Untracked 
|  26|0x0000000081a00000, 0x0000000081b00000, 0x0000000081b00000|100%| O|  |TAMS 0x0000000081b00000, 0x0000000081a00000| Untracked 
|  27|0x0000000081b00000, 0x0000000081c00000, 0x0000000081c00000|100%| O|  |TAMS 0x0000000081c00000, 0x0000000081b00000| Untracked 
|  28|0x0000000081c00000, 0x0000000081d00000, 0x0000000081d00000|100%| O|  |TAMS 0x0000000081d00000, 0x0000000081c00000| Untracked 
|  29|0x0000000081d00000, 0x0000000081e00000, 0x0000000081e00000|100%| O|  |TAMS 0x0000000081e00000, 0x0000000081d00000| Untracked 
|  30|0x0000000081e00000, 0x0000000081f00000, 0x0000000081f00000|100%| O|  |TAMS 0x0000000081f00000, 0x0000000081e00000| Untracked 
|  31|0x0000000081f00000, 0x0000000082000000, 0x0000000082000000|100%| O|  |TAMS 0x0000000082000000, 0x0000000081f00000| Untracked 
|  32|0x0000000082000000, 0x0000000082100000, 0x0000000082100000|100%| O|  |TAMS 0x0000000082100000, 0x0000000082000000| Untracked 
|  33|0x0000000082100000, 0x0000000082200000, 0x0000000082200000|100%|HS|  |TAMS 0x0000000082200000, 0x0000000082100000| Complete 
|  34|0x0000000082200000, 0x0000000082300000, 0x0000000082300000|100%|HS|  |TAMS 0x0000000082300000, 0x0000000082200000| Complete 
|  35|0x0000000082300000, 0x0000000082400000, 0x0000000082400000|100%| O|  |TAMS 0x0000000082400000, 0x0000000082300000| Untracked 
|  36|0x0000000082400000, 0x0000000082500000, 0x0000000082500000|100%| O|  |TAMS 0x0000000082400000, 0x0000000082400000| Untracked 
|  37|0x0000000082500000, 0x0000000082600000, 0x0000000082600000|100%|HS|  |TAMS 0x0000000082600000, 0x0000000082500000| Complete 
|  38|0x0000000082600000, 0x0000000082700000, 0x0000000082700000|100%|HC|  |TAMS 0x0000000082700000, 0x0000000082600000| Complete 
|  39|0x0000000082700000, 0x0000000082800000, 0x0000000082800000|100%| O|  |TAMS 0x0000000082800000, 0x0000000082700000| Untracked 
|  40|0x0000000082800000, 0x0000000082900000, 0x0000000082900000|100%| O|  |TAMS 0x0000000082900000, 0x0000000082800000| Untracked 
|  41|0x0000000082900000, 0x0000000082a00000, 0x0000000082a00000|100%| O|  |TAMS 0x0000000082a00000, 0x0000000082900000| Untracked 
|  42|0x0000000082a00000, 0x0000000082b00000, 0x0000000082b00000|100%| O|  |TAMS 0x0000000082b00000, 0x0000000082a00000| Untracked 
|  43|0x0000000082b00000, 0x0000000082c00000, 0x0000000082c00000|100%| O|  |TAMS 0x0000000082c00000, 0x0000000082b00000| Untracked 
|  44|0x0000000082c00000, 0x0000000082d00000, 0x0000000082d00000|100%| O|  |TAMS 0x0000000082d00000, 0x0000000082c00000| Untracked 
|  45|0x0000000082d00000, 0x0000000082e00000, 0x0000000082e00000|100%| O|  |TAMS 0x0000000082dc7400, 0x0000000082d00000| Untracked 
|  46|0x0000000082e00000, 0x0000000082f00000, 0x0000000082f00000|100%| O|  |TAMS 0x0000000082e00000, 0x0000000082e00000| Untracked 
|  47|0x0000000082f00000, 0x0000000083000000, 0x0000000083000000|100%| O|  |TAMS 0x0000000082f00000, 0x0000000082f00000| Untracked 
|  48|0x0000000083000000, 0x0000000083100000, 0x0000000083100000|100%| O|  |TAMS 0x0000000083000000, 0x0000000083000000| Untracked 
|  49|0x0000000083100000, 0x0000000083200000, 0x0000000083200000|100%| O|  |TAMS 0x0000000083100000, 0x0000000083100000| Untracked 
|  50|0x0000000083200000, 0x0000000083300000, 0x0000000083300000|100%| O|  |TAMS 0x0000000083200000, 0x0000000083200000| Untracked 
|  51|0x0000000083300000, 0x0000000083400000, 0x0000000083400000|100%| O|  |TAMS 0x0000000083300000, 0x0000000083300000| Untracked 
|  52|0x0000000083400000, 0x0000000083500000, 0x0000000083500000|100%| O|  |TAMS 0x0000000083400000, 0x0000000083400000| Untracked 
|  53|0x0000000083500000, 0x0000000083600000, 0x0000000083600000|100%| O|  |TAMS 0x0000000083500000, 0x0000000083500000| Untracked 
|  54|0x0000000083600000, 0x0000000083700000, 0x0000000083700000|100%| O|  |TAMS 0x0000000083600000, 0x0000000083600000| Untracked 
|  55|0x0000000083700000, 0x0000000083800000, 0x0000000083800000|100%| O|  |TAMS 0x0000000083700000, 0x0000000083700000| Untracked 
|  56|0x0000000083800000, 0x0000000083900000, 0x0000000083900000|100%| O|  |TAMS 0x0000000083800000, 0x0000000083800000| Untracked 
|  57|0x0000000083900000, 0x0000000083a00000, 0x0000000083a00000|100%| O|  |TAMS 0x0000000083900000, 0x0000000083900000| Untracked 
|  58|0x0000000083a00000, 0x0000000083b00000, 0x0000000083b00000|100%| O|  |TAMS 0x0000000083a00000, 0x0000000083a00000| Untracked 
|  59|0x0000000083b00000, 0x0000000083c00000, 0x0000000083c00000|100%| O|  |TAMS 0x0000000083b00000, 0x0000000083b00000| Untracked 
|  60|0x0000000083c00000, 0x0000000083d00000, 0x0000000083d00000|100%| O|  |TAMS 0x0000000083c00000, 0x0000000083c00000| Untracked 
|  61|0x0000000083d00000, 0x0000000083e00000, 0x0000000083e00000|100%| O|  |TAMS 0x0000000083d00000, 0x0000000083d00000| Untracked 
|  62|0x0000000083e00000, 0x0000000083f00000, 0x0000000083f00000|100%| O|  |TAMS 0x0000000083e00000, 0x0000000083e00000| Untracked 
|  63|0x0000000083f00000, 0x0000000084000000, 0x0000000084000000|100%| O|  |TAMS 0x0000000083f00000, 0x0000000083f00000| Untracked 
|  64|0x0000000084000000, 0x0000000084100000, 0x0000000084100000|100%| O|  |TAMS 0x0000000084000000, 0x0000000084000000| Untracked 
|  65|0x0000000084100000, 0x0000000084200000, 0x0000000084200000|100%| O|  |TAMS 0x0000000084100000, 0x0000000084100000| Untracked 
|  66|0x0000000084200000, 0x0000000084300000, 0x0000000084300000|100%| O|  |TAMS 0x0000000084200000, 0x0000000084200000| Untracked 
|  67|0x0000000084300000, 0x0000000084400000, 0x0000000084400000|100%| O|  |TAMS 0x0000000084300000, 0x0000000084300000| Untracked 
|  68|0x0000000084400000, 0x0000000084500000, 0x0000000084500000|100%| O|  |TAMS 0x0000000084400000, 0x0000000084400000| Untracked 
|  69|0x0000000084500000, 0x0000000084600000, 0x0000000084600000|100%| O|  |TAMS 0x0000000084500000, 0x0000000084500000| Untracked 
|  70|0x0000000084600000, 0x0000000084700000, 0x0000000084700000|100%| O|  |TAMS 0x0000000084600000, 0x0000000084600000| Untracked 
|  71|0x0000000084700000, 0x0000000084800000, 0x0000000084800000|100%| O|  |TAMS 0x0000000084700000, 0x0000000084700000| Untracked 
|  72|0x0000000084800000, 0x0000000084900000, 0x0000000084900000|100%| O|  |TAMS 0x0000000084800000, 0x0000000084800000| Untracked 
|  73|0x0000000084900000, 0x0000000084a00000, 0x0000000084a00000|100%| O|  |TAMS 0x0000000084900000, 0x0000000084900000| Untracked 
|  74|0x0000000084a00000, 0x0000000084b00000, 0x0000000084b00000|100%| O|  |TAMS 0x0000000084a00000, 0x0000000084a00000| Untracked 
|  75|0x0000000084b00000, 0x0000000084c00000, 0x0000000084c00000|100%| O|  |TAMS 0x0000000084b00000, 0x0000000084b00000| Untracked 
|  76|0x0000000084c00000, 0x0000000084d00000, 0x0000000084d00000|100%| O|  |TAMS 0x0000000084c00000, 0x0000000084c00000| Untracked 
|  77|0x0000000084d00000, 0x0000000084e00000, 0x0000000084e00000|100%| O|  |TAMS 0x0000000084d00000, 0x0000000084d00000| Untracked 
|  78|0x0000000084e00000, 0x0000000084f00000, 0x0000000084f00000|100%| O|  |TAMS 0x0000000084e00000, 0x0000000084e00000| Untracked 
|  79|0x0000000084f00000, 0x0000000085000000, 0x0000000085000000|100%| O|  |TAMS 0x0000000084f00000, 0x0000000084f00000| Untracked 
|  80|0x0000000085000000, 0x0000000085100000, 0x0000000085100000|100%| O|  |TAMS 0x0000000085000000, 0x0000000085000000| Untracked 
|  81|0x0000000085100000, 0x0000000085200000, 0x0000000085200000|100%| O|  |TAMS 0x0000000085100000, 0x0000000085100000| Untracked 
|  82|0x0000000085200000, 0x0000000085300000, 0x0000000085300000|100%| O|  |TAMS 0x0000000085200000, 0x0000000085200000| Untracked 
|  83|0x0000000085300000, 0x0000000085400000, 0x0000000085400000|100%| O|  |TAMS 0x0000000085300000, 0x0000000085300000| Untracked 
|  84|0x0000000085400000, 0x0000000085500000, 0x0000000085500000|100%| O|  |TAMS 0x0000000085400000, 0x0000000085400000| Untracked 
|  85|0x0000000085500000, 0x0000000085600000, 0x0000000085600000|100%| O|  |TAMS 0x0000000085500000, 0x0000000085500000| Untracked 
|  86|0x0000000085600000, 0x0000000085700000, 0x0000000085700000|100%| O|  |TAMS 0x0000000085600000, 0x0000000085600000| Untracked 
|  87|0x0000000085700000, 0x0000000085800000, 0x0000000085800000|100%| O|  |TAMS 0x0000000085700000, 0x0000000085700000| Untracked 
|  88|0x0000000085800000, 0x0000000085900000, 0x0000000085900000|100%| O|  |TAMS 0x0000000085800000, 0x0000000085800000| Untracked 
|  89|0x0000000085900000, 0x0000000085a00000, 0x0000000085a00000|100%| O|  |TAMS 0x0000000085900000, 0x0000000085900000| Untracked 
|  90|0x0000000085a00000, 0x0000000085b00000, 0x0000000085b00000|100%| O|  |TAMS 0x0000000085a00000, 0x0000000085a00000| Untracked 
|  91|0x0000000085b00000, 0x0000000085c00000, 0x0000000085c00000|100%| O|  |TAMS 0x0000000085b00000, 0x0000000085b00000| Untracked 
|  92|0x0000000085c00000, 0x0000000085d00000, 0x0000000085d00000|100%| O|  |TAMS 0x0000000085c00000, 0x0000000085c00000| Untracked 
|  93|0x0000000085d00000, 0x0000000085e00000, 0x0000000085e00000|100%| O|  |TAMS 0x0000000085d00000, 0x0000000085d00000| Untracked 
|  94|0x0000000085e00000, 0x0000000085f00000, 0x0000000085f00000|100%| O|  |TAMS 0x0000000085e00000, 0x0000000085e00000| Untracked 
|  95|0x0000000085f00000, 0x0000000086000000, 0x0000000086000000|100%| O|  |TAMS 0x0000000085f00000, 0x0000000085f00000| Untracked 
|  96|0x0000000086000000, 0x0000000086100000, 0x0000000086100000|100%| O|  |TAMS 0x0000000086000000, 0x0000000086000000| Untracked 
|  97|0x0000000086100000, 0x0000000086200000, 0x0000000086200000|100%| O|  |TAMS 0x0000000086100000, 0x0000000086100000| Untracked 
|  98|0x0000000086200000, 0x0000000086300000, 0x0000000086300000|100%| O|  |TAMS 0x0000000086200000, 0x0000000086200000| Untracked 
|  99|0x0000000086300000, 0x0000000086400000, 0x0000000086400000|100%| O|  |TAMS 0x0000000086300000, 0x0000000086300000| Untracked 
| 100|0x0000000086400000, 0x0000000086500000, 0x0000000086500000|100%| O|  |TAMS 0x0000000086400000, 0x0000000086400000| Untracked 
| 101|0x0000000086500000, 0x0000000086600000, 0x0000000086600000|100%| O|  |TAMS 0x0000000086500000, 0x0000000086500000| Untracked 
| 102|0x0000000086600000, 0x0000000086700000, 0x0000000086700000|100%| O|  |TAMS 0x0000000086600000, 0x0000000086600000| Untracked 
| 103|0x0000000086700000, 0x0000000086800000, 0x0000000086800000|100%| O|  |TAMS 0x0000000086700000, 0x0000000086700000| Untracked 
| 104|0x0000000086800000, 0x0000000086900000, 0x0000000086900000|100%| O|  |TAMS 0x0000000086800000, 0x0000000086800000| Untracked 
| 105|0x0000000086900000, 0x0000000086a00000, 0x0000000086a00000|100%| O|  |TAMS 0x0000000086900000, 0x0000000086900000| Untracked 
| 106|0x0000000086a00000, 0x0000000086b00000, 0x0000000086b00000|100%| O|  |TAMS 0x0000000086a00000, 0x0000000086a00000| Untracked 
| 107|0x0000000086b00000, 0x0000000086c00000, 0x0000000086c00000|100%| O|  |TAMS 0x0000000086b00000, 0x0000000086b00000| Untracked 
| 108|0x0000000086c00000, 0x0000000086d00000, 0x0000000086d00000|100%| O|  |TAMS 0x0000000086c00000, 0x0000000086c00000| Untracked 
| 109|0x0000000086d00000, 0x0000000086e00000, 0x0000000086e00000|100%| O|  |TAMS 0x0000000086d00000, 0x0000000086d00000| Untracked 
| 110|0x0000000086e00000, 0x0000000086e4ec00, 0x0000000086f00000| 30%| O|  |TAMS 0x0000000086e00000, 0x0000000086e00000| Untracked 
| 111|0x0000000086f00000, 0x0000000086f00000, 0x0000000087000000|  0%| F|  |TAMS 0x0000000086f00000, 0x0000000086f00000| Untracked 
| 112|0x0000000087000000, 0x0000000087000000, 0x0000000087100000|  0%| F|  |TAMS 0x0000000087000000, 0x0000000087000000| Untracked 
| 113|0x0000000087100000, 0x0000000087100000, 0x0000000087200000|  0%| F|  |TAMS 0x0000000087100000, 0x0000000087100000| Untracked 
| 114|0x0000000087200000, 0x0000000087200000, 0x0000000087300000|  0%| F|  |TAMS 0x0000000087200000, 0x0000000087200000| Untracked 
| 115|0x0000000087300000, 0x0000000087300000, 0x0000000087400000|  0%| F|  |TAMS 0x0000000087300000, 0x0000000087300000| Untracked 
| 116|0x0000000087400000, 0x0000000087400000, 0x0000000087500000|  0%| F|  |TAMS 0x0000000087400000, 0x0000000087400000| Untracked 
| 117|0x0000000087500000, 0x0000000087500000, 0x0000000087600000|  0%| F|  |TAMS 0x0000000087500000, 0x0000000087500000| Untracked 
| 118|0x0000000087600000, 0x0000000087600000, 0x0000000087700000|  0%| F|  |TAMS 0x0000000087600000, 0x0000000087600000| Untracked 
| 119|0x0000000087700000, 0x0000000087700000, 0x0000000087800000|  0%| F|  |TAMS 0x0000000087700000, 0x0000000087700000| Untracked 
| 120|0x0000000087800000, 0x0000000087800000, 0x0000000087900000|  0%| F|  |TAMS 0x0000000087800000, 0x0000000087800000| Untracked 
| 121|0x0000000087900000, 0x0000000087900000, 0x0000000087a00000|  0%| F|  |TAMS 0x0000000087900000, 0x0000000087900000| Untracked 
| 122|0x0000000087a00000, 0x0000000087a00000, 0x0000000087b00000|  0%| F|  |TAMS 0x0000000087a00000, 0x0000000087a00000| Untracked 
| 123|0x0000000087b00000, 0x0000000087b00000, 0x0000000087c00000|  0%| F|  |TAMS 0x0000000087b00000, 0x0000000087b00000| Untracked 
| 124|0x0000000087c00000, 0x0000000087c00000, 0x0000000087d00000|  0%| F|  |TAMS 0x0000000087c00000, 0x0000000087c00000| Untracked 
| 125|0x0000000087d00000, 0x0000000087d00000, 0x0000000087e00000|  0%| F|  |TAMS 0x0000000087d00000, 0x0000000087d00000| Untracked 
| 126|0x0000000087e00000, 0x0000000087e00000, 0x0000000087f00000|  0%| F|  |TAMS 0x0000000087e00000, 0x0000000087e00000| Untracked 
| 127|0x0000000087f00000, 0x0000000087f00000, 0x0000000088000000|  0%| F|  |TAMS 0x0000000087f00000, 0x0000000087f00000| Untracked 
| 128|0x0000000088000000, 0x0000000088000000, 0x0000000088100000|  0%| F|  |TAMS 0x0000000088000000, 0x0000000088000000| Untracked 
| 129|0x0000000088100000, 0x0000000088100000, 0x0000000088200000|  0%| F|  |TAMS 0x0000000088100000, 0x0000000088100000| Untracked 
| 130|0x0000000088200000, 0x0000000088200000, 0x0000000088300000|  0%| F|  |TAMS 0x0000000088200000, 0x0000000088200000| Untracked 
| 131|0x0000000088300000, 0x0000000088300000, 0x0000000088400000|  0%| F|  |TAMS 0x0000000088300000, 0x0000000088300000| Untracked 
| 132|0x0000000088400000, 0x0000000088400000, 0x0000000088500000|  0%| F|  |TAMS 0x0000000088400000, 0x0000000088400000| Untracked 
| 133|0x0000000088500000, 0x0000000088500000, 0x0000000088600000|  0%| F|  |TAMS 0x0000000088500000, 0x0000000088500000| Untracked 
| 134|0x0000000088600000, 0x0000000088600000, 0x0000000088700000|  0%| F|  |TAMS 0x0000000088600000, 0x0000000088600000| Untracked 
| 135|0x0000000088700000, 0x0000000088700000, 0x0000000088800000|  0%| F|  |TAMS 0x0000000088700000, 0x0000000088700000| Untracked 
| 136|0x0000000088800000, 0x0000000088800000, 0x0000000088900000|  0%| F|  |TAMS 0x0000000088800000, 0x0000000088800000| Untracked 
| 137|0x0000000088900000, 0x00000000889e2038, 0x0000000088a00000| 88%| S|CS|TAMS 0x0000000088900000, 0x0000000088900000| Complete 
| 138|0x0000000088a00000, 0x0000000088b00000, 0x0000000088b00000|100%| S|CS|TAMS 0x0000000088a00000, 0x0000000088a00000| Complete 
| 139|0x0000000088b00000, 0x0000000088c00000, 0x0000000088c00000|100%| S|CS|TAMS 0x0000000088b00000, 0x0000000088b00000| Complete 
| 140|0x0000000088c00000, 0x0000000088d00000, 0x0000000088d00000|100%| S|CS|TAMS 0x0000000088c00000, 0x0000000088c00000| Complete 
| 141|0x0000000088d00000, 0x0000000088e00000, 0x0000000088e00000|100%| S|CS|TAMS 0x0000000088d00000, 0x0000000088d00000| Complete 
| 142|0x0000000088e00000, 0x0000000088e00000, 0x0000000088f00000|  0%| F|  |TAMS 0x0000000088e00000, 0x0000000088e00000| Untracked 
| 143|0x0000000088f00000, 0x0000000088f00000, 0x0000000089000000|  0%| F|  |TAMS 0x0000000088f00000, 0x0000000088f00000| Untracked 
| 144|0x0000000089000000, 0x0000000089000000, 0x0000000089100000|  0%| F|  |TAMS 0x0000000089000000, 0x0000000089000000| Untracked 
| 145|0x0000000089100000, 0x0000000089100000, 0x0000000089200000|  0%| F|  |TAMS 0x0000000089100000, 0x0000000089100000| Untracked 
| 146|0x0000000089200000, 0x0000000089200000, 0x0000000089300000|  0%| F|  |TAMS 0x0000000089200000, 0x0000000089200000| Untracked 
| 147|0x0000000089300000, 0x0000000089300000, 0x0000000089400000|  0%| F|  |TAMS 0x0000000089300000, 0x0000000089300000| Untracked 
| 148|0x0000000089400000, 0x0000000089400000, 0x0000000089500000|  0%| F|  |TAMS 0x0000000089400000, 0x0000000089400000| Untracked 
| 149|0x0000000089500000, 0x0000000089500000, 0x0000000089600000|  0%| F|  |TAMS 0x0000000089500000, 0x0000000089500000| Untracked 
| 150|0x0000000089600000, 0x0000000089600000, 0x0000000089700000|  0%| F|  |TAMS 0x0000000089600000, 0x0000000089600000| Untracked 
| 151|0x0000000089700000, 0x0000000089700000, 0x0000000089800000|  0%| F|  |TAMS 0x0000000089700000, 0x0000000089700000| Untracked 
| 152|0x0000000089800000, 0x0000000089800000, 0x0000000089900000|  0%| F|  |TAMS 0x0000000089800000, 0x0000000089800000| Untracked 
| 153|0x0000000089900000, 0x0000000089900000, 0x0000000089a00000|  0%| F|  |TAMS 0x0000000089900000, 0x0000000089900000| Untracked 
| 154|0x0000000089a00000, 0x0000000089a00000, 0x0000000089b00000|  0%| F|  |TAMS 0x0000000089a00000, 0x0000000089a00000| Untracked 
| 155|0x0000000089b00000, 0x0000000089b00000, 0x0000000089c00000|  0%| F|  |TAMS 0x0000000089b00000, 0x0000000089b00000| Untracked 
| 156|0x0000000089c00000, 0x0000000089c00000, 0x0000000089d00000|  0%| F|  |TAMS 0x0000000089c00000, 0x0000000089c00000| Untracked 
| 157|0x0000000089d00000, 0x0000000089d00000, 0x0000000089e00000|  0%| F|  |TAMS 0x0000000089d00000, 0x0000000089d00000| Untracked 
| 158|0x0000000089e00000, 0x0000000089e00000, 0x0000000089f00000|  0%| F|  |TAMS 0x0000000089e00000, 0x0000000089e00000| Untracked 
| 159|0x0000000089f00000, 0x0000000089f00000, 0x000000008a000000|  0%| F|  |TAMS 0x0000000089f00000, 0x0000000089f00000| Untracked 
| 160|0x000000008a000000, 0x000000008a000000, 0x000000008a100000|  0%| F|  |TAMS 0x000000008a000000, 0x000000008a000000| Untracked 
| 161|0x000000008a100000, 0x000000008a100000, 0x000000008a200000|  0%| F|  |TAMS 0x000000008a100000, 0x000000008a100000| Untracked 
| 162|0x000000008a200000, 0x000000008a200000, 0x000000008a300000|  0%| F|  |TAMS 0x000000008a200000, 0x000000008a200000| Untracked 
| 163|0x000000008a300000, 0x000000008a300000, 0x000000008a400000|  0%| F|  |TAMS 0x000000008a300000, 0x000000008a300000| Untracked 
| 164|0x000000008a400000, 0x000000008a400000, 0x000000008a500000|  0%| F|  |TAMS 0x000000008a400000, 0x000000008a400000| Untracked 
| 165|0x000000008a500000, 0x000000008a500000, 0x000000008a600000|  0%| F|  |TAMS 0x000000008a500000, 0x000000008a500000| Untracked 
| 166|0x000000008a600000, 0x000000008a600000, 0x000000008a700000|  0%| F|  |TAMS 0x000000008a600000, 0x000000008a600000| Untracked 
| 167|0x000000008a700000, 0x000000008a700000, 0x000000008a800000|  0%| F|  |TAMS 0x000000008a700000, 0x000000008a700000| Untracked 
| 168|0x000000008a800000, 0x000000008a800000, 0x000000008a900000|  0%| F|  |TAMS 0x000000008a800000, 0x000000008a800000| Untracked 
| 169|0x000000008a900000, 0x000000008a900000, 0x000000008aa00000|  0%| F|  |TAMS 0x000000008a900000, 0x000000008a900000| Untracked 
| 170|0x000000008aa00000, 0x000000008aa00000, 0x000000008ab00000|  0%| F|  |TAMS 0x000000008aa00000, 0x000000008aa00000| Untracked 
| 171|0x000000008ab00000, 0x000000008ab00000, 0x000000008ac00000|  0%| F|  |TAMS 0x000000008ab00000, 0x000000008ab00000| Untracked 
| 172|0x000000008ac00000, 0x000000008ac00000, 0x000000008ad00000|  0%| F|  |TAMS 0x000000008ac00000, 0x000000008ac00000| Untracked 

Card table byte_map: [0x0000017d3c1f0000,0x0000017d3c5f0000] _byte_map_base: 0x0000017d3bdf0000

Marking Bits (Prev, Next): (CMBitMap*) 0x0000017d29985790, (CMBitMap*) 0x0000017d29985750
 Prev Bits: [0x0000017d3e9f0000, 0x0000017d409f0000)
 Next Bits: [0x0000017d3c9f0000, 0x0000017d3e9f0000)

Polling page: 0x0000017d27860000

Metaspace:

Usage:
  Non-class:     80.43 MB used.
      Class:     12.73 MB used.
       Both:     93.17 MB used.

Virtual space:
  Non-class space:       88.00 MB reserved,      80.75 MB ( 92%) committed,  11 nodes.
      Class space:        1.00 GB reserved,      13.00 MB (  1%) committed,  1 nodes.
             Both:        1.09 GB reserved,      93.75 MB (  8%) committed. 

Chunk freelists:
   Non-Class:  3.27 MB
       Class:  2.99 MB
        Both:  6.25 MB

MaxMetaspaceSize: unlimited
CompressedClassSpaceSize: 1.00 GB
Initial GC threshold: 21.00 MB
Current GC threshold: 100.12 MB
CDS: off
MetaspaceReclaimPolicy: balanced
 - commit_granule_bytes: 65536.
 - commit_granule_words: 8192.
 - virtual_space_node_default_size: 1048576.
 - enlarge_chunks_in_place: 1.
 - new_chunks_are_fully_committed: 0.
 - uncommit_free_chunks: 1.
 - use_allocation_guard: 0.
 - handle_deallocations: 1.


Internal statistics:

num_allocs_failed_limit: 6.
num_arena_births: 814.
num_arena_deaths: 0.
num_vsnodes_births: 12.
num_vsnodes_deaths: 0.
num_space_committed: 1500.
num_space_uncommitted: 0.
num_chunks_returned_to_freelist: 6.
num_chunks_taken_from_freelist: 4294.
num_chunk_merges: 3.
num_chunk_splits: 2849.
num_chunks_enlarged: 1932.
num_purges: 0.
num_inconsistent_stats: 0.

CodeHeap 'non-profiled nmethods': size=120000Kb used=3973Kb max_used=4654Kb free=116026Kb
 bounds [0x0000017d348c0000, 0x0000017d34d50000, 0x0000017d3bdf0000]
CodeHeap 'profiled nmethods': size=120000Kb used=19101Kb max_used=19101Kb free=100898Kb
 bounds [0x0000017d2cdf0000, 0x0000017d2e1a0000, 0x0000017d34320000]
CodeHeap 'non-nmethods': size=5760Kb used=2388Kb max_used=2434Kb free=3371Kb
 bounds [0x0000017d34320000, 0x0000017d34590000, 0x0000017d348c0000]
 total_blobs=10618 nmethods=9693 adapters=838
 compilation: enabled
              stopped_count=0, restarted_count=0
 full_count=0

Compilation events (20 events):
Event: 56.494 Thread 0x0000017d42f11380 11294       2       com.android.tools.r8.internal.QG::f0 (8 bytes)
Event: 56.495 Thread 0x0000017d42f11380 nmethod 11294 0x0000017d2ce04f90 code [0x0000017d2ce05120, 0x0000017d2ce05238]
Event: 56.495 Thread 0x0000017d42f11380 11295       2       com.android.tools.r8.internal.xj::b (65 bytes)
Event: 56.496 Thread 0x0000017d42f11380 nmethod 11295 0x0000017d2ce04910 code [0x0000017d2ce04b00, 0x0000017d2ce04de8]
Event: 56.496 Thread 0x0000017d42f11380 11296       2       com.android.tools.r8.internal.Zv::a (18 bytes)
Event: 56.496 Thread 0x0000017d42f11380 nmethod 11296 0x0000017d2ce04390 code [0x0000017d2ce04540, 0x0000017d2ce04738]
Event: 56.496 Thread 0x0000017d42f11380 11297       2       com.android.tools.r8.internal.jt$$Lambda$1262/0x0000000100c87a90::apply (16 bytes)
Event: 56.497 Thread 0x0000017d42f11380 nmethod 11297 0x0000017d2d265610 code [0x0000017d2d2657c0, 0x0000017d2d265a58]
Event: 56.497 Thread 0x0000017d42f11380 11298       2       com.android.tools.r8.graph.d0::Z (20 bytes)
Event: 56.497 Thread 0x0000017d42f11380 nmethod 11298 0x0000017d2d265210 code [0x0000017d2d2653a0, 0x0000017d2d2654f8]
Event: 56.497 Thread 0x0000017d42f11380 11299       2       com.android.tools.r8.graph.i::a (38 bytes)
Event: 56.498 Thread 0x0000017d42f11380 nmethod 11299 0x0000017d2d264c90 code [0x0000017d2d264e40, 0x0000017d2d265038]
Event: 56.498 Thread 0x0000017d42f11380 11300       2       com.android.tools.r8.graph.d0::a0 (20 bytes)
Event: 56.498 Thread 0x0000017d42f11380 nmethod 11300 0x0000017d2d65d010 code [0x0000017d2d65d1a0, 0x0000017d2d65d2f8]
Event: 56.498 Thread 0x0000017d42f11380 11301       2       com.android.tools.r8.graph.d0::b0 (20 bytes)
Event: 56.498 Thread 0x0000017d42f11380 nmethod 11301 0x0000017d2d65cc10 code [0x0000017d2d65cda0, 0x0000017d2d65cef8]
Event: 56.498 Thread 0x0000017d42f11380 11302       2       com.android.tools.r8.internal.X4::h (60 bytes)
Event: 56.498 Thread 0x0000017d42f11380 nmethod 11302 0x0000017d2d65c790 code [0x0000017d2d65c940, 0x0000017d2d65cb28]
Event: 56.500 Thread 0x0000017d42f11380 11303 %     3       com.android.tools.r8.graph.c0::a @ 2 (158 bytes)
Event: 56.500 Thread 0x0000017d42f11380 nmethod 11303% 0x0000017d2dd9a210 code [0x0000017d2dd9a3e0, 0x0000017d2dd9a938]

GC Heap History (20 events):
Event: 44.069 GC heap after
{Heap after GC invocations=40 (full 0):
 garbage-first heap   total 147456K, used 61262K [0x0000000080000000, 0x0000000100000000)
  region size 1024K, 5 young (5120K), 5 survivors (5120K)
 Metaspace       used 75231K, committed 75776K, reserved 1122304K
  class space    used 10110K, committed 10368K, reserved 1048576K
}
Event: 45.773 GC heap before
{Heap before GC invocations=40 (full 0):
 garbage-first heap   total 147456K, used 113486K [0x0000000080000000, 0x0000000100000000)
  region size 1024K, 56 young (57344K), 5 survivors (5120K)
 Metaspace       used 77940K, committed 78464K, reserved 1122304K
  class space    used 10440K, committed 10688K, reserved 1048576K
}
Event: 45.810 GC heap after
{Heap after GC invocations=41 (full 0):
 garbage-first heap   total 147456K, used 68737K [0x0000000080000000, 0x0000000100000000)
  region size 1024K, 7 young (7168K), 7 survivors (7168K)
 Metaspace       used 77940K, committed 78464K, reserved 1122304K
  class space    used 10440K, committed 10688K, reserved 1048576K
}
Event: 48.197 GC heap before
{Heap before GC invocations=41 (full 0):
 garbage-first heap   total 147456K, used 113793K [0x0000000080000000, 0x0000000100000000)
  region size 1024K, 52 young (53248K), 7 survivors (7168K)
 Metaspace       used 80443K, committed 80960K, reserved 1122304K
  class space    used 10888K, committed 11136K, reserved 1048576K
}
Event: 48.244 GC heap after
{Heap after GC invocations=42 (full 0):
 garbage-first heap   total 147456K, used 73089K [0x0000000080000000, 0x0000000100000000)
  region size 1024K, 4 young (4096K), 4 survivors (4096K)
 Metaspace       used 80443K, committed 80960K, reserved 1122304K
  class space    used 10888K, committed 11136K, reserved 1048576K
}
Event: 50.356 GC heap before
{Heap before GC invocations=42 (full 0):
 garbage-first heap   total 147456K, used 116097K [0x0000000080000000, 0x0000000100000000)
  region size 1024K, 47 young (48128K), 4 survivors (4096K)
 Metaspace       used 81106K, committed 81600K, reserved 1122304K
  class space    used 10955K, committed 11200K, reserved 1048576K
}
Event: 50.374 GC heap after
{Heap after GC invocations=43 (full 0):
 garbage-first heap   total 147456K, used 76632K [0x0000000080000000, 0x0000000100000000)
  region size 1024K, 4 young (4096K), 4 survivors (4096K)
 Metaspace       used 81106K, committed 81600K, reserved 1122304K
  class space    used 10955K, committed 11200K, reserved 1048576K
}
Event: 51.733 GC heap before
{Heap before GC invocations=43 (full 0):
 garbage-first heap   total 147456K, used 118616K [0x0000000080000000, 0x0000000100000000)
  region size 1024K, 46 young (47104K), 4 survivors (4096K)
 Metaspace       used 83340K, committed 83904K, reserved 1122304K
  class space    used 11192K, committed 11456K, reserved 1048576K
}
Event: 51.756 GC heap after
{Heap after GC invocations=44 (full 0):
 garbage-first heap   total 147456K, used 79651K [0x0000000080000000, 0x0000000100000000)
  region size 1024K, 4 young (4096K), 4 survivors (4096K)
 Metaspace       used 83340K, committed 83904K, reserved 1122304K
  class space    used 11192K, committed 11456K, reserved 1048576K
}
Event: 52.622 GC heap before
{Heap before GC invocations=44 (full 0):
 garbage-first heap   total 147456K, used 118563K [0x0000000080000000, 0x0000000100000000)
  region size 1024K, 43 young (44032K), 4 survivors (4096K)
 Metaspace       used 86499K, committed 87040K, reserved 1130496K
  class space    used 11655K, committed 11904K, reserved 1048576K
}
Event: 52.638 GC heap after
{Heap after GC invocations=45 (full 0):
 garbage-first heap   total 147456K, used 83749K [0x0000000080000000, 0x0000000100000000)
  region size 1024K, 6 young (6144K), 6 survivors (6144K)
 Metaspace       used 86499K, committed 87040K, reserved 1130496K
  class space    used 11655K, committed 11904K, reserved 1048576K
}
Event: 53.083 GC heap before
{Heap before GC invocations=45 (full 0):
 garbage-first heap   total 147456K, used 119589K [0x0000000080000000, 0x0000000100000000)
  region size 1024K, 42 young (43008K), 6 survivors (6144K)
 Metaspace       used 88511K, committed 89024K, reserved 1130496K
  class space    used 11925K, committed 12160K, reserved 1048576K
}
Event: 53.113 GC heap after
{Heap after GC invocations=46 (full 0):
 garbage-first heap   total 177152K, used 91542K [0x0000000080000000, 0x0000000100000000)
  region size 1024K, 6 young (6144K), 6 survivors (6144K)
 Metaspace       used 88511K, committed 89024K, reserved 1130496K
  class space    used 11925K, committed 12160K, reserved 1048576K
}
Event: 54.933 GC heap before
{Heap before GC invocations=46 (full 0):
 garbage-first heap   total 177152K, used 138646K [0x0000000080000000, 0x0000000100000000)
  region size 1024K, 53 young (54272K), 6 survivors (6144K)
 Metaspace       used 91368K, committed 91968K, reserved 1130496K
  class space    used 12337K, committed 12608K, reserved 1048576K
}
Event: 54.972 GC heap after
{Heap after GC invocations=47 (full 0):
 garbage-first heap   total 177152K, used 98104K [0x0000000080000000, 0x0000000100000000)
  region size 1024K, 7 young (7168K), 7 survivors (7168K)
 Metaspace       used 91368K, committed 91968K, reserved 1130496K
  class space    used 12337K, committed 12608K, reserved 1048576K
}
Event: 55.477 GC heap before
{Heap before GC invocations=47 (full 0):
 garbage-first heap   total 177152K, used 139064K [0x0000000080000000, 0x0000000100000000)
  region size 1024K, 48 young (49152K), 7 survivors (7168K)
 Metaspace       used 92649K, committed 93248K, reserved 1130496K
  class space    used 12516K, committed 12800K, reserved 1048576K
}
Event: 55.529 GC heap after
{Heap after GC invocations=48 (full 0):
 garbage-first heap   total 177152K, used 105207K [0x0000000080000000, 0x0000000100000000)
  region size 1024K, 6 young (6144K), 6 survivors (6144K)
 Metaspace       used 92649K, committed 93248K, reserved 1130496K
  class space    used 12516K, committed 12800K, reserved 1048576K
}
Event: 55.764 GC heap before
{Heap before GC invocations=48 (full 0):
 garbage-first heap   total 177152K, used 141047K [0x0000000080000000, 0x0000000100000000)
  region size 1024K, 42 young (43008K), 6 survivors (6144K)
 Metaspace       used 93485K, committed 94016K, reserved 1130496K
  class space    used 12674K, committed 12928K, reserved 1048576K
}
Event: 55.795 GC heap after
{Heap after GC invocations=49 (full 0):
 garbage-first heap   total 177152K, used 112301K [0x0000000080000000, 0x0000000100000000)
  region size 1024K, 6 young (6144K), 6 survivors (6144K)
 Metaspace       used 93485K, committed 94016K, reserved 1130496K
  class space    used 12674K, committed 12928K, reserved 1048576K
}
Event: 56.521 GC heap before
{Heap before GC invocations=49 (full 0):
 garbage-first heap   total 177152K, used 143021K [0x0000000080000000, 0x0000000100000000)
  region size 1024K, 37 young (37888K), 6 survivors (6144K)
 Metaspace       used 95404K, committed 96000K, reserved 1138688K
  class space    used 13040K, committed 13312K, reserved 1048576K
}

Dll operation events (2 events):
Event: 0.035 Loaded shared library C:\Program Files\Android\Android Studio\jbr\bin\java.dll
Event: 1.748 Loaded shared library C:\Program Files\Android\Android Studio\jbr\bin\verify.dll

Deoptimization events (20 events):
Event: 56.131 Thread 0x0000017d43eabb40 DEOPT PACKING pc=0x0000017d349a4bb0 sp=0x0000003d70bf9b30
Event: 56.132 Thread 0x0000017d43eabb40 DEOPT UNPACKING pc=0x0000017d3437699d sp=0x0000003d70bf9a08 mode 2
Event: 56.132 Thread 0x0000017d43eabb40 Uncommon trap: trap_request=0xffffff45 fr.pc=0x0000017d3499e744 relative=0x0000000000000044
Event: 56.132 Thread 0x0000017d43eabb40 Uncommon trap: reason=unstable_if action=reinterpret pc=0x0000017d3499e744 method=com.android.tools.r8.internal.DA.a(Ljava/lang/Object;[Lcom/android/tools/r8/internal/zf;I)Ljava/lang/Object; @ 5 c2
Event: 56.133 Thread 0x0000017d43eabb40 DEOPT PACKING pc=0x0000017d3499e744 sp=0x0000003d70bf9a80
Event: 56.149 Thread 0x0000017d473a2e00 Uncommon trap: trap_request=0xffffffc6 fr.pc=0x0000017d34a114cc relative=0x00000000000002cc
Event: 56.149 Thread 0x0000017d473a2e00 Uncommon trap: reason=bimorphic_or_optimized_type_check action=maybe_recompile pc=0x0000017d34a114cc method=com.android.tools.r8.internal.Sb$a.hashCode()I @ 26 c2
Event: 56.149 Thread 0x0000017d473a2e00 DEOPT PACKING pc=0x0000017d34a114cc sp=0x0000003d6f5f9920
Event: 56.149 Thread 0x0000017d473a2e00 DEOPT UNPACKING pc=0x0000017d3437699d sp=0x0000003d6f5f98b8 mode 2
Event: 56.149 Thread 0x0000017d473a2e00 Uncommon trap: trap_request=0xffffffc6 fr.pc=0x0000017d34a114cc relative=0x00000000000002cc
Event: 56.149 Thread 0x0000017d473a2e00 Uncommon trap: reason=bimorphic_or_optimized_type_check action=maybe_recompile pc=0x0000017d34a114cc method=com.android.tools.r8.internal.Sb$a.hashCode()I @ 26 c2
Event: 56.149 Thread 0x0000017d473a2e00 DEOPT PACKING pc=0x0000017d34a114cc sp=0x0000003d6f5f9960
Event: 56.149 Thread 0x0000017d473a2e00 DEOPT UNPACKING pc=0x0000017d3437699d sp=0x0000003d6f5f98f8 mode 2
Event: 56.149 Thread 0x0000017d473a2e00 Uncommon trap: trap_request=0xffffffc6 fr.pc=0x0000017d34a114cc relative=0x00000000000002cc
Event: 56.149 Thread 0x0000017d473a2e00 Uncommon trap: reason=bimorphic_or_optimized_type_check action=maybe_recompile pc=0x0000017d34a114cc method=com.android.tools.r8.internal.Sb$a.hashCode()I @ 26 c2
Event: 56.149 Thread 0x0000017d473a2e00 DEOPT PACKING pc=0x0000017d34a114cc sp=0x0000003d6f5f9920
Event: 56.149 Thread 0x0000017d473a2e00 DEOPT UNPACKING pc=0x0000017d3437699d sp=0x0000003d6f5f98b8 mode 2
Event: 56.155 Thread 0x0000017d43ead820 DEOPT PACKING pc=0x0000017d2e03326b sp=0x0000003d702f9700
Event: 56.155 Thread 0x0000017d43ead820 DEOPT UNPACKING pc=0x0000017d34377124 sp=0x0000003d702f8be0 mode 0
Event: 56.156 Thread 0x0000017d43eabb40 DEOPT UNPACKING pc=0x0000017d3437699d sp=0x0000003d70bf9a18 mode 2

Classes unloaded (0 events):
No events

Classes redefined (0 events):
No events

Internal exceptions (20 events):
Event: 53.211 Thread 0x0000017d473a2e00 Exception <a 'java/lang/NoSuchMethodError'{0x000000008aa68e48}: 'java.lang.Object java.lang.invoke.DirectMethodHandle$Holder.invokeStatic(java.lang.Object, java.lang.Object, java.lang.Object, java.lang.Object, java.lang.Object, java.lang.Object, java.lang.Object, java.lang.Object, java.lang.Object, java.lang.Object, java.lang.Object, java.lang.Object, java.lang.Object, java.lang.Object, java.lang.Object, java.lang.Object, java.lang.Object, java.lang.Object, int, java.lang.Object)'> (0x000000008aa68e48) 
th
Event: 53.213 Thread 0x0000017d473a2e00 Exception <a 'java/lang/NoSuchMethodError'{0x000000008aa6ed10}: 'java.lang.Object java.lang.invoke.DirectMethodHandle$Holder.invokeStaticInit(java.lang.Object, java.lang.Object, java.lang.Object, java.lang.Object, java.lang.Object, java.lang.Object, java.lang.Object, java.lang.Object, java.lang.Object, java.lang.Object, java.lang.Object, java.lang.Object, java.lang.Object, java.lang.Object, java.lang.Object, java.lang.Object, java.lang.Object, java.lang.Object, int, java.lang.Object)'> (0x000000008aa6ed10)
Event: 53.299 Thread 0x0000017d43eabb40 Exception <a 'java/lang/IncompatibleClassChangeError'{0x000000008aaf7b78}: Found class java.lang.Object, but interface was expected> (0x000000008aaf7b78) 
thrown [s\src\hotspot\share\interpreter\linkResolver.cpp, line 838]
Event: 53.306 Thread 0x0000017d4da3ef10 Exception <a 'java/lang/NoSuchMethodError'{0x000000008a980ae0}: 'void java.lang.invoke.DirectMethodHandle$Holder.invokeStatic(java.lang.Object, long)'> (0x000000008a980ae0) 
thrown [s\src\hotspot\share\interpreter\linkResolver.cpp, line 771]
Event: 53.307 Thread 0x0000017d4da3ef10 Exception <a 'java/lang/NoSuchMethodError'{0x000000008a986138}: 'java.lang.Object java.lang.invoke.DirectMethodHandle$Holder.newInvokeSpecial(java.lang.Object, long)'> (0x000000008a986138) 
thrown [s\src\hotspot\share\interpreter\linkResolver.cpp, line 771]
Event: 53.329 Thread 0x0000017d4da3ef10 Exception <a 'java/lang/NoSuchMethodError'{0x000000008a98cfa0}: 'java.lang.Object java.lang.invoke.DirectMethodHandle$Holder.invokeStatic(java.lang.Object, java.lang.Object, long, java.lang.Object)'> (0x000000008a98cfa0) 
thrown [s\src\hotspot\share\interpreter\linkResolver.cpp, line 771]
Event: 53.332 Thread 0x0000017d4da3ef10 Exception <a 'java/lang/NoSuchMethodError'{0x000000008a990d40}: 'java.lang.Object java.lang.invoke.DirectMethodHandle$Holder.invokeStaticInit(java.lang.Object, java.lang.Object, long, java.lang.Object)'> (0x000000008a990d40) 
thrown [s\src\hotspot\share\interpreter\linkResolver.cpp, line 771]
Event: 53.352 Thread 0x0000017d4da3ef10 Exception <a 'java/lang/NoSuchMethodError'{0x000000008a997600}: 'java.lang.Object java.lang.invoke.DirectMethodHandle$Holder.newInvokeSpecial(java.lang.Object, java.lang.Object, long)'> (0x000000008a997600) 
thrown [s\src\hotspot\share\interpreter\linkResolver.cpp, line 771]
Event: 53.354 Thread 0x0000017d4da3ef10 Exception <a 'java/lang/NoSuchMethodError'{0x000000008a99b418}: 'java.lang.Object java.lang.invoke.Invokers$Holder.linkToTargetMethod(java.lang.Object, long, java.lang.Object)'> (0x000000008a99b418) 
thrown [s\src\hotspot\share\interpreter\linkResolver.cpp, line 771]
Event: 53.422 Thread 0x0000017d43eabb40 Exception <a 'java/lang/NoSuchMethodError'{0x000000008a9ea098}: 'java.lang.Object java.lang.invoke.DirectMethodHandle$Holder.invokeSpecial(java.lang.Object, java.lang.Object, java.lang.Object, int, java.lang.Object, java.lang.Object)'> (0x000000008a9ea098) 
thrown [s\src\hotspot\share\interpreter\linkResolver.cpp, line 771]
Event: 54.106 Thread 0x0000017d43eabb40 Exception <a 'java/lang/NoSuchMethodError'{0x000000008968bba8}: 'int java.lang.invoke.DirectMethodHandle$Holder.invokeVirtual(java.lang.Object, java.lang.Object, java.lang.Object, java.lang.Object)'> (0x000000008968bba8) 
thrown [s\src\hotspot\share\interpreter\linkResolver.cpp, line 771]
Event: 54.263 Thread 0x0000017d43eabb40 Exception <a 'java/lang/IncompatibleClassChangeError'{0x000000008907dfd8}: Found class java.lang.Object, but interface was expected> (0x000000008907dfd8) 
thrown [s\src\hotspot\share\interpreter\linkResolver.cpp, line 838]
Event: 54.263 Thread 0x0000017d473a2e00 Exception <a 'java/lang/IncompatibleClassChangeError'{0x0000000089082ad8}: Found class java.lang.Object, but interface was expected> (0x0000000089082ad8) 
thrown [s\src\hotspot\share\interpreter\linkResolver.cpp, line 838]
Event: 54.272 Thread 0x0000017d473a2e00 Exception <a 'java/lang/NoSuchMethodError'{0x00000000890b88b8}: 'int java.lang.invoke.DirectMethodHandle$Holder.invokeVirtual(java.lang.Object, java.lang.Object, java.lang.Object)'> (0x00000000890b88b8) 
thrown [s\src\hotspot\share\interpreter\linkResolver.cpp, line 771]
Event: 55.804 Thread 0x0000017d43eabb40 Exception <a 'java/lang/NoSuchMethodError'{0x000000008ac556e0}: 'java.lang.Object java.lang.invoke.DirectMethodHandle$Holder.invokeVirtual(java.lang.Object, java.lang.Object, int, java.lang.Object)'> (0x000000008ac556e0) 
thrown [s\src\hotspot\share\interpreter\linkResolver.cpp, line 771]
Event: 55.838 Thread 0x0000017d43eabb40 Exception <a 'java/lang/IncompatibleClassChangeError'{0x000000008a2db898}: Found class java.lang.Object, but interface was expected> (0x000000008a2db898) 
thrown [s\src\hotspot\share\interpreter\linkResolver.cpp, line 838]
Event: 55.841 Thread 0x0000017d43eabb40 Exception <a 'java/lang/IncompatibleClassChangeError'{0x000000008a078a90}: Found class java.lang.Object, but interface was expected> (0x000000008a078a90) 
thrown [s\src\hotspot\share\interpreter\linkResolver.cpp, line 838]
Event: 55.867 Thread 0x0000017d4da3ef10 Exception <a 'java/lang/NoSuchMethodError'{0x0000000089ddeae8}: 'int java.lang.invoke.DirectMethodHandle$Holder.invokeSpecialIFC(java.lang.Object, java.lang.Object, java.lang.Object)'> (0x0000000089ddeae8) 
thrown [s\src\hotspot\share\interpreter\linkResolver.cpp, line 771]
Event: 55.901 Thread 0x0000017d43eabb40 Exception <a 'java/lang/NoSuchMethodError'{0x0000000089cf4350}: 'void java.lang.invoke.DirectMethodHandle$Holder.invokeVirtual(java.lang.Object, java.lang.Object, int, java.lang.Object)'> (0x0000000089cf4350) 
thrown [s\src\hotspot\share\interpreter\linkResolver.cpp, line 771]
Event: 56.167 Thread 0x0000017d43eabb40 Exception <a 'java/lang/NoSuchMethodError'{0x00000000891f7bf0}: 'int java.lang.invoke.DirectMethodHandle$Holder.invokeSpecial(java.lang.Object, java.lang.Object, java.lang.Object, int)'> (0x00000000891f7bf0) 
thrown [s\src\hotspot\share\interpreter\linkResolver.cpp, line 771]

VM Operations (20 events):
Event: 55.534 Executing VM operation: G1CollectForAllocation done
Event: 55.586 Executing VM operation: HandshakeAllThreads
Event: 55.587 Executing VM operation: HandshakeAllThreads done
Event: 55.650 Executing VM operation: HandshakeAllThreads
Event: 55.651 Executing VM operation: HandshakeAllThreads done
Event: 55.653 Executing VM operation: HandshakeAllThreads
Event: 55.654 Executing VM operation: HandshakeAllThreads done
Event: 55.659 Executing VM operation: HandshakeAllThreads
Event: 55.660 Executing VM operation: HandshakeAllThreads done
Event: 55.763 Executing VM operation: G1CollectForAllocation
Event: 55.795 Executing VM operation: G1CollectForAllocation done
Event: 55.836 Executing VM operation: HandshakeAllThreads
Event: 55.837 Executing VM operation: HandshakeAllThreads done
Event: 56.116 Executing VM operation: HandshakeAllThreads
Event: 56.117 Executing VM operation: HandshakeAllThreads done
Event: 56.123 Executing VM operation: HandshakeAllThreads
Event: 56.123 Executing VM operation: HandshakeAllThreads done
Event: 56.450 Executing VM operation: HandshakeAllThreads
Event: 56.474 Executing VM operation: HandshakeAllThreads done
Event: 56.501 Executing VM operation: G1CollectForAllocation

Events (20 events):
Event: 55.142 Thread 0x0000017d42f16b80 flushing nmethod 0x0000017d2df5e690
Event: 55.143 Thread 0x0000017d42f16b80 flushing nmethod 0x0000017d2df6a110
Event: 55.143 Thread 0x0000017d42f16b80 flushing nmethod 0x0000017d2df6ad10
Event: 55.143 Thread 0x0000017d42f16b80 flushing nmethod 0x0000017d2df7c810
Event: 55.143 Thread 0x0000017d42f16b80 flushing nmethod 0x0000017d2df7fe90
Event: 55.143 Thread 0x0000017d42f16b80 flushing nmethod 0x0000017d2df80710
Event: 55.143 Thread 0x0000017d42f16b80 flushing nmethod 0x0000017d2df83410
Event: 55.143 Thread 0x0000017d42f16b80 flushing nmethod 0x0000017d2df8ac10
Event: 55.143 Thread 0x0000017d42f16b80 flushing nmethod 0x0000017d2dfbd010
Event: 55.143 Thread 0x0000017d42f16b80 flushing nmethod 0x0000017d2e010a90
Event: 55.987 loading class java/util/PriorityQueue
Event: 55.988 loading class java/util/PriorityQueue done
Event: 56.113 loading class java/util/SortedSet$1
Event: 56.115 loading class java/util/SortedSet$1 done
Event: 56.119 loading class java/util/stream/SliceOps
Event: 56.120 loading class java/util/stream/SliceOps done
Event: 56.120 loading class java/util/stream/SliceOps$1
Event: 56.121 loading class java/util/stream/SliceOps$1 done
Event: 56.123 loading class java/util/stream/SliceOps$1$1
Event: 56.124 loading class java/util/stream/SliceOps$1$1 done


Dynamic libraries:
0x00007ff7529e0000 - 0x00007ff7529ea000 	C:\Program Files\Android\Android Studio\jbr\bin\java.exe
0x00007ffb865b0000 - 0x00007ffb867c7000 	C:\WINDOWS\SYSTEM32\ntdll.dll
0x00007ffb84780000 - 0x00007ffb84844000 	C:\WINDOWS\System32\KERNEL32.DLL
0x00007ffb83a40000 - 0x00007ffb83de5000 	C:\WINDOWS\System32\KERNELBASE.dll
0x00007ffb841e0000 - 0x00007ffb842f1000 	C:\WINDOWS\System32\ucrtbase.dll
0x00007ffb6b770000 - 0x00007ffb6b787000 	C:\Program Files\Android\Android Studio\jbr\bin\jli.dll
0x00007ffb6b9a0000 - 0x00007ffb6b9bb000 	C:\Program Files\Android\Android Studio\jbr\bin\VCRUNTIME140.dll
0x00007ffb85ef0000 - 0x00007ffb8609e000 	C:\WINDOWS\System32\USER32.dll
0x00007ffb83f10000 - 0x00007ffb83f36000 	C:\WINDOWS\System32\win32u.dll
0x00007ffb851e0000 - 0x00007ffb85209000 	C:\WINDOWS\System32\GDI32.dll
0x00007ffb83920000 - 0x00007ffb83a39000 	C:\WINDOWS\System32\gdi32full.dll
0x00007ffb83e70000 - 0x00007ffb83f0a000 	C:\WINDOWS\System32\msvcp_win.dll
0x00007ffb6eae0000 - 0x00007ffb6ed73000 	C:\WINDOWS\WinSxS\amd64_microsoft.windows.common-controls_6595b64144ccf1df_6.0.22621.2506_none_270c5ae97388e100\COMCTL32.dll
0x00007ffb850d0000 - 0x00007ffb85177000 	C:\WINDOWS\System32\msvcrt.dll
0x00007ffb86270000 - 0x00007ffb862a1000 	C:\WINDOWS\System32\IMM32.DLL
0x00007ffb6ba30000 - 0x00007ffb6ba3c000 	C:\Program Files\Android\Android Studio\jbr\bin\vcruntime140_1.dll
0x00007ffb4d530000 - 0x00007ffb4d5bd000 	C:\Program Files\Android\Android Studio\jbr\bin\msvcp140.dll
0x00007ffb4f9b0000 - 0x00007ffb5061e000 	C:\Program Files\Android\Android Studio\jbr\bin\server\jvm.dll
0x00007ffb84ed0000 - 0x00007ffb84f81000 	C:\WINDOWS\System32\ADVAPI32.dll
0x00007ffb860a0000 - 0x00007ffb86146000 	C:\WINDOWS\System32\sechost.dll
0x00007ffb86150000 - 0x00007ffb86267000 	C:\WINDOWS\System32\RPCRT4.dll
0x00007ffb73470000 - 0x00007ffb734a4000 	C:\WINDOWS\SYSTEM32\WINMM.dll
0x00007ffb5beb0000 - 0x00007ffb5beb9000 	C:\WINDOWS\SYSTEM32\WSOCK32.dll
0x00007ffb84e50000 - 0x00007ffb84ec1000 	C:\WINDOWS\System32\WS2_32.dll
0x00007ffb6ea90000 - 0x00007ffb6ea9a000 	C:\WINDOWS\SYSTEM32\VERSION.dll
0x00007ffb82920000 - 0x00007ffb82938000 	C:\WINDOWS\SYSTEM32\kernel.appcore.dll
0x00007ffb7b950000 - 0x00007ffb7b95a000 	C:\Program Files\Android\Android Studio\jbr\bin\jimage.dll
0x00007ffb7e330000 - 0x00007ffb7e563000 	C:\WINDOWS\SYSTEM32\DBGHELP.DLL
0x00007ffb84950000 - 0x00007ffb84cd9000 	C:\WINDOWS\System32\combase.dll
0x00007ffb84ff0000 - 0x00007ffb850c7000 	C:\WINDOWS\System32\OLEAUT32.dll
0x00007ffb54340000 - 0x00007ffb54372000 	C:\WINDOWS\SYSTEM32\dbgcore.DLL
0x00007ffb83df0000 - 0x00007ffb83e6a000 	C:\WINDOWS\System32\bcryptPrimitives.dll
0x00007ffb6bc40000 - 0x00007ffb6bc65000 	C:\Program Files\Android\Android Studio\jbr\bin\java.dll
0x00007ffb6e8a0000 - 0x00007ffb6e8b8000 	C:\Program Files\Android\Android Studio\jbr\bin\zip.dll
0x00007ffb85210000 - 0x00007ffb85a69000 	C:\WINDOWS\System32\SHELL32.dll
0x00007ffb81840000 - 0x00007ffb82134000 	C:\WINDOWS\SYSTEM32\windows.storage.dll
0x00007ffb81700000 - 0x00007ffb8183e000 	C:\WINDOWS\SYSTEM32\wintypes.dll
0x00007ffb86470000 - 0x00007ffb86563000 	C:\WINDOWS\System32\SHCORE.dll
0x00007ffb84df0000 - 0x00007ffb84e4e000 	C:\WINDOWS\System32\shlwapi.dll
0x00007ffb83850000 - 0x00007ffb83876000 	C:\WINDOWS\SYSTEM32\profapi.dll
0x00007ffb6bc20000 - 0x00007ffb6bc39000 	C:\Program Files\Android\Android Studio\jbr\bin\net.dll
0x00007ffb76ef0000 - 0x00007ffb77027000 	C:\WINDOWS\SYSTEM32\WINHTTP.dll
0x00007ffb82da0000 - 0x00007ffb82e09000 	C:\WINDOWS\system32\mswsock.dll
0x00007ffb6bbc0000 - 0x00007ffb6bbd6000 	C:\Program Files\Android\Android Studio\jbr\bin\nio.dll
0x00007ffb788e0000 - 0x00007ffb788f0000 	C:\Program Files\Android\Android Studio\jbr\bin\verify.dll
0x00007ffb7b570000 - 0x00007ffb7b597000 	C:\Users\Ian\.gradle\native\e1d6ef7f7dcc3fd88c89a11ec53ec762bb8ba0a96d01ffa2cd45eb1d1d8dd5c5\windows-amd64\native-platform.dll
0x00007ffb43af0000 - 0x00007ffb43c34000 	C:\Users\Ian\.gradle\native\5664cfc778a61ccfe75a443a1ab52a65af34e5dc3c78e0209fed803814484fcb\windows-amd64\native-platform-file-events.dll
0x00007ffb6e820000 - 0x00007ffb6e829000 	C:\Program Files\Android\Android Studio\jbr\bin\management.dll
0x00007ffb6daa0000 - 0x00007ffb6daab000 	C:\Program Files\Android\Android Studio\jbr\bin\management_ext.dll
0x00007ffb862b0000 - 0x00007ffb862b8000 	C:\WINDOWS\System32\PSAPI.DLL
0x00007ffb82ff0000 - 0x00007ffb8300b000 	C:\WINDOWS\SYSTEM32\CRYPTSP.dll
0x00007ffb82880000 - 0x00007ffb828b5000 	C:\WINDOWS\system32\rsaenh.dll
0x00007ffb82e90000 - 0x00007ffb82ebc000 	C:\WINDOWS\SYSTEM32\USERENV.dll
0x00007ffb831e0000 - 0x00007ffb83208000 	C:\WINDOWS\SYSTEM32\bcrypt.dll
0x00007ffb83010000 - 0x00007ffb8301c000 	C:\WINDOWS\SYSTEM32\CRYPTBASE.dll
0x00007ffb823e0000 - 0x00007ffb8240d000 	C:\WINDOWS\SYSTEM32\IPHLPAPI.DLL
0x00007ffb851d0000 - 0x00007ffb851d9000 	C:\WINDOWS\System32\NSI.dll
0x00007ffb740f0000 - 0x00007ffb74109000 	C:\WINDOWS\SYSTEM32\dhcpcsvc6.DLL
0x00007ffb73fe0000 - 0x00007ffb73fff000 	C:\WINDOWS\SYSTEM32\dhcpcsvc.DLL
0x00007ffb82410000 - 0x00007ffb82509000 	C:\WINDOWS\SYSTEM32\DNSAPI.dll
0x00007ffb6cd20000 - 0x00007ffb6cd28000 	C:\WINDOWS\system32\wshunix.dll

dbghelp: loaded successfully - version: 4.0.5 - missing functions: none
symbol engine: initialized successfully - sym options: 0x614 - pdb path: .;C:\Program Files\Android\Android Studio\jbr\bin;C:\WINDOWS\SYSTEM32;C:\WINDOWS\WinSxS\amd64_microsoft.windows.common-controls_6595b64144ccf1df_6.0.22621.2506_none_270c5ae97388e100;C:\Program Files\Android\Android Studio\jbr\bin\server;C:\Users\Ian\.gradle\native\e1d6ef7f7dcc3fd88c89a11ec53ec762bb8ba0a96d01ffa2cd45eb1d1d8dd5c5\windows-amd64;C:\Users\Ian\.gradle\native\5664cfc778a61ccfe75a443a1ab52a65af34e5dc3c78e0209fed803814484fcb\windows-amd64

VM Arguments:
jvm_args: --add-opens=java.base/java.util=ALL-UNNAMED --add-opens=java.base/java.lang=ALL-UNNAMED --add-opens=java.base/java.lang.invoke=ALL-UNNAMED --add-opens=java.base/java.util=ALL-UNNAMED --add-opens=java.prefs/java.util.prefs=ALL-UNNAMED --add-opens=java.prefs/java.util.prefs=ALL-UNNAMED --add-opens=java.base/java.nio.charset=ALL-UNNAMED --add-opens=java.base/java.net=ALL-UNNAMED --add-opens=java.base/java.util.concurrent.atomic=ALL-UNNAMED -Xmx2048m -Dfile.encoding=UTF-8 -Duser.country=ID -Duser.language=id -Duser.variant 
java_command: org.gradle.launcher.daemon.bootstrap.GradleDaemon 7.2
java_class_path (initial): C:\Users\Ian\.gradle\wrapper\dists\gradle-7.2-bin\2dnblmf4td7x66yl1d74lt32g\gradle-7.2\lib\gradle-launcher-7.2.jar
Launcher Type: SUN_STANDARD

[Global flags]
     intx CICompilerCount                          = 3                                         {product} {ergonomic}
     uint ConcGCThreads                            = 1                                         {product} {ergonomic}
     uint G1ConcRefinementThreads                  = 4                                         {product} {ergonomic}
   size_t G1HeapRegionSize                         = 1048576                                   {product} {ergonomic}
    uintx GCDrainStackTargetSize                   = 64                                        {product} {ergonomic}
   size_t InitialHeapSize                          = 65011712                                  {product} {ergonomic}
   size_t MarkStackSize                            = 4194304                                   {product} {ergonomic}
   size_t MaxHeapSize                              = 2147483648                                {product} {command line}
   size_t MaxNewSize                               = 1287651328                                {product} {ergonomic}
   size_t MinHeapDeltaBytes                        = 1048576                                   {product} {ergonomic}
   size_t MinHeapSize                              = 8388608                                   {product} {ergonomic}
    uintx NonNMethodCodeHeapSize                   = 5832780                                {pd product} {ergonomic}
    uintx NonProfiledCodeHeapSize                  = 122912730                              {pd product} {ergonomic}
    uintx ProfiledCodeHeapSize                     = 122912730                              {pd product} {ergonomic}
    uintx ReservedCodeCacheSize                    = 251658240                              {pd product} {ergonomic}
     bool SegmentedCodeCache                       = true                                      {product} {ergonomic}
   size_t SoftMaxHeapSize                          = 2147483648                             {manageable} {ergonomic}
     bool UseCompressedClassPointers               = true                           {product lp64_product} {ergonomic}
     bool UseCompressedOops                        = true                           {product lp64_product} {ergonomic}
     bool UseG1GC                                  = true                                      {product} {ergonomic}
     bool UseLargePagesIndividualAllocation        = false                                  {pd product} {ergonomic}

Logging:
Log output configuration:
 #0: stdout all=warning uptime,level,tags
 #1: stderr all=off uptime,level,tags

Environment Variables:
PATH=C:\ProgramData\Oracle\Java\javapath;C:\Program Files\OpenLogic\jdk-17.0.6.10-hotspot\bin;C:\Program Files\OpenJDK\jdk-11.0.18.10-hotspot\bin;C:\Program Files (x86)\Common Files\Oracle\Java\javapath;C:\Program Files (x86)\Common Files\Intel\Shared Files\cpp\bin\Intel64;C:\WINDOWS\system32;C:\WINDOWS;C:\WINDOWS\System32\Wbem;C:\WINDOWS\System32\WindowsPowerShell\v1.0\;C:\WINDOWS\System32\OpenSSH\;C:\Program Files\Intel\WiFi\bin\;C:\Program Files\Common Files\Intel\WirelessCommon\;C:\Program Files\Git\cmd;C:\Users\Ian\AppData\Local\Microsoft\WindowsApps;;C:\Users\Ian\AppData\Local\Programs\Microsoft VS Code\bin
USERNAME=Ian
OS=Windows_NT
PROCESSOR_IDENTIFIER=Intel64 Family 6 Model 142 Stepping 10, GenuineIntel
TMP=C:\Users\Ian\AppData\Local\Temp
TEMP=C:\Users\Ian\AppData\Local\Temp


JNI global refs:
JNI global refs: 24, weak refs: 28

JNI global refs memory usage: 843, weak refs: 841


---------------  S Y S T E M  ---------------

OS:
 Windows 11 , 64 bit Build 22621 (10.0.22621.2506)
OS uptime: 0 days 3:11 hours

CPU: total 4 (initial active 4) (2 cores per cpu, 2 threads per core) family 6 model 142 stepping 10 microcode 0xe0, cx8, cmov, fxsr, ht, mmx, 3dnowpref, sse, sse2, sse3, ssse3, sse4.1, sse4.2, popcnt, lzcnt, tsc, tscinvbit, aes, erms, clmul, clflush, clflushopt

Memory: 4k page, system-wide physical 3952M (261M free)
TotalPageFile size 8048M (AvailPageFile size 70M)
current process WorkingSet (physical memory assigned to process): 250M, peak: 268M
current process commit charge ("private bytes"): 483M, peak: 618M

vm_info: OpenJDK 64-Bit Server VM (17.0.6+0-b2043.56-10027231) for windows-amd64 JRE (17.0.6+0-b2043.56-10027231), built on Apr 28 2023 00:43:19 by "androidbuild" with MS VC++ 16.10 / 16.11 (VS2019)

END.
