#
# There is insufficient memory for the Java Runtime Environment to continue.
# Native memory allocation (mmap) failed to map 101711872 bytes for G1 virtual space
# Possible reasons:
#   The system is out of physical RAM or swap space
#   The process is running with CompressedOops enabled, and the Java Heap may be blocking the growth of the native heap
# Possible solutions:
#   Reduce memory load on the system
#   Increase physical memory or swap space
#   Check if swap backing store is full
#   Decrease Java heap size (-Xmx/-Xms)
#   Decrease number of Java threads
#   Decrease Java thread stack sizes (-Xss)
#   Set larger code cache with -XX:ReservedCodeCacheSize=
#   JVM is running with Unscaled Compressed Oops mode in which the Java heap is
#     placed in the first 4GB address space. The Java Heap base address is the
#     maximum limit for the native heap growth. Please use -XX:HeapBaseMinAddress
#     to set the Java Heap base and to place the Java Heap above 4GB virtual address.
# This output file may be truncated or incomplete.
#
#  Out of Memory Error (os_windows.cpp:3769), pid=8348, tid=12028
#
# JRE version: OpenJDK Runtime Environment (17.0.6) (build 17.0.6+0-b2043.56-10027231)
# Java VM: OpenJDK 64-Bit Server VM (17.0.6+0-b2043.56-10027231, mixed mode, tiered, compressed oops, compressed class ptrs, g1 gc, windows-amd64)
# No core dump will be written. Minidumps are not enabled by default on client versions of Windows
#

---------------  S U M M A R Y ------------

Command Line: --add-opens=java.base/java.util=ALL-UNNAMED --add-opens=java.base/java.lang=ALL-UNNAMED --add-opens=java.base/java.lang.invoke=ALL-UNNAMED --add-opens=java.base/java.util=ALL-UNNAMED --add-opens=java.prefs/java.util.prefs=ALL-UNNAMED --add-opens=java.prefs/java.util.prefs=ALL-UNNAMED --add-opens=java.base/java.nio.charset=ALL-UNNAMED --add-opens=java.base/java.net=ALL-UNNAMED --add-opens=java.base/java.util.concurrent.atomic=ALL-UNNAMED -Xmx2048m -Dfile.encoding=UTF-8 -Duser.country=ID -Duser.language=id -Duser.variant org.gradle.launcher.daemon.bootstrap.GradleDaemon 7.2

Host: Intel(R) Pentium(R) CPU 4417U @ 2.30GHz, 4 cores, 3G,  Windows 11 , 64 bit Build 22621 (10.0.22621.2506)
Time: Wed Dec  6 20:37:41 2023 SE Asia Standard Time elapsed time: 66.379526 seconds (0d 0h 1m 6s)

---------------  T H R E A D  ---------------

Current thread (0x00000233281d6210):  VMThread "VM Thread" [stack: 0x000000cfe8600000,0x000000cfe8700000] [id=12028]

Stack: [0x000000cfe8600000,0x000000cfe8700000]
Native frames: (J=compiled Java code, j=interpreted, Vv=VM code, C=native code)
V  [jvm.dll+0x683c9a]
V  [jvm.dll+0x8427a4]
V  [jvm.dll+0x843f9e]
V  [jvm.dll+0x844603]
V  [jvm.dll+0x249b75]
V  [jvm.dll+0x680b69]
V  [jvm.dll+0x67505a]
V  [jvm.dll+0x309acb]
V  [jvm.dll+0x310f86]
V  [jvm.dll+0x3608ee]
V  [jvm.dll+0x360b1f]
V  [jvm.dll+0x2dfbf8]
V  [jvm.dll+0x2ddec4]
V  [jvm.dll+0x2dd4cc]
V  [jvm.dll+0x321f3b]
V  [jvm.dll+0x848ccb]
V  [jvm.dll+0x849a04]
V  [jvm.dll+0x849f1d]
V  [jvm.dll+0x84a2f4]
V  [jvm.dll+0x84a3c0]
V  [jvm.dll+0x7f274a]
V  [jvm.dll+0x682ad5]
C  [ucrtbase.dll+0x29363]
C  [KERNEL32.DLL+0x1257d]
C  [ntdll.dll+0x5aa58]

VM_Operation (0x000000cfeb7f9450): G1CollectForAllocation, mode: safepoint, requested by thread 0x000002332c780fc0


---------------  P R O C E S S  ---------------

Threads class SMR info:
_java_thread_list=0x0000023335c306a0, length=93, elements={
0x000002330cd39f80, 0x0000023328253020, 0x0000023328253bd0, 0x0000023328224ac0,
0x0000023328275000, 0x0000023328c00080, 0x0000023328c010e0, 0x0000023328c02610,
0x0000023328c0fae0, 0x0000023328c23f70, 0x0000023328d88010, 0x0000023328da2020,
0x000002332a58f8f0, 0x000002332a143b70, 0x000002332a472840, 0x00000233294b8920,
0x00000233294b91c0, 0x0000023328f11bb0, 0x0000023328f12080, 0x0000023328f0fa00,
0x0000023328f12550, 0x0000023328f11210, 0x0000023328f103a0, 0x0000023328f10870,
0x0000023328f0f530, 0x0000023328f10d40, 0x0000023328f0f060, 0x0000023328f116e0,
0x0000023328f12a20, 0x000002332c786b30, 0x000002332c786190, 0x000002332c7857f0,
0x000002332c786660, 0x000002332c783640, 0x000002332c781e30, 0x000002332c784980,
0x000002332c783b10, 0x000002332c787000, 0x000002332c784e50, 0x000002332c782ca0,
0x000002332c780620, 0x000002332c77fc80, 0x000002332c781490, 0x000002332c781960,
0x000002332c780fc0, 0x000002332c785320, 0x000002332c783170, 0x000002332cef6c00,
0x000002332cefb430, 0x000002332cef8db0, 0x000002332cef88e0, 0x000002332cefb900,
0x000002332cef9c20, 0x000002332cefbdd0, 0x000002332cef70d0, 0x000002332cef6730,
0x000002332cef75a0, 0x000002332cef9280, 0x000002332cef4f20, 0x000002332cef9750,
0x000002332cef6260, 0x000002332cefc2a0, 0x000002332cefa0f0, 0x000002332cef7a70,
0x000002332cef7f40, 0x000002332cef8410, 0x000002332cefa5c0, 0x000002332cefaa90,
0x000002332cefaf60, 0x000002332cefc770, 0x000002332cef5d90, 0x000002332cef53f0,
0x000002332cef58c0, 0x000002332ccba5b0, 0x000002332ccb9270, 0x000002332ccbd100,
0x000002332ccbf2b0, 0x000002332ccbf780, 0x000002332ccbfc50, 0x000002332ccb9c10,
0x000002332ccc0120, 0x000002332ccbdf70, 0x000002332ccbbdc0, 0x000002332ccc05f0,
0x00000233309a30b0, 0x00000233300e92e0, 0x00000233300e8e10, 0x00000233309a3f20,
0x000002332ccbaf50, 0x000002332ff3f0c0, 0x000002332ff3fa60, 0x0000023330501a30,
0x00000233305006f0
}

Java Threads: ( => current thread )
  0x000002330cd39f80 JavaThread "main" [_thread_blocked, id=11920, stack(0x000000cfe8000000,0x000000cfe8100000)]
  0x0000023328253020 JavaThread "Reference Handler" daemon [_thread_blocked, id=1368, stack(0x000000cfe8700000,0x000000cfe8800000)]
  0x0000023328253bd0 JavaThread "Finalizer" daemon [_thread_blocked, id=4664, stack(0x000000cfe8800000,0x000000cfe8900000)]
  0x0000023328224ac0 JavaThread "Signal Dispatcher" daemon [_thread_blocked, id=9740, stack(0x000000cfe8900000,0x000000cfe8a00000)]
  0x0000023328275000 JavaThread "Attach Listener" daemon [_thread_blocked, id=3696, stack(0x000000cfe8a00000,0x000000cfe8b00000)]
  0x0000023328c00080 JavaThread "Service Thread" daemon [_thread_blocked, id=2300, stack(0x000000cfe8b00000,0x000000cfe8c00000)]
  0x0000023328c010e0 JavaThread "Monitor Deflation Thread" daemon [_thread_blocked, id=5728, stack(0x000000cfe8c00000,0x000000cfe8d00000)]
  0x0000023328c02610 JavaThread "C2 CompilerThread0" daemon [_thread_blocked, id=11112, stack(0x000000cfe8d00000,0x000000cfe8e00000)]
  0x0000023328c0fae0 JavaThread "C1 CompilerThread0" daemon [_thread_blocked, id=9308, stack(0x000000cfe8e00000,0x000000cfe8f00000)]
  0x0000023328c23f70 JavaThread "Sweeper thread" daemon [_thread_blocked, id=7820, stack(0x000000cfe8f00000,0x000000cfe9000000)]
  0x0000023328d88010 JavaThread "Common-Cleaner" daemon [_thread_blocked, id=11812, stack(0x000000cfe9000000,0x000000cfe9100000)]
  0x0000023328da2020 JavaThread "Notification Thread" daemon [_thread_blocked, id=7360, stack(0x000000cfe9100000,0x000000cfe9200000)]
  0x000002332a58f8f0 JavaThread "Daemon health stats" [_thread_blocked, id=2884, stack(0x000000cfe9600000,0x000000cfe9700000)]
  0x000002332a143b70 JavaThread "Incoming local TCP Connector on port 52701" [_thread_in_native, id=12112, stack(0x000000cfe9700000,0x000000cfe9800000)]
  0x000002332a472840 JavaThread "Daemon periodic checks" [_thread_blocked, id=3244, stack(0x000000cfe9800000,0x000000cfe9900000)]
  0x00000233294b8920 JavaThread "Daemon" [_thread_blocked, id=816, stack(0x000000cfe9900000,0x000000cfe9a00000)]
  0x00000233294b91c0 JavaThread "Handler for socket connection from /127.0.0.1:52701 to /127.0.0.1:52702" [_thread_in_native, id=10300, stack(0x000000cfe9a00000,0x000000cfe9b00000)]
  0x0000023328f11bb0 JavaThread "Cancel handler" [_thread_blocked, id=15840, stack(0x000000cfe9b00000,0x000000cfe9c00000)]
  0x0000023328f12080 JavaThread "Daemon worker" [_thread_blocked, id=2096, stack(0x000000cfe9c00000,0x000000cfe9d00000)]
  0x0000023328f0fa00 JavaThread "Asynchronous log dispatcher for DefaultDaemonConnection: socket connection from /127.0.0.1:52701 to /127.0.0.1:52702" [_thread_blocked, id=11744, stack(0x000000cfe9d00000,0x000000cfe9e00000)]
  0x0000023328f12550 JavaThread "Daemon client event forwarder" [_thread_blocked, id=2040, stack(0x000000cfe9f00000,0x000000cfea000000)]
  0x0000023328f11210 JavaThread "Cache worker for journal cache (C:\Users\Ian\.gradle\caches\journal-1)" [_thread_blocked, id=11468, stack(0x000000cfea000000,0x000000cfea100000)]
  0x0000023328f103a0 JavaThread "File lock request listener" [_thread_in_native, id=10104, stack(0x000000cfea100000,0x000000cfea200000)]
  0x0000023328f10870 JavaThread "Cache worker for file hash cache (C:\Users\Ian\.gradle\caches\7.2\fileHashes)" [_thread_blocked, id=784, stack(0x000000cfea200000,0x000000cfea300000)]
  0x0000023328f0f530 JavaThread "Cache worker for file hash cache (C:\Users\Ian\AndroidStudioProjects\ujianandroid_\.gradle\7.2\fileHashes)" [_thread_blocked, id=8116, stack(0x000000cfea300000,0x000000cfea400000)]
  0x0000023328f10d40 JavaThread "File watcher server" daemon [_thread_blocked, id=13840, stack(0x000000cfea400000,0x000000cfea500000)]
  0x0000023328f0f060 JavaThread "File watcher consumer" daemon [_thread_blocked, id=15352, stack(0x000000cfea500000,0x000000cfea600000)]
  0x0000023328f116e0 JavaThread "Cache worker for checksums cache (C:\Users\Ian\AndroidStudioProjects\ujianandroid_\.gradle\checksums)" [_thread_blocked, id=6924, stack(0x000000cfea600000,0x000000cfea700000)]
  0x0000023328f12a20 JavaThread "Cache worker for cache directory md-supplier (C:\Users\Ian\.gradle\caches\7.2\md-supplier)" [_thread_blocked, id=14228, stack(0x000000cfea700000,0x000000cfea800000)]
  0x000002332c786b30 JavaThread "Cache worker for cache directory md-rule (C:\Users\Ian\.gradle\caches\7.2\md-rule)" [_thread_blocked, id=11100, stack(0x000000cfea800000,0x000000cfea900000)]
  0x000002332c786190 JavaThread "Cache worker for execution history cache (C:\Users\Ian\.gradle\caches\7.2\executionHistory)" [_thread_blocked, id=13644, stack(0x000000cfea900000,0x000000cfeaa00000)]
  0x000002332c7857f0 JavaThread "jar transforms" [_thread_blocked, id=7972, stack(0x000000cfeaa00000,0x000000cfeab00000)]
  0x000002332c786660 JavaThread "jar transforms Thread 2" [_thread_blocked, id=6216, stack(0x000000cfeab00000,0x000000cfeac00000)]
  0x000002332c783640 JavaThread "Cache worker for file content cache (C:\Users\Ian\.gradle\caches\7.2\fileContent)" [_thread_blocked, id=9008, stack(0x000000cfeac00000,0x000000cfead00000)]
  0x000002332c781e30 JavaThread "jar transforms Thread 3" [_thread_blocked, id=14852, stack(0x000000cfead00000,0x000000cfeae00000)]
  0x000002332c784980 JavaThread "jar transforms Thread 4" [_thread_blocked, id=2024, stack(0x000000cfeae00000,0x000000cfeaf00000)]
  0x000002332c783b10 JavaThread "Cache worker for dependencies-accessors (C:\Users\Ian\AndroidStudioProjects\ujianandroid_\.gradle\7.2\dependencies-accessors)" [_thread_blocked, id=4660, stack(0x000000cfeaf00000,0x000000cfeb000000)]
  0x000002332c787000 JavaThread "Cache worker for Build Output Cleanup Cache (C:\Users\Ian\AndroidStudioProjects\ujianandroid_\.gradle\buildOutputCleanup)" [_thread_blocked, id=4984, stack(0x000000cfeb000000,0x000000cfeb100000)]
  0x000002332c784e50 JavaThread "Unconstrained build operations" [_thread_blocked, id=3884, stack(0x000000cfeb100000,0x000000cfeb200000)]
  0x000002332c782ca0 JavaThread "Unconstrained build operations Thread 2" [_thread_blocked, id=9300, stack(0x000000cfeb200000,0x000000cfeb300000)]
  0x000002332c780620 JavaThread "Unconstrained build operations Thread 3" [_thread_blocked, id=2904, stack(0x000000cfeb300000,0x000000cfeb400000)]
  0x000002332c77fc80 JavaThread "Unconstrained build operations Thread 4" [_thread_blocked, id=248, stack(0x000000cfeb400000,0x000000cfeb500000)]
  0x000002332c781490 JavaThread "Unconstrained build operations Thread 5" [_thread_blocked, id=11728, stack(0x000000cfeb500000,0x000000cfeb600000)]
  0x000002332c781960 JavaThread "Unconstrained build operations Thread 6" [_thread_blocked, id=13756, stack(0x000000cfeb600000,0x000000cfeb700000)]
  0x000002332c780fc0 JavaThread "Unconstrained build operations Thread 7" [_thread_blocked, id=5024, stack(0x000000cfeb700000,0x000000cfeb800000)]
  0x000002332c785320 JavaThread "Unconstrained build operations Thread 8" [_thread_blocked, id=6724, stack(0x000000cfeb800000,0x000000cfeb900000)]
  0x000002332c783170 JavaThread "Unconstrained build operations Thread 9" [_thread_blocked, id=1948, stack(0x000000cfeb900000,0x000000cfeba00000)]
  0x000002332cef6c00 JavaThread "Unconstrained build operations Thread 10" [_thread_blocked, id=12164, stack(0x000000cfeba00000,0x000000cfebb00000)]
  0x000002332cefb430 JavaThread "Unconstrained build operations Thread 11" [_thread_blocked, id=7724, stack(0x000000cfebb00000,0x000000cfebc00000)]
  0x000002332cef8db0 JavaThread "Unconstrained build operations Thread 12" [_thread_blocked, id=13540, stack(0x000000cfebc00000,0x000000cfebd00000)]
  0x000002332cef88e0 JavaThread "Unconstrained build operations Thread 13" [_thread_blocked, id=13332, stack(0x000000cfebd00000,0x000000cfebe00000)]
  0x000002332cefb900 JavaThread "Unconstrained build operations Thread 14" [_thread_blocked, id=15328, stack(0x000000cfebe00000,0x000000cfebf00000)]
  0x000002332cef9c20 JavaThread "Unconstrained build operations Thread 15" [_thread_blocked, id=11020, stack(0x000000cfebf00000,0x000000cfec000000)]
  0x000002332cefbdd0 JavaThread "Unconstrained build operations Thread 16" [_thread_blocked, id=15144, stack(0x000000cfec000000,0x000000cfec100000)]
  0x000002332cef70d0 JavaThread "Unconstrained build operations Thread 17" [_thread_blocked, id=15712, stack(0x000000cfec100000,0x000000cfec200000)]
  0x000002332cef6730 JavaThread "Unconstrained build operations Thread 18" [_thread_blocked, id=13700, stack(0x000000cfec200000,0x000000cfec300000)]
  0x000002332cef75a0 JavaThread "Unconstrained build operations Thread 19" [_thread_blocked, id=6560, stack(0x000000cfec300000,0x000000cfec400000)]
  0x000002332cef9280 JavaThread "Unconstrained build operations Thread 20" [_thread_blocked, id=3916, stack(0x000000cfec400000,0x000000cfec500000)]
  0x000002332cef4f20 JavaThread "Unconstrained build operations Thread 21" [_thread_blocked, id=15948, stack(0x000000cfec500000,0x000000cfec600000)]
  0x000002332cef9750 JavaThread "Unconstrained build operations Thread 22" [_thread_blocked, id=14120, stack(0x000000cfec600000,0x000000cfec700000)]
  0x000002332cef6260 JavaThread "Unconstrained build operations Thread 23" [_thread_blocked, id=13632, stack(0x000000cfec700000,0x000000cfec800000)]
  0x000002332cefc2a0 JavaThread "Unconstrained build operations Thread 24" [_thread_blocked, id=13588, stack(0x000000cfec800000,0x000000cfec900000)]
  0x000002332cefa0f0 JavaThread "Unconstrained build operations Thread 25" [_thread_blocked, id=3948, stack(0x000000cfec900000,0x000000cfeca00000)]
  0x000002332cef7a70 JavaThread "Unconstrained build operations Thread 26" [_thread_blocked, id=13180, stack(0x000000cfeca00000,0x000000cfecb00000)]
  0x000002332cef7f40 JavaThread "Unconstrained build operations Thread 27" [_thread_blocked, id=15804, stack(0x000000cfecb00000,0x000000cfecc00000)]
  0x000002332cef8410 JavaThread "Unconstrained build operations Thread 28" [_thread_blocked, id=12716, stack(0x000000cfecc00000,0x000000cfecd00000)]
  0x000002332cefa5c0 JavaThread "Unconstrained build operations Thread 29" [_thread_blocked, id=4196, stack(0x000000cfecd00000,0x000000cfece00000)]
  0x000002332cefaa90 JavaThread "Unconstrained build operations Thread 30" [_thread_blocked, id=6428, stack(0x000000cfece00000,0x000000cfecf00000)]
  0x000002332cefaf60 JavaThread "Unconstrained build operations Thread 31" [_thread_blocked, id=10456, stack(0x000000cfecf00000,0x000000cfed000000)]
  0x000002332cefc770 JavaThread "Unconstrained build operations Thread 32" [_thread_blocked, id=9332, stack(0x000000cfed000000,0x000000cfed100000)]
  0x000002332cef5d90 JavaThread "Unconstrained build operations Thread 33" [_thread_blocked, id=13672, stack(0x000000cfed100000,0x000000cfed200000)]
  0x000002332cef53f0 JavaThread "Unconstrained build operations Thread 34" [_thread_blocked, id=1632, stack(0x000000cfed200000,0x000000cfed300000)]
  0x000002332cef58c0 JavaThread "Unconstrained build operations Thread 35" [_thread_blocked, id=1176, stack(0x000000cfed300000,0x000000cfed400000)]
  0x000002332ccba5b0 JavaThread "Unconstrained build operations Thread 36" [_thread_blocked, id=15016, stack(0x000000cfed400000,0x000000cfed500000)]
  0x000002332ccb9270 JavaThread "Unconstrained build operations Thread 37" [_thread_blocked, id=15480, stack(0x000000cfed500000,0x000000cfed600000)]
  0x000002332ccbd100 JavaThread "Unconstrained build operations Thread 38" [_thread_blocked, id=15776, stack(0x000000cfed600000,0x000000cfed700000)]
  0x000002332ccbf2b0 JavaThread "Unconstrained build operations Thread 39" [_thread_blocked, id=9068, stack(0x000000cfed700000,0x000000cfed800000)]
  0x000002332ccbf780 JavaThread "Unconstrained build operations Thread 40" [_thread_blocked, id=16316, stack(0x000000cfed800000,0x000000cfed900000)]
  0x000002332ccbfc50 JavaThread "Memory manager" [_thread_blocked, id=6900, stack(0x000000cfed900000,0x000000cfeda00000)]
  0x000002332ccb9c10 JavaThread "build event listener" [_thread_blocked, id=8636, stack(0x000000cfeda00000,0x000000cfedb00000)]
  0x000002332ccc0120 JavaThread "Execution worker for ':'" [_thread_blocked, id=14740, stack(0x000000cfedb00000,0x000000cfedc00000)]
  0x000002332ccbdf70 JavaThread "Execution worker for ':' Thread 2" [_thread_blocked, id=4496, stack(0x000000cfedc00000,0x000000cfedd00000)]
  0x000002332ccbbdc0 JavaThread "Execution worker for ':' Thread 3" [_thread_blocked, id=7236, stack(0x000000cfedd00000,0x000000cfede00000)]
  0x000002332ccc05f0 JavaThread "Cache worker for execution history cache (C:\Users\Ian\AndroidStudioProjects\ujianandroid_\.gradle\7.2\executionHistory)" [_thread_blocked, id=12000, stack(0x000000cfede00000,0x000000cfedf00000)]
  0x00000233309a30b0 JavaThread "WorkerExecutor Queue Thread 2" [_thread_blocked, id=1232, stack(0x000000cfee100000,0x000000cfee200000)]
  0x00000233300e92e0 JavaThread "WorkerExecutor Queue Thread 3" [_thread_blocked, id=3968, stack(0x000000cfee300000,0x000000cfee400000)]
  0x00000233300e8e10 JavaThread "WorkerExecutor Queue Thread 4" [_thread_blocked, id=14364, stack(0x000000cfee400000,0x000000cfee500000)]
  0x00000233309a3f20 JavaThread "WorkerExecutor Queue Thread 5" [_thread_blocked, id=4652, stack(0x000000cfe7e00000,0x000000cfe7f00000)]
  0x000002332ccbaf50 JavaThread "pool-3-thread-1" [_thread_blocked, id=640, stack(0x000000cfee700000,0x000000cfee800000)]
  0x000002332ff3f0c0 JavaThread "stderr" [_thread_in_native, id=7964, stack(0x000000cfee800000,0x000000cfee900000)]
  0x000002332ff3fa60 JavaThread "stdout" [_thread_in_native, id=244, stack(0x000000cfee900000,0x000000cfeea00000)]
  0x0000023330501a30 JavaThread "stderr" [_thread_in_native, id=3680, stack(0x000000cfeea00000,0x000000cfeeb00000)]
  0x00000233305006f0 JavaThread "stdout" [_thread_in_native, id=3860, stack(0x000000cfeeb00000,0x000000cfeec00000)]

Other Threads:
=>0x00000233281d6210 VMThread "VM Thread" [stack: 0x000000cfe8600000,0x000000cfe8700000] [id=12028]
  0x0000023328cd4b10 WatcherThread [stack: 0x000000cfe9200000,0x000000cfe9300000] [id=14288]
  0x000002330cd93c20 GCTaskThread "GC Thread#0" [stack: 0x000000cfe8100000,0x000000cfe8200000] [id=11388]
  0x0000023328f68020 GCTaskThread "GC Thread#1" [stack: 0x000000cfe9300000,0x000000cfe9400000] [id=15532]
  0x0000023329658520 GCTaskThread "GC Thread#2" [stack: 0x000000cfe9400000,0x000000cfe9500000] [id=2464]
  0x0000023328f694d0 GCTaskThread "GC Thread#3" [stack: 0x000000cfe9500000,0x000000cfe9600000] [id=13396]
  0x000002330cda4a00 ConcurrentGCThread "G1 Main Marker" [stack: 0x000000cfe8200000,0x000000cfe8300000] [id=8068]
  0x000002330cda52b0 ConcurrentGCThread "G1 Conc#0" [stack: 0x000000cfe8300000,0x000000cfe8400000] [id=15368]
  0x000002330cdf3590 ConcurrentGCThread "G1 Refine#0" [stack: 0x000000cfe8400000,0x000000cfe8500000] [id=636]
  0x00000233301489f0 ConcurrentGCThread "G1 Refine#1" [stack: 0x000000cfee200000,0x000000cfee300000] [id=10412]
  0x000002332a13fc00 ConcurrentGCThread "G1 Refine#2" [stack: 0x000000cfee500000,0x000000cfee600000] [id=6876]
  0x000002330cdf45f0 ConcurrentGCThread "G1 Service" [stack: 0x000000cfe8500000,0x000000cfe8600000] [id=6052]

Threads with active compile tasks:
C2 CompilerThread0    66489 18680       4       com.android.tools.r8.internal.Nv::a (455 bytes)

VM state: at safepoint (normal execution)

VM Mutex/Monitor currently owned by a thread:  ([mutex/lock_event])
[0x000002330cd33ed0] Threads_lock - owner thread: 0x00000233281d6210
[0x000002330cd33540] Heap_lock - owner thread: 0x000002332c780fc0

Heap address: 0x0000000080000000, size: 2048 MB, Compressed Oops mode: 32-bit

CDS archive(s) not mapped
Compressed class space mapped at: 0x0000000100000000-0x0000000140000000, reserved size: 1073741824
Narrow klass base: 0x0000000000000000, Narrow klass shift: 3, Narrow klass range: 0x140000000

GC Precious Log:
 CPUs: 4 total, 4 available
 Memory: 3952M
 Large Page Support: Disabled
 NUMA Support: Disabled
 Compressed Oops: Enabled (32-bit)
 Heap Region Size: 1M
 Heap Min Capacity: 8M
 Heap Initial Capacity: 62M
 Heap Max Capacity: 2G
 Pre-touch: Disabled
 Parallel Workers: 4
 Concurrent Workers: 1
 Concurrent Refinement Workers: 4
 Periodic GC: Disabled

Heap:
 garbage-first heap   total 293888K, used 146355K [0x0000000080000000, 0x0000000100000000)
  region size 1024K, 2 young (2048K), 2 survivors (2048K)
 Metaspace       used 114427K, committed 115136K, reserved 1155072K
  class space    used 14986K, committed 15296K, reserved 1048576K

Heap Regions: E=young(eden), S=young(survivor), O=old, HS=humongous(starts), HC=humongous(continues), CS=collection set, F=free, OA=open archive, CA=closed archive, TAMS=top-at-mark-start (previous, next)
|   0|0x0000000080000000, 0x0000000080100000, 0x0000000080100000|100%|HS|  |TAMS 0x0000000080100000, 0x0000000080100000| Complete 
|   1|0x0000000080100000, 0x0000000080200000, 0x0000000080200000|100%|HC|  |TAMS 0x0000000080200000, 0x0000000080200000| Complete 
|   2|0x0000000080200000, 0x0000000080300000, 0x0000000080300000|100%|HC|  |TAMS 0x0000000080300000, 0x0000000080300000| Complete 
|   3|0x0000000080300000, 0x0000000080400000, 0x0000000080400000|100%| O|  |TAMS 0x0000000080400000, 0x0000000080400000| Untracked 
|   4|0x0000000080400000, 0x0000000080500000, 0x0000000080500000|100%| O|  |TAMS 0x0000000080500000, 0x0000000080500000| Untracked 
|   5|0x0000000080500000, 0x0000000080600000, 0x0000000080600000|100%| O|  |TAMS 0x0000000080600000, 0x0000000080600000| Untracked 
|   6|0x0000000080600000, 0x0000000080700000, 0x0000000080700000|100%| O|  |TAMS 0x0000000080700000, 0x0000000080700000| Untracked 
|   7|0x0000000080700000, 0x0000000080800000, 0x0000000080800000|100%| O|  |TAMS 0x0000000080800000, 0x0000000080800000| Untracked 
|   8|0x0000000080800000, 0x0000000080900000, 0x0000000080900000|100%| O|  |TAMS 0x0000000080900000, 0x0000000080900000| Untracked 
|   9|0x0000000080900000, 0x0000000080a00000, 0x0000000080a00000|100%| O|  |TAMS 0x0000000080a00000, 0x0000000080a00000| Untracked 
|  10|0x0000000080a00000, 0x0000000080b00000, 0x0000000080b00000|100%| O|  |TAMS 0x0000000080b00000, 0x0000000080b00000| Untracked 
|  11|0x0000000080b00000, 0x0000000080c00000, 0x0000000080c00000|100%| O|  |TAMS 0x0000000080c00000, 0x0000000080c00000| Untracked 
|  12|0x0000000080c00000, 0x0000000080d00000, 0x0000000080d00000|100%| O|  |TAMS 0x0000000080d00000, 0x0000000080d00000| Untracked 
|  13|0x0000000080d00000, 0x0000000080e00000, 0x0000000080e00000|100%| O|  |TAMS 0x0000000080e00000, 0x0000000080e00000| Untracked 
|  14|0x0000000080e00000, 0x0000000080f00000, 0x0000000080f00000|100%| O|  |TAMS 0x0000000080f00000, 0x0000000080f00000| Untracked 
|  15|0x0000000080f00000, 0x0000000081000000, 0x0000000081000000|100%| O|  |TAMS 0x0000000081000000, 0x0000000081000000| Untracked 
|  16|0x0000000081000000, 0x0000000081100000, 0x0000000081100000|100%| O|  |TAMS 0x0000000081100000, 0x0000000081100000| Untracked 
|  17|0x0000000081100000, 0x0000000081200000, 0x0000000081200000|100%| O|  |TAMS 0x0000000081200000, 0x0000000081200000| Untracked 
|  18|0x0000000081200000, 0x0000000081300000, 0x0000000081300000|100%| O|  |TAMS 0x0000000081300000, 0x0000000081300000| Untracked 
|  19|0x0000000081300000, 0x0000000081400000, 0x0000000081400000|100%| O|  |TAMS 0x0000000081400000, 0x0000000081400000| Untracked 
|  20|0x0000000081400000, 0x0000000081500000, 0x0000000081500000|100%| O|  |TAMS 0x0000000081500000, 0x0000000081500000| Untracked 
|  21|0x0000000081500000, 0x0000000081600000, 0x0000000081600000|100%| O|  |TAMS 0x0000000081600000, 0x0000000081600000| Untracked 
|  22|0x0000000081600000, 0x0000000081700000, 0x0000000081700000|100%| O|  |TAMS 0x0000000081700000, 0x0000000081700000| Untracked 
|  23|0x0000000081700000, 0x0000000081800000, 0x0000000081800000|100%| O|  |TAMS 0x0000000081800000, 0x0000000081800000| Untracked 
|  24|0x0000000081800000, 0x0000000081900000, 0x0000000081900000|100%| O|  |TAMS 0x0000000081900000, 0x0000000081900000| Untracked 
|  25|0x0000000081900000, 0x0000000081a00000, 0x0000000081a00000|100%| O|  |TAMS 0x0000000081a00000, 0x0000000081a00000| Untracked 
|  26|0x0000000081a00000, 0x0000000081b00000, 0x0000000081b00000|100%| O|  |TAMS 0x0000000081b00000, 0x0000000081b00000| Untracked 
|  27|0x0000000081b00000, 0x0000000081c00000, 0x0000000081c00000|100%| O|  |TAMS 0x0000000081c00000, 0x0000000081c00000| Untracked 
|  28|0x0000000081c00000, 0x0000000081d00000, 0x0000000081d00000|100%|HS|  |TAMS 0x0000000081d00000, 0x0000000081d00000| Complete 
|  29|0x0000000081d00000, 0x0000000081e00000, 0x0000000081e00000|100%|HS|  |TAMS 0x0000000081e00000, 0x0000000081e00000| Complete 
|  30|0x0000000081e00000, 0x0000000081f00000, 0x0000000081f00000|100%|HS|  |TAMS 0x0000000081f00000, 0x0000000081f00000| Complete 
|  31|0x0000000081f00000, 0x0000000082000000, 0x0000000082000000|100%|HC|  |TAMS 0x0000000082000000, 0x0000000082000000| Complete 
|  32|0x0000000082000000, 0x0000000082100000, 0x0000000082100000|100%| O|  |TAMS 0x0000000082100000, 0x0000000082100000| Untracked 
|  33|0x0000000082100000, 0x0000000082200000, 0x0000000082200000|100%| O|  |TAMS 0x0000000082200000, 0x0000000082200000| Untracked 
|  34|0x0000000082200000, 0x0000000082300000, 0x0000000082300000|100%| O|  |TAMS 0x0000000082300000, 0x0000000082300000| Untracked 
|  35|0x0000000082300000, 0x0000000082400000, 0x0000000082400000|100%| O|  |TAMS 0x0000000082400000, 0x0000000082400000| Untracked 
|  36|0x0000000082400000, 0x0000000082500000, 0x0000000082500000|100%| O|  |TAMS 0x0000000082500000, 0x0000000082500000| Untracked 
|  37|0x0000000082500000, 0x0000000082600000, 0x0000000082600000|100%| O|  |TAMS 0x0000000082600000, 0x0000000082600000| Untracked 
|  38|0x0000000082600000, 0x0000000082700000, 0x0000000082700000|100%| O|  |TAMS 0x0000000082700000, 0x0000000082700000| Untracked 
|  39|0x0000000082700000, 0x0000000082800000, 0x0000000082800000|100%| O|  |TAMS 0x0000000082800000, 0x0000000082800000| Untracked 
|  40|0x0000000082800000, 0x0000000082900000, 0x0000000082900000|100%| O|  |TAMS 0x0000000082900000, 0x0000000082900000| Untracked 
|  41|0x0000000082900000, 0x0000000082a00000, 0x0000000082a00000|100%| O|  |TAMS 0x0000000082a00000, 0x0000000082a00000| Untracked 
|  42|0x0000000082a00000, 0x0000000082b00000, 0x0000000082b00000|100%| O|  |TAMS 0x0000000082b00000, 0x0000000082b00000| Untracked 
|  43|0x0000000082b00000, 0x0000000082c00000, 0x0000000082c00000|100%| O|  |TAMS 0x0000000082c00000, 0x0000000082c00000| Untracked 
|  44|0x0000000082c00000, 0x0000000082d00000, 0x0000000082d00000|100%| O|  |TAMS 0x0000000082d00000, 0x0000000082d00000| Untracked 
|  45|0x0000000082d00000, 0x0000000082e00000, 0x0000000082e00000|100%| O|  |TAMS 0x0000000082e00000, 0x0000000082e00000| Untracked 
|  46|0x0000000082e00000, 0x0000000082f00000, 0x0000000082f00000|100%| O|  |TAMS 0x0000000082f00000, 0x0000000082f00000| Untracked 
|  47|0x0000000082f00000, 0x0000000083000000, 0x0000000083000000|100%| O|  |TAMS 0x0000000083000000, 0x0000000083000000| Untracked 
|  48|0x0000000083000000, 0x0000000083100000, 0x0000000083100000|100%| O|  |TAMS 0x0000000083100000, 0x0000000083100000| Untracked 
|  49|0x0000000083100000, 0x0000000083200000, 0x0000000083200000|100%| O|  |TAMS 0x0000000083200000, 0x0000000083200000| Untracked 
|  50|0x0000000083200000, 0x0000000083300000, 0x0000000083300000|100%| O|  |TAMS 0x0000000083300000, 0x0000000083300000| Untracked 
|  51|0x0000000083300000, 0x0000000083400000, 0x0000000083400000|100%| O|  |TAMS 0x0000000083400000, 0x0000000083400000| Untracked 
|  52|0x0000000083400000, 0x0000000083500000, 0x0000000083500000|100%| O|  |TAMS 0x0000000083500000, 0x0000000083500000| Untracked 
|  53|0x0000000083500000, 0x0000000083600000, 0x0000000083600000|100%| O|  |TAMS 0x0000000083600000, 0x0000000083600000| Untracked 
|  54|0x0000000083600000, 0x0000000083700000, 0x0000000083700000|100%| O|  |TAMS 0x0000000083700000, 0x0000000083700000| Untracked 
|  55|0x0000000083700000, 0x0000000083800000, 0x0000000083800000|100%| O|  |TAMS 0x0000000083800000, 0x0000000083800000| Untracked 
|  56|0x0000000083800000, 0x0000000083900000, 0x0000000083900000|100%| O|  |TAMS 0x0000000083900000, 0x0000000083900000| Untracked 
|  57|0x0000000083900000, 0x0000000083a00000, 0x0000000083a00000|100%| O|  |TAMS 0x0000000083a00000, 0x0000000083a00000| Untracked 
|  58|0x0000000083a00000, 0x0000000083b00000, 0x0000000083b00000|100%| O|  |TAMS 0x0000000083b00000, 0x0000000083b00000| Untracked 
|  59|0x0000000083b00000, 0x0000000083c00000, 0x0000000083c00000|100%| O|  |TAMS 0x0000000083c00000, 0x0000000083c00000| Untracked 
|  60|0x0000000083c00000, 0x0000000083d00000, 0x0000000083d00000|100%| O|  |TAMS 0x0000000083d00000, 0x0000000083d00000| Untracked 
|  61|0x0000000083d00000, 0x0000000083e00000, 0x0000000083e00000|100%| O|  |TAMS 0x0000000083e00000, 0x0000000083e00000| Untracked 
|  62|0x0000000083e00000, 0x0000000083f00000, 0x0000000083f00000|100%| O|  |TAMS 0x0000000083f00000, 0x0000000083f00000| Untracked 
|  63|0x0000000083f00000, 0x0000000084000000, 0x0000000084000000|100%| O|  |TAMS 0x0000000084000000, 0x0000000084000000| Untracked 
|  64|0x0000000084000000, 0x0000000084100000, 0x0000000084100000|100%| O|  |TAMS 0x0000000084100000, 0x0000000084100000| Untracked 
|  65|0x0000000084100000, 0x0000000084200000, 0x0000000084200000|100%| O|  |TAMS 0x0000000084200000, 0x0000000084200000| Untracked 
|  66|0x0000000084200000, 0x0000000084300000, 0x0000000084300000|100%| O|  |TAMS 0x0000000084200000, 0x0000000084300000| Untracked 
|  67|0x0000000084300000, 0x0000000084400000, 0x0000000084400000|100%| O|  |TAMS 0x0000000084400000, 0x0000000084400000| Untracked 
|  68|0x0000000084400000, 0x0000000084500000, 0x0000000084500000|100%| O|  |TAMS 0x00000000844db600, 0x0000000084500000| Untracked 
|  69|0x0000000084500000, 0x0000000084600000, 0x0000000084600000|100%| O|  |TAMS 0x0000000084500000, 0x0000000084600000| Untracked 
|  70|0x0000000084600000, 0x0000000084700000, 0x0000000084700000|100%| O|  |TAMS 0x0000000084600000, 0x0000000084700000| Untracked 
|  71|0x0000000084700000, 0x0000000084800000, 0x0000000084800000|100%| O|  |TAMS 0x0000000084700000, 0x0000000084800000| Untracked 
|  72|0x0000000084800000, 0x0000000084900000, 0x0000000084900000|100%| O|  |TAMS 0x0000000084800000, 0x0000000084900000| Untracked 
|  73|0x0000000084900000, 0x0000000084a00000, 0x0000000084a00000|100%| O|  |TAMS 0x0000000084900000, 0x0000000084a00000| Untracked 
|  74|0x0000000084a00000, 0x0000000084b00000, 0x0000000084b00000|100%| O|  |TAMS 0x0000000084a00000, 0x0000000084b00000| Untracked 
|  75|0x0000000084b00000, 0x0000000084c00000, 0x0000000084c00000|100%| O|  |TAMS 0x0000000084b00000, 0x0000000084c00000| Untracked 
|  76|0x0000000084c00000, 0x0000000084d00000, 0x0000000084d00000|100%|HS|  |TAMS 0x0000000084c00000, 0x0000000084d00000| Complete 
|  77|0x0000000084d00000, 0x0000000084e00000, 0x0000000084e00000|100%| O|  |TAMS 0x0000000084d00000, 0x0000000084e00000| Untracked 
|  78|0x0000000084e00000, 0x0000000084f00000, 0x0000000084f00000|100%| O|  |TAMS 0x0000000084e00000, 0x0000000084f00000| Untracked 
|  79|0x0000000084f00000, 0x0000000085000000, 0x0000000085000000|100%| O|  |TAMS 0x0000000084f00000, 0x0000000085000000| Untracked 
|  80|0x0000000085000000, 0x0000000085100000, 0x0000000085100000|100%| O|  |TAMS 0x0000000085000000, 0x0000000085100000| Untracked 
|  81|0x0000000085100000, 0x0000000085200000, 0x0000000085200000|100%| O|  |TAMS 0x0000000085100000, 0x0000000085200000| Untracked 
|  82|0x0000000085200000, 0x0000000085300000, 0x0000000085300000|100%| O|  |TAMS 0x0000000085200000, 0x0000000085300000| Untracked 
|  83|0x0000000085300000, 0x0000000085400000, 0x0000000085400000|100%| O|  |TAMS 0x0000000085300000, 0x0000000085400000| Untracked 
|  84|0x0000000085400000, 0x0000000085500000, 0x0000000085500000|100%| O|  |TAMS 0x0000000085400000, 0x0000000085500000| Untracked 
|  85|0x0000000085500000, 0x0000000085600000, 0x0000000085600000|100%| O|  |TAMS 0x0000000085500000, 0x0000000085600000| Untracked 
|  86|0x0000000085600000, 0x0000000085700000, 0x0000000085700000|100%| O|  |TAMS 0x0000000085600000, 0x0000000085700000| Untracked 
|  87|0x0000000085700000, 0x0000000085800000, 0x0000000085800000|100%| O|  |TAMS 0x0000000085700000, 0x0000000085800000| Untracked 
|  88|0x0000000085800000, 0x0000000085900000, 0x0000000085900000|100%| O|  |TAMS 0x0000000085800000, 0x0000000085900000| Untracked 
|  89|0x0000000085900000, 0x0000000085a00000, 0x0000000085a00000|100%| O|  |TAMS 0x0000000085900000, 0x0000000085a00000| Untracked 
|  90|0x0000000085a00000, 0x0000000085b00000, 0x0000000085b00000|100%| O|  |TAMS 0x0000000085a00000, 0x0000000085b00000| Untracked 
|  91|0x0000000085b00000, 0x0000000085c00000, 0x0000000085c00000|100%| O|  |TAMS 0x0000000085b00000, 0x0000000085c00000| Untracked 
|  92|0x0000000085c00000, 0x0000000085d00000, 0x0000000085d00000|100%| O|  |TAMS 0x0000000085c00000, 0x0000000085d00000| Untracked 
|  93|0x0000000085d00000, 0x0000000085e00000, 0x0000000085e00000|100%| O|  |TAMS 0x0000000085d00000, 0x0000000085e00000| Untracked 
|  94|0x0000000085e00000, 0x0000000085f00000, 0x0000000085f00000|100%| O|  |TAMS 0x0000000085e00000, 0x0000000085f00000| Untracked 
|  95|0x0000000085f00000, 0x0000000086000000, 0x0000000086000000|100%| O|  |TAMS 0x0000000085f00000, 0x0000000086000000| Untracked 
|  96|0x0000000086000000, 0x0000000086100000, 0x0000000086100000|100%| O|  |TAMS 0x0000000086000000, 0x0000000086100000| Untracked 
|  97|0x0000000086100000, 0x0000000086200000, 0x0000000086200000|100%| O|  |TAMS 0x0000000086100000, 0x0000000086200000| Untracked 
|  98|0x0000000086200000, 0x0000000086300000, 0x0000000086300000|100%| O|  |TAMS 0x0000000086200000, 0x0000000086300000| Untracked 
|  99|0x0000000086300000, 0x0000000086400000, 0x0000000086400000|100%| O|  |TAMS 0x0000000086300000, 0x0000000086400000| Untracked 
| 100|0x0000000086400000, 0x0000000086500000, 0x0000000086500000|100%| O|  |TAMS 0x0000000086400000, 0x0000000086500000| Untracked 
| 101|0x0000000086500000, 0x0000000086600000, 0x0000000086600000|100%| O|  |TAMS 0x0000000086500000, 0x0000000086600000| Untracked 
| 102|0x0000000086600000, 0x0000000086700000, 0x0000000086700000|100%| O|  |TAMS 0x0000000086600000, 0x0000000086700000| Untracked 
| 103|0x0000000086700000, 0x0000000086800000, 0x0000000086800000|100%| O|  |TAMS 0x0000000086700000, 0x0000000086800000| Untracked 
| 104|0x0000000086800000, 0x0000000086900000, 0x0000000086900000|100%| O|  |TAMS 0x0000000086800000, 0x0000000086900000| Untracked 
| 105|0x0000000086900000, 0x0000000086a00000, 0x0000000086a00000|100%| O|  |TAMS 0x0000000086900000, 0x0000000086a00000| Untracked 
| 106|0x0000000086a00000, 0x0000000086b00000, 0x0000000086b00000|100%| O|  |TAMS 0x0000000086a00000, 0x0000000086b00000| Untracked 
| 107|0x0000000086b00000, 0x0000000086c00000, 0x0000000086c00000|100%| O|  |TAMS 0x0000000086b00000, 0x0000000086c00000| Untracked 
| 108|0x0000000086c00000, 0x0000000086d00000, 0x0000000086d00000|100%| O|  |TAMS 0x0000000086c00000, 0x0000000086d00000| Untracked 
| 109|0x0000000086d00000, 0x0000000086e00000, 0x0000000086e00000|100%| O|  |TAMS 0x0000000086d00000, 0x0000000086e00000| Untracked 
| 110|0x0000000086e00000, 0x0000000086f00000, 0x0000000086f00000|100%| O|  |TAMS 0x0000000086e00000, 0x0000000086f00000| Untracked 
| 111|0x0000000086f00000, 0x0000000087000000, 0x0000000087000000|100%| O|  |TAMS 0x0000000086f00000, 0x0000000087000000| Untracked 
| 112|0x0000000087000000, 0x0000000087100000, 0x0000000087100000|100%| O|  |TAMS 0x0000000087000000, 0x0000000087100000| Untracked 
| 113|0x0000000087100000, 0x0000000087200000, 0x0000000087200000|100%| O|  |TAMS 0x0000000087100000, 0x0000000087200000| Untracked 
| 114|0x0000000087200000, 0x0000000087300000, 0x0000000087300000|100%| O|  |TAMS 0x0000000087200000, 0x0000000087300000| Untracked 
| 115|0x0000000087300000, 0x0000000087400000, 0x0000000087400000|100%| O|  |TAMS 0x0000000087300000, 0x0000000087400000| Untracked 
| 116|0x0000000087400000, 0x0000000087500000, 0x0000000087500000|100%| O|  |TAMS 0x0000000087400000, 0x0000000087500000| Untracked 
| 117|0x0000000087500000, 0x0000000087600000, 0x0000000087600000|100%| O|  |TAMS 0x0000000087500000, 0x0000000087600000| Untracked 
| 118|0x0000000087600000, 0x0000000087700000, 0x0000000087700000|100%| O|  |TAMS 0x0000000087600000, 0x0000000087700000| Untracked 
| 119|0x0000000087700000, 0x0000000087800000, 0x0000000087800000|100%| O|  |TAMS 0x0000000087700000, 0x0000000087800000| Untracked 
| 120|0x0000000087800000, 0x0000000087900000, 0x0000000087900000|100%| O|  |TAMS 0x0000000087800000, 0x0000000087900000| Untracked 
| 121|0x0000000087900000, 0x0000000087a00000, 0x0000000087a00000|100%| O|  |TAMS 0x0000000087900000, 0x0000000087a00000| Untracked 
| 122|0x0000000087a00000, 0x0000000087b00000, 0x0000000087b00000|100%| O|  |TAMS 0x0000000087a00000, 0x0000000087b00000| Untracked 
| 123|0x0000000087b00000, 0x0000000087c00000, 0x0000000087c00000|100%| O|  |TAMS 0x0000000087b00000, 0x0000000087c00000| Untracked 
| 124|0x0000000087c00000, 0x0000000087d00000, 0x0000000087d00000|100%| O|  |TAMS 0x0000000087c00000, 0x0000000087d00000| Untracked 
| 125|0x0000000087d00000, 0x0000000087e00000, 0x0000000087e00000|100%| O|  |TAMS 0x0000000087d00000, 0x0000000087e00000| Untracked 
| 126|0x0000000087e00000, 0x0000000087f00000, 0x0000000087f00000|100%| O|  |TAMS 0x0000000087e00000, 0x0000000087f00000| Untracked 
| 127|0x0000000087f00000, 0x0000000088000000, 0x0000000088000000|100%| O|  |TAMS 0x0000000087f00000, 0x0000000088000000| Untracked 
| 128|0x0000000088000000, 0x0000000088100000, 0x0000000088100000|100%| O|  |TAMS 0x0000000088000000, 0x0000000088100000| Untracked 
| 129|0x0000000088100000, 0x0000000088200000, 0x0000000088200000|100%| O|  |TAMS 0x0000000088100000, 0x0000000088200000| Untracked 
| 130|0x0000000088200000, 0x0000000088300000, 0x0000000088300000|100%| O|  |TAMS 0x0000000088200000, 0x0000000088300000| Untracked 
| 131|0x0000000088300000, 0x0000000088400000, 0x0000000088400000|100%| O|  |TAMS 0x0000000088300000, 0x0000000088400000| Untracked 
| 132|0x0000000088400000, 0x0000000088500000, 0x0000000088500000|100%| O|  |TAMS 0x0000000088400000, 0x0000000088500000| Untracked 
| 133|0x0000000088500000, 0x0000000088600000, 0x0000000088600000|100%| O|  |TAMS 0x0000000088500000, 0x0000000088600000| Untracked 
| 134|0x0000000088600000, 0x0000000088700000, 0x0000000088700000|100%| O|  |TAMS 0x0000000088600000, 0x0000000088700000| Untracked 
| 135|0x0000000088700000, 0x0000000088800000, 0x0000000088800000|100%| O|  |TAMS 0x0000000088700000, 0x0000000088800000| Untracked 
| 136|0x0000000088800000, 0x0000000088900000, 0x0000000088900000|100%| O|  |TAMS 0x0000000088800000, 0x0000000088900000| Untracked 
| 137|0x0000000088900000, 0x0000000088a00000, 0x0000000088a00000|100%| O|  |TAMS 0x0000000088900000, 0x0000000088a00000| Untracked 
| 138|0x0000000088a00000, 0x0000000088b00000, 0x0000000088b00000|100%| O|  |TAMS 0x0000000088a00000, 0x0000000088b00000| Untracked 
| 139|0x0000000088b00000, 0x0000000088c00000, 0x0000000088c00000|100%| O|  |TAMS 0x0000000088b00000, 0x0000000088c00000| Untracked 
| 140|0x0000000088c00000, 0x0000000088d00000, 0x0000000088d00000|100%| O|  |TAMS 0x0000000088c00000, 0x0000000088d00000| Untracked 
| 141|0x0000000088d00000, 0x0000000088d00000, 0x0000000088e00000|  0%| F|  |TAMS 0x0000000088d00000, 0x0000000088d00000| Untracked 
| 142|0x0000000088e00000, 0x0000000088e00000, 0x0000000088f00000|  0%| F|  |TAMS 0x0000000088e00000, 0x0000000088e00000| Untracked 
| 143|0x0000000088f00000, 0x0000000088f00000, 0x0000000089000000|  0%| F|  |TAMS 0x0000000088f00000, 0x0000000088f00000| Untracked 
| 144|0x0000000089000000, 0x0000000089000000, 0x0000000089100000|  0%| F|  |TAMS 0x0000000089000000, 0x0000000089000000| Untracked 
| 145|0x0000000089100000, 0x0000000089100000, 0x0000000089200000|  0%| F|  |TAMS 0x0000000089100000, 0x0000000089100000| Untracked 
| 146|0x0000000089200000, 0x0000000089200000, 0x0000000089300000|  0%| F|  |TAMS 0x0000000089200000, 0x0000000089200000| Untracked 
| 147|0x0000000089300000, 0x0000000089300000, 0x0000000089400000|  0%| F|  |TAMS 0x0000000089300000, 0x0000000089300000| Untracked 
| 148|0x0000000089400000, 0x0000000089400000, 0x0000000089500000|  0%| F|  |TAMS 0x0000000089400000, 0x0000000089400000| Untracked 
| 149|0x0000000089500000, 0x0000000089500000, 0x0000000089600000|  0%| F|  |TAMS 0x0000000089500000, 0x0000000089500000| Untracked 
| 150|0x0000000089600000, 0x0000000089600000, 0x0000000089700000|  0%| F|  |TAMS 0x0000000089600000, 0x0000000089600000| Untracked 
| 151|0x0000000089700000, 0x0000000089700000, 0x0000000089800000|  0%| F|  |TAMS 0x0000000089700000, 0x0000000089700000| Untracked 
| 152|0x0000000089800000, 0x0000000089800000, 0x0000000089900000|  0%| F|  |TAMS 0x0000000089800000, 0x0000000089800000| Untracked 
| 153|0x0000000089900000, 0x0000000089900000, 0x0000000089a00000|  0%| F|  |TAMS 0x0000000089900000, 0x0000000089900000| Untracked 
| 154|0x0000000089a00000, 0x0000000089a00000, 0x0000000089b00000|  0%| F|  |TAMS 0x0000000089a00000, 0x0000000089a00000| Untracked 
| 155|0x0000000089b00000, 0x0000000089b00000, 0x0000000089c00000|  0%| F|  |TAMS 0x0000000089b00000, 0x0000000089b00000| Untracked 
| 156|0x0000000089c00000, 0x0000000089c00000, 0x0000000089d00000|  0%| F|  |TAMS 0x0000000089c00000, 0x0000000089c00000| Untracked 
| 157|0x0000000089d00000, 0x0000000089d00000, 0x0000000089e00000|  0%| F|  |TAMS 0x0000000089d00000, 0x0000000089d00000| Untracked 
| 158|0x0000000089e00000, 0x0000000089e00000, 0x0000000089f00000|  0%| F|  |TAMS 0x0000000089e00000, 0x0000000089e00000| Untracked 
| 159|0x0000000089f00000, 0x0000000089f00000, 0x000000008a000000|  0%| F|  |TAMS 0x0000000089f00000, 0x0000000089f00000| Untracked 
| 160|0x000000008a000000, 0x000000008a000000, 0x000000008a100000|  0%| F|  |TAMS 0x000000008a000000, 0x000000008a000000| Untracked 
| 161|0x000000008a100000, 0x000000008a100000, 0x000000008a200000|  0%| F|  |TAMS 0x000000008a100000, 0x000000008a100000| Untracked 
| 162|0x000000008a200000, 0x000000008a200000, 0x000000008a300000|  0%| F|  |TAMS 0x000000008a200000, 0x000000008a200000| Untracked 
| 163|0x000000008a300000, 0x000000008a300000, 0x000000008a400000|  0%| F|  |TAMS 0x000000008a300000, 0x000000008a300000| Untracked 
| 164|0x000000008a400000, 0x000000008a400000, 0x000000008a500000|  0%| F|  |TAMS 0x000000008a400000, 0x000000008a400000| Untracked 
| 165|0x000000008a500000, 0x000000008a500000, 0x000000008a600000|  0%| F|  |TAMS 0x000000008a500000, 0x000000008a500000| Untracked 
| 166|0x000000008a600000, 0x000000008a600000, 0x000000008a700000|  0%| F|  |TAMS 0x000000008a600000, 0x000000008a600000| Untracked 
| 167|0x000000008a700000, 0x000000008a700000, 0x000000008a800000|  0%| F|  |TAMS 0x000000008a700000, 0x000000008a700000| Untracked 
| 168|0x000000008a800000, 0x000000008a800000, 0x000000008a900000|  0%| F|  |TAMS 0x000000008a800000, 0x000000008a800000| Untracked 
| 169|0x000000008a900000, 0x000000008a900000, 0x000000008aa00000|  0%| F|  |TAMS 0x000000008a900000, 0x000000008a900000| Untracked 
| 170|0x000000008aa00000, 0x000000008aa00000, 0x000000008ab00000|  0%| F|  |TAMS 0x000000008aa00000, 0x000000008aa00000| Untracked 
| 171|0x000000008ab00000, 0x000000008ab00000, 0x000000008ac00000|  0%| F|  |TAMS 0x000000008ab00000, 0x000000008ab00000| Untracked 
| 172|0x000000008ac00000, 0x000000008ac00000, 0x000000008ad00000|  0%| F|  |TAMS 0x000000008ac00000, 0x000000008ac00000| Untracked 
| 173|0x000000008ad00000, 0x000000008ad00000, 0x000000008ae00000|  0%| F|  |TAMS 0x000000008ad00000, 0x000000008ad00000| Untracked 
| 174|0x000000008ae00000, 0x000000008ae00000, 0x000000008af00000|  0%| F|  |TAMS 0x000000008ae00000, 0x000000008ae00000| Untracked 
| 175|0x000000008af00000, 0x000000008af00000, 0x000000008b000000|  0%| F|  |TAMS 0x000000008af00000, 0x000000008af00000| Untracked 
| 176|0x000000008b000000, 0x000000008b000000, 0x000000008b100000|  0%| F|  |TAMS 0x000000008b000000, 0x000000008b000000| Untracked 
| 177|0x000000008b100000, 0x000000008b100000, 0x000000008b200000|  0%| F|  |TAMS 0x000000008b100000, 0x000000008b100000| Untracked 
| 178|0x000000008b200000, 0x000000008b200000, 0x000000008b300000|  0%| F|  |TAMS 0x000000008b200000, 0x000000008b200000| Untracked 
| 179|0x000000008b300000, 0x000000008b300000, 0x000000008b400000|  0%| F|  |TAMS 0x000000008b300000, 0x000000008b300000| Untracked 
| 180|0x000000008b400000, 0x000000008b400000, 0x000000008b500000|  0%| F|  |TAMS 0x000000008b400000, 0x000000008b400000| Untracked 
| 181|0x000000008b500000, 0x000000008b500000, 0x000000008b600000|  0%| F|  |TAMS 0x000000008b500000, 0x000000008b500000| Untracked 
| 182|0x000000008b600000, 0x000000008b600000, 0x000000008b700000|  0%| F|  |TAMS 0x000000008b600000, 0x000000008b600000| Untracked 
| 183|0x000000008b700000, 0x000000008b700000, 0x000000008b800000|  0%| F|  |TAMS 0x000000008b700000, 0x000000008b700000| Untracked 
| 184|0x000000008b800000, 0x000000008b800000, 0x000000008b900000|  0%| F|  |TAMS 0x000000008b800000, 0x000000008b800000| Untracked 
| 185|0x000000008b900000, 0x000000008b900000, 0x000000008ba00000|  0%| F|  |TAMS 0x000000008b900000, 0x000000008b900000| Untracked 
| 186|0x000000008ba00000, 0x000000008ba00000, 0x000000008bb00000|  0%| F|  |TAMS 0x000000008ba00000, 0x000000008ba00000| Untracked 
| 187|0x000000008bb00000, 0x000000008bb00000, 0x000000008bc00000|  0%| F|  |TAMS 0x000000008bb00000, 0x000000008bb00000| Untracked 
| 188|0x000000008bc00000, 0x000000008bc00000, 0x000000008bd00000|  0%| F|  |TAMS 0x000000008bc00000, 0x000000008bc00000| Untracked 
| 189|0x000000008bd00000, 0x000000008bd00000, 0x000000008be00000|  0%| F|  |TAMS 0x000000008bd00000, 0x000000008bd00000| Untracked 
| 190|0x000000008be00000, 0x000000008be00000, 0x000000008bf00000|  0%| F|  |TAMS 0x000000008be00000, 0x000000008be00000| Untracked 
| 191|0x000000008bf00000, 0x000000008bf00000, 0x000000008c000000|  0%| F|  |TAMS 0x000000008bf00000, 0x000000008bf00000| Untracked 
| 192|0x000000008c000000, 0x000000008c0ece90, 0x000000008c100000| 92%| S|CS|TAMS 0x000000008c000000, 0x000000008c000000| Complete 
| 193|0x000000008c100000, 0x000000008c200000, 0x000000008c200000|100%| S|CS|TAMS 0x000000008c100000, 0x000000008c100000| Complete 
| 194|0x000000008c200000, 0x000000008c200000, 0x000000008c300000|  0%| F|  |TAMS 0x000000008c200000, 0x000000008c200000| Untracked 
| 195|0x000000008c300000, 0x000000008c300000, 0x000000008c400000|  0%| F|  |TAMS 0x000000008c300000, 0x000000008c300000| Untracked 
| 196|0x000000008c400000, 0x000000008c400000, 0x000000008c500000|  0%| F|  |TAMS 0x000000008c400000, 0x000000008c400000| Untracked 
| 197|0x000000008c500000, 0x000000008c500000, 0x000000008c600000|  0%| F|  |TAMS 0x000000008c500000, 0x000000008c500000| Untracked 
| 198|0x000000008c600000, 0x000000008c600000, 0x000000008c700000|  0%| F|  |TAMS 0x000000008c600000, 0x000000008c600000| Untracked 
| 199|0x000000008c700000, 0x000000008c700000, 0x000000008c800000|  0%| F|  |TAMS 0x000000008c700000, 0x000000008c700000| Untracked 
| 200|0x000000008c800000, 0x000000008c800000, 0x000000008c900000|  0%| F|  |TAMS 0x000000008c800000, 0x000000008c800000| Untracked 
| 201|0x000000008c900000, 0x000000008c900000, 0x000000008ca00000|  0%| F|  |TAMS 0x000000008c900000, 0x000000008c900000| Untracked 
| 202|0x000000008ca00000, 0x000000008ca00000, 0x000000008cb00000|  0%| F|  |TAMS 0x000000008ca00000, 0x000000008ca00000| Untracked 
| 203|0x000000008cb00000, 0x000000008cb00000, 0x000000008cc00000|  0%| F|  |TAMS 0x000000008cb00000, 0x000000008cb00000| Untracked 
| 204|0x000000008cc00000, 0x000000008cc00000, 0x000000008cd00000|  0%| F|  |TAMS 0x000000008cc00000, 0x000000008cc00000| Untracked 
| 205|0x000000008cd00000, 0x000000008cd00000, 0x000000008ce00000|  0%| F|  |TAMS 0x000000008cd00000, 0x000000008cd00000| Untracked 
| 206|0x000000008ce00000, 0x000000008ce00000, 0x000000008cf00000|  0%| F|  |TAMS 0x000000008ce00000, 0x000000008ce00000| Untracked 
| 207|0x000000008cf00000, 0x000000008cf00000, 0x000000008d000000|  0%| F|  |TAMS 0x000000008cf00000, 0x000000008cf00000| Untracked 
| 208|0x000000008d000000, 0x000000008d000000, 0x000000008d100000|  0%| F|  |TAMS 0x000000008d000000, 0x000000008d000000| Untracked 
| 209|0x000000008d100000, 0x000000008d100000, 0x000000008d200000|  0%| F|  |TAMS 0x000000008d100000, 0x000000008d100000| Untracked 
| 210|0x000000008d200000, 0x000000008d200000, 0x000000008d300000|  0%| F|  |TAMS 0x000000008d200000, 0x000000008d200000| Untracked 
| 211|0x000000008d300000, 0x000000008d300000, 0x000000008d400000|  0%| F|  |TAMS 0x000000008d300000, 0x000000008d300000| Untracked 
| 212|0x000000008d400000, 0x000000008d400000, 0x000000008d500000|  0%| F|  |TAMS 0x000000008d400000, 0x000000008d400000| Untracked 
| 213|0x000000008d500000, 0x000000008d500000, 0x000000008d600000|  0%| F|  |TAMS 0x000000008d500000, 0x000000008d500000| Untracked 
| 214|0x000000008d600000, 0x000000008d600000, 0x000000008d700000|  0%| F|  |TAMS 0x000000008d600000, 0x000000008d600000| Untracked 
| 215|0x000000008d700000, 0x000000008d700000, 0x000000008d800000|  0%| F|  |TAMS 0x000000008d700000, 0x000000008d700000| Untracked 
| 216|0x000000008d800000, 0x000000008d800000, 0x000000008d900000|  0%| F|  |TAMS 0x000000008d800000, 0x000000008d800000| Untracked 
| 217|0x000000008d900000, 0x000000008d900000, 0x000000008da00000|  0%| F|  |TAMS 0x000000008d900000, 0x000000008d900000| Untracked 
| 218|0x000000008da00000, 0x000000008da00000, 0x000000008db00000|  0%| F|  |TAMS 0x000000008da00000, 0x000000008da00000| Untracked 
| 219|0x000000008db00000, 0x000000008db00000, 0x000000008dc00000|  0%| F|  |TAMS 0x000000008db00000, 0x000000008db00000| Untracked 
| 220|0x000000008dc00000, 0x000000008dc00000, 0x000000008dd00000|  0%| F|  |TAMS 0x000000008dc00000, 0x000000008dc00000| Untracked 
| 221|0x000000008dd00000, 0x000000008dd00000, 0x000000008de00000|  0%| F|  |TAMS 0x000000008dd00000, 0x000000008dd00000| Untracked 
| 222|0x000000008de00000, 0x000000008de00000, 0x000000008df00000|  0%| F|  |TAMS 0x000000008de00000, 0x000000008de00000| Untracked 
| 223|0x000000008df00000, 0x000000008df00000, 0x000000008e000000|  0%| F|  |TAMS 0x000000008df00000, 0x000000008df00000| Untracked 
| 224|0x000000008e000000, 0x000000008e000000, 0x000000008e100000|  0%| F|  |TAMS 0x000000008e000000, 0x000000008e000000| Untracked 
| 225|0x000000008e100000, 0x000000008e100000, 0x000000008e200000|  0%| F|  |TAMS 0x000000008e100000, 0x000000008e100000| Untracked 
| 226|0x000000008e200000, 0x000000008e200000, 0x000000008e300000|  0%| F|  |TAMS 0x000000008e200000, 0x000000008e200000| Untracked 
| 227|0x000000008e300000, 0x000000008e300000, 0x000000008e400000|  0%| F|  |TAMS 0x000000008e300000, 0x000000008e300000| Untracked 
| 228|0x000000008e400000, 0x000000008e400000, 0x000000008e500000|  0%| F|  |TAMS 0x000000008e400000, 0x000000008e400000| Untracked 
| 229|0x000000008e500000, 0x000000008e500000, 0x000000008e600000|  0%| F|  |TAMS 0x000000008e500000, 0x000000008e500000| Untracked 
| 230|0x000000008e600000, 0x000000008e600000, 0x000000008e700000|  0%| F|  |TAMS 0x000000008e600000, 0x000000008e600000| Untracked 
| 231|0x000000008e700000, 0x000000008e700000, 0x000000008e800000|  0%| F|  |TAMS 0x000000008e700000, 0x000000008e700000| Untracked 
| 232|0x000000008e800000, 0x000000008e800000, 0x000000008e900000|  0%| F|  |TAMS 0x000000008e800000, 0x000000008e800000| Untracked 
| 233|0x000000008e900000, 0x000000008e900000, 0x000000008ea00000|  0%| F|  |TAMS 0x000000008e900000, 0x000000008e900000| Untracked 
| 234|0x000000008ea00000, 0x000000008ea00000, 0x000000008eb00000|  0%| F|  |TAMS 0x000000008ea00000, 0x000000008ea00000| Untracked 
| 235|0x000000008eb00000, 0x000000008eb00000, 0x000000008ec00000|  0%| F|  |TAMS 0x000000008eb00000, 0x000000008eb00000| Untracked 
| 236|0x000000008ec00000, 0x000000008ec00000, 0x000000008ed00000|  0%| F|  |TAMS 0x000000008ec00000, 0x000000008ec00000| Untracked 
| 237|0x000000008ed00000, 0x000000008ed00000, 0x000000008ee00000|  0%| F|  |TAMS 0x000000008ed00000, 0x000000008ed00000| Untracked 
| 238|0x000000008ee00000, 0x000000008ee00000, 0x000000008ef00000|  0%| F|  |TAMS 0x000000008ee00000, 0x000000008ee00000| Untracked 
| 239|0x000000008ef00000, 0x000000008ef00000, 0x000000008f000000|  0%| F|  |TAMS 0x000000008ef00000, 0x000000008ef00000| Untracked 
| 240|0x000000008f000000, 0x000000008f000000, 0x000000008f100000|  0%| F|  |TAMS 0x000000008f000000, 0x000000008f000000| Untracked 
| 241|0x000000008f100000, 0x000000008f100000, 0x000000008f200000|  0%| F|  |TAMS 0x000000008f100000, 0x000000008f100000| Untracked 
| 242|0x000000008f200000, 0x000000008f200000, 0x000000008f300000|  0%| F|  |TAMS 0x000000008f200000, 0x000000008f200000| Untracked 
| 243|0x000000008f300000, 0x000000008f300000, 0x000000008f400000|  0%| F|  |TAMS 0x000000008f300000, 0x000000008f300000| Untracked 
| 244|0x000000008f400000, 0x000000008f400000, 0x000000008f500000|  0%| F|  |TAMS 0x000000008f400000, 0x000000008f400000| Untracked 
| 245|0x000000008f500000, 0x000000008f500000, 0x000000008f600000|  0%| F|  |TAMS 0x000000008f500000, 0x000000008f500000| Untracked 
| 246|0x000000008f600000, 0x000000008f600000, 0x000000008f700000|  0%| F|  |TAMS 0x000000008f600000, 0x000000008f600000| Untracked 
| 247|0x000000008f700000, 0x000000008f700000, 0x000000008f800000|  0%| F|  |TAMS 0x000000008f700000, 0x000000008f700000| Untracked 
| 248|0x000000008f800000, 0x000000008f800000, 0x000000008f900000|  0%| F|  |TAMS 0x000000008f800000, 0x000000008f800000| Untracked 
| 249|0x000000008f900000, 0x000000008f900000, 0x000000008fa00000|  0%| F|  |TAMS 0x000000008f900000, 0x000000008f900000| Untracked 
| 250|0x000000008fa00000, 0x000000008fa00000, 0x000000008fb00000|  0%| F|  |TAMS 0x000000008fa00000, 0x000000008fa00000| Untracked 
| 251|0x000000008fb00000, 0x000000008fb00000, 0x000000008fc00000|  0%| F|  |TAMS 0x000000008fb00000, 0x000000008fb00000| Untracked 
| 252|0x000000008fc00000, 0x000000008fc00000, 0x000000008fd00000|  0%| F|  |TAMS 0x000000008fc00000, 0x000000008fc00000| Untracked 
| 253|0x000000008fd00000, 0x000000008fd00000, 0x000000008fe00000|  0%| F|  |TAMS 0x000000008fd00000, 0x000000008fd00000| Untracked 
| 254|0x000000008fe00000, 0x000000008fe00000, 0x000000008ff00000|  0%| F|  |TAMS 0x000000008fe00000, 0x000000008fe00000| Untracked 
| 255|0x000000008ff00000, 0x000000008ff00000, 0x0000000090000000|  0%| F|  |TAMS 0x000000008ff00000, 0x000000008ff00000| Untracked 
| 256|0x0000000090000000, 0x0000000090000000, 0x0000000090100000|  0%| F|  |TAMS 0x0000000090000000, 0x0000000090000000| Untracked 
| 257|0x0000000090100000, 0x0000000090100000, 0x0000000090200000|  0%| F|  |TAMS 0x0000000090100000, 0x0000000090100000| Untracked 
| 258|0x0000000090200000, 0x0000000090200000, 0x0000000090300000|  0%| F|  |TAMS 0x0000000090200000, 0x0000000090200000| Untracked 
| 259|0x0000000090300000, 0x0000000090300000, 0x0000000090400000|  0%| F|  |TAMS 0x0000000090300000, 0x0000000090300000| Untracked 
| 260|0x0000000090400000, 0x0000000090400000, 0x0000000090500000|  0%| F|  |TAMS 0x0000000090400000, 0x0000000090400000| Untracked 
| 261|0x0000000090500000, 0x0000000090500000, 0x0000000090600000|  0%| F|  |TAMS 0x0000000090500000, 0x0000000090500000| Untracked 
| 262|0x0000000090600000, 0x0000000090600000, 0x0000000090700000|  0%| F|  |TAMS 0x0000000090600000, 0x0000000090600000| Untracked 
| 263|0x0000000090700000, 0x0000000090700000, 0x0000000090800000|  0%| F|  |TAMS 0x0000000090700000, 0x0000000090700000| Untracked 
| 264|0x0000000090800000, 0x0000000090800000, 0x0000000090900000|  0%| F|  |TAMS 0x0000000090800000, 0x0000000090800000| Untracked 
| 265|0x0000000090900000, 0x0000000090900000, 0x0000000090a00000|  0%| F|  |TAMS 0x0000000090900000, 0x0000000090900000| Untracked 
| 266|0x0000000090a00000, 0x0000000090a00000, 0x0000000090b00000|  0%| F|  |TAMS 0x0000000090a00000, 0x0000000090a00000| Untracked 
| 267|0x0000000090b00000, 0x0000000090b00000, 0x0000000090c00000|  0%| F|  |TAMS 0x0000000090b00000, 0x0000000090b00000| Untracked 
| 268|0x0000000090c00000, 0x0000000090c00000, 0x0000000090d00000|  0%| F|  |TAMS 0x0000000090c00000, 0x0000000090c00000| Untracked 
| 269|0x0000000090d00000, 0x0000000090d00000, 0x0000000090e00000|  0%| F|  |TAMS 0x0000000090d00000, 0x0000000090d00000| Untracked 
| 270|0x0000000090e00000, 0x0000000090e00000, 0x0000000090f00000|  0%| F|  |TAMS 0x0000000090e00000, 0x0000000090e00000| Untracked 
| 271|0x0000000090f00000, 0x0000000090f00000, 0x0000000091000000|  0%| F|  |TAMS 0x0000000090f00000, 0x0000000090f00000| Untracked 
| 272|0x0000000091000000, 0x0000000091000000, 0x0000000091100000|  0%| F|  |TAMS 0x0000000091000000, 0x0000000091000000| Untracked 
| 273|0x0000000091100000, 0x0000000091100000, 0x0000000091200000|  0%| F|  |TAMS 0x0000000091100000, 0x0000000091100000| Untracked 
| 274|0x0000000091200000, 0x0000000091200000, 0x0000000091300000|  0%| F|  |TAMS 0x0000000091200000, 0x0000000091200000| Untracked 
| 275|0x0000000091300000, 0x0000000091300000, 0x0000000091400000|  0%| F|  |TAMS 0x0000000091300000, 0x0000000091300000| Untracked 
| 276|0x0000000091400000, 0x0000000091400000, 0x0000000091500000|  0%| F|  |TAMS 0x0000000091400000, 0x0000000091400000| Untracked 
| 277|0x0000000091500000, 0x0000000091500000, 0x0000000091600000|  0%| F|  |TAMS 0x0000000091500000, 0x0000000091500000| Untracked 
| 278|0x0000000091600000, 0x0000000091600000, 0x0000000091700000|  0%| F|  |TAMS 0x0000000091600000, 0x0000000091600000| Untracked 
| 279|0x0000000091700000, 0x0000000091700000, 0x0000000091800000|  0%| F|  |TAMS 0x0000000091700000, 0x0000000091700000| Untracked 
| 280|0x0000000091800000, 0x0000000091800000, 0x0000000091900000|  0%| F|  |TAMS 0x0000000091800000, 0x0000000091800000| Untracked 
| 281|0x0000000091900000, 0x0000000091900000, 0x0000000091a00000|  0%| F|  |TAMS 0x0000000091900000, 0x0000000091900000| Untracked 
| 282|0x0000000091a00000, 0x0000000091a00000, 0x0000000091b00000|  0%| F|  |TAMS 0x0000000091a00000, 0x0000000091a00000| Untracked 
| 283|0x0000000091b00000, 0x0000000091b00000, 0x0000000091c00000|  0%| F|  |TAMS 0x0000000091b00000, 0x0000000091b00000| Untracked 
| 284|0x0000000091c00000, 0x0000000091c00000, 0x0000000091d00000|  0%| F|  |TAMS 0x0000000091c00000, 0x0000000091c00000| Untracked 
| 285|0x0000000091d00000, 0x0000000091d00000, 0x0000000091e00000|  0%| F|  |TAMS 0x0000000091d00000, 0x0000000091d00000| Untracked 
| 286|0x0000000091e00000, 0x0000000091e00000, 0x0000000091f00000|  0%| F|  |TAMS 0x0000000091e00000, 0x0000000091e00000| Untracked 

Card table byte_map: [0x0000023321400000,0x0000023321800000] _byte_map_base: 0x0000023321000000

Marking Bits (Prev, Next): (CMBitMap*) 0x000002330cd940d0, (CMBitMap*) 0x000002330cd94110
 Prev Bits: [0x0000023321c00000, 0x0000023323c00000)
 Next Bits: [0x0000023323c00000, 0x0000023325c00000)

Polling page: 0x000002330cbe0000

Metaspace:

Usage:
  Non-class:     97.11 MB used.
      Class:     14.64 MB used.
       Both:    111.75 MB used.

Virtual space:
  Non-class space:      104.00 MB reserved,      97.50 MB ( 94%) committed,  13 nodes.
      Class space:        1.00 GB reserved,      14.94 MB (  1%) committed,  1 nodes.
             Both:        1.10 GB reserved,     112.44 MB ( 10%) committed. 

Chunk freelists:
   Non-Class:  2.11 MB
       Class:  1.03 MB
        Both:  3.14 MB

MaxMetaspaceSize: unlimited
CompressedClassSpaceSize: 1.00 GB
Initial GC threshold: 21.00 MB
Current GC threshold: 135.00 MB
CDS: off
MetaspaceReclaimPolicy: balanced
 - commit_granule_bytes: 65536.
 - commit_granule_words: 8192.
 - virtual_space_node_default_size: 1048576.
 - enlarge_chunks_in_place: 1.
 - new_chunks_are_fully_committed: 0.
 - uncommit_free_chunks: 1.
 - use_allocation_guard: 0.
 - handle_deallocations: 1.


Internal statistics:

num_allocs_failed_limit: 12.
num_arena_births: 972.
num_arena_deaths: 4.
num_vsnodes_births: 14.
num_vsnodes_deaths: 0.
num_space_committed: 1798.
num_space_uncommitted: 0.
num_chunks_returned_to_freelist: 18.
num_chunks_taken_from_freelist: 5011.
num_chunk_merges: 4.
num_chunk_splits: 3362.
num_chunks_enlarged: 2352.
num_purges: 2.
num_inconsistent_stats: 0.

CodeHeap 'non-profiled nmethods': size=120000Kb used=7195Kb max_used=7195Kb free=112805Kb
 bounds [0x00000233194b0000, 0x0000023319bc0000, 0x00000233209e0000]
CodeHeap 'profiled nmethods': size=120000Kb used=34169Kb max_used=34169Kb free=85830Kb
 bounds [0x00000233119e0000, 0x0000023313b40000, 0x0000023318f10000]
CodeHeap 'non-nmethods': size=5760Kb used=2445Kb max_used=2525Kb free=3314Kb
 bounds [0x0000023318f10000, 0x0000023319190000, 0x00000233194b0000]
 total_blobs=16666 nmethods=15675 adapters=903
 compilation: enabled
              stopped_count=0, restarted_count=0
 full_count=0

Compilation events (20 events):
Event: 66.328 Thread 0x0000023328c0fae0 18681       1       com.android.tools.r8.internal.cj::a2 (3 bytes)
Event: 66.328 Thread 0x0000023328c0fae0 nmethod 18681 0x0000023319bb5f90 code [0x0000023319bb6120, 0x0000023319bb61f8]
Event: 66.329 Thread 0x0000023328c0fae0 18682       2       com.android.tools.r8.internal.C8::a (28 bytes)
Event: 66.330 Thread 0x0000023328c0fae0 nmethod 18682 0x0000023313b3ba90 code [0x0000023313b3bc60, 0x0000023313b3c098]
Event: 66.333 Thread 0x0000023328c02610 nmethod 18512 0x0000023319bb6290 code [0x0000023319bb6420, 0x0000023319bb68f8]
Event: 66.333 Thread 0x0000023328c02610 18680       4       com.android.tools.r8.internal.Nv::a (455 bytes)
Event: 66.340 Thread 0x0000023328c0fae0 18683       2       com.android.tools.r8.internal.dG::c (16 bytes)
Event: 66.340 Thread 0x0000023328c0fae0 nmethod 18683 0x0000023313b3c390 code [0x0000023313b3c540, 0x0000023313b3c698]
Event: 66.341 Thread 0x0000023328c0fae0 18684       2       com.android.tools.r8.internal.LD::s0 (2 bytes)
Event: 66.342 Thread 0x0000023328c0fae0 nmethod 18684 0x0000023313b3c810 code [0x0000023313b3c9a0, 0x0000023313b3cab8]
Event: 66.343 Thread 0x0000023328c0fae0 18685       2       com.android.tools.r8.graph.d0::b (43 bytes)
Event: 66.344 Thread 0x0000023328c0fae0 nmethod 18685 0x0000023313b3cb90 code [0x0000023313b3cd60, 0x0000023313b3d0a8]
Event: 66.345 Thread 0x0000023328c0fae0 18686       2       com.android.tools.r8.internal.Os::a (49 bytes)
Event: 66.345 Thread 0x0000023328c0fae0 nmethod 18686 0x0000023313b3d290 code [0x0000023313b3d480, 0x0000023313b3d728]
Event: 66.345 Thread 0x0000023328c0fae0 18689       2       com.android.tools.r8.internal.D2::Z1 (5 bytes)
Event: 66.346 Thread 0x0000023328c0fae0 nmethod 18689 0x0000023313b3d990 code [0x0000023313b3db20, 0x0000023313b3dc48]
Event: 66.346 Thread 0x0000023328c0fae0 18687       2       com.android.tools.r8.internal.F7$$Lambda$1378/0x0000000100e762f8::get (8 bytes)
Event: 66.346 Thread 0x0000023328c0fae0 nmethod 18687 0x0000023313b3dd10 code [0x0000023313b3dec0, 0x0000023313b3e048]
Event: 66.346 Thread 0x0000023328c0fae0 18688       2       com.android.tools.r8.internal.F7::e (12 bytes)
Event: 66.346 Thread 0x0000023328c0fae0 nmethod 18688 0x0000023313b3e110 code [0x0000023313b3e2a0, 0x0000023313b3e408]

GC Heap History (20 events):
Event: 34.646 GC heap after
{Heap after GC invocations=42 (full 0):
 garbage-first heap   total 293888K, used 94025K [0x0000000080000000, 0x0000000100000000)
  region size 1024K, 3 young (3072K), 3 survivors (3072K)
 Metaspace       used 83346K, committed 83904K, reserved 1122304K
  class space    used 11165K, committed 11392K, reserved 1048576K
}
Event: 38.298 GC heap before
{Heap before GC invocations=42 (full 0):
 garbage-first heap   total 293888K, used 214857K [0x0000000080000000, 0x0000000100000000)
  region size 1024K, 98 young (100352K), 3 survivors (3072K)
 Metaspace       used 83844K, committed 84416K, reserved 1122304K
  class space    used 11202K, committed 11456K, reserved 1048576K
}
Event: 38.326 GC heap after
{Heap after GC invocations=43 (full 0):
 garbage-first heap   total 293888K, used 97059K [0x0000000080000000, 0x0000000100000000)
  region size 1024K, 6 young (6144K), 6 survivors (6144K)
 Metaspace       used 83844K, committed 84416K, reserved 1122304K
  class space    used 11202K, committed 11456K, reserved 1048576K
}
Event: 41.565 GC heap before
{Heap before GC invocations=43 (full 0):
 garbage-first heap   total 293888K, used 213795K [0x0000000080000000, 0x0000000100000000)
  region size 1024K, 121 young (123904K), 6 survivors (6144K)
 Metaspace       used 88403K, committed 88960K, reserved 1130496K
  class space    used 11562K, committed 11840K, reserved 1048576K
}
Event: 41.614 GC heap after
{Heap after GC invocations=44 (full 0):
 garbage-first heap   total 293888K, used 100169K [0x0000000080000000, 0x0000000100000000)
  region size 1024K, 9 young (9216K), 9 survivors (9216K)
 Metaspace       used 88403K, committed 88960K, reserved 1130496K
  class space    used 11562K, committed 11840K, reserved 1048576K
}
Event: 47.076 GC heap before
{Heap before GC invocations=44 (full 0):
 garbage-first heap   total 293888K, used 219977K [0x0000000080000000, 0x0000000100000000)
  region size 1024K, 127 young (130048K), 9 survivors (9216K)
 Metaspace       used 93615K, committed 94272K, reserved 1130496K
  class space    used 12236K, committed 12544K, reserved 1048576K
}
Event: 47.110 GC heap after
{Heap after GC invocations=45 (full 0):
 garbage-first heap   total 293888K, used 101963K [0x0000000080000000, 0x0000000100000000)
  region size 1024K, 10 young (10240K), 10 survivors (10240K)
 Metaspace       used 93615K, committed 94272K, reserved 1130496K
  class space    used 12236K, committed 12544K, reserved 1048576K
}
Event: 49.025 GC heap before
{Heap before GC invocations=45 (full 0):
 garbage-first heap   total 293888K, used 227915K [0x0000000080000000, 0x0000000100000000)
  region size 1024K, 134 young (137216K), 10 survivors (10240K)
 Metaspace       used 94793K, committed 95424K, reserved 1138688K
  class space    used 12380K, committed 12672K, reserved 1048576K
}
Event: 49.062 GC heap after
{Heap after GC invocations=46 (full 0):
 garbage-first heap   total 293888K, used 107132K [0x0000000080000000, 0x0000000100000000)
  region size 1024K, 14 young (14336K), 14 survivors (14336K)
 Metaspace       used 94793K, committed 95424K, reserved 1138688K
  class space    used 12380K, committed 12672K, reserved 1048576K
}
Event: 51.135 GC heap before
{Heap before GC invocations=46 (full 0):
 garbage-first heap   total 293888K, used 236156K [0x0000000080000000, 0x0000000100000000)
  region size 1024K, 139 young (142336K), 14 survivors (14336K)
 Metaspace       used 98251K, committed 98816K, reserved 1138688K
  class space    used 12819K, committed 13120K, reserved 1048576K
}
Event: 51.157 GC heap after
{Heap after GC invocations=47 (full 0):
 garbage-first heap   total 293888K, used 105897K [0x0000000080000000, 0x0000000100000000)
  region size 1024K, 5 young (5120K), 5 survivors (5120K)
 Metaspace       used 98251K, committed 98816K, reserved 1138688K
  class space    used 12819K, committed 13120K, reserved 1048576K
}
Event: 59.984 GC heap before
{Heap before GC invocations=47 (full 0):
 garbage-first heap   total 293888K, used 239017K [0x0000000080000000, 0x0000000100000000)
  region size 1024K, 136 young (139264K), 5 survivors (5120K)
 Metaspace       used 104294K, committed 104896K, reserved 1146880K
  class space    used 13514K, committed 13824K, reserved 1048576K
}
Event: 60.000 GC heap after
{Heap after GC invocations=48 (full 0):
 garbage-first heap   total 293888K, used 114873K [0x0000000080000000, 0x0000000100000000)
  region size 1024K, 14 young (14336K), 14 survivors (14336K)
 Metaspace       used 104294K, committed 104896K, reserved 1146880K
  class space    used 13514K, committed 13824K, reserved 1048576K
}
Event: 62.034 GC heap before
{Heap before GC invocations=48 (full 0):
 garbage-first heap   total 293888K, used 237753K [0x0000000080000000, 0x0000000100000000)
  region size 1024K, 135 young (138240K), 14 survivors (14336K)
 Metaspace       used 109854K, committed 110528K, reserved 1146880K
  class space    used 14357K, committed 14656K, reserved 1048576K
}
Event: 62.117 GC heap after
{Heap after GC invocations=49 (full 0):
 garbage-first heap   total 293888K, used 133268K [0x0000000080000000, 0x0000000100000000)
  region size 1024K, 17 young (17408K), 17 survivors (17408K)
 Metaspace       used 109854K, committed 110528K, reserved 1146880K
  class space    used 14357K, committed 14656K, reserved 1048576K
}
Event: 63.385 GC heap before
{Heap before GC invocations=49 (full 0):
 garbage-first heap   total 293888K, used 230548K [0x0000000080000000, 0x0000000100000000)
  region size 1024K, 113 young (115712K), 17 survivors (17408K)
 Metaspace       used 112780K, committed 113472K, reserved 1146880K
  class space    used 14836K, committed 15168K, reserved 1048576K
}
Event: 63.510 GC heap after
{Heap after GC invocations=50 (full 0):
 garbage-first heap   total 293888K, used 144384K [0x0000000080000000, 0x0000000100000000)
  region size 1024K, 12 young (12288K), 12 survivors (12288K)
 Metaspace       used 112780K, committed 113472K, reserved 1146880K
  class space    used 14836K, committed 15168K, reserved 1048576K
}
Event: 65.477 GC heap before
{Heap before GC invocations=50 (full 0):
 garbage-first heap   total 293888K, used 234496K [0x0000000080000000, 0x0000000100000000)
  region size 1024K, 100 young (102400K), 12 survivors (12288K)
 Metaspace       used 113858K, committed 114496K, reserved 1155072K
  class space    used 14944K, committed 15232K, reserved 1048576K
}
Event: 65.525 GC heap after
{Heap after GC invocations=51 (full 0):
 garbage-first heap   total 293888K, used 146944K [0x0000000080000000, 0x0000000100000000)
  region size 1024K, 3 young (3072K), 3 survivors (3072K)
 Metaspace       used 113858K, committed 114496K, reserved 1155072K
  class space    used 14944K, committed 15232K, reserved 1048576K
}
Event: 66.347 GC heap before
{Heap before GC invocations=51 (full 0):
 garbage-first heap   total 293888K, used 239104K [0x0000000080000000, 0x0000000100000000)
  region size 1024K, 93 young (95232K), 3 survivors (3072K)
 Metaspace       used 114427K, committed 115136K, reserved 1155072K
  class space    used 14986K, committed 15296K, reserved 1048576K
}

Dll operation events (2 events):
Event: 0.024 Loaded shared library C:\Program Files\Android\Android Studio\jbr\bin\java.dll
Event: 1.252 Loaded shared library C:\Program Files\Android\Android Studio\jbr\bin\verify.dll

Deoptimization events (20 events):
Event: 66.292 Thread 0x000002332c780fc0 DEOPT PACKING pc=0x0000023319b6f760 sp=0x000000cfeb7f9aa0
Event: 66.292 Thread 0x000002332c780fc0 DEOPT UNPACKING pc=0x0000023318f6699d sp=0x000000cfeb7f9a28 mode 2
Event: 66.305 Thread 0x000002332c780fc0 Uncommon trap: trap_request=0xffffffbe fr.pc=0x0000023319b6f760 relative=0x0000000000000260
Event: 66.305 Thread 0x000002332c780fc0 Uncommon trap: reason=profile_predicate action=maybe_recompile pc=0x0000023319b6f760 method=com.android.tools.r8.graph.c0.a([C)I @ 8 c2
Event: 66.305 Thread 0x000002332c780fc0 DEOPT PACKING pc=0x0000023319b6f760 sp=0x000000cfeb7f9aa0
Event: 66.305 Thread 0x000002332c780fc0 DEOPT UNPACKING pc=0x0000023318f6699d sp=0x000000cfeb7f9a28 mode 2
Event: 66.306 Thread 0x000002332c780fc0 Uncommon trap: trap_request=0xffffffbe fr.pc=0x0000023319b6f760 relative=0x0000000000000260
Event: 66.306 Thread 0x000002332c780fc0 Uncommon trap: reason=profile_predicate action=maybe_recompile pc=0x0000023319b6f760 method=com.android.tools.r8.graph.c0.a([C)I @ 8 c2
Event: 66.307 Thread 0x000002332c780fc0 DEOPT PACKING pc=0x0000023319b6f760 sp=0x000000cfeb7f9aa0
Event: 66.307 Thread 0x000002332c780fc0 DEOPT UNPACKING pc=0x0000023318f6699d sp=0x000000cfeb7f9a28 mode 2
Event: 66.310 Thread 0x000002332c780fc0 Uncommon trap: trap_request=0xffffffbe fr.pc=0x0000023319b6f760 relative=0x0000000000000260
Event: 66.310 Thread 0x000002332c780fc0 Uncommon trap: reason=profile_predicate action=maybe_recompile pc=0x0000023319b6f760 method=com.android.tools.r8.graph.c0.a([C)I @ 8 c2
Event: 66.310 Thread 0x000002332c780fc0 DEOPT PACKING pc=0x0000023319b6f760 sp=0x000000cfeb7f9aa0
Event: 66.310 Thread 0x000002332c780fc0 DEOPT UNPACKING pc=0x0000023318f6699d sp=0x000000cfeb7f9a28 mode 2
Event: 66.317 Thread 0x000002332c780fc0 DEOPT PACKING pc=0x00000233136c10ee sp=0x000000cfeb7f9ea0
Event: 66.317 Thread 0x000002332c780fc0 DEOPT UNPACKING pc=0x0000023318f67124 sp=0x000000cfeb7f9370 mode 0
Event: 66.322 Thread 0x000002332c780fc0 DEOPT PACKING pc=0x00000233136bfa2a sp=0x000000cfeb7f9c80
Event: 66.322 Thread 0x000002332c780fc0 DEOPT UNPACKING pc=0x0000023318f67124 sp=0x000000cfeb7f91a0 mode 0
Event: 66.325 Thread 0x000002332c780fc0 DEOPT PACKING pc=0x00000233139257b6 sp=0x000000cfeb7f9570
Event: 66.325 Thread 0x000002332c780fc0 DEOPT UNPACKING pc=0x0000023318f67124 sp=0x000000cfeb7f8ab8 mode 0

Classes unloaded (2 events):
Event: 33.732 Thread 0x00000233281d6210 Unloading class 0x0000000100ae8800 'java/lang/invoke/LambdaForm$DMH+0x0000000100ae8800'
Event: 33.732 Thread 0x00000233281d6210 Unloading class 0x0000000100ae8000 'java/lang/invoke/LambdaForm$DMH+0x0000000100ae8000'

Classes redefined (0 events):
No events

Internal exceptions (20 events):
Event: 59.829 Thread 0x000002332ccba5b0 Exception <a 'sun/nio/fs/WindowsException'{0x000000008a77fa30}> (0x000000008a77fa30) 
thrown [s\src\hotspot\share\prims\jni.cpp, line 517]
Event: 59.831 Thread 0x00000233300e92e0 Exception <a 'java/lang/NoSuchMethodError'{0x000000008a73df10}: 'int java.lang.invoke.DirectMethodHandle$Holder.invokeSpecialIFC(java.lang.Object, java.lang.Object, java.lang.Object)'> (0x000000008a73df10) 
thrown [s\src\hotspot\share\interpreter\linkResolver.cpp, line 771]
Event: 59.935 Thread 0x000002332c784e50 Exception <a 'sun/nio/fs/WindowsException'{0x0000000089d76ac8}> (0x0000000089d76ac8) 
thrown [s\src\hotspot\share\prims\jni.cpp, line 517]
Event: 60.006 Thread 0x0000023328253bd0 Implicit null exception at 0x0000023319a2c0d1 to 0x0000023319a2c77c
Event: 60.164 Thread 0x000002332c780fc0 Exception <a 'sun/nio/fs/WindowsException'{0x0000000090ec1a10}> (0x0000000090ec1a10) 
thrown [s\src\hotspot\share\prims\jni.cpp, line 517]
Event: 60.295 Thread 0x000002332c784e50 Exception <a 'java/lang/NoSuchMethodError'{0x0000000090b96050}: 'java.lang.Object java.lang.invoke.DirectMethodHandle$Holder.invokeStatic(java.lang.Object, java.lang.Object, java.lang.Object, java.lang.Object, java.lang.Object, java.lang.Object, java.lang.Object, java.lang.Object, java.lang.Object, java.lang.Object, java.lang.Object, java.lang.Object, java.lang.Object, java.lang.Object, java.lang.Object, java.lang.Object, java.lang.Object, java.lang.Object, int, java.lang.Object)'> (0x0000000090b96050) 
th
Event: 60.296 Thread 0x000002332c784e50 Exception <a 'java/lang/NoSuchMethodError'{0x0000000090b9c1a0}: 'java.lang.Object java.lang.invoke.DirectMethodHandle$Holder.invokeStaticInit(java.lang.Object, java.lang.Object, java.lang.Object, java.lang.Object, java.lang.Object, java.lang.Object, java.lang.Object, java.lang.Object, java.lang.Object, java.lang.Object, java.lang.Object, java.lang.Object, java.lang.Object, java.lang.Object, java.lang.Object, java.lang.Object, java.lang.Object, java.lang.Object, int, java.lang.Object)'> (0x0000000090b9c1a0)
Event: 60.358 Thread 0x000002332ccba5b0 Exception <a 'java/lang/IncompatibleClassChangeError'{0x0000000090b58bc8}: Found class java.lang.Object, but interface was expected> (0x0000000090b58bc8) 
thrown [s\src\hotspot\share\interpreter\linkResolver.cpp, line 838]
Event: 60.358 Thread 0x000002332c780fc0 Exception <a 'java/lang/IncompatibleClassChangeError'{0x0000000090a70d08}: Found class java.lang.Object, but interface was expected> (0x0000000090a70d08) 
thrown [s\src\hotspot\share\interpreter\linkResolver.cpp, line 838]
Event: 60.387 Thread 0x000002332ccba5b0 Exception <a 'java/lang/NoSuchMethodError'{0x00000000909354c0}: 'java.lang.Object java.lang.invoke.DirectMethodHandle$Holder.invokeSpecial(java.lang.Object, java.lang.Object, java.lang.Object, int, java.lang.Object, java.lang.Object)'> (0x00000000909354c0) 
thrown [s\src\hotspot\share\interpreter\linkResolver.cpp, line 771]
Event: 60.860 Thread 0x000002332ccba5b0 Exception <a 'java/lang/NoSuchMethodError'{0x000000008fe6f1f0}: 'int java.lang.invoke.DirectMethodHandle$Holder.invokeVirtual(java.lang.Object, java.lang.Object, java.lang.Object, java.lang.Object)'> (0x000000008fe6f1f0) 
thrown [s\src\hotspot\share\interpreter\linkResolver.cpp, line 771]
Event: 61.146 Thread 0x000002332ccba5b0 Exception <a 'java/lang/IncompatibleClassChangeError'{0x000000008f7c2258}: Found class java.lang.Object, but interface was expected> (0x000000008f7c2258) 
thrown [s\src\hotspot\share\interpreter\linkResolver.cpp, line 838]
Event: 61.230 Thread 0x000002332ccba5b0 Exception <a 'java/lang/NoSuchMethodError'{0x000000008f4e5c58}: 'int java.lang.invoke.DirectMethodHandle$Holder.invokeVirtual(java.lang.Object, java.lang.Object, java.lang.Object)'> (0x000000008f4e5c58) 
thrown [s\src\hotspot\share\interpreter\linkResolver.cpp, line 771]
Event: 62.001 Thread 0x000002332ccba5b0 Exception <a 'java/lang/NoSuchMethodError'{0x000000008ab14468}: 'java.lang.Object java.lang.invoke.DirectMethodHandle$Holder.invokeVirtual(java.lang.Object, java.lang.Object, int, java.lang.Object)'> (0x000000008ab14468) 
thrown [s\src\hotspot\share\interpreter\linkResolver.cpp, line 771]
Event: 62.210 Thread 0x000002332ccba5b0 Exception <a 'java/lang/IncompatibleClassChangeError'{0x00000000914fbdc0}: Found class java.lang.Object, but interface was expected> (0x00000000914fbdc0) 
thrown [s\src\hotspot\share\interpreter\linkResolver.cpp, line 838]
Event: 62.214 Thread 0x000002332ccba5b0 Exception <a 'java/lang/IncompatibleClassChangeError'{0x00000000913c9308}: Found class java.lang.Object, but interface was expected> (0x00000000913c9308) 
thrown [s\src\hotspot\share\interpreter\linkResolver.cpp, line 838]
Event: 62.438 Thread 0x000002332ccba5b0 Exception <a 'java/lang/NoSuchMethodError'{0x000000008feadf08}: 'void java.lang.invoke.DirectMethodHandle$Holder.invokeVirtual(java.lang.Object, java.lang.Object, int, java.lang.Object)'> (0x000000008feadf08) 
thrown [s\src\hotspot\share\interpreter\linkResolver.cpp, line 771]
Event: 62.582 Thread 0x000002332ccba5b0 Exception <a 'java/lang/NoSuchMethodError'{0x000000008f796438}: 'int java.lang.invoke.DirectMethodHandle$Holder.invokeSpecial(java.lang.Object, java.lang.Object, java.lang.Object, int, java.lang.Object)'> (0x000000008f796438) 
thrown [s\src\hotspot\share\interpreter\linkResolver.cpp, line 771]
Event: 62.707 Thread 0x000002332ccba5b0 Exception <a 'java/lang/NoSuchMethodError'{0x000000008f08c400}: 'int java.lang.invoke.DirectMethodHandle$Holder.invokeSpecial(java.lang.Object, java.lang.Object, java.lang.Object, int)'> (0x000000008f08c400) 
thrown [s\src\hotspot\share\interpreter\linkResolver.cpp, line 771]
Event: 64.812 Thread 0x000002332c784e50 Exception <a 'java/lang/NoSuchMethodError'{0x00000000902109e8}: 'int java.lang.invoke.DirectMethodHandle$Holder.invokeInterface(java.lang.Object, java.lang.Object, int)'> (0x00000000902109e8) 
thrown [s\src\hotspot\share\interpreter\linkResolver.cpp, line 771]

VM Operations (20 events):
Event: 64.286 Executing VM operation: ICBufferFull done
Event: 64.782 Executing VM operation: ICBufferFull
Event: 64.809 Executing VM operation: ICBufferFull done
Event: 65.058 Executing VM operation: ICBufferFull
Event: 65.060 Executing VM operation: ICBufferFull done
Event: 65.080 Executing VM operation: ICBufferFull
Event: 65.080 Executing VM operation: ICBufferFull done
Event: 65.284 Executing VM operation: HandshakeAllThreads
Event: 65.293 Executing VM operation: HandshakeAllThreads done
Event: 65.311 Executing VM operation: HandshakeAllThreads
Event: 65.323 Executing VM operation: HandshakeAllThreads done
Event: 65.358 Executing VM operation: HandshakeAllThreads
Event: 65.359 Executing VM operation: HandshakeAllThreads done
Event: 65.444 Executing VM operation: ICBufferFull
Event: 65.447 Executing VM operation: ICBufferFull done
Event: 65.477 Executing VM operation: G1CollectForAllocation
Event: 65.527 Executing VM operation: G1CollectForAllocation done
Event: 66.132 Executing VM operation: ICBufferFull
Event: 66.133 Executing VM operation: ICBufferFull done
Event: 66.346 Executing VM operation: G1CollectForAllocation

Events (20 events):
Event: 62.166 Thread 0x0000023328c23f70 flushing nmethod 0x000002331279f190
Event: 62.168 Thread 0x0000023328c23f70 flushing nmethod 0x0000023312924890
Event: 62.168 Thread 0x0000023328c23f70 flushing nmethod 0x000002331292e290
Event: 62.171 Thread 0x0000023328c23f70 flushing nmethod 0x0000023312b3e490
Event: 62.174 Thread 0x0000023328c23f70 flushing nmethod 0x0000023312e27390
Event: 62.552 loading class java/util/PriorityQueue
Event: 62.555 loading class java/util/PriorityQueue done
Event: 62.682 loading class java/util/SortedSet$1
Event: 62.683 loading class java/util/SortedSet$1 done
Event: 62.685 loading class java/util/stream/SliceOps
Event: 62.688 loading class java/util/stream/SliceOps done
Event: 62.688 loading class java/util/stream/SliceOps$1
Event: 62.689 loading class java/util/stream/SliceOps$1 done
Event: 62.691 loading class java/util/stream/SliceOps$1$1
Event: 62.692 loading class java/util/stream/SliceOps$1$1 done
Event: 65.253 loading class java/util/IdentityHashMap$ValueIterator
Event: 65.281 loading class java/util/IdentityHashMap$ValueIterator done
Event: 65.841 Thread 0x0000023328f0fed0 Thread exited: 0x0000023328f0fed0
Event: 66.292 loading class java/util/IdentityHashMap$EntrySet
Event: 66.293 loading class java/util/IdentityHashMap$EntrySet done


Dynamic libraries:
0x00007ff7529e0000 - 0x00007ff7529ea000 	C:\Program Files\Android\Android Studio\jbr\bin\java.exe
0x00007ffb865b0000 - 0x00007ffb867c7000 	C:\WINDOWS\SYSTEM32\ntdll.dll
0x00007ffb84780000 - 0x00007ffb84844000 	C:\WINDOWS\System32\KERNEL32.DLL
0x00007ffb83a40000 - 0x00007ffb83de5000 	C:\WINDOWS\System32\KERNELBASE.dll
0x00007ffb841e0000 - 0x00007ffb842f1000 	C:\WINDOWS\System32\ucrtbase.dll
0x00007ffb6b770000 - 0x00007ffb6b787000 	C:\Program Files\Android\Android Studio\jbr\bin\jli.dll
0x00007ffb6b9a0000 - 0x00007ffb6b9bb000 	C:\Program Files\Android\Android Studio\jbr\bin\VCRUNTIME140.dll
0x00007ffb85ef0000 - 0x00007ffb8609e000 	C:\WINDOWS\System32\USER32.dll
0x00007ffb83f10000 - 0x00007ffb83f36000 	C:\WINDOWS\System32\win32u.dll
0x00007ffb851e0000 - 0x00007ffb85209000 	C:\WINDOWS\System32\GDI32.dll
0x00007ffb83920000 - 0x00007ffb83a39000 	C:\WINDOWS\System32\gdi32full.dll
0x00007ffb6eae0000 - 0x00007ffb6ed73000 	C:\WINDOWS\WinSxS\amd64_microsoft.windows.common-controls_6595b64144ccf1df_6.0.22621.2506_none_270c5ae97388e100\COMCTL32.dll
0x00007ffb83e70000 - 0x00007ffb83f0a000 	C:\WINDOWS\System32\msvcp_win.dll
0x00007ffb850d0000 - 0x00007ffb85177000 	C:\WINDOWS\System32\msvcrt.dll
0x00007ffb86270000 - 0x00007ffb862a1000 	C:\WINDOWS\System32\IMM32.DLL
0x00007ffb6ba30000 - 0x00007ffb6ba3c000 	C:\Program Files\Android\Android Studio\jbr\bin\vcruntime140_1.dll
0x00007ffb4d530000 - 0x00007ffb4d5bd000 	C:\Program Files\Android\Android Studio\jbr\bin\msvcp140.dll
0x00007ffb4f9b0000 - 0x00007ffb5061e000 	C:\Program Files\Android\Android Studio\jbr\bin\server\jvm.dll
0x00007ffb84ed0000 - 0x00007ffb84f81000 	C:\WINDOWS\System32\ADVAPI32.dll
0x00007ffb860a0000 - 0x00007ffb86146000 	C:\WINDOWS\System32\sechost.dll
0x00007ffb86150000 - 0x00007ffb86267000 	C:\WINDOWS\System32\RPCRT4.dll
0x00007ffb5beb0000 - 0x00007ffb5beb9000 	C:\WINDOWS\SYSTEM32\WSOCK32.dll
0x00007ffb73470000 - 0x00007ffb734a4000 	C:\WINDOWS\SYSTEM32\WINMM.dll
0x00007ffb84e50000 - 0x00007ffb84ec1000 	C:\WINDOWS\System32\WS2_32.dll
0x00007ffb6ea90000 - 0x00007ffb6ea9a000 	C:\WINDOWS\SYSTEM32\VERSION.dll
0x00007ffb82920000 - 0x00007ffb82938000 	C:\WINDOWS\SYSTEM32\kernel.appcore.dll
0x00007ffb7b950000 - 0x00007ffb7b95a000 	C:\Program Files\Android\Android Studio\jbr\bin\jimage.dll
0x00007ffb7e330000 - 0x00007ffb7e563000 	C:\WINDOWS\SYSTEM32\DBGHELP.DLL
0x00007ffb84950000 - 0x00007ffb84cd9000 	C:\WINDOWS\System32\combase.dll
0x00007ffb84ff0000 - 0x00007ffb850c7000 	C:\WINDOWS\System32\OLEAUT32.dll
0x00007ffb54340000 - 0x00007ffb54372000 	C:\WINDOWS\SYSTEM32\dbgcore.DLL
0x00007ffb83df0000 - 0x00007ffb83e6a000 	C:\WINDOWS\System32\bcryptPrimitives.dll
0x00007ffb6bc40000 - 0x00007ffb6bc65000 	C:\Program Files\Android\Android Studio\jbr\bin\java.dll
0x00007ffb6e8a0000 - 0x00007ffb6e8b8000 	C:\Program Files\Android\Android Studio\jbr\bin\zip.dll
0x00007ffb85210000 - 0x00007ffb85a69000 	C:\WINDOWS\System32\SHELL32.dll
0x00007ffb81840000 - 0x00007ffb82134000 	C:\WINDOWS\SYSTEM32\windows.storage.dll
0x00007ffb81700000 - 0x00007ffb8183e000 	C:\WINDOWS\SYSTEM32\wintypes.dll
0x00007ffb86470000 - 0x00007ffb86563000 	C:\WINDOWS\System32\SHCORE.dll
0x00007ffb84df0000 - 0x00007ffb84e4e000 	C:\WINDOWS\System32\shlwapi.dll
0x00007ffb83850000 - 0x00007ffb83876000 	C:\WINDOWS\SYSTEM32\profapi.dll
0x00007ffb6bc20000 - 0x00007ffb6bc39000 	C:\Program Files\Android\Android Studio\jbr\bin\net.dll
0x00007ffb76ef0000 - 0x00007ffb77027000 	C:\WINDOWS\SYSTEM32\WINHTTP.dll
0x00007ffb82da0000 - 0x00007ffb82e09000 	C:\WINDOWS\system32\mswsock.dll
0x00007ffb6bbc0000 - 0x00007ffb6bbd6000 	C:\Program Files\Android\Android Studio\jbr\bin\nio.dll
0x00007ffb788e0000 - 0x00007ffb788f0000 	C:\Program Files\Android\Android Studio\jbr\bin\verify.dll
0x00007ffb7b570000 - 0x00007ffb7b597000 	C:\Users\Ian\.gradle\native\e1d6ef7f7dcc3fd88c89a11ec53ec762bb8ba0a96d01ffa2cd45eb1d1d8dd5c5\windows-amd64\native-platform.dll
0x00007ffb440d0000 - 0x00007ffb44214000 	C:\Users\Ian\.gradle\native\5664cfc778a61ccfe75a443a1ab52a65af34e5dc3c78e0209fed803814484fcb\windows-amd64\native-platform-file-events.dll
0x00007ffb6e820000 - 0x00007ffb6e829000 	C:\Program Files\Android\Android Studio\jbr\bin\management.dll
0x00007ffb6daa0000 - 0x00007ffb6daab000 	C:\Program Files\Android\Android Studio\jbr\bin\management_ext.dll
0x00007ffb862b0000 - 0x00007ffb862b8000 	C:\WINDOWS\System32\PSAPI.DLL
0x00007ffb82ff0000 - 0x00007ffb8300b000 	C:\WINDOWS\SYSTEM32\CRYPTSP.dll
0x00007ffb82880000 - 0x00007ffb828b5000 	C:\WINDOWS\system32\rsaenh.dll
0x00007ffb82e90000 - 0x00007ffb82ebc000 	C:\WINDOWS\SYSTEM32\USERENV.dll
0x00007ffb831e0000 - 0x00007ffb83208000 	C:\WINDOWS\SYSTEM32\bcrypt.dll
0x00007ffb83010000 - 0x00007ffb8301c000 	C:\WINDOWS\SYSTEM32\CRYPTBASE.dll
0x00007ffb823e0000 - 0x00007ffb8240d000 	C:\WINDOWS\SYSTEM32\IPHLPAPI.DLL
0x00007ffb851d0000 - 0x00007ffb851d9000 	C:\WINDOWS\System32\NSI.dll
0x00007ffb740f0000 - 0x00007ffb74109000 	C:\WINDOWS\SYSTEM32\dhcpcsvc6.DLL
0x00007ffb73fe0000 - 0x00007ffb73fff000 	C:\WINDOWS\SYSTEM32\dhcpcsvc.DLL
0x00007ffb82410000 - 0x00007ffb82509000 	C:\WINDOWS\SYSTEM32\DNSAPI.dll
0x00007ffb6cd20000 - 0x00007ffb6cd28000 	C:\WINDOWS\system32\wshunix.dll
0x00007ffb6f380000 - 0x00007ffb6f38a000 	C:\Windows\System32\rasadhlp.dll
0x00007ffb70ae0000 - 0x00007ffb70b63000 	C:\WINDOWS\System32\fwpuclnt.dll
0x00007ffb7d6f0000 - 0x00007ffb7d787000 	C:\WINDOWS\system32\apphelp.dll

dbghelp: loaded successfully - version: 4.0.5 - missing functions: none
symbol engine: initialized successfully - sym options: 0x614 - pdb path: .;C:\Program Files\Android\Android Studio\jbr\bin;C:\WINDOWS\SYSTEM32;C:\WINDOWS\WinSxS\amd64_microsoft.windows.common-controls_6595b64144ccf1df_6.0.22621.2506_none_270c5ae97388e100;C:\Program Files\Android\Android Studio\jbr\bin\server;C:\Users\Ian\.gradle\native\e1d6ef7f7dcc3fd88c89a11ec53ec762bb8ba0a96d01ffa2cd45eb1d1d8dd5c5\windows-amd64;C:\Users\Ian\.gradle\native\5664cfc778a61ccfe75a443a1ab52a65af34e5dc3c78e0209fed803814484fcb\windows-amd64

VM Arguments:
jvm_args: --add-opens=java.base/java.util=ALL-UNNAMED --add-opens=java.base/java.lang=ALL-UNNAMED --add-opens=java.base/java.lang.invoke=ALL-UNNAMED --add-opens=java.base/java.util=ALL-UNNAMED --add-opens=java.prefs/java.util.prefs=ALL-UNNAMED --add-opens=java.prefs/java.util.prefs=ALL-UNNAMED --add-opens=java.base/java.nio.charset=ALL-UNNAMED --add-opens=java.base/java.net=ALL-UNNAMED --add-opens=java.base/java.util.concurrent.atomic=ALL-UNNAMED -Xmx2048m -Dfile.encoding=UTF-8 -Duser.country=ID -Duser.language=id -Duser.variant 
java_command: org.gradle.launcher.daemon.bootstrap.GradleDaemon 7.2
java_class_path (initial): C:\Users\Ian\.gradle\wrapper\dists\gradle-7.2-bin\2dnblmf4td7x66yl1d74lt32g\gradle-7.2\lib\gradle-launcher-7.2.jar
Launcher Type: SUN_STANDARD

[Global flags]
     intx CICompilerCount                          = 3                                         {product} {ergonomic}
     uint ConcGCThreads                            = 1                                         {product} {ergonomic}
     uint G1ConcRefinementThreads                  = 4                                         {product} {ergonomic}
   size_t G1HeapRegionSize                         = 1048576                                   {product} {ergonomic}
    uintx GCDrainStackTargetSize                   = 64                                        {product} {ergonomic}
   size_t InitialHeapSize                          = 65011712                                  {product} {ergonomic}
   size_t MarkStackSize                            = 4194304                                   {product} {ergonomic}
   size_t MaxHeapSize                              = 2147483648                                {product} {command line}
   size_t MaxNewSize                               = 1287651328                                {product} {ergonomic}
   size_t MinHeapDeltaBytes                        = 1048576                                   {product} {ergonomic}
   size_t MinHeapSize                              = 8388608                                   {product} {ergonomic}
    uintx NonNMethodCodeHeapSize                   = 5832780                                {pd product} {ergonomic}
    uintx NonProfiledCodeHeapSize                  = 122912730                              {pd product} {ergonomic}
    uintx ProfiledCodeHeapSize                     = 122912730                              {pd product} {ergonomic}
    uintx ReservedCodeCacheSize                    = 251658240                              {pd product} {ergonomic}
     bool SegmentedCodeCache                       = true                                      {product} {ergonomic}
   size_t SoftMaxHeapSize                          = 2147483648                             {manageable} {ergonomic}
     bool UseCompressedClassPointers               = true                           {product lp64_product} {ergonomic}
     bool UseCompressedOops                        = true                           {product lp64_product} {ergonomic}
     bool UseG1GC                                  = true                                      {product} {ergonomic}
     bool UseLargePagesIndividualAllocation        = false                                  {pd product} {ergonomic}

Logging:
Log output configuration:
 #0: stdout all=warning uptime,level,tags
 #1: stderr all=off uptime,level,tags

Environment Variables:
PATH=C:\ProgramData\Oracle\Java\javapath;C:\Program Files\OpenLogic\jdk-17.0.6.10-hotspot\bin;C:\Program Files\OpenJDK\jdk-11.0.18.10-hotspot\bin;C:\Program Files (x86)\Common Files\Oracle\Java\javapath;C:\Program Files (x86)\Common Files\Intel\Shared Files\cpp\bin\Intel64;C:\WINDOWS\system32;C:\WINDOWS;C:\WINDOWS\System32\Wbem;C:\WINDOWS\System32\WindowsPowerShell\v1.0\;C:\WINDOWS\System32\OpenSSH\;C:\Program Files\Intel\WiFi\bin\;C:\Program Files\Common Files\Intel\WirelessCommon\;C:\Program Files\Git\cmd;C:\Users\Ian\AppData\Local\Microsoft\WindowsApps;;C:\Users\Ian\AppData\Local\Programs\Microsoft VS Code\bin
USERNAME=Ian
OS=Windows_NT
PROCESSOR_IDENTIFIER=Intel64 Family 6 Model 142 Stepping 10, GenuineIntel
TMP=C:\Users\Ian\AppData\Local\Temp
TEMP=C:\Users\Ian\AppData\Local\Temp


JNI global refs:
JNI global refs: 25, weak refs: 67

JNI global refs memory usage: 843, weak refs: 1473


---------------  S Y S T E M  ---------------

OS:
 Windows 11 , 64 bit Build 22621 (10.0.22621.2506)
OS uptime: 0 days 2:58 hours

CPU: total 4 (initial active 4) (2 cores per cpu, 2 threads per core) family 6 model 142 stepping 10 microcode 0xe0, cx8, cmov, fxsr, ht, mmx, 3dnowpref, sse, sse2, sse3, ssse3, sse4.1, sse4.2, popcnt, lzcnt, tsc, tscinvbit, aes, erms, clmul, clflush, clflushopt

Memory: 4k page, system-wide physical 3952M (297M free)
TotalPageFile size 8048M (AvailPageFile size 83M)
current process WorkingSet (physical memory assigned to process): 343M, peak: 452M
current process commit charge ("private bytes"): 620M, peak: 717M

vm_info: OpenJDK 64-Bit Server VM (17.0.6+0-b2043.56-10027231) for windows-amd64 JRE (17.0.6+0-b2043.56-10027231), built on Apr 28 2023 00:43:19 by "androidbuild" with MS VC++ 16.10 / 16.11 (VS2019)

END.
