#
# There is insufficient memory for the Java Runtime Environment to continue.
# Native memory allocation (malloc) failed to allocate 174176 bytes for Chunk::new
# Possible reasons:
#   The system is out of physical RAM or swap space
#   The process is running with CompressedOops enabled, and the Java Heap may be blocking the growth of the native heap
# Possible solutions:
#   Reduce memory load on the system
#   Increase physical memory or swap space
#   Check if swap backing store is full
#   Decrease Java heap size (-Xmx/-Xms)
#   Decrease number of Java threads
#   Decrease Java thread stack sizes (-Xss)
#   Set larger code cache with -XX:ReservedCodeCacheSize=
#   JVM is running with Unscaled Compressed Oops mode in which the Java heap is
#     placed in the first 4GB address space. The Java Heap base address is the
#     maximum limit for the native heap growth. Please use -XX:HeapBaseMinAddress
#     to set the Java Heap base and to place the Java Heap above 4GB virtual address.
# This output file may be truncated or incomplete.
#
#  Out of Memory Error (arena.cpp:189), pid=10680, tid=14768
#
# JRE version: OpenJDK Runtime Environment (17.0.6) (build 17.0.6+0-b2043.56-10027231)
# Java VM: OpenJDK 64-Bit Server VM (17.0.6+0-b2043.56-10027231, mixed mode, tiered, compressed oops, compressed class ptrs, g1 gc, windows-amd64)
# No core dump will be written. Minidumps are not enabled by default on client versions of Windows
#

---------------  S U M M A R Y ------------

Command Line: --add-opens=java.base/java.util=ALL-UNNAMED --add-opens=java.base/java.lang=ALL-UNNAMED --add-opens=java.base/java.lang.invoke=ALL-UNNAMED --add-opens=java.base/java.util=ALL-UNNAMED --add-opens=java.prefs/java.util.prefs=ALL-UNNAMED --add-opens=java.prefs/java.util.prefs=ALL-UNNAMED --add-opens=java.base/java.nio.charset=ALL-UNNAMED --add-opens=java.base/java.net=ALL-UNNAMED --add-opens=java.base/java.util.concurrent.atomic=ALL-UNNAMED -Xmx2048m -Dfile.encoding=UTF-8 -Duser.country=ID -Duser.language=id -Duser.variant org.gradle.launcher.daemon.bootstrap.GradleDaemon 7.2

Host: Intel(R) Pentium(R) CPU 4417U @ 2.30GHz, 4 cores, 3G,  Windows 11 , 64 bit Build 22621 (10.0.22621.2506)
Time: Wed Dec  6 20:51:15 2023 SE Asia Standard Time elapsed time: 36.863872 seconds (0d 0h 0m 36s)

---------------  T H R E A D  ---------------

Current thread (0x000001c620c078c0):  JavaThread "C2 CompilerThread0" daemon [_thread_in_native, id=14768, stack(0x000000b5c7f00000,0x000000b5c8000000)]


Current CompileTask:
C2:  36864 10656       4       com.android.tools.r8.graph.c0::a (89 bytes)

Stack: [0x000000b5c7f00000,0x000000b5c8000000]
Native frames: (J=compiled Java code, j=interpreted, Vv=VM code, C=native code)
V  [jvm.dll+0x683c9a]
V  [jvm.dll+0x8427a4]
V  [jvm.dll+0x843f9e]
V  [jvm.dll+0x844603]
V  [jvm.dll+0x249b75]
V  [jvm.dll+0xabcac]
V  [jvm.dll+0xac27c]
V  [jvm.dll+0x2b0eef]
V  [jvm.dll+0x58a267]
V  [jvm.dll+0x2243b2]
V  [jvm.dll+0x22478f]
V  [jvm.dll+0x21e055]
V  [jvm.dll+0x21b51b]
V  [jvm.dll+0x1a4fdd]
V  [jvm.dll+0x22b098]
V  [jvm.dll+0x229159]
V  [jvm.dll+0x7f81ec]
V  [jvm.dll+0x7f274a]
V  [jvm.dll+0x682ad5]
C  [ucrtbase.dll+0x29363]
C  [KERNEL32.DLL+0x1257d]
C  [ntdll.dll+0x5aa58]


---------------  P R O C E S S  ---------------

Threads class SMR info:
_java_thread_list=0x000001c62bc295c0, length=87, elements={
0x000001c606bd93c0, 0x000001c62015c9a0, 0x000001c62015d550, 0x000001c620178540,
0x000001c6201b8010, 0x000001c6201ba8e0, 0x000001c6201bb5b0, 0x000001c620c078c0,
0x000001c620c12200, 0x000001c620c12b00, 0x000001c620d6d610, 0x000001c620d6fb30,
0x000001c6218a6c50, 0x000001c6220dcbb0, 0x000001c6225483e0, 0x000001c62258db20,
0x000001c6220c8420, 0x000001c6211b9950, 0x000001c6211bac90, 0x000001c6211bc4a0,
0x000001c6211b8fb0, 0x000001c6211b8ae0, 0x000001c6211b9e20, 0x000001c6211bbfd0,
0x000001c6211bb160, 0x000001c6211bb630, 0x000001c6211b9480, 0x000001c62341bdf0,
0x000001c62341d130, 0x000001c62341a110, 0x000001c623417f60, 0x000001c623419c40,
0x000001c62341cc60, 0x000001c62341aab0, 0x000001c623418900, 0x000001c62341b920,
0x000001c623417a90, 0x000001c623418dd0, 0x000001c62341dad0, 0x000001c62341e470,
0x000001c62341e940, 0x000001c6234170f0, 0x000001c623418430, 0x000001c6234192a0,
0x000001c623419770, 0x000001c625a46ec0, 0x000001c625a47390, 0x000001c625a456b0,
0x000001c625a45b80, 0x000001c625a40e80, 0x000001c625a41350, 0x000001c625a469f0,
0x000001c625a46520, 0x000001c625a409b0, 0x000001c625a451e0, 0x000001c625a41820,
0x000001c625a46050, 0x000001c625a41cf0, 0x000001c625a421c0, 0x000001c625a43500,
0x000001c625a404e0, 0x000001c625a42690, 0x000001c625a43ea0, 0x000001c625a44840,
0x000001c625a42b60, 0x000001c625a44d10, 0x000001c625a43030, 0x000001c625a439d0,
0x000001c625a47860, 0x000001c625a40010, 0x000001c625a44370, 0x000001c62598a580,
0x000001c6259853b0, 0x000001c625989be0, 0x000001c625987a30, 0x000001c62598af20,
0x000001c625989240, 0x000001c6259888a0, 0x000001c625984a10, 0x000001c625987090,
0x000001c625988d70, 0x000001c625987f00, 0x000001c62598b3f0, 0x000001c625985880,
0x000001c625985d50, 0x000001c627f25540, 0x000001c62342b520
}

Java Threads: ( => current thread )
  0x000001c606bd93c0 JavaThread "main" [_thread_blocked, id=11392, stack(0x000000b5c7200000,0x000000b5c7300000)]
  0x000001c62015c9a0 JavaThread "Reference Handler" daemon [_thread_blocked, id=4672, stack(0x000000b5c7900000,0x000000b5c7a00000)]
  0x000001c62015d550 JavaThread "Finalizer" daemon [_thread_blocked, id=14820, stack(0x000000b5c7a00000,0x000000b5c7b00000)]
  0x000001c620178540 JavaThread "Signal Dispatcher" daemon [_thread_blocked, id=9828, stack(0x000000b5c7b00000,0x000000b5c7c00000)]
  0x000001c6201b8010 JavaThread "Attach Listener" daemon [_thread_blocked, id=4532, stack(0x000000b5c7c00000,0x000000b5c7d00000)]
  0x000001c6201ba8e0 JavaThread "Service Thread" daemon [_thread_blocked, id=4400, stack(0x000000b5c7d00000,0x000000b5c7e00000)]
  0x000001c6201bb5b0 JavaThread "Monitor Deflation Thread" daemon [_thread_blocked, id=14328, stack(0x000000b5c7e00000,0x000000b5c7f00000)]
=>0x000001c620c078c0 JavaThread "C2 CompilerThread0" daemon [_thread_in_native, id=14768, stack(0x000000b5c7f00000,0x000000b5c8000000)]
  0x000001c620c12200 JavaThread "C1 CompilerThread0" daemon [_thread_blocked, id=7264, stack(0x000000b5c8000000,0x000000b5c8100000)]
  0x000001c620c12b00 JavaThread "Sweeper thread" daemon [_thread_blocked, id=2952, stack(0x000000b5c8100000,0x000000b5c8200000)]
  0x000001c620d6d610 JavaThread "Common-Cleaner" daemon [_thread_blocked, id=12668, stack(0x000000b5c8200000,0x000000b5c8300000)]
  0x000001c620d6fb30 JavaThread "Notification Thread" daemon [_thread_blocked, id=5672, stack(0x000000b5c8300000,0x000000b5c8400000)]
  0x000001c6218a6c50 JavaThread "Daemon health stats" [_thread_blocked, id=15548, stack(0x000000b5c8800000,0x000000b5c8900000)]
  0x000001c6220dcbb0 JavaThread "Incoming local TCP Connector on port 52851" [_thread_in_native, id=8400, stack(0x000000b5c8900000,0x000000b5c8a00000)]
  0x000001c6225483e0 JavaThread "Daemon periodic checks" [_thread_blocked, id=2624, stack(0x000000b5c8a00000,0x000000b5c8b00000)]
  0x000001c62258db20 JavaThread "Daemon" [_thread_blocked, id=16380, stack(0x000000b5c8b00000,0x000000b5c8c00000)]
  0x000001c6220c8420 JavaThread "Handler for socket connection from /127.0.0.1:52851 to /127.0.0.1:52852" [_thread_in_native, id=11568, stack(0x000000b5c8c00000,0x000000b5c8d00000)]
  0x000001c6211b9950 JavaThread "Cancel handler" [_thread_blocked, id=9172, stack(0x000000b5c8d00000,0x000000b5c8e00000)]
  0x000001c6211bac90 JavaThread "Daemon worker" [_thread_in_vm, id=14936, stack(0x000000b5c8e00000,0x000000b5c8f00000)] _threads_hazard_ptr=0x000001c62bc295c0
  0x000001c6211bc4a0 JavaThread "Asynchronous log dispatcher for DefaultDaemonConnection: socket connection from /127.0.0.1:52851 to /127.0.0.1:52852" [_thread_blocked, id=13336, stack(0x000000b5c8f00000,0x000000b5c9000000)]
  0x000001c6211b8fb0 JavaThread "Stdin handler" [_thread_blocked, id=12448, stack(0x000000b5c9000000,0x000000b5c9100000)]
  0x000001c6211b8ae0 JavaThread "Daemon client event forwarder" [_thread_blocked, id=15632, stack(0x000000b5c9100000,0x000000b5c9200000)]
  0x000001c6211b9e20 JavaThread "Cache worker for journal cache (C:\Users\Ian\.gradle\caches\journal-1)" [_thread_blocked, id=2828, stack(0x000000b5c9200000,0x000000b5c9300000)]
  0x000001c6211bbfd0 JavaThread "File lock request listener" [_thread_in_native, id=16152, stack(0x000000b5c9300000,0x000000b5c9400000)]
  0x000001c6211bb160 JavaThread "Cache worker for file hash cache (C:\Users\Ian\.gradle\caches\7.2\fileHashes)" [_thread_blocked, id=2928, stack(0x000000b5c9400000,0x000000b5c9500000)]
  0x000001c6211bb630 JavaThread "Cache worker for file hash cache (C:\Users\Ian\AndroidStudioProjects\ujianandroid_\.gradle\7.2\fileHashes)" [_thread_blocked, id=7644, stack(0x000000b5c9500000,0x000000b5c9600000)]
  0x000001c6211b9480 JavaThread "File watcher server" daemon [_thread_in_native, id=15612, stack(0x000000b5c9600000,0x000000b5c9700000)]
  0x000001c62341bdf0 JavaThread "File watcher consumer" daemon [_thread_blocked, id=8804, stack(0x000000b5c9700000,0x000000b5c9800000)]
  0x000001c62341d130 JavaThread "Cache worker for checksums cache (C:\Users\Ian\AndroidStudioProjects\ujianandroid_\.gradle\checksums)" [_thread_blocked, id=3284, stack(0x000000b5c9800000,0x000000b5c9900000)]
  0x000001c62341a110 JavaThread "Cache worker for cache directory md-supplier (C:\Users\Ian\.gradle\caches\7.2\md-supplier)" [_thread_blocked, id=8744, stack(0x000000b5c9900000,0x000000b5c9a00000)]
  0x000001c623417f60 JavaThread "Cache worker for cache directory md-rule (C:\Users\Ian\.gradle\caches\7.2\md-rule)" [_thread_blocked, id=7588, stack(0x000000b5c9a00000,0x000000b5c9b00000)]
  0x000001c623419c40 JavaThread "Cache worker for execution history cache (C:\Users\Ian\.gradle\caches\7.2\executionHistory)" [_thread_in_vm, id=10632, stack(0x000000b5c9b00000,0x000000b5c9c00000)]
  0x000001c62341cc60 JavaThread "jar transforms" [_thread_blocked, id=9944, stack(0x000000b5c9c00000,0x000000b5c9d00000)]
  0x000001c62341aab0 JavaThread "jar transforms Thread 2" [_thread_blocked, id=2664, stack(0x000000b5c9d00000,0x000000b5c9e00000)]
  0x000001c623418900 JavaThread "Cache worker for file content cache (C:\Users\Ian\.gradle\caches\7.2\fileContent)" [_thread_blocked, id=15644, stack(0x000000b5c9f00000,0x000000b5ca000000)]
  0x000001c62341b920 JavaThread "jar transforms Thread 3" [_thread_blocked, id=10928, stack(0x000000b5ca000000,0x000000b5ca100000)]
  0x000001c623417a90 JavaThread "jar transforms Thread 4" [_thread_blocked, id=6252, stack(0x000000b5ca100000,0x000000b5ca200000)]
  0x000001c623418dd0 JavaThread "Cache worker for dependencies-accessors (C:\Users\Ian\AndroidStudioProjects\ujianandroid_\.gradle\7.2\dependencies-accessors)" [_thread_blocked, id=2512, stack(0x000000b5ca200000,0x000000b5ca300000)]
  0x000001c62341dad0 JavaThread "Cache worker for Build Output Cleanup Cache (C:\Users\Ian\AndroidStudioProjects\ujianandroid_\.gradle\buildOutputCleanup)" [_thread_blocked, id=8696, stack(0x000000b5ca300000,0x000000b5ca400000)]
  0x000001c62341e470 JavaThread "Unconstrained build operations" [_thread_blocked, id=12692, stack(0x000000b5ca400000,0x000000b5ca500000)]
  0x000001c62341e940 JavaThread "Unconstrained build operations Thread 2" [_thread_blocked, id=12048, stack(0x000000b5ca500000,0x000000b5ca600000)]
  0x000001c6234170f0 JavaThread "Unconstrained build operations Thread 3" [_thread_blocked, id=16260, stack(0x000000b5ca600000,0x000000b5ca700000)]
  0x000001c623418430 JavaThread "Unconstrained build operations Thread 4" [_thread_blocked, id=15348, stack(0x000000b5ca700000,0x000000b5ca800000)]
  0x000001c6234192a0 JavaThread "Unconstrained build operations Thread 5" [_thread_blocked, id=6544, stack(0x000000b5ca800000,0x000000b5ca900000)]
  0x000001c623419770 JavaThread "Unconstrained build operations Thread 6" [_thread_blocked, id=6804, stack(0x000000b5ca900000,0x000000b5caa00000)]
  0x000001c625a46ec0 JavaThread "Unconstrained build operations Thread 7" [_thread_blocked, id=14940, stack(0x000000b5caa00000,0x000000b5cab00000)]
  0x000001c625a47390 JavaThread "Unconstrained build operations Thread 8" [_thread_blocked, id=8664, stack(0x000000b5cab00000,0x000000b5cac00000)]
  0x000001c625a456b0 JavaThread "Unconstrained build operations Thread 9" [_thread_blocked, id=9756, stack(0x000000b5cac00000,0x000000b5cad00000)]
  0x000001c625a45b80 JavaThread "Unconstrained build operations Thread 10" [_thread_blocked, id=13508, stack(0x000000b5cad00000,0x000000b5cae00000)]
  0x000001c625a40e80 JavaThread "Unconstrained build operations Thread 11" [_thread_blocked, id=12796, stack(0x000000b5cae00000,0x000000b5caf00000)]
  0x000001c625a41350 JavaThread "Unconstrained build operations Thread 12" [_thread_blocked, id=2448, stack(0x000000b5caf00000,0x000000b5cb000000)]
  0x000001c625a469f0 JavaThread "Unconstrained build operations Thread 13" [_thread_blocked, id=12180, stack(0x000000b5cb000000,0x000000b5cb100000)]
  0x000001c625a46520 JavaThread "Unconstrained build operations Thread 14" [_thread_blocked, id=15764, stack(0x000000b5cb100000,0x000000b5cb200000)]
  0x000001c625a409b0 JavaThread "Unconstrained build operations Thread 15" [_thread_blocked, id=13992, stack(0x000000b5cb200000,0x000000b5cb300000)]
  0x000001c625a451e0 JavaThread "Unconstrained build operations Thread 16" [_thread_blocked, id=9240, stack(0x000000b5cb300000,0x000000b5cb400000)]
  0x000001c625a41820 JavaThread "Unconstrained build operations Thread 17" [_thread_blocked, id=7748, stack(0x000000b5cb400000,0x000000b5cb500000)]
  0x000001c625a46050 JavaThread "Unconstrained build operations Thread 18" [_thread_blocked, id=4392, stack(0x000000b5cb500000,0x000000b5cb600000)]
  0x000001c625a41cf0 JavaThread "Unconstrained build operations Thread 19" [_thread_blocked, id=16020, stack(0x000000b5cb600000,0x000000b5cb700000)]
  0x000001c625a421c0 JavaThread "Unconstrained build operations Thread 20" [_thread_blocked, id=14988, stack(0x000000b5cb700000,0x000000b5cb800000)]
  0x000001c625a43500 JavaThread "Unconstrained build operations Thread 21" [_thread_blocked, id=8352, stack(0x000000b5cb800000,0x000000b5cb900000)]
  0x000001c625a404e0 JavaThread "Unconstrained build operations Thread 22" [_thread_blocked, id=9084, stack(0x000000b5cb900000,0x000000b5cba00000)]
  0x000001c625a42690 JavaThread "Unconstrained build operations Thread 23" [_thread_blocked, id=6372, stack(0x000000b5cba00000,0x000000b5cbb00000)]
  0x000001c625a43ea0 JavaThread "Unconstrained build operations Thread 24" [_thread_blocked, id=15880, stack(0x000000b5cbb00000,0x000000b5cbc00000)]
  0x000001c625a44840 JavaThread "Unconstrained build operations Thread 25" [_thread_blocked, id=9472, stack(0x000000b5cbc00000,0x000000b5cbd00000)]
  0x000001c625a42b60 JavaThread "Unconstrained build operations Thread 26" [_thread_blocked, id=16320, stack(0x000000b5cbd00000,0x000000b5cbe00000)]
  0x000001c625a44d10 JavaThread "Unconstrained build operations Thread 27" [_thread_blocked, id=16040, stack(0x000000b5cbe00000,0x000000b5cbf00000)]
  0x000001c625a43030 JavaThread "Unconstrained build operations Thread 28" [_thread_blocked, id=13644, stack(0x000000b5cbf00000,0x000000b5cc000000)]
  0x000001c625a439d0 JavaThread "Unconstrained build operations Thread 29" [_thread_blocked, id=12396, stack(0x000000b5cc000000,0x000000b5cc100000)]
  0x000001c625a47860 JavaThread "Unconstrained build operations Thread 30" [_thread_blocked, id=14684, stack(0x000000b5cc100000,0x000000b5cc200000)]
  0x000001c625a40010 JavaThread "Unconstrained build operations Thread 31" [_thread_blocked, id=2760, stack(0x000000b5cc200000,0x000000b5cc300000)]
  0x000001c625a44370 JavaThread "Unconstrained build operations Thread 32" [_thread_blocked, id=12228, stack(0x000000b5cc300000,0x000000b5cc400000)]
  0x000001c62598a580 JavaThread "Unconstrained build operations Thread 33" [_thread_blocked, id=15152, stack(0x000000b5cc400000,0x000000b5cc500000)]
  0x000001c6259853b0 JavaThread "Unconstrained build operations Thread 34" [_thread_blocked, id=16240, stack(0x000000b5cc500000,0x000000b5cc600000)]
  0x000001c625989be0 JavaThread "Unconstrained build operations Thread 35" [_thread_blocked, id=2460, stack(0x000000b5cc600000,0x000000b5cc700000)]
  0x000001c625987a30 JavaThread "Unconstrained build operations Thread 36" [_thread_blocked, id=12488, stack(0x000000b5cc700000,0x000000b5cc800000)]
  0x000001c62598af20 JavaThread "Unconstrained build operations Thread 37" [_thread_blocked, id=15132, stack(0x000000b5cc800000,0x000000b5cc900000)]
  0x000001c625989240 JavaThread "Unconstrained build operations Thread 38" [_thread_in_vm, id=2836, stack(0x000000b5cc900000,0x000000b5cca00000)]
  0x000001c6259888a0 JavaThread "Unconstrained build operations Thread 39" [_thread_blocked, id=5792, stack(0x000000b5cca00000,0x000000b5ccb00000)]
  0x000001c625984a10 JavaThread "Unconstrained build operations Thread 40" [_thread_blocked, id=15040, stack(0x000000b5ccb00000,0x000000b5ccc00000)]
  0x000001c625987090 JavaThread "Memory manager" [_thread_blocked, id=2236, stack(0x000000b5ccc00000,0x000000b5ccd00000)]
  0x000001c625988d70 JavaThread "build event listener" [_thread_blocked, id=15344, stack(0x000000b5ccd00000,0x000000b5cce00000)]
  0x000001c625987f00 JavaThread "Execution worker for ':'" [_thread_blocked, id=1068, stack(0x000000b5cce00000,0x000000b5ccf00000)]
  0x000001c62598b3f0 JavaThread "Execution worker for ':' Thread 2" [_thread_blocked, id=14392, stack(0x000000b5ccf00000,0x000000b5cd000000)]
  0x000001c625985880 JavaThread "Execution worker for ':' Thread 3" [_thread_blocked, id=260, stack(0x000000b5cd000000,0x000000b5cd100000)]
  0x000001c625985d50 JavaThread "Cache worker for execution history cache (C:\Users\Ian\AndroidStudioProjects\ujianandroid_\.gradle\7.2\executionHistory)" [_thread_in_Java, id=10336, stack(0x000000b5cd100000,0x000000b5cd200000)]
  0x000001c627f25540 JavaThread "WorkerExecutor Queue" [_thread_blocked, id=7648, stack(0x000000b5cd200000,0x000000b5cd300000)]
  0x000001c62342b520 JavaThread "C2 CompilerThread1" daemon [_thread_in_native, id=4176, stack(0x000000b5cd300000,0x000000b5cd400000)]

Other Threads:
  0x000001c62011a900 VMThread "VM Thread" [stack: 0x000000b5c7800000,0x000000b5c7900000] [id=13900]
  0x000001c620d70410 WatcherThread [stack: 0x000000b5c8400000,0x000000b5c8500000] [id=15016]
  0x000001c606c33250 GCTaskThread "GC Thread#0" [stack: 0x000000b5c7300000,0x000000b5c7400000] [id=6924]
  0x000001c6212c7f90 GCTaskThread "GC Thread#1" [stack: 0x000000b5c8500000,0x000000b5c8600000] [id=1848]
  0x000001c6216a1d20 GCTaskThread "GC Thread#2" [stack: 0x000000b5c8600000,0x000000b5c8700000] [id=16172]
  0x000001c621688920 GCTaskThread "GC Thread#3" [stack: 0x000000b5c8700000,0x000000b5c8800000] [id=3336]
  0x000001c606c44030 ConcurrentGCThread "G1 Main Marker" [stack: 0x000000b5c7400000,0x000000b5c7500000] [id=8276]
  0x000001c606c458f0 ConcurrentGCThread "G1 Conc#0" [stack: 0x000000b5c7500000,0x000000b5c7600000] [id=10252]
  0x000001c606c96780 ConcurrentGCThread "G1 Refine#0" [stack: 0x000000b5c7600000,0x000000b5c7700000] [id=8816]
  0x000001c62512e830 ConcurrentGCThread "G1 Refine#1" [stack: 0x000000b5c9e00000,0x000000b5c9f00000] [id=15868]
  0x000001c606c97040 ConcurrentGCThread "G1 Service" [stack: 0x000000b5c7700000,0x000000b5c7800000] [id=3008]

Threads with active compile tasks:
C2 CompilerThread0    36994 10656       4       com.android.tools.r8.graph.c0::a (89 bytes)
C2 CompilerThread1    36994 10681       4       com.esotericsoftware.kryo.io.Output::writeUtf8Length (405 bytes)

VM state: not at safepoint (normal execution)

VM Mutex/Monitor currently owned by a thread: None

OutOfMemory and StackOverflow Exception counts:
OutOfMemoryError java_heap_errors=1
LinkageErrors=150

Heap address: 0x0000000080000000, size: 2048 MB, Compressed Oops mode: 32-bit

CDS archive(s) not mapped
Compressed class space mapped at: 0x0000000100000000-0x0000000140000000, reserved size: 1073741824
Narrow klass base: 0x0000000000000000, Narrow klass shift: 3, Narrow klass range: 0x140000000

GC Precious Log:
 CPUs: 4 total, 4 available
 Memory: 3952M
 Large Page Support: Disabled
 NUMA Support: Disabled
 Compressed Oops: Enabled (32-bit)
 Heap Region Size: 1M
 Heap Min Capacity: 8M
 Heap Initial Capacity: 62M
 Heap Max Capacity: 2G
 Pre-touch: Disabled
 Parallel Workers: 4
 Concurrent Workers: 1
 Concurrent Refinement Workers: 4
 Periodic GC: Disabled

Heap:
 garbage-first heap   total 274432K, used 120578K [0x0000000080000000, 0x0000000100000000)
  region size 1024K, 45 young (46080K), 3 survivors (3072K)
 Metaspace       used 88134K, committed 88704K, reserved 1130496K
  class space    used 11870K, committed 12096K, reserved 1048576K

Heap Regions: E=young(eden), S=young(survivor), O=old, HS=humongous(starts), HC=humongous(continues), CS=collection set, F=free, OA=open archive, CA=closed archive, TAMS=top-at-mark-start (previous, next)
|   0|0x0000000080000000, 0x0000000080100000, 0x0000000080100000|100%|HS|  |TAMS 0x0000000080100000, 0x0000000080000000| Complete 
|   1|0x0000000080100000, 0x0000000080200000, 0x0000000080200000|100%|HC|  |TAMS 0x0000000080200000, 0x0000000080100000| Complete 
|   2|0x0000000080200000, 0x0000000080300000, 0x0000000080300000|100%|HC|  |TAMS 0x0000000080300000, 0x0000000080200000| Complete 
|   3|0x0000000080300000, 0x0000000080400000, 0x0000000080400000|100%| O|  |TAMS 0x0000000080400000, 0x0000000080300000| Untracked 
|   4|0x0000000080400000, 0x0000000080500000, 0x0000000080500000|100%| O|  |TAMS 0x0000000080500000, 0x0000000080400000| Untracked 
|   5|0x0000000080500000, 0x0000000080600000, 0x0000000080600000|100%| O|  |TAMS 0x0000000080600000, 0x0000000080500000| Untracked 
|   6|0x0000000080600000, 0x0000000080700000, 0x0000000080700000|100%| O|  |TAMS 0x0000000080700000, 0x0000000080600000| Untracked 
|   7|0x0000000080700000, 0x0000000080800000, 0x0000000080800000|100%| O|  |TAMS 0x0000000080800000, 0x0000000080700000| Untracked 
|   8|0x0000000080800000, 0x0000000080900000, 0x0000000080900000|100%| O|  |TAMS 0x0000000080900000, 0x0000000080800000| Untracked 
|   9|0x0000000080900000, 0x0000000080a00000, 0x0000000080a00000|100%| O|  |TAMS 0x0000000080a00000, 0x0000000080900000| Untracked 
|  10|0x0000000080a00000, 0x0000000080b00000, 0x0000000080b00000|100%| O|  |TAMS 0x0000000080b00000, 0x0000000080a00000| Untracked 
|  11|0x0000000080b00000, 0x0000000080c00000, 0x0000000080c00000|100%| O|  |TAMS 0x0000000080c00000, 0x0000000080b00000| Untracked 
|  12|0x0000000080c00000, 0x0000000080d00000, 0x0000000080d00000|100%| O|  |TAMS 0x0000000080d00000, 0x0000000080c00000| Untracked 
|  13|0x0000000080d00000, 0x0000000080e00000, 0x0000000080e00000|100%| O|  |TAMS 0x0000000080e00000, 0x0000000080d00000| Untracked 
|  14|0x0000000080e00000, 0x0000000080f00000, 0x0000000080f00000|100%| O|  |TAMS 0x0000000080f00000, 0x0000000080e00000| Untracked 
|  15|0x0000000080f00000, 0x0000000081000000, 0x0000000081000000|100%| O|  |TAMS 0x0000000081000000, 0x0000000080f00000| Untracked 
|  16|0x0000000081000000, 0x0000000081100000, 0x0000000081100000|100%| O|  |TAMS 0x0000000081100000, 0x0000000081000000| Untracked 
|  17|0x0000000081100000, 0x0000000081200000, 0x0000000081200000|100%| O|  |TAMS 0x0000000081200000, 0x0000000081100000| Untracked 
|  18|0x0000000081200000, 0x0000000081300000, 0x0000000081300000|100%| O|  |TAMS 0x0000000081300000, 0x0000000081200000| Untracked 
|  19|0x0000000081300000, 0x0000000081400000, 0x0000000081400000|100%| O|  |TAMS 0x0000000081400000, 0x0000000081300000| Untracked 
|  20|0x0000000081400000, 0x0000000081500000, 0x0000000081500000|100%| O|  |TAMS 0x0000000081500000, 0x0000000081400000| Untracked 
|  21|0x0000000081500000, 0x0000000081600000, 0x0000000081600000|100%| O|  |TAMS 0x0000000081600000, 0x0000000081500000| Untracked 
|  22|0x0000000081600000, 0x0000000081700000, 0x0000000081700000|100%| O|  |TAMS 0x0000000081700000, 0x0000000081600000| Untracked 
|  23|0x0000000081700000, 0x0000000081800000, 0x0000000081800000|100%| O|  |TAMS 0x0000000081800000, 0x0000000081700000| Untracked 
|  24|0x0000000081800000, 0x0000000081900000, 0x0000000081900000|100%| O|  |TAMS 0x0000000081900000, 0x0000000081800000| Untracked 
|  25|0x0000000081900000, 0x0000000081a00000, 0x0000000081a00000|100%| O|  |TAMS 0x0000000081a00000, 0x0000000081900000| Untracked 
|  26|0x0000000081a00000, 0x0000000081b00000, 0x0000000081b00000|100%| O|  |TAMS 0x0000000081b00000, 0x0000000081a00000| Untracked 
|  27|0x0000000081b00000, 0x0000000081c00000, 0x0000000081c00000|100%| O|  |TAMS 0x0000000081c00000, 0x0000000081b00000| Untracked 
|  28|0x0000000081c00000, 0x0000000081d00000, 0x0000000081d00000|100%| O|  |TAMS 0x0000000081d00000, 0x0000000081c00000| Untracked 
|  29|0x0000000081d00000, 0x0000000081e00000, 0x0000000081e00000|100%| O|  |TAMS 0x0000000081e00000, 0x0000000081d00000| Untracked 
|  30|0x0000000081e00000, 0x0000000081f00000, 0x0000000081f00000|100%| O|  |TAMS 0x0000000081f00000, 0x0000000081e00000| Untracked 
|  31|0x0000000081f00000, 0x0000000082000000, 0x0000000082000000|100%| O|  |TAMS 0x0000000082000000, 0x0000000081f00000| Untracked 
|  32|0x0000000082000000, 0x0000000082100000, 0x0000000082100000|100%| O|  |TAMS 0x0000000082100000, 0x0000000082000000| Untracked 
|  33|0x0000000082100000, 0x0000000082200000, 0x0000000082200000|100%|HS|  |TAMS 0x0000000082200000, 0x0000000082100000| Complete 
|  34|0x0000000082200000, 0x0000000082300000, 0x0000000082300000|100%|HS|  |TAMS 0x0000000082300000, 0x0000000082200000| Complete 
|  35|0x0000000082300000, 0x0000000082400000, 0x0000000082400000|100%| O|  |TAMS 0x0000000082400000, 0x0000000082300000| Untracked 
|  36|0x0000000082400000, 0x0000000082500000, 0x0000000082500000|100%| O|  |TAMS 0x0000000082500000, 0x0000000082400000| Untracked 
|  37|0x0000000082500000, 0x0000000082600000, 0x0000000082600000|100%|HS|  |TAMS 0x0000000082600000, 0x0000000082500000| Complete 
|  38|0x0000000082600000, 0x0000000082700000, 0x0000000082700000|100%|HC|  |TAMS 0x0000000082700000, 0x0000000082600000| Complete 
|  39|0x0000000082700000, 0x0000000082800000, 0x0000000082800000|100%| O|  |TAMS 0x0000000082800000, 0x0000000082700000| Untracked 
|  40|0x0000000082800000, 0x0000000082900000, 0x0000000082900000|100%| O|  |TAMS 0x0000000082900000, 0x0000000082800000| Untracked 
|  41|0x0000000082900000, 0x0000000082a00000, 0x0000000082a00000|100%| O|  |TAMS 0x0000000082a00000, 0x0000000082900000| Untracked 
|  42|0x0000000082a00000, 0x0000000082b00000, 0x0000000082b00000|100%| O|  |TAMS 0x0000000082b00000, 0x0000000082a00000| Untracked 
|  43|0x0000000082b00000, 0x0000000082c00000, 0x0000000082c00000|100%| O|  |TAMS 0x0000000082c00000, 0x0000000082b00000| Untracked 
|  44|0x0000000082c00000, 0x0000000082d00000, 0x0000000082d00000|100%| O|  |TAMS 0x0000000082d00000, 0x0000000082c00000| Complete 
|  45|0x0000000082d00000, 0x0000000082e00000, 0x0000000082e00000|100%| O|  |TAMS 0x0000000082e00000, 0x0000000082d00000| Untracked 
|  46|0x0000000082e00000, 0x0000000082f00000, 0x0000000082f00000|100%| O|  |TAMS 0x0000000082f00000, 0x0000000082e00000| Untracked 
|  47|0x0000000082f00000, 0x0000000083000000, 0x0000000083000000|100%| O|  |TAMS 0x0000000083000000, 0x0000000082f00000| Untracked 
|  48|0x0000000083000000, 0x0000000083100000, 0x0000000083100000|100%| O|  |TAMS 0x0000000083100000, 0x0000000083000000| Untracked 
|  49|0x0000000083100000, 0x0000000083200000, 0x0000000083200000|100%| O|  |TAMS 0x0000000083200000, 0x0000000083100000| Untracked 
|  50|0x0000000083200000, 0x0000000083300000, 0x0000000083300000|100%| O|  |TAMS 0x0000000083300000, 0x0000000083200000| Untracked 
|  51|0x0000000083300000, 0x0000000083400000, 0x0000000083400000|100%| O|  |TAMS 0x0000000083400000, 0x0000000083300000| Untracked 
|  52|0x0000000083400000, 0x0000000083500000, 0x0000000083500000|100%| O|  |TAMS 0x0000000083500000, 0x0000000083400000| Untracked 
|  53|0x0000000083500000, 0x0000000083600000, 0x0000000083600000|100%| O|  |TAMS 0x0000000083600000, 0x0000000083500000| Untracked 
|  54|0x0000000083600000, 0x0000000083700000, 0x0000000083700000|100%| O|  |TAMS 0x0000000083700000, 0x0000000083600000| Untracked 
|  55|0x0000000083700000, 0x0000000083800000, 0x0000000083800000|100%| O|  |TAMS 0x0000000083800000, 0x0000000083700000| Untracked 
|  56|0x0000000083800000, 0x0000000083900000, 0x0000000083900000|100%| O|  |TAMS 0x0000000083900000, 0x0000000083800000| Untracked 
|  57|0x0000000083900000, 0x0000000083a00000, 0x0000000083a00000|100%| O|  |TAMS 0x0000000083a00000, 0x0000000083900000| Untracked 
|  58|0x0000000083a00000, 0x0000000083b00000, 0x0000000083b00000|100%| O|  |TAMS 0x0000000083b00000, 0x0000000083a00000| Untracked 
|  59|0x0000000083b00000, 0x0000000083c00000, 0x0000000083c00000|100%| O|  |TAMS 0x0000000083c00000, 0x0000000083b00000| Untracked 
|  60|0x0000000083c00000, 0x0000000083d00000, 0x0000000083d00000|100%| O|  |TAMS 0x0000000083d00000, 0x0000000083c00000| Untracked 
|  61|0x0000000083d00000, 0x0000000083e00000, 0x0000000083e00000|100%| O|  |TAMS 0x0000000083e00000, 0x0000000083d00000| Untracked 
|  62|0x0000000083e00000, 0x0000000083f00000, 0x0000000083f00000|100%| O|  |TAMS 0x0000000083f00000, 0x0000000083e00000| Untracked 
|  63|0x0000000083f00000, 0x0000000084000000, 0x0000000084000000|100%| O|  |TAMS 0x0000000084000000, 0x0000000083f00000| Untracked 
|  64|0x0000000084000000, 0x0000000084100000, 0x0000000084100000|100%| O|  |TAMS 0x0000000084100000, 0x0000000084000000| Untracked 
|  65|0x0000000084100000, 0x0000000084200000, 0x0000000084200000|100%| O|  |TAMS 0x0000000084200000, 0x0000000084100000| Untracked 
|  66|0x0000000084200000, 0x0000000084200000, 0x0000000084300000|  0%| F|  |TAMS 0x0000000084200000, 0x0000000084200000| Untracked 
|  67|0x0000000084300000, 0x0000000084400000, 0x0000000084400000|100%| O|  |TAMS 0x0000000084400000, 0x0000000084300000| Untracked 
|  68|0x0000000084400000, 0x0000000084500000, 0x0000000084500000|100%| O|  |TAMS 0x0000000084500000, 0x0000000084400000| Untracked 
|  69|0x0000000084500000, 0x0000000084600000, 0x0000000084600000|100%| O|  |TAMS 0x0000000084600000, 0x0000000084500000| Untracked 
|  70|0x0000000084600000, 0x0000000084700000, 0x0000000084700000|100%| O|  |TAMS 0x0000000084700000, 0x0000000084600000| Untracked 
|  71|0x0000000084700000, 0x0000000084800000, 0x0000000084800000|100%| O|  |TAMS 0x0000000084800000, 0x0000000084700000| Untracked 
|  72|0x0000000084800000, 0x0000000084900000, 0x0000000084900000|100%| O|  |TAMS 0x0000000084900000, 0x0000000084800000| Untracked 
|  73|0x0000000084900000, 0x0000000084a00000, 0x0000000084a00000|100%| O|  |TAMS 0x0000000084a00000, 0x0000000084900000| Untracked 
|  74|0x0000000084a00000, 0x0000000084b00000, 0x0000000084b00000|100%| O|  |TAMS 0x0000000084b00000, 0x0000000084a00000| Untracked 
|  75|0x0000000084b00000, 0x0000000084c00000, 0x0000000084c00000|100%| O|  |TAMS 0x0000000084c00000, 0x0000000084b00000| Untracked 
|  76|0x0000000084c00000, 0x0000000084c00000, 0x0000000084d00000|  0%| F|  |TAMS 0x0000000084c00000, 0x0000000084c00000| Untracked 
|  77|0x0000000084d00000, 0x0000000084d00000, 0x0000000084e00000|  0%| F|  |TAMS 0x0000000084d00000, 0x0000000084d00000| Untracked 
|  78|0x0000000084e00000, 0x0000000084e00000, 0x0000000084f00000|  0%| F|  |TAMS 0x0000000084e00000, 0x0000000084e00000| Untracked 
|  79|0x0000000084f00000, 0x0000000084f00000, 0x0000000085000000|  0%| F|  |TAMS 0x0000000084f00000, 0x0000000084f00000| Untracked 
|  80|0x0000000085000000, 0x0000000085000000, 0x0000000085100000|  0%| F|  |TAMS 0x0000000085000000, 0x0000000085000000| Untracked 
|  81|0x0000000085100000, 0x0000000085100000, 0x0000000085200000|  0%| F|  |TAMS 0x0000000085100000, 0x0000000085100000| Untracked 
|  82|0x0000000085200000, 0x0000000085200000, 0x0000000085300000|  0%| F|  |TAMS 0x0000000085200000, 0x0000000085200000| Untracked 
|  83|0x0000000085300000, 0x0000000085300000, 0x0000000085400000|  0%| F|  |TAMS 0x0000000085300000, 0x0000000085300000| Untracked 
|  84|0x0000000085400000, 0x0000000085400000, 0x0000000085500000|  0%| F|  |TAMS 0x0000000085400000, 0x0000000085400000| Untracked 
|  85|0x0000000085500000, 0x0000000085500000, 0x0000000085600000|  0%| F|  |TAMS 0x0000000085500000, 0x0000000085500000| Untracked 
|  86|0x0000000085600000, 0x0000000085600000, 0x0000000085700000|  0%| F|  |TAMS 0x0000000085600000, 0x0000000085600000| Untracked 
|  87|0x0000000085700000, 0x0000000085700000, 0x0000000085800000|  0%| F|  |TAMS 0x0000000085700000, 0x0000000085700000| Untracked 
|  88|0x0000000085800000, 0x0000000085800000, 0x0000000085900000|  0%| F|  |TAMS 0x0000000085800000, 0x0000000085800000| Untracked 
|  89|0x0000000085900000, 0x0000000085900000, 0x0000000085a00000|  0%| F|  |TAMS 0x0000000085900000, 0x0000000085900000| Untracked 
|  90|0x0000000085a00000, 0x0000000085a00000, 0x0000000085b00000|  0%| F|  |TAMS 0x0000000085a00000, 0x0000000085a00000| Untracked 
|  91|0x0000000085b00000, 0x0000000085b00000, 0x0000000085c00000|  0%| F|  |TAMS 0x0000000085b00000, 0x0000000085b00000| Untracked 
|  92|0x0000000085c00000, 0x0000000085c00000, 0x0000000085d00000|  0%| F|  |TAMS 0x0000000085c00000, 0x0000000085c00000| Untracked 
|  93|0x0000000085d00000, 0x0000000085dc0800, 0x0000000085e00000| 75%| S|CS|TAMS 0x0000000085d00000, 0x0000000085d00000| Complete 
|  94|0x0000000085e00000, 0x0000000085f00000, 0x0000000085f00000|100%| S|CS|TAMS 0x0000000085e00000, 0x0000000085e00000| Complete 
|  95|0x0000000085f00000, 0x0000000086000000, 0x0000000086000000|100%| S|CS|TAMS 0x0000000085f00000, 0x0000000085f00000| Complete 
|  96|0x0000000086000000, 0x0000000086000000, 0x0000000086100000|  0%| F|  |TAMS 0x0000000086000000, 0x0000000086000000| Untracked 
|  97|0x0000000086100000, 0x0000000086100000, 0x0000000086200000|  0%| F|  |TAMS 0x0000000086100000, 0x0000000086100000| Untracked 
|  98|0x0000000086200000, 0x0000000086200000, 0x0000000086300000|  0%| F|  |TAMS 0x0000000086200000, 0x0000000086200000| Untracked 
|  99|0x0000000086300000, 0x0000000086300000, 0x0000000086400000|  0%| F|  |TAMS 0x0000000086300000, 0x0000000086300000| Untracked 
| 100|0x0000000086400000, 0x0000000086400000, 0x0000000086500000|  0%| F|  |TAMS 0x0000000086400000, 0x0000000086400000| Untracked 
| 101|0x0000000086500000, 0x0000000086500000, 0x0000000086600000|  0%| F|  |TAMS 0x0000000086500000, 0x0000000086500000| Untracked 
| 102|0x0000000086600000, 0x0000000086600000, 0x0000000086700000|  0%| F|  |TAMS 0x0000000086600000, 0x0000000086600000| Untracked 
| 103|0x0000000086700000, 0x0000000086700000, 0x0000000086800000|  0%| F|  |TAMS 0x0000000086700000, 0x0000000086700000| Untracked 
| 104|0x0000000086800000, 0x0000000086800000, 0x0000000086900000|  0%| F|  |TAMS 0x0000000086800000, 0x0000000086800000| Untracked 
| 105|0x0000000086900000, 0x0000000086900000, 0x0000000086a00000|  0%| F|  |TAMS 0x0000000086900000, 0x0000000086900000| Untracked 
| 106|0x0000000086a00000, 0x0000000086a00000, 0x0000000086b00000|  0%| F|  |TAMS 0x0000000086a00000, 0x0000000086a00000| Untracked 
| 107|0x0000000086b00000, 0x0000000086b00000, 0x0000000086c00000|  0%| F|  |TAMS 0x0000000086b00000, 0x0000000086b00000| Untracked 
| 108|0x0000000086c00000, 0x0000000086c00000, 0x0000000086d00000|  0%| F|  |TAMS 0x0000000086c00000, 0x0000000086c00000| Untracked 
| 109|0x0000000086d00000, 0x0000000086d00000, 0x0000000086e00000|  0%| F|  |TAMS 0x0000000086d00000, 0x0000000086d00000| Untracked 
| 110|0x0000000086e00000, 0x0000000086e00000, 0x0000000086f00000|  0%| F|  |TAMS 0x0000000086e00000, 0x0000000086e00000| Untracked 
| 111|0x0000000086f00000, 0x0000000086f00000, 0x0000000087000000|  0%| F|  |TAMS 0x0000000086f00000, 0x0000000086f00000| Untracked 
| 112|0x0000000087000000, 0x0000000087000000, 0x0000000087100000|  0%| F|  |TAMS 0x0000000087000000, 0x0000000087000000| Untracked 
| 113|0x0000000087100000, 0x0000000087100000, 0x0000000087200000|  0%| F|  |TAMS 0x0000000087100000, 0x0000000087100000| Untracked 
| 114|0x0000000087200000, 0x0000000087200000, 0x0000000087300000|  0%| F|  |TAMS 0x0000000087200000, 0x0000000087200000| Untracked 
| 115|0x0000000087300000, 0x0000000087300000, 0x0000000087400000|  0%| F|  |TAMS 0x0000000087300000, 0x0000000087300000| Untracked 
| 116|0x0000000087400000, 0x0000000087400000, 0x0000000087500000|  0%| F|  |TAMS 0x0000000087400000, 0x0000000087400000| Untracked 
| 117|0x0000000087500000, 0x0000000087500000, 0x0000000087600000|  0%| F|  |TAMS 0x0000000087500000, 0x0000000087500000| Untracked 
| 118|0x0000000087600000, 0x0000000087600000, 0x0000000087700000|  0%| F|  |TAMS 0x0000000087600000, 0x0000000087600000| Untracked 
| 119|0x0000000087700000, 0x0000000087700000, 0x0000000087800000|  0%| F|  |TAMS 0x0000000087700000, 0x0000000087700000| Untracked 
| 120|0x0000000087800000, 0x0000000087800000, 0x0000000087900000|  0%| F|  |TAMS 0x0000000087800000, 0x0000000087800000| Untracked 
| 121|0x0000000087900000, 0x0000000087900000, 0x0000000087a00000|  0%| F|  |TAMS 0x0000000087900000, 0x0000000087900000| Untracked 
| 122|0x0000000087a00000, 0x0000000087a00000, 0x0000000087b00000|  0%| F|  |TAMS 0x0000000087a00000, 0x0000000087a00000| Untracked 
| 123|0x0000000087b00000, 0x0000000087b00000, 0x0000000087c00000|  0%| F|  |TAMS 0x0000000087b00000, 0x0000000087b00000| Untracked 
| 124|0x0000000087c00000, 0x0000000087c00000, 0x0000000087d00000|  0%| F|  |TAMS 0x0000000087c00000, 0x0000000087c00000| Untracked 
| 125|0x0000000087d00000, 0x0000000087d00000, 0x0000000087e00000|  0%| F|  |TAMS 0x0000000087d00000, 0x0000000087d00000| Untracked 
| 126|0x0000000087e00000, 0x0000000087e00000, 0x0000000087f00000|  0%| F|  |TAMS 0x0000000087e00000, 0x0000000087e00000| Untracked 
| 127|0x0000000087f00000, 0x0000000087f00000, 0x0000000088000000|  0%| F|  |TAMS 0x0000000087f00000, 0x0000000087f00000| Untracked 
| 128|0x0000000088000000, 0x0000000088000000, 0x0000000088100000|  0%| F|  |TAMS 0x0000000088000000, 0x0000000088000000| Untracked 
| 129|0x0000000088100000, 0x0000000088100000, 0x0000000088200000|  0%| F|  |TAMS 0x0000000088100000, 0x0000000088100000| Untracked 
| 130|0x0000000088200000, 0x0000000088200000, 0x0000000088300000|  0%| F|  |TAMS 0x0000000088200000, 0x0000000088200000| Untracked 
| 131|0x0000000088300000, 0x0000000088300000, 0x0000000088400000|  0%| F|  |TAMS 0x0000000088300000, 0x0000000088300000| Untracked 
| 132|0x0000000088400000, 0x0000000088400000, 0x0000000088500000|  0%| F|  |TAMS 0x0000000088400000, 0x0000000088400000| Untracked 
| 133|0x0000000088500000, 0x0000000088500000, 0x0000000088600000|  0%| F|  |TAMS 0x0000000088500000, 0x0000000088500000| Untracked 
| 134|0x0000000088600000, 0x0000000088600000, 0x0000000088700000|  0%| F|  |TAMS 0x0000000088600000, 0x0000000088600000| Untracked 
| 135|0x0000000088700000, 0x0000000088700000, 0x0000000088800000|  0%| F|  |TAMS 0x0000000088700000, 0x0000000088700000| Untracked 
| 136|0x0000000088800000, 0x0000000088800000, 0x0000000088900000|  0%| F|  |TAMS 0x0000000088800000, 0x0000000088800000| Untracked 
| 137|0x0000000088900000, 0x0000000088900000, 0x0000000088a00000|  0%| F|  |TAMS 0x0000000088900000, 0x0000000088900000| Untracked 
| 138|0x0000000088a00000, 0x0000000088a00000, 0x0000000088b00000|  0%| F|  |TAMS 0x0000000088a00000, 0x0000000088a00000| Untracked 
| 139|0x0000000088b00000, 0x0000000088b00000, 0x0000000088c00000|  0%| F|  |TAMS 0x0000000088b00000, 0x0000000088b00000| Untracked 
| 140|0x0000000088c00000, 0x0000000088c00000, 0x0000000088d00000|  0%| F|  |TAMS 0x0000000088c00000, 0x0000000088c00000| Untracked 
| 141|0x0000000088d00000, 0x0000000088d00000, 0x0000000088e00000|  0%| F|  |TAMS 0x0000000088d00000, 0x0000000088d00000| Untracked 
| 142|0x0000000088e00000, 0x0000000088e00000, 0x0000000088f00000|  0%| F|  |TAMS 0x0000000088e00000, 0x0000000088e00000| Untracked 
| 143|0x0000000088f00000, 0x0000000088f00000, 0x0000000089000000|  0%| F|  |TAMS 0x0000000088f00000, 0x0000000088f00000| Untracked 
| 144|0x0000000089000000, 0x0000000089000000, 0x0000000089100000|  0%| F|  |TAMS 0x0000000089000000, 0x0000000089000000| Untracked 
| 145|0x0000000089100000, 0x0000000089100000, 0x0000000089200000|  0%| F|  |TAMS 0x0000000089100000, 0x0000000089100000| Untracked 
| 146|0x0000000089200000, 0x0000000089200000, 0x0000000089300000|  0%| F|  |TAMS 0x0000000089200000, 0x0000000089200000| Untracked 
| 147|0x0000000089300000, 0x0000000089300000, 0x0000000089400000|  0%| F|  |TAMS 0x0000000089300000, 0x0000000089300000| Untracked 
| 148|0x0000000089400000, 0x0000000089400000, 0x0000000089500000|  0%| F|  |TAMS 0x0000000089400000, 0x0000000089400000| Untracked 
| 149|0x0000000089500000, 0x0000000089500000, 0x0000000089600000|  0%| F|  |TAMS 0x0000000089500000, 0x0000000089500000| Untracked 
| 150|0x0000000089600000, 0x0000000089600000, 0x0000000089700000|  0%| F|  |TAMS 0x0000000089600000, 0x0000000089600000| Untracked 
| 151|0x0000000089700000, 0x0000000089700000, 0x0000000089800000|  0%| F|  |TAMS 0x0000000089700000, 0x0000000089700000| Untracked 
| 152|0x0000000089800000, 0x0000000089800000, 0x0000000089900000|  0%| F|  |TAMS 0x0000000089800000, 0x0000000089800000| Untracked 
| 153|0x0000000089900000, 0x0000000089900000, 0x0000000089a00000|  0%| F|  |TAMS 0x0000000089900000, 0x0000000089900000| Untracked 
| 154|0x0000000089a00000, 0x0000000089a00000, 0x0000000089b00000|  0%| F|  |TAMS 0x0000000089a00000, 0x0000000089a00000| Untracked 
| 155|0x0000000089b00000, 0x0000000089b00000, 0x0000000089c00000|  0%| F|  |TAMS 0x0000000089b00000, 0x0000000089b00000| Untracked 
| 156|0x0000000089c00000, 0x0000000089c00000, 0x0000000089d00000|  0%| F|  |TAMS 0x0000000089c00000, 0x0000000089c00000| Untracked 
| 157|0x0000000089d00000, 0x0000000089d00000, 0x0000000089e00000|  0%| F|  |TAMS 0x0000000089d00000, 0x0000000089d00000| Untracked 
| 158|0x0000000089e00000, 0x0000000089e00000, 0x0000000089f00000|  0%| F|  |TAMS 0x0000000089e00000, 0x0000000089e00000| Untracked 
| 159|0x0000000089f00000, 0x0000000089f00000, 0x000000008a000000|  0%| F|  |TAMS 0x0000000089f00000, 0x0000000089f00000| Untracked 
| 160|0x000000008a000000, 0x000000008a000000, 0x000000008a100000|  0%| F|  |TAMS 0x000000008a000000, 0x000000008a000000| Untracked 
| 161|0x000000008a100000, 0x000000008a100000, 0x000000008a200000|  0%| F|  |TAMS 0x000000008a100000, 0x000000008a100000| Untracked 
| 162|0x000000008a200000, 0x000000008a200000, 0x000000008a300000|  0%| F|  |TAMS 0x000000008a200000, 0x000000008a200000| Untracked 
| 163|0x000000008a300000, 0x000000008a300000, 0x000000008a400000|  0%| F|  |TAMS 0x000000008a300000, 0x000000008a300000| Untracked 
| 164|0x000000008a400000, 0x000000008a400000, 0x000000008a500000|  0%| F|  |TAMS 0x000000008a400000, 0x000000008a400000| Untracked 
| 165|0x000000008a500000, 0x000000008a500000, 0x000000008a600000|  0%| F|  |TAMS 0x000000008a500000, 0x000000008a500000| Untracked 
| 166|0x000000008a600000, 0x000000008a600000, 0x000000008a700000|  0%| F|  |TAMS 0x000000008a600000, 0x000000008a600000| Untracked 
| 167|0x000000008a700000, 0x000000008a700000, 0x000000008a800000|  0%| F|  |TAMS 0x000000008a700000, 0x000000008a700000| Untracked 
| 168|0x000000008a800000, 0x000000008a800000, 0x000000008a900000|  0%| F|  |TAMS 0x000000008a800000, 0x000000008a800000| Untracked 
| 169|0x000000008a900000, 0x000000008a900000, 0x000000008aa00000|  0%| F|  |TAMS 0x000000008a900000, 0x000000008a900000| Untracked 
| 170|0x000000008aa00000, 0x000000008aa00000, 0x000000008ab00000|  0%| F|  |TAMS 0x000000008aa00000, 0x000000008aa00000| Untracked 
| 171|0x000000008ab00000, 0x000000008ab00000, 0x000000008ac00000|  0%| F|  |TAMS 0x000000008ab00000, 0x000000008ab00000| Untracked 
| 172|0x000000008ac00000, 0x000000008ac00000, 0x000000008ad00000|  0%| F|  |TAMS 0x000000008ac00000, 0x000000008ac00000| Untracked 
| 173|0x000000008ad00000, 0x000000008ad00000, 0x000000008ae00000|  0%| F|  |TAMS 0x000000008ad00000, 0x000000008ad00000| Untracked 
| 174|0x000000008ae00000, 0x000000008ae00000, 0x000000008af00000|  0%| F|  |TAMS 0x000000008ae00000, 0x000000008ae00000| Untracked 
| 175|0x000000008af00000, 0x000000008af00000, 0x000000008b000000|  0%| F|  |TAMS 0x000000008af00000, 0x000000008af00000| Untracked 
| 176|0x000000008b000000, 0x000000008b000000, 0x000000008b100000|  0%| F|  |TAMS 0x000000008b000000, 0x000000008b000000| Untracked 
| 177|0x000000008b100000, 0x000000008b100000, 0x000000008b200000|  0%| F|  |TAMS 0x000000008b100000, 0x000000008b100000| Untracked 
| 178|0x000000008b200000, 0x000000008b200000, 0x000000008b300000|  0%| F|  |TAMS 0x000000008b200000, 0x000000008b200000| Untracked 
| 179|0x000000008b300000, 0x000000008b300000, 0x000000008b400000|  0%| F|  |TAMS 0x000000008b300000, 0x000000008b300000| Untracked 
| 180|0x000000008b400000, 0x000000008b400000, 0x000000008b500000|  0%| F|  |TAMS 0x000000008b400000, 0x000000008b400000| Untracked 
| 181|0x000000008b500000, 0x000000008b500000, 0x000000008b600000|  0%| F|  |TAMS 0x000000008b500000, 0x000000008b500000| Untracked 
| 182|0x000000008b600000, 0x000000008b600000, 0x000000008b700000|  0%| F|  |TAMS 0x000000008b600000, 0x000000008b600000| Untracked 
| 183|0x000000008b700000, 0x000000008b700000, 0x000000008b800000|  0%| F|  |TAMS 0x000000008b700000, 0x000000008b700000| Untracked 
| 184|0x000000008b800000, 0x000000008b800000, 0x000000008b900000|  0%| F|  |TAMS 0x000000008b800000, 0x000000008b800000| Untracked 
| 185|0x000000008b900000, 0x000000008b900000, 0x000000008ba00000|  0%| F|  |TAMS 0x000000008b900000, 0x000000008b900000| Untracked 
| 186|0x000000008ba00000, 0x000000008ba00000, 0x000000008bb00000|  0%| F|  |TAMS 0x000000008ba00000, 0x000000008ba00000| Untracked 
| 187|0x000000008bb00000, 0x000000008bb00000, 0x000000008bc00000|  0%| F|  |TAMS 0x000000008bb00000, 0x000000008bb00000| Untracked 
| 188|0x000000008bc00000, 0x000000008bc00000, 0x000000008bd00000|  0%| F|  |TAMS 0x000000008bc00000, 0x000000008bc00000| Untracked 
| 189|0x000000008bd00000, 0x000000008bd00000, 0x000000008be00000|  0%| F|  |TAMS 0x000000008bd00000, 0x000000008bd00000| Untracked 
| 190|0x000000008be00000, 0x000000008be00000, 0x000000008bf00000|  0%| F|  |TAMS 0x000000008be00000, 0x000000008be00000| Untracked 
| 191|0x000000008bf00000, 0x000000008bf00000, 0x000000008c000000|  0%| F|  |TAMS 0x000000008bf00000, 0x000000008bf00000| Untracked 
| 192|0x000000008c000000, 0x000000008c000000, 0x000000008c100000|  0%| F|  |TAMS 0x000000008c000000, 0x000000008c000000| Untracked 
| 193|0x000000008c100000, 0x000000008c100000, 0x000000008c200000|  0%| F|  |TAMS 0x000000008c100000, 0x000000008c100000| Untracked 
| 194|0x000000008c200000, 0x000000008c200000, 0x000000008c300000|  0%| F|  |TAMS 0x000000008c200000, 0x000000008c200000| Untracked 
| 195|0x000000008c300000, 0x000000008c300000, 0x000000008c400000|  0%| F|  |TAMS 0x000000008c300000, 0x000000008c300000| Untracked 
| 196|0x000000008c400000, 0x000000008c400000, 0x000000008c500000|  0%| F|  |TAMS 0x000000008c400000, 0x000000008c400000| Untracked 
| 197|0x000000008c500000, 0x000000008c500000, 0x000000008c600000|  0%| F|  |TAMS 0x000000008c500000, 0x000000008c500000| Untracked 
| 198|0x000000008c600000, 0x000000008c600000, 0x000000008c700000|  0%| F|  |TAMS 0x000000008c600000, 0x000000008c600000| Untracked 
| 199|0x000000008c700000, 0x000000008c700000, 0x000000008c800000|  0%| F|  |TAMS 0x000000008c700000, 0x000000008c700000| Untracked 
| 200|0x000000008c800000, 0x000000008c800000, 0x000000008c900000|  0%| F|  |TAMS 0x000000008c800000, 0x000000008c800000| Untracked 
| 201|0x000000008c900000, 0x000000008c900000, 0x000000008ca00000|  0%| F|  |TAMS 0x000000008c900000, 0x000000008c900000| Untracked 
| 202|0x000000008ca00000, 0x000000008ca00000, 0x000000008cb00000|  0%| F|  |TAMS 0x000000008ca00000, 0x000000008ca00000| Untracked 
| 203|0x000000008cb00000, 0x000000008cb00000, 0x000000008cc00000|  0%| F|  |TAMS 0x000000008cb00000, 0x000000008cb00000| Untracked 
| 204|0x000000008cc00000, 0x000000008cc00000, 0x000000008cd00000|  0%| F|  |TAMS 0x000000008cc00000, 0x000000008cc00000| Untracked 
| 205|0x000000008cd00000, 0x000000008cd00000, 0x000000008ce00000|  0%| F|  |TAMS 0x000000008cd00000, 0x000000008cd00000| Untracked 
| 206|0x000000008ce00000, 0x000000008ce00000, 0x000000008cf00000|  0%| F|  |TAMS 0x000000008ce00000, 0x000000008ce00000| Untracked 
| 207|0x000000008cf00000, 0x000000008cf00000, 0x000000008d000000|  0%| F|  |TAMS 0x000000008cf00000, 0x000000008cf00000| Untracked 
| 208|0x000000008d000000, 0x000000008d000000, 0x000000008d100000|  0%| F|  |TAMS 0x000000008d000000, 0x000000008d000000| Untracked 
| 209|0x000000008d100000, 0x000000008d100000, 0x000000008d200000|  0%| F|  |TAMS 0x000000008d100000, 0x000000008d100000| Untracked 
| 210|0x000000008d200000, 0x000000008d200000, 0x000000008d300000|  0%| F|  |TAMS 0x000000008d200000, 0x000000008d200000| Untracked 
| 211|0x000000008d300000, 0x000000008d300000, 0x000000008d400000|  0%| F|  |TAMS 0x000000008d300000, 0x000000008d300000| Untracked 
| 212|0x000000008d400000, 0x000000008d400000, 0x000000008d500000|  0%| F|  |TAMS 0x000000008d400000, 0x000000008d400000| Untracked 
| 213|0x000000008d500000, 0x000000008d500000, 0x000000008d600000|  0%| F|  |TAMS 0x000000008d500000, 0x000000008d500000| Untracked 
| 214|0x000000008d600000, 0x000000008d600000, 0x000000008d700000|  0%| F|  |TAMS 0x000000008d600000, 0x000000008d600000| Untracked 
| 215|0x000000008d700000, 0x000000008d700000, 0x000000008d800000|  0%| F|  |TAMS 0x000000008d700000, 0x000000008d700000| Untracked 
| 216|0x000000008d800000, 0x000000008d800000, 0x000000008d900000|  0%| F|  |TAMS 0x000000008d800000, 0x000000008d800000| Untracked 
| 217|0x000000008d900000, 0x000000008d900000, 0x000000008da00000|  0%| F|  |TAMS 0x000000008d900000, 0x000000008d900000| Untracked 
| 218|0x000000008da00000, 0x000000008da00000, 0x000000008db00000|  0%| F|  |TAMS 0x000000008da00000, 0x000000008da00000| Untracked 
| 219|0x000000008db00000, 0x000000008db00000, 0x000000008dc00000|  0%| F|  |TAMS 0x000000008db00000, 0x000000008db00000| Untracked 
| 220|0x000000008dc00000, 0x000000008dc00000, 0x000000008dd00000|  0%| F|  |TAMS 0x000000008dc00000, 0x000000008dc00000| Untracked 
| 221|0x000000008dd00000, 0x000000008dd00000, 0x000000008de00000|  0%| F|  |TAMS 0x000000008dd00000, 0x000000008dd00000| Untracked 
| 222|0x000000008de00000, 0x000000008de00000, 0x000000008df00000|  0%| F|  |TAMS 0x000000008de00000, 0x000000008de00000| Untracked 
| 223|0x000000008df00000, 0x000000008df00000, 0x000000008e000000|  0%| F|  |TAMS 0x000000008df00000, 0x000000008df00000| Untracked 
| 224|0x000000008e000000, 0x000000008e000000, 0x000000008e100000|  0%| F|  |TAMS 0x000000008e000000, 0x000000008e000000| Untracked 
| 225|0x000000008e100000, 0x000000008e100000, 0x000000008e200000|  0%| F|  |TAMS 0x000000008e100000, 0x000000008e100000| Untracked 
| 226|0x000000008e200000, 0x000000008e220010, 0x000000008e300000| 12%| E|  |TAMS 0x000000008e200000, 0x000000008e200000| Complete 
| 227|0x000000008e300000, 0x000000008e3fc930, 0x000000008e400000| 98%| E|  |TAMS 0x000000008e300000, 0x000000008e300000| Complete 
| 228|0x000000008e400000, 0x000000008e500000, 0x000000008e500000|100%| E|CS|TAMS 0x000000008e400000, 0x000000008e400000| Complete 
| 229|0x000000008e500000, 0x000000008e600000, 0x000000008e600000|100%| E|CS|TAMS 0x000000008e500000, 0x000000008e500000| Complete 
| 230|0x000000008e600000, 0x000000008e700000, 0x000000008e700000|100%| E|CS|TAMS 0x000000008e600000, 0x000000008e600000| Complete 
| 231|0x000000008e700000, 0x000000008e800000, 0x000000008e800000|100%| E|CS|TAMS 0x000000008e700000, 0x000000008e700000| Complete 
| 232|0x000000008e800000, 0x000000008e900000, 0x000000008e900000|100%| E|CS|TAMS 0x000000008e800000, 0x000000008e800000| Complete 
| 233|0x000000008e900000, 0x000000008ea00000, 0x000000008ea00000|100%| E|CS|TAMS 0x000000008e900000, 0x000000008e900000| Complete 
| 234|0x000000008ea00000, 0x000000008eb00000, 0x000000008eb00000|100%| E|CS|TAMS 0x000000008ea00000, 0x000000008ea00000| Complete 
| 235|0x000000008eb00000, 0x000000008ec00000, 0x000000008ec00000|100%| E|CS|TAMS 0x000000008eb00000, 0x000000008eb00000| Complete 
| 236|0x000000008ec00000, 0x000000008ed00000, 0x000000008ed00000|100%| E|CS|TAMS 0x000000008ec00000, 0x000000008ec00000| Complete 
| 237|0x000000008ed00000, 0x000000008ee00000, 0x000000008ee00000|100%| E|CS|TAMS 0x000000008ed00000, 0x000000008ed00000| Complete 
| 238|0x000000008ee00000, 0x000000008ef00000, 0x000000008ef00000|100%| E|CS|TAMS 0x000000008ee00000, 0x000000008ee00000| Complete 
| 239|0x000000008ef00000, 0x000000008f000000, 0x000000008f000000|100%| E|CS|TAMS 0x000000008ef00000, 0x000000008ef00000| Complete 
| 240|0x000000008f000000, 0x000000008f100000, 0x000000008f100000|100%| E|CS|TAMS 0x000000008f000000, 0x000000008f000000| Complete 
| 241|0x000000008f100000, 0x000000008f200000, 0x000000008f200000|100%| E|CS|TAMS 0x000000008f100000, 0x000000008f100000| Complete 
| 242|0x000000008f200000, 0x000000008f300000, 0x000000008f300000|100%| E|CS|TAMS 0x000000008f200000, 0x000000008f200000| Complete 
| 243|0x000000008f300000, 0x000000008f400000, 0x000000008f400000|100%| E|CS|TAMS 0x000000008f300000, 0x000000008f300000| Complete 
| 244|0x000000008f400000, 0x000000008f500000, 0x000000008f500000|100%| E|CS|TAMS 0x000000008f400000, 0x000000008f400000| Complete 
| 245|0x000000008f500000, 0x000000008f600000, 0x000000008f600000|100%| E|CS|TAMS 0x000000008f500000, 0x000000008f500000| Complete 
| 246|0x000000008f600000, 0x000000008f700000, 0x000000008f700000|100%| E|CS|TAMS 0x000000008f600000, 0x000000008f600000| Complete 
| 247|0x000000008f700000, 0x000000008f800000, 0x000000008f800000|100%| E|CS|TAMS 0x000000008f700000, 0x000000008f700000| Complete 
| 248|0x000000008f800000, 0x000000008f900000, 0x000000008f900000|100%| E|CS|TAMS 0x000000008f800000, 0x000000008f800000| Complete 
| 249|0x000000008f900000, 0x000000008fa00000, 0x000000008fa00000|100%| E|CS|TAMS 0x000000008f900000, 0x000000008f900000| Complete 
| 250|0x000000008fa00000, 0x000000008fb00000, 0x000000008fb00000|100%| E|CS|TAMS 0x000000008fa00000, 0x000000008fa00000| Complete 
| 251|0x000000008fb00000, 0x000000008fc00000, 0x000000008fc00000|100%| E|CS|TAMS 0x000000008fb00000, 0x000000008fb00000| Complete 
| 252|0x000000008fc00000, 0x000000008fd00000, 0x000000008fd00000|100%| E|CS|TAMS 0x000000008fc00000, 0x000000008fc00000| Complete 
| 253|0x000000008fd00000, 0x000000008fe00000, 0x000000008fe00000|100%| E|CS|TAMS 0x000000008fd00000, 0x000000008fd00000| Complete 
| 254|0x000000008fe00000, 0x000000008ff00000, 0x000000008ff00000|100%| E|CS|TAMS 0x000000008fe00000, 0x000000008fe00000| Complete 
| 255|0x000000008ff00000, 0x0000000090000000, 0x0000000090000000|100%| E|CS|TAMS 0x000000008ff00000, 0x000000008ff00000| Complete 
| 256|0x0000000090000000, 0x0000000090100000, 0x0000000090100000|100%| E|CS|TAMS 0x0000000090000000, 0x0000000090000000| Complete 
| 257|0x0000000090100000, 0x0000000090200000, 0x0000000090200000|100%| E|CS|TAMS 0x0000000090100000, 0x0000000090100000| Complete 
| 258|0x0000000090200000, 0x0000000090300000, 0x0000000090300000|100%| E|CS|TAMS 0x0000000090200000, 0x0000000090200000| Complete 
| 259|0x0000000090300000, 0x0000000090400000, 0x0000000090400000|100%| E|CS|TAMS 0x0000000090300000, 0x0000000090300000| Complete 
| 260|0x0000000090400000, 0x0000000090500000, 0x0000000090500000|100%| E|CS|TAMS 0x0000000090400000, 0x0000000090400000| Complete 
| 261|0x0000000090500000, 0x0000000090600000, 0x0000000090600000|100%| E|CS|TAMS 0x0000000090500000, 0x0000000090500000| Complete 
| 262|0x0000000090600000, 0x0000000090700000, 0x0000000090700000|100%| E|CS|TAMS 0x0000000090600000, 0x0000000090600000| Complete 
| 263|0x0000000090700000, 0x0000000090800000, 0x0000000090800000|100%| E|CS|TAMS 0x0000000090700000, 0x0000000090700000| Complete 
| 264|0x0000000090800000, 0x0000000090900000, 0x0000000090900000|100%| E|CS|TAMS 0x0000000090800000, 0x0000000090800000| Complete 
| 265|0x0000000090900000, 0x0000000090a00000, 0x0000000090a00000|100%| E|CS|TAMS 0x0000000090900000, 0x0000000090900000| Complete 
| 266|0x0000000090a00000, 0x0000000090b00000, 0x0000000090b00000|100%| E|CS|TAMS 0x0000000090a00000, 0x0000000090a00000| Complete 
| 267|0x0000000090b00000, 0x0000000090c00000, 0x0000000090c00000|100%| E|CS|TAMS 0x0000000090b00000, 0x0000000090b00000| Complete 

Card table byte_map: [0x000001c6194a0000,0x000001c6198a0000] _byte_map_base: 0x000001c6190a0000

Marking Bits (Prev, Next): (CMBitMap*) 0x000001c606c33740, (CMBitMap*) 0x000001c606c33700
 Prev Bits: [0x000001c61bca0000, 0x000001c61dca0000)
 Next Bits: [0x000001c619ca0000, 0x000001c61bca0000)

Polling page: 0x000001c604bb0000

Metaspace:

Usage:
  Non-class:     74.49 MB used.
      Class:     11.59 MB used.
       Both:     86.08 MB used.

Virtual space:
  Non-class space:       80.00 MB reserved,      74.81 MB ( 94%) committed,  10 nodes.
      Class space:        1.00 GB reserved,      11.81 MB (  1%) committed,  1 nodes.
             Both:        1.08 GB reserved,      86.62 MB (  8%) committed. 

Chunk freelists:
   Non-Class:  1.09 MB
       Class:  129.00 KB
        Both:  1.22 MB

MaxMetaspaceSize: unlimited
CompressedClassSpaceSize: 1.00 GB
Initial GC threshold: 21.00 MB
Current GC threshold: 141.69 MB
CDS: off
MetaspaceReclaimPolicy: balanced
 - commit_granule_bytes: 65536.
 - commit_granule_words: 8192.
 - virtual_space_node_default_size: 1048576.
 - enlarge_chunks_in_place: 1.
 - new_chunks_are_fully_committed: 0.
 - uncommit_free_chunks: 1.
 - use_allocation_guard: 0.
 - handle_deallocations: 1.


Internal statistics:

num_allocs_failed_limit: 9.
num_arena_births: 782.
num_arena_deaths: 6.
num_vsnodes_births: 11.
num_vsnodes_deaths: 0.
num_space_committed: 1386.
num_space_uncommitted: 0.
num_chunks_returned_to_freelist: 15.
num_chunks_taken_from_freelist: 3908.
num_chunk_merges: 5.
num_chunk_splits: 2594.
num_chunks_enlarged: 1763.
num_purges: 2.
num_inconsistent_stats: 0.

CodeHeap 'non-profiled nmethods': size=120000Kb used=4500Kb max_used=4500Kb free=115500Kb
 bounds [0x000001c611b70000, 0x000001c611fe0000, 0x000001c6190a0000]
CodeHeap 'profiled nmethods': size=120000Kb used=18436Kb max_used=18436Kb free=101563Kb
 bounds [0x000001c60a0a0000, 0x000001c60b2b0000, 0x000001c6115d0000]
CodeHeap 'non-nmethods': size=5760Kb used=2373Kb max_used=2444Kb free=3386Kb
 bounds [0x000001c6115d0000, 0x000001c611860000, 0x000001c611b70000]
 total_blobs=10577 nmethods=9669 adapters=821
 compilation: enabled
              stopped_count=0, restarted_count=0
 full_count=0

Compilation events (20 events):
Event: 36.830 Thread 0x000001c62342b520 nmethod 10644 0x000001c611fcfe10 code [0x000001c611fcffa0, 0x000001c611fd0298]
Event: 36.830 Thread 0x000001c620c12200 10646       3       com.android.tools.r8.graph.c0::g (45 bytes)
Event: 36.830 Thread 0x000001c620c12200 nmethod 10646 0x000001c60b291910 code [0x000001c60b291ae0, 0x000001c60b291f08]
Event: 36.832 Thread 0x000001c620c078c0 10648       4       jdk.internal.org.objectweb.asm.ByteVector::putByteArray (49 bytes)
Event: 36.833 Thread 0x000001c620c12200 10650  s    3       com.android.tools.r8.graph.T::c (6 bytes)
Event: 36.834 Thread 0x000001c620c12200 nmethod 10650 0x000001c60b292010 code [0x000001c60b2921c0, 0x000001c60b2923a8]
Event: 36.834 Thread 0x000001c620c12200 10651   !   3       com.android.tools.r8.graph.c0::L (91 bytes)
Event: 36.834 Thread 0x000001c620c078c0 nmethod 10648 0x000001c611fd0c10 code [0x000001c611fd0d80, 0x000001c611fd0ed8]
Event: 36.836 Thread 0x000001c620c12200 nmethod 10651 0x000001c60b292490 code [0x000001c60b292760, 0x000001c60b2934f8]
Event: 36.836 Thread 0x000001c620c12200 10652       3       com.android.tools.r8.graph.c0::a (258 bytes)
Event: 36.836 Thread 0x000001c620c12200 nmethod 10652 0x000001c60b293b10 code [0x000001c60b293d40, 0x000001c60b294668]
Event: 36.837 Thread 0x000001c620c12200 10653       3       com.android.tools.r8.graph.V::<init> (57 bytes)
Event: 36.839 Thread 0x000001c620c12200 nmethod 10653 0x000001c60b294990 code [0x000001c60b294b60, 0x000001c60b294f38]
Event: 36.839 Thread 0x000001c620c12200 10654       3       com.android.tools.r8.graph.a0::F (30 bytes)
Event: 36.840 Thread 0x000001c620c12200 nmethod 10654 0x000001c60b295090 code [0x000001c60b295260, 0x000001c60b2954c8]
Event: 36.840 Thread 0x000001c620c12200 10655       3       com.android.tools.r8.graph.X::F (30 bytes)
Event: 36.840 Thread 0x000001c620c12200 nmethod 10655 0x000001c60b295690 code [0x000001c60b295860, 0x000001c60b295a48]
Event: 36.845 Thread 0x000001c620c078c0 10656       4       com.android.tools.r8.graph.c0::a (89 bytes)
Event: 36.854 Thread 0x000001c620c12200 10657       3       com.android.tools.r8.graph.c0::G (24 bytes)
Event: 36.854 Thread 0x000001c620c12200 nmethod 10657 0x000001c60b295b90 code [0x000001c60b295d40, 0x000001c60b295fb8]

GC Heap History (20 events):
Event: 22.187 GC heap before
{Heap before GC invocations=40 (full 0):
 garbage-first heap   total 102400K, used 81734K [0x0000000080000000, 0x0000000100000000)
  region size 1024K, 27 young (27648K), 4 survivors (4096K)
 Metaspace       used 75009K, committed 75520K, reserved 1122304K
  class space    used 10084K, committed 10304K, reserved 1048576K
}
Event: 22.203 GC heap after
{Heap after GC invocations=41 (full 0):
 garbage-first heap   total 102400K, used 59685K [0x0000000080000000, 0x0000000100000000)
  region size 1024K, 4 young (4096K), 4 survivors (4096K)
 Metaspace       used 75009K, committed 75520K, reserved 1122304K
  class space    used 10084K, committed 10304K, reserved 1048576K
}
Event: 23.151 GC heap before
{Heap before GC invocations=41 (full 0):
 garbage-first heap   total 102400K, used 84261K [0x0000000080000000, 0x0000000100000000)
  region size 1024K, 28 young (28672K), 4 survivors (4096K)
 Metaspace       used 77761K, committed 78336K, reserved 1122304K
  class space    used 10425K, committed 10688K, reserved 1048576K
}
Event: 23.171 GC heap after
{Heap after GC invocations=42 (full 0):
 garbage-first heap   total 122880K, used 62095K [0x0000000080000000, 0x0000000100000000)
  region size 1024K, 4 young (4096K), 4 survivors (4096K)
 Metaspace       used 77761K, committed 78336K, reserved 1122304K
  class space    used 10425K, committed 10688K, reserved 1048576K
}
Event: 24.801 GC heap before
{Heap before GC invocations=43 (full 0):
 garbage-first heap   total 122880K, used 99983K [0x0000000080000000, 0x0000000100000000)
  region size 1024K, 41 young (41984K), 4 survivors (4096K)
 Metaspace       used 79211K, committed 79680K, reserved 1122304K
  class space    used 10716K, committed 10944K, reserved 1048576K
}
Event: 24.825 GC heap after
{Heap after GC invocations=44 (full 0):
 garbage-first heap   total 122880K, used 67990K [0x0000000080000000, 0x0000000100000000)
  region size 1024K, 6 young (6144K), 6 survivors (6144K)
 Metaspace       used 79211K, committed 79680K, reserved 1122304K
  class space    used 10716K, committed 10944K, reserved 1048576K
}
Event: 25.777 GC heap before
{Heap before GC invocations=44 (full 0):
 garbage-first heap   total 122880K, used 97686K [0x0000000080000000, 0x0000000100000000)
  region size 1024K, 36 young (36864K), 6 survivors (6144K)
 Metaspace       used 80264K, committed 80832K, reserved 1122304K
  class space    used 10881K, committed 11136K, reserved 1048576K
}
Event: 25.805 GC heap after
{Heap after GC invocations=45 (full 0):
 garbage-first heap   total 122880K, used 71256K [0x0000000080000000, 0x0000000100000000)
  region size 1024K, 3 young (3072K), 3 survivors (3072K)
 Metaspace       used 80264K, committed 80832K, reserved 1122304K
  class space    used 10881K, committed 11136K, reserved 1048576K
}
Event: 26.885 GC heap before
{Heap before GC invocations=46 (full 0):
 garbage-first heap   total 128000K, used 99928K [0x0000000080000000, 0x0000000100000000)
  region size 1024K, 32 young (32768K), 3 survivors (3072K)
 Metaspace       used 80689K, committed 81280K, reserved 1122304K
  class space    used 10914K, committed 11200K, reserved 1048576K
}
Event: 26.897 GC heap after
{Heap after GC invocations=47 (full 0):
 garbage-first heap   total 128000K, used 73295K [0x0000000080000000, 0x0000000100000000)
  region size 1024K, 3 young (3072K), 3 survivors (3072K)
 Metaspace       used 80689K, committed 81280K, reserved 1122304K
  class space    used 10914K, committed 11200K, reserved 1048576K
}
Event: 26.955 GC heap before
{Heap before GC invocations=47 (full 0):
 garbage-first heap   total 128000K, used 75343K [0x0000000080000000, 0x0000000100000000)
  region size 1024K, 6 young (6144K), 3 survivors (3072K)
 Metaspace       used 80731K, committed 81280K, reserved 1122304K
  class space    used 10914K, committed 11200K, reserved 1048576K
}
Event: 26.964 GC heap after
{Heap after GC invocations=48 (full 0):
 garbage-first heap   total 128000K, used 73274K [0x0000000080000000, 0x0000000100000000)
  region size 1024K, 1 young (1024K), 1 survivors (1024K)
 Metaspace       used 80731K, committed 81280K, reserved 1122304K
  class space    used 10914K, committed 11200K, reserved 1048576K
}
Event: 29.915 GC heap before
{Heap before GC invocations=48 (full 0):
 garbage-first heap   total 128000K, used 103994K [0x0000000080000000, 0x0000000100000000)
  region size 1024K, 32 young (32768K), 1 survivors (1024K)
 Metaspace       used 81935K, committed 82496K, reserved 1122304K
  class space    used 10996K, committed 11264K, reserved 1048576K
}
Event: 29.932 GC heap after
{Heap after GC invocations=49 (full 0):
 garbage-first heap   total 128000K, used 75428K [0x0000000080000000, 0x0000000100000000)
  region size 1024K, 3 young (3072K), 3 survivors (3072K)
 Metaspace       used 81935K, committed 82496K, reserved 1122304K
  class space    used 10996K, committed 11264K, reserved 1048576K
}
Event: 34.210 GC heap before
{Heap before GC invocations=50 (full 0):
 garbage-first heap   total 130048K, used 105124K [0x0000000080000000, 0x0000000100000000)
  region size 1024K, 33 young (33792K), 3 survivors (3072K)
 Metaspace       used 83651K, committed 84224K, reserved 1122304K
  class space    used 11236K, committed 11520K, reserved 1048576K
}
Event: 34.231 GC heap after
{Heap after GC invocations=51 (full 0):
 garbage-first heap   total 130048K, used 77339K [0x0000000080000000, 0x0000000100000000)
  region size 1024K, 5 young (5120K), 5 survivors (5120K)
 Metaspace       used 83651K, committed 84224K, reserved 1122304K
  class space    used 11236K, committed 11520K, reserved 1048576K
}
Event: 34.267 GC heap before
{Heap before GC invocations=51 (full 0):
 garbage-first heap   total 130048K, used 78363K [0x0000000080000000, 0x0000000100000000)
  region size 1024K, 6 young (6144K), 5 survivors (5120K)
 Metaspace       used 83705K, committed 84288K, reserved 1122304K
  class space    used 11241K, committed 11520K, reserved 1048576K
}
Event: 34.291 GC heap after
{Heap after GC invocations=52 (full 0):
 garbage-first heap   total 130048K, used 77538K [0x0000000080000000, 0x0000000100000000)
  region size 1024K, 1 young (1024K), 1 survivors (1024K)
 Metaspace       used 83705K, committed 84288K, reserved 1122304K
  class space    used 11241K, committed 11520K, reserved 1048576K
}
Event: 36.194 GC heap before
{Heap before GC invocations=52 (full 0):
 garbage-first heap   total 130048K, used 107234K [0x0000000080000000, 0x0000000100000000)
  region size 1024K, 31 young (31744K), 1 survivors (1024K)
 Metaspace       used 86208K, committed 86784K, reserved 1130496K
  class space    used 11587K, committed 11840K, reserved 1048576K
}
Event: 36.207 GC heap after
{Heap after GC invocations=53 (full 0):
 garbage-first heap   total 274432K, used 79618K [0x0000000080000000, 0x0000000100000000)
  region size 1024K, 3 young (3072K), 3 survivors (3072K)
 Metaspace       used 86208K, committed 86784K, reserved 1130496K
  class space    used 11587K, committed 11840K, reserved 1048576K
}

Dll operation events (2 events):
Event: 0.033 Loaded shared library C:\Program Files\Android\Android Studio\jbr\bin\java.dll
Event: 1.048 Loaded shared library C:\Program Files\Android\Android Studio\jbr\bin\verify.dll

Deoptimization events (20 events):
Event: 36.094 Thread 0x000001c6234170f0 DEOPT PACKING pc=0x000001c611bafd5c sp=0x000000b5ca6f4dc0
Event: 36.094 Thread 0x000001c6234170f0 DEOPT UNPACKING pc=0x000001c61162699d sp=0x000000b5ca6f4d58 mode 2
Event: 36.146 Thread 0x000001c6234170f0 DEOPT PACKING pc=0x000001c60b064112 sp=0x000000b5ca6f6e80
Event: 36.146 Thread 0x000001c6234170f0 DEOPT UNPACKING pc=0x000001c611627124 sp=0x000000b5ca6f6390 mode 0
Event: 36.697 Thread 0x000001c625989240 Uncommon trap: trap_request=0xffffff45 fr.pc=0x000001c611ec8338 relative=0x00000000000013f8
Event: 36.697 Thread 0x000001c625989240 Uncommon trap: reason=unstable_if action=reinterpret pc=0x000001c611ec8338 method=java.util.concurrent.ConcurrentHashMap.putVal(Ljava/lang/Object;Ljava/lang/Object;Z)Ljava/lang/Object; @ 162 c2
Event: 36.697 Thread 0x000001c625989240 DEOPT PACKING pc=0x000001c611ec8338 sp=0x000000b5cc9f59a0
Event: 36.697 Thread 0x000001c625989240 DEOPT UNPACKING pc=0x000001c61162699d sp=0x000000b5cc9f5938 mode 2
Event: 36.697 Thread 0x000001c625989240 Uncommon trap: trap_request=0xffffff45 fr.pc=0x000001c611d0ef90 relative=0x0000000000000430
Event: 36.697 Thread 0x000001c625989240 Uncommon trap: reason=unstable_if action=reinterpret pc=0x000001c611d0ef90 method=com.google.common.collect.MapMakerInternalMap$Segment.getEntry(Ljava/lang/Object;I)Lcom/google/common/collect/MapMakerInternalMap$InternalEntry; @ 63 c2
Event: 36.698 Thread 0x000001c625989240 DEOPT PACKING pc=0x000001c611d0ef90 sp=0x000000b5cc9f5880
Event: 36.698 Thread 0x000001c625989240 DEOPT UNPACKING pc=0x000001c61162699d sp=0x000000b5cc9f5838 mode 2
Event: 36.702 Thread 0x000001c627f25540 DEOPT PACKING pc=0x000001c60a265a10 sp=0x000000b5cd2fca80
Event: 36.702 Thread 0x000001c627f25540 DEOPT UNPACKING pc=0x000001c611627124 sp=0x000000b5cd2fbf98 mode 0
Event: 36.739 Thread 0x000001c625989240 Uncommon trap: trap_request=0xffffff45 fr.pc=0x000001c611f3b32c relative=0x0000000000002a8c
Event: 36.739 Thread 0x000001c625989240 Uncommon trap: reason=unstable_if action=reinterpret pc=0x000001c611f3b32c method=java.util.zip.ZipFile$Source.getEntryPos(Ljava/lang/String;Z)I @ 113 c2
Event: 36.739 Thread 0x000001c625989240 DEOPT PACKING pc=0x000001c611f3b32c sp=0x000000b5cc9f5c50
Event: 36.739 Thread 0x000001c625989240 DEOPT UNPACKING pc=0x000001c61162699d sp=0x000000b5cc9f5b60 mode 2
Event: 36.785 Thread 0x000001c6234170f0 DEOPT PACKING pc=0x000001c60b0640f1 sp=0x000000b5ca6f9e60
Event: 36.785 Thread 0x000001c6234170f0 DEOPT UNPACKING pc=0x000001c611627124 sp=0x000000b5ca6f9370 mode 0

Classes unloaded (3 events):
Event: 30.506 Thread 0x000001c62011a900 Unloading class 0x0000000100ae4c00 'java/lang/invoke/LambdaForm$DMH+0x0000000100ae4c00'
Event: 30.506 Thread 0x000001c62011a900 Unloading class 0x0000000100ae4800 'java/lang/invoke/LambdaForm$DMH+0x0000000100ae4800'
Event: 30.506 Thread 0x000001c62011a900 Unloading class 0x0000000100ae4400 'java/lang/invoke/LambdaForm$DMH+0x0000000100ae4400'

Classes redefined (0 events):
No events

Internal exceptions (20 events):
Event: 29.902 Thread 0x000001c62598b3f0 Exception <a 'sun/nio/fs/WindowsException'{0x0000000085db5b18}> (0x0000000085db5b18) 
thrown [s\src\hotspot\share\prims\jni.cpp, line 517]
Event: 29.903 Thread 0x000001c62598b3f0 Exception <a 'sun/nio/fs/WindowsException'{0x0000000085db69c0}> (0x0000000085db69c0) 
thrown [s\src\hotspot\share\prims\jni.cpp, line 517]
Event: 29.903 Thread 0x000001c62598b3f0 Exception <a 'sun/nio/fs/WindowsException'{0x0000000085db6d08}> (0x0000000085db6d08) 
thrown [s\src\hotspot\share\prims\jni.cpp, line 517]
Event: 29.903 Thread 0x000001c62598b3f0 Exception <a 'sun/nio/fs/WindowsException'{0x0000000085db7bc0}> (0x0000000085db7bc0) 
thrown [s\src\hotspot\share\prims\jni.cpp, line 517]
Event: 29.904 Thread 0x000001c62598b3f0 Exception <a 'sun/nio/fs/WindowsException'{0x0000000085db7ea8}> (0x0000000085db7ea8) 
thrown [s\src\hotspot\share\prims\jni.cpp, line 517]
Event: 29.904 Thread 0x000001c62598b3f0 Exception <a 'sun/nio/fs/WindowsException'{0x0000000085db8d30}> (0x0000000085db8d30) 
thrown [s\src\hotspot\share\prims\jni.cpp, line 517]
Event: 30.150 Thread 0x000001c62598b3f0 Exception <a 'java/lang/NoSuchMethodError'{0x0000000087b03438}: static Lcom/android/builder/internal/aapt/AaptOptions;.<clinit>()V> (0x0000000087b03438) 
thrown [s\src\hotspot\share\prims\jni.cpp, line 1108]
Event: 30.447 Thread 0x000001c62598b3f0 Exception <a 'java/lang/NoSuchMethodError'{0x0000000087b3a690}: static [Ljava/lang/Object;.<clinit>()V> (0x0000000087b3a690) 
thrown [s\src\hotspot\share\prims\jni.cpp, line 1108]
Event: 30.476 Thread 0x000001c62598b3f0 Exception <a 'java/lang/NoSuchMethodError'{0x0000000087b4cbb0}: static Ljava/lang/Object;.<clinit>()V> (0x0000000087b4cbb0) 
thrown [s\src\hotspot\share\prims\jni.cpp, line 1108]
Event: 30.935 Thread 0x000001c62598b3f0 Exception <a 'java/lang/NoSuchMethodError'{0x0000000087b6f9e8}: static Lcom/android/build/api/variant/impl/VariantOutputImpl$SerializedForm;.<clinit>()V> (0x0000000087b6f9e8) 
thrown [s\src\hotspot\share\prims\jni.cpp, line 1108]
Event: 31.384 Thread 0x000001c62598b3f0 Exception <a 'java/lang/NoSuchMethodError'{0x0000000087b83640}: static Lcom/android/build/api/variant/impl/VariantOutputConfigurationImpl;.<clinit>()V> (0x0000000087b83640) 
thrown [s\src\hotspot\share\prims\jni.cpp, line 1108]
Event: 34.063 Thread 0x000001c6211bac90 Exception <a 'java/lang/NoSuchMethodError'{0x0000000086317c60}: 'int java.lang.invoke.DirectMethodHandle$Holder.invokeSpecial(java.lang.Object, java.lang.Object, java.lang.Object, java.lang.Object, java.lang.Object)'> (0x0000000086317c60) 
thrown [s\src\hotspot\share\interpreter\linkResolver.cpp, line 771]
Event: 36.646 Thread 0x000001c625989240 Exception <a 'sun/nio/fs/WindowsException'{0x000000008fa0c518}> (0x000000008fa0c518) 
thrown [s\src\hotspot\share\prims\jni.cpp, line 517]
Event: 36.684 Thread 0x000001c6234170f0 Exception <a 'sun/nio/fs/WindowsException'{0x000000008f8c5db0}> (0x000000008f8c5db0) 
thrown [s\src\hotspot\share\prims\jni.cpp, line 517]
Event: 36.803 Thread 0x000001c627f25540 Exception <a 'java/lang/NoSuchMethodError'{0x000000008f2a0cb0}: 'void java.lang.invoke.DirectMethodHandle$Holder.invokeStatic(java.lang.Object, long)'> (0x000000008f2a0cb0) 
thrown [s\src\hotspot\share\interpreter\linkResolver.cpp, line 771]
Event: 36.818 Thread 0x000001c627f25540 Exception <a 'java/lang/NoSuchMethodError'{0x000000008f2a6308}: 'java.lang.Object java.lang.invoke.DirectMethodHandle$Holder.newInvokeSpecial(java.lang.Object, long)'> (0x000000008f2a6308) 
thrown [s\src\hotspot\share\interpreter\linkResolver.cpp, line 771]
Event: 36.830 Thread 0x000001c627f25540 Exception <a 'java/lang/NoSuchMethodError'{0x000000008f2ad170}: 'java.lang.Object java.lang.invoke.DirectMethodHandle$Holder.invokeStatic(java.lang.Object, java.lang.Object, long, java.lang.Object)'> (0x000000008f2ad170) 
thrown [s\src\hotspot\share\interpreter\linkResolver.cpp, line 771]
Event: 36.831 Thread 0x000001c627f25540 Exception <a 'java/lang/NoSuchMethodError'{0x000000008f2b0eb0}: 'java.lang.Object java.lang.invoke.DirectMethodHandle$Holder.invokeStaticInit(java.lang.Object, java.lang.Object, long, java.lang.Object)'> (0x000000008f2b0eb0) 
thrown [s\src\hotspot\share\interpreter\linkResolver.cpp, line 771]
Event: 36.833 Thread 0x000001c627f25540 Exception <a 'java/lang/NoSuchMethodError'{0x000000008f2b7770}: 'java.lang.Object java.lang.invoke.DirectMethodHandle$Holder.newInvokeSpecial(java.lang.Object, java.lang.Object, long)'> (0x000000008f2b7770) 
thrown [s\src\hotspot\share\interpreter\linkResolver.cpp, line 771]
Event: 36.833 Thread 0x000001c627f25540 Exception <a 'java/lang/NoSuchMethodError'{0x000000008f2bb588}: 'java.lang.Object java.lang.invoke.Invokers$Holder.linkToTargetMethod(java.lang.Object, long, java.lang.Object)'> (0x000000008f2bb588) 
thrown [s\src\hotspot\share\interpreter\linkResolver.cpp, line 771]

VM Operations (20 events):
Event: 34.053 Executing VM operation: HandshakeAllThreads
Event: 34.053 Executing VM operation: HandshakeAllThreads done
Event: 34.209 Executing VM operation: G1CollectForAllocation
Event: 34.231 Executing VM operation: G1CollectForAllocation done
Event: 34.267 Executing VM operation: G1CollectForAllocation
Event: 34.292 Executing VM operation: G1CollectForAllocation done
Event: 35.301 Executing VM operation: Cleanup
Event: 35.305 Executing VM operation: Cleanup done
Event: 36.193 Executing VM operation: G1CollectForAllocation
Event: 36.216 Executing VM operation: G1CollectForAllocation done
Event: 36.488 Executing VM operation: G1Concurrent
Event: 36.497 Executing VM operation: G1Concurrent done
Event: 36.619 Executing VM operation: G1Concurrent
Event: 36.622 Executing VM operation: G1Concurrent done
Event: 36.688 Executing VM operation: HandshakeAllThreads
Event: 36.689 Executing VM operation: HandshakeAllThreads done
Event: 36.772 Executing VM operation: HandshakeAllThreads
Event: 36.773 Executing VM operation: HandshakeAllThreads done
Event: 36.838 Executing VM operation: HandshakeAllThreads
Event: 36.839 Executing VM operation: HandshakeAllThreads done

Events (20 events):
Event: 36.735 loading class java/util/concurrent/Executors$DelegatedExecutorService
Event: 36.736 loading class java/util/concurrent/Executors$DelegatedExecutorService done
Event: 36.736 loading class java/util/concurrent/Executors$DelegatedScheduledExecutorService done
Event: 36.737 Thread 0x000001c625d92d80 Thread added: 0x000001c625d92d80
Event: 36.740 loading class java/io/UTFDataFormatException
Event: 36.740 loading class java/lang/ProcessBuilder
Event: 36.740 loading class java/io/UTFDataFormatException done
Event: 36.742 loading class java/lang/ProcessBuilder done
Event: 36.742 loading class java/lang/ProcessImpl
Event: 36.743 loading class java/lang/ProcessImpl done
Event: 36.828 loading class java/lang/ProcessHandleImpl
Event: 36.829 loading class java/lang/ProcessHandleImpl done
Event: 36.834 loading class java/lang/ProcessImpl$2
Event: 36.834 loading class java/lang/ProcessImpl$2 done
Event: 36.835 loading class java/lang/Process$PipeInputStream
Event: 36.837 loading class java/lang/Process$PipeInputStream done
Event: 36.839 loading class jdk/internal/event/ProcessStartEvent
Event: 36.841 loading class jdk/internal/event/ProcessStartEvent done
Event: 36.845 Thread 0x000001c625d928b0 Thread added: 0x000001c625d928b0
Event: 36.846 Thread 0x000001c6259883d0 Thread added: 0x000001c6259883d0


Dynamic libraries:
0x00007ff7529e0000 - 0x00007ff7529ea000 	C:\Program Files\Android\Android Studio\jbr\bin\java.exe
0x00007ffb865b0000 - 0x00007ffb867c7000 	C:\WINDOWS\SYSTEM32\ntdll.dll
0x00007ffb84780000 - 0x00007ffb84844000 	C:\WINDOWS\System32\KERNEL32.DLL
0x00007ffb83a40000 - 0x00007ffb83de5000 	C:\WINDOWS\System32\KERNELBASE.dll
0x00007ffb841e0000 - 0x00007ffb842f1000 	C:\WINDOWS\System32\ucrtbase.dll
0x00007ffb6b9a0000 - 0x00007ffb6b9bb000 	C:\Program Files\Android\Android Studio\jbr\bin\VCRUNTIME140.dll
0x00007ffb6b770000 - 0x00007ffb6b787000 	C:\Program Files\Android\Android Studio\jbr\bin\jli.dll
0x00007ffb6eae0000 - 0x00007ffb6ed73000 	C:\WINDOWS\WinSxS\amd64_microsoft.windows.common-controls_6595b64144ccf1df_6.0.22621.2506_none_270c5ae97388e100\COMCTL32.dll
0x00007ffb85ef0000 - 0x00007ffb8609e000 	C:\WINDOWS\System32\USER32.dll
0x00007ffb850d0000 - 0x00007ffb85177000 	C:\WINDOWS\System32\msvcrt.dll
0x00007ffb851e0000 - 0x00007ffb85209000 	C:\WINDOWS\System32\GDI32.dll
0x00007ffb83f10000 - 0x00007ffb83f36000 	C:\WINDOWS\System32\win32u.dll
0x00007ffb83920000 - 0x00007ffb83a39000 	C:\WINDOWS\System32\gdi32full.dll
0x00007ffb83e70000 - 0x00007ffb83f0a000 	C:\WINDOWS\System32\msvcp_win.dll
0x00007ffb86270000 - 0x00007ffb862a1000 	C:\WINDOWS\System32\IMM32.DLL
0x00007ffb6ba30000 - 0x00007ffb6ba3c000 	C:\Program Files\Android\Android Studio\jbr\bin\vcruntime140_1.dll
0x00007ffb4d530000 - 0x00007ffb4d5bd000 	C:\Program Files\Android\Android Studio\jbr\bin\msvcp140.dll
0x00007ffb4f9b0000 - 0x00007ffb5061e000 	C:\Program Files\Android\Android Studio\jbr\bin\server\jvm.dll
0x00007ffb84ed0000 - 0x00007ffb84f81000 	C:\WINDOWS\System32\ADVAPI32.dll
0x00007ffb860a0000 - 0x00007ffb86146000 	C:\WINDOWS\System32\sechost.dll
0x00007ffb86150000 - 0x00007ffb86267000 	C:\WINDOWS\System32\RPCRT4.dll
0x00007ffb5beb0000 - 0x00007ffb5beb9000 	C:\WINDOWS\SYSTEM32\WSOCK32.dll
0x00007ffb84e50000 - 0x00007ffb84ec1000 	C:\WINDOWS\System32\WS2_32.dll
0x00007ffb73470000 - 0x00007ffb734a4000 	C:\WINDOWS\SYSTEM32\WINMM.dll
0x00007ffb6ea90000 - 0x00007ffb6ea9a000 	C:\WINDOWS\SYSTEM32\VERSION.dll
0x00007ffb82920000 - 0x00007ffb82938000 	C:\WINDOWS\SYSTEM32\kernel.appcore.dll
0x00007ffb7b950000 - 0x00007ffb7b95a000 	C:\Program Files\Android\Android Studio\jbr\bin\jimage.dll
0x00007ffb7e330000 - 0x00007ffb7e563000 	C:\WINDOWS\SYSTEM32\DBGHELP.DLL
0x00007ffb84950000 - 0x00007ffb84cd9000 	C:\WINDOWS\System32\combase.dll
0x00007ffb84ff0000 - 0x00007ffb850c7000 	C:\WINDOWS\System32\OLEAUT32.dll
0x00007ffb54340000 - 0x00007ffb54372000 	C:\WINDOWS\SYSTEM32\dbgcore.DLL
0x00007ffb83df0000 - 0x00007ffb83e6a000 	C:\WINDOWS\System32\bcryptPrimitives.dll
0x00007ffb6bc40000 - 0x00007ffb6bc65000 	C:\Program Files\Android\Android Studio\jbr\bin\java.dll
0x00007ffb6e8a0000 - 0x00007ffb6e8b8000 	C:\Program Files\Android\Android Studio\jbr\bin\zip.dll
0x00007ffb85210000 - 0x00007ffb85a69000 	C:\WINDOWS\System32\SHELL32.dll
0x00007ffb81840000 - 0x00007ffb82134000 	C:\WINDOWS\SYSTEM32\windows.storage.dll
0x00007ffb81700000 - 0x00007ffb8183e000 	C:\WINDOWS\SYSTEM32\wintypes.dll
0x00007ffb86470000 - 0x00007ffb86563000 	C:\WINDOWS\System32\SHCORE.dll
0x00007ffb84df0000 - 0x00007ffb84e4e000 	C:\WINDOWS\System32\shlwapi.dll
0x00007ffb83850000 - 0x00007ffb83876000 	C:\WINDOWS\SYSTEM32\profapi.dll
0x00007ffb6bc20000 - 0x00007ffb6bc39000 	C:\Program Files\Android\Android Studio\jbr\bin\net.dll
0x00007ffb76ef0000 - 0x00007ffb77027000 	C:\WINDOWS\SYSTEM32\WINHTTP.dll
0x00007ffb82da0000 - 0x00007ffb82e09000 	C:\WINDOWS\system32\mswsock.dll
0x00007ffb6bbc0000 - 0x00007ffb6bbd6000 	C:\Program Files\Android\Android Studio\jbr\bin\nio.dll
0x00007ffb788e0000 - 0x00007ffb788f0000 	C:\Program Files\Android\Android Studio\jbr\bin\verify.dll
0x00007ffb7b570000 - 0x00007ffb7b597000 	C:\Users\Ian\.gradle\native\e1d6ef7f7dcc3fd88c89a11ec53ec762bb8ba0a96d01ffa2cd45eb1d1d8dd5c5\windows-amd64\native-platform.dll
0x00007ffb43af0000 - 0x00007ffb43c34000 	C:\Users\Ian\.gradle\native\5664cfc778a61ccfe75a443a1ab52a65af34e5dc3c78e0209fed803814484fcb\windows-amd64\native-platform-file-events.dll
0x00007ffb6e820000 - 0x00007ffb6e829000 	C:\Program Files\Android\Android Studio\jbr\bin\management.dll
0x00007ffb6daa0000 - 0x00007ffb6daab000 	C:\Program Files\Android\Android Studio\jbr\bin\management_ext.dll
0x00007ffb862b0000 - 0x00007ffb862b8000 	C:\WINDOWS\System32\PSAPI.DLL
0x00007ffb82ff0000 - 0x00007ffb8300b000 	C:\WINDOWS\SYSTEM32\CRYPTSP.dll
0x00007ffb82880000 - 0x00007ffb828b5000 	C:\WINDOWS\system32\rsaenh.dll
0x00007ffb82e90000 - 0x00007ffb82ebc000 	C:\WINDOWS\SYSTEM32\USERENV.dll
0x00007ffb831e0000 - 0x00007ffb83208000 	C:\WINDOWS\SYSTEM32\bcrypt.dll
0x00007ffb83010000 - 0x00007ffb8301c000 	C:\WINDOWS\SYSTEM32\CRYPTBASE.dll
0x00007ffb823e0000 - 0x00007ffb8240d000 	C:\WINDOWS\SYSTEM32\IPHLPAPI.DLL
0x00007ffb851d0000 - 0x00007ffb851d9000 	C:\WINDOWS\System32\NSI.dll
0x00007ffb740f0000 - 0x00007ffb74109000 	C:\WINDOWS\SYSTEM32\dhcpcsvc6.DLL
0x00007ffb73fe0000 - 0x00007ffb73fff000 	C:\WINDOWS\SYSTEM32\dhcpcsvc.DLL
0x00007ffb82410000 - 0x00007ffb82509000 	C:\WINDOWS\SYSTEM32\DNSAPI.dll
0x00007ffb6cd20000 - 0x00007ffb6cd28000 	C:\WINDOWS\system32\wshunix.dll

dbghelp: loaded successfully - version: 4.0.5 - missing functions: none
symbol engine: initialized successfully - sym options: 0x614 - pdb path: .;C:\Program Files\Android\Android Studio\jbr\bin;C:\WINDOWS\SYSTEM32;C:\WINDOWS\WinSxS\amd64_microsoft.windows.common-controls_6595b64144ccf1df_6.0.22621.2506_none_270c5ae97388e100;C:\Program Files\Android\Android Studio\jbr\bin\server;C:\Users\Ian\.gradle\native\e1d6ef7f7dcc3fd88c89a11ec53ec762bb8ba0a96d01ffa2cd45eb1d1d8dd5c5\windows-amd64;C:\Users\Ian\.gradle\native\5664cfc778a61ccfe75a443a1ab52a65af34e5dc3c78e0209fed803814484fcb\windows-amd64

VM Arguments:
jvm_args: --add-opens=java.base/java.util=ALL-UNNAMED --add-opens=java.base/java.lang=ALL-UNNAMED --add-opens=java.base/java.lang.invoke=ALL-UNNAMED --add-opens=java.base/java.util=ALL-UNNAMED --add-opens=java.prefs/java.util.prefs=ALL-UNNAMED --add-opens=java.prefs/java.util.prefs=ALL-UNNAMED --add-opens=java.base/java.nio.charset=ALL-UNNAMED --add-opens=java.base/java.net=ALL-UNNAMED --add-opens=java.base/java.util.concurrent.atomic=ALL-UNNAMED -Xmx2048m -Dfile.encoding=UTF-8 -Duser.country=ID -Duser.language=id -Duser.variant 
java_command: org.gradle.launcher.daemon.bootstrap.GradleDaemon 7.2
java_class_path (initial): C:\Users\Ian\.gradle\wrapper\dists\gradle-7.2-bin\2dnblmf4td7x66yl1d74lt32g\gradle-7.2\lib\gradle-launcher-7.2.jar
Launcher Type: SUN_STANDARD

[Global flags]
     intx CICompilerCount                          = 3                                         {product} {ergonomic}
     uint ConcGCThreads                            = 1                                         {product} {ergonomic}
     uint G1ConcRefinementThreads                  = 4                                         {product} {ergonomic}
   size_t G1HeapRegionSize                         = 1048576                                   {product} {ergonomic}
    uintx GCDrainStackTargetSize                   = 64                                        {product} {ergonomic}
   size_t InitialHeapSize                          = 65011712                                  {product} {ergonomic}
   size_t MarkStackSize                            = 4194304                                   {product} {ergonomic}
   size_t MaxHeapSize                              = 2147483648                                {product} {command line}
   size_t MaxNewSize                               = 1287651328                                {product} {ergonomic}
   size_t MinHeapDeltaBytes                        = 1048576                                   {product} {ergonomic}
   size_t MinHeapSize                              = 8388608                                   {product} {ergonomic}
    uintx NonNMethodCodeHeapSize                   = 5832780                                {pd product} {ergonomic}
    uintx NonProfiledCodeHeapSize                  = 122912730                              {pd product} {ergonomic}
    uintx ProfiledCodeHeapSize                     = 122912730                              {pd product} {ergonomic}
    uintx ReservedCodeCacheSize                    = 251658240                              {pd product} {ergonomic}
     bool SegmentedCodeCache                       = true                                      {product} {ergonomic}
   size_t SoftMaxHeapSize                          = 2147483648                             {manageable} {ergonomic}
     bool UseCompressedClassPointers               = true                           {product lp64_product} {ergonomic}
     bool UseCompressedOops                        = true                           {product lp64_product} {ergonomic}
     bool UseG1GC                                  = true                                      {product} {ergonomic}
     bool UseLargePagesIndividualAllocation        = false                                  {pd product} {ergonomic}

Logging:
Log output configuration:
 #0: stdout all=warning uptime,level,tags
 #1: stderr all=off uptime,level,tags

Environment Variables:
PATH=C:\ProgramData\Oracle\Java\javapath;C:\Program Files\OpenLogic\jdk-17.0.6.10-hotspot\bin;C:\Program Files\OpenJDK\jdk-11.0.18.10-hotspot\bin;C:\Program Files (x86)\Common Files\Oracle\Java\javapath;C:\Program Files (x86)\Common Files\Intel\Shared Files\cpp\bin\Intel64;C:\WINDOWS\system32;C:\WINDOWS;C:\WINDOWS\System32\Wbem;C:\WINDOWS\System32\WindowsPowerShell\v1.0\;C:\WINDOWS\System32\OpenSSH\;C:\Program Files\Intel\WiFi\bin\;C:\Program Files\Common Files\Intel\WirelessCommon\;C:\Program Files\Git\cmd;C:\Users\Ian\AppData\Local\Microsoft\WindowsApps;;C:\Users\Ian\AppData\Local\Programs\Microsoft VS Code\bin
USERNAME=Ian
OS=Windows_NT
PROCESSOR_IDENTIFIER=Intel64 Family 6 Model 142 Stepping 10, GenuineIntel
TMP=C:\Users\Ian\AppData\Local\Temp
TEMP=C:\Users\Ian\AppData\Local\Temp


JNI global refs:
JNI global refs: 24, weak refs: 4

JNI global refs memory usage: 843, weak refs: 841


---------------  S Y S T E M  ---------------

OS:
 Windows 11 , 64 bit Build 22621 (10.0.22621.2506)
OS uptime: 0 days 3:11 hours

CPU: total 4 (initial active 4) (2 cores per cpu, 2 threads per core) family 6 model 142 stepping 10 microcode 0xe0, cx8, cmov, fxsr, ht, mmx, 3dnowpref, sse, sse2, sse3, ssse3, sse4.1, sse4.2, popcnt, lzcnt, tsc, tscinvbit, aes, erms, clmul, clflush, clflushopt

Memory: 4k page, system-wide physical 3952M (438M free)
TotalPageFile size 8048M (AvailPageFile size 16M)
current process WorkingSet (physical memory assigned to process): 330M, peak: 337M
current process commit charge ("private bytes"): 548M, peak: 566M

vm_info: OpenJDK 64-Bit Server VM (17.0.6+0-b2043.56-10027231) for windows-amd64 JRE (17.0.6+0-b2043.56-10027231), built on Apr 28 2023 00:43:19 by "androidbuild" with MS VC++ 16.10 / 16.11 (VS2019)

END.
