#
# There is insufficient memory for the Java Runtime Environment to continue.
# Native memory allocation (malloc) failed to allocate 1240656 bytes for Chunk::new
# Possible reasons:
#   The system is out of physical RAM or swap space
#   The process is running with CompressedOops enabled, and the Java Heap may be blocking the growth of the native heap
# Possible solutions:
#   Reduce memory load on the system
#   Increase physical memory or swap space
#   Check if swap backing store is full
#   Decrease Java heap size (-Xmx/-Xms)
#   Decrease number of Java threads
#   Decrease Java thread stack sizes (-Xss)
#   Set larger code cache with -XX:ReservedCodeCacheSize=
#   JVM is running with Unscaled Compressed Oops mode in which the Java heap is
#     placed in the first 4GB address space. The Java Heap base address is the
#     maximum limit for the native heap growth. Please use -XX:HeapBaseMinAddress
#     to set the Java Heap base and to place the Java Heap above 4GB virtual address.
# This output file may be truncated or incomplete.
#
#  Out of Memory Error (arena.cpp:189), pid=15896, tid=4784
#
# JRE version: OpenJDK Runtime Environment (17.0.6) (build 17.0.6+0-b2043.56-10027231)
# Java VM: OpenJDK 64-Bit Server VM (17.0.6+0-b2043.56-10027231, mixed mode, tiered, compressed oops, compressed class ptrs, g1 gc, windows-amd64)
# No core dump will be written. Minidumps are not enabled by default on client versions of Windows
#

---------------  S U M M A R Y ------------

Command Line: --add-opens=java.base/java.util=ALL-UNNAMED --add-opens=java.base/java.lang=ALL-UNNAMED --add-opens=java.base/java.lang.invoke=ALL-UNNAMED --add-opens=java.base/java.util=ALL-UNNAMED --add-opens=java.prefs/java.util.prefs=ALL-UNNAMED --add-opens=java.prefs/java.util.prefs=ALL-UNNAMED --add-opens=java.base/java.nio.charset=ALL-UNNAMED --add-opens=java.base/java.net=ALL-UNNAMED --add-opens=java.base/java.util.concurrent.atomic=ALL-UNNAMED -Xmx2048m -Dfile.encoding=UTF-8 -Duser.country=ID -Duser.language=id -Duser.variant org.gradle.launcher.daemon.bootstrap.GradleDaemon 7.2

Host: Intel(R) Pentium(R) CPU 4417U @ 2.30GHz, 4 cores, 3G,  Windows 11 , 64 bit Build 22621 (10.0.22621.2506)
Time: Wed Dec  6 20:31:28 2023 SE Asia Standard Time elapsed time: 17.732784 seconds (0d 0h 0m 17s)

---------------  T H R E A D  ---------------

Current thread (0x000002b3da95bc00):  JavaThread "C2 CompilerThread0" daemon [_thread_in_native, id=4784, stack(0x000000e66a600000,0x000000e66a700000)]


Current CompileTask:
C2:  17732 2439   !   4       java.net.URL::<init> (543 bytes)

Stack: [0x000000e66a600000,0x000000e66a700000]
Native frames: (J=compiled Java code, j=interpreted, Vv=VM code, C=native code)
V  [jvm.dll+0x683c9a]
V  [jvm.dll+0x8427a4]
V  [jvm.dll+0x843f9e]
V  [jvm.dll+0x844603]
V  [jvm.dll+0x249b75]
V  [jvm.dll+0xabcac]
V  [jvm.dll+0xac27c]
V  [jvm.dll+0x368802]
V  [jvm.dll+0x332f31]
V  [jvm.dll+0x3323da]
V  [jvm.dll+0x21c201]
V  [jvm.dll+0x21b621]
V  [jvm.dll+0x1a4fdd]
V  [jvm.dll+0x22b098]
V  [jvm.dll+0x229159]
V  [jvm.dll+0x7f81ec]
V  [jvm.dll+0x7f274a]
V  [jvm.dll+0x682ad5]
C  [ucrtbase.dll+0x29363]
C  [KERNEL32.DLL+0x1257d]
C  [ntdll.dll+0x5aa58]


---------------  P R O C E S S  ---------------

Threads class SMR info:
_java_thread_list=0x000002b3dc98db90, length=30, elements={
0x000002b3c1379170, 0x000002b3da8f37a0, 0x000002b3da8f4610, 0x000002b3da90b860,
0x000002b3da90c320, 0x000002b3da940020, 0x000002b3da95a000, 0x000002b3da95bc00,
0x000002b3da96e850, 0x000002b3db469030, 0x000002b3db57e150, 0x000002b3db57f260,
0x000002b3dd127920, 0x000002b3db7b1730, 0x000002b3dd3eb020, 0x000002b3dd567760,
0x000002b3dd04c430, 0x000002b3dba0cbc0, 0x000002b3dcf3c3a0, 0x000002b3dba00c00,
0x000002b3dd31d300, 0x000002b3dd31bfc0, 0x000002b3dd31eb10, 0x000002b3dd31d7d0,
0x000002b3dd31f4b0, 0x000002b3dd31f980, 0x000002b3dd31efe0, 0x000002b3dd31e640,
0x000002b3dd31c960, 0x000002b3dd31ce30
}

Java Threads: ( => current thread )
  0x000002b3c1379170 JavaThread "main" [_thread_blocked, id=9580, stack(0x000000e669800000,0x000000e669900000)]
  0x000002b3da8f37a0 JavaThread "Reference Handler" daemon [_thread_blocked, id=1968, stack(0x000000e66a000000,0x000000e66a100000)]
  0x000002b3da8f4610 JavaThread "Finalizer" daemon [_thread_blocked, id=6360, stack(0x000000e66a100000,0x000000e66a200000)]
  0x000002b3da90b860 JavaThread "Signal Dispatcher" daemon [_thread_blocked, id=9260, stack(0x000000e66a200000,0x000000e66a300000)]
  0x000002b3da90c320 JavaThread "Attach Listener" daemon [_thread_blocked, id=15968, stack(0x000000e66a300000,0x000000e66a400000)]
  0x000002b3da940020 JavaThread "Service Thread" daemon [_thread_blocked, id=9300, stack(0x000000e66a400000,0x000000e66a500000)]
  0x000002b3da95a000 JavaThread "Monitor Deflation Thread" daemon [_thread_blocked, id=6876, stack(0x000000e66a500000,0x000000e66a600000)]
=>0x000002b3da95bc00 JavaThread "C2 CompilerThread0" daemon [_thread_in_native, id=4784, stack(0x000000e66a600000,0x000000e66a700000)]
  0x000002b3da96e850 JavaThread "C1 CompilerThread0" daemon [_thread_blocked, id=9236, stack(0x000000e66a700000,0x000000e66a800000)]
  0x000002b3db469030 JavaThread "Sweeper thread" daemon [_thread_blocked, id=13756, stack(0x000000e66a800000,0x000000e66a900000)]
  0x000002b3db57e150 JavaThread "Common-Cleaner" daemon [_thread_blocked, id=8012, stack(0x000000e66a900000,0x000000e66aa00000)]
  0x000002b3db57f260 JavaThread "Notification Thread" daemon [_thread_blocked, id=244, stack(0x000000e66aa00000,0x000000e66ab00000)]
  0x000002b3dd127920 JavaThread "Daemon health stats" [_thread_blocked, id=2592, stack(0x000000e66af00000,0x000000e66b000000)]
  0x000002b3db7b1730 JavaThread "Incoming local TCP Connector on port 52609" [_thread_in_native, id=12932, stack(0x000000e66b000000,0x000000e66b100000)]
  0x000002b3dd3eb020 JavaThread "Daemon periodic checks" [_thread_blocked, id=1720, stack(0x000000e66b100000,0x000000e66b200000)]
  0x000002b3dd567760 JavaThread "Daemon" [_thread_blocked, id=14192, stack(0x000000e66b200000,0x000000e66b300000)]
  0x000002b3dd04c430 JavaThread "Handler for socket connection from /127.0.0.1:52609 to /127.0.0.1:52610" [_thread_in_native, id=5552, stack(0x000000e66b300000,0x000000e66b400000)]
  0x000002b3dba0cbc0 JavaThread "Cancel handler" [_thread_blocked, id=6604, stack(0x000000e66b400000,0x000000e66b500000)]
  0x000002b3dcf3c3a0 JavaThread "Daemon worker" [_thread_in_vm, id=5960, stack(0x000000e66b500000,0x000000e66b600000)]
  0x000002b3dba00c00 JavaThread "Asynchronous log dispatcher for DefaultDaemonConnection: socket connection from /127.0.0.1:52609 to /127.0.0.1:52610" [_thread_blocked, id=12972, stack(0x000000e66b600000,0x000000e66b700000)]
  0x000002b3dd31d300 JavaThread "Stdin handler" [_thread_blocked, id=7056, stack(0x000000e66b700000,0x000000e66b800000)]
  0x000002b3dd31bfc0 JavaThread "Daemon client event forwarder" [_thread_blocked, id=6280, stack(0x000000e66b800000,0x000000e66b900000)]
  0x000002b3dd31eb10 JavaThread "Cache worker for journal cache (C:\Users\Ian\.gradle\caches\journal-1)" [_thread_blocked, id=6116, stack(0x000000e66b900000,0x000000e66ba00000)]
  0x000002b3dd31d7d0 JavaThread "File lock request listener" [_thread_in_native, id=3216, stack(0x000000e66ba00000,0x000000e66bb00000)]
  0x000002b3dd31f4b0 JavaThread "Cache worker for file hash cache (C:\Users\Ian\.gradle\caches\7.2\fileHashes)" [_thread_blocked, id=15304, stack(0x000000e66bb00000,0x000000e66bc00000)]
  0x000002b3dd31f980 JavaThread "Cache worker for file hash cache (C:\Users\Ian\AndroidStudioProjects\ujianandroid_\.gradle\7.2\fileHashes)" [_thread_blocked, id=7648, stack(0x000000e66bc00000,0x000000e66bd00000)]
  0x000002b3dd31efe0 JavaThread "File watcher server" daemon [_thread_in_native, id=7492, stack(0x000000e66bd00000,0x000000e66be00000)]
  0x000002b3dd31e640 JavaThread "File watcher consumer" daemon [_thread_blocked, id=11416, stack(0x000000e66be00000,0x000000e66bf00000)]
  0x000002b3dd31c960 JavaThread "Cache worker for checksums cache (C:\Users\Ian\AndroidStudioProjects\ujianandroid_\.gradle\checksums)" [_thread_blocked, id=7264, stack(0x000000e66bf00000,0x000000e66c000000)]
  0x000002b3dd31ce30 JavaThread "Cache worker for cache directory md-supplier (C:\Users\Ian\.gradle\caches\7.2\md-supplier)" [_thread_blocked, id=13368, stack(0x000000e66c000000,0x000000e66c100000)]

Other Threads:
  0x000002b3da920730 VMThread "VM Thread" [stack: 0x000000e669f00000,0x000000e66a000000] [id=2484]
  0x000002b3db57f730 WatcherThread [stack: 0x000000e66ab00000,0x000000e66ac00000] [id=13700]
  0x000002b3c13d34f0 GCTaskThread "GC Thread#0" [stack: 0x000000e669a00000,0x000000e669b00000] [id=16364]
  0x000002b3db848920 GCTaskThread "GC Thread#1" [stack: 0x000000e66ac00000,0x000000e66ad00000] [id=15948]
  0x000002b3dbe96390 GCTaskThread "GC Thread#2" [stack: 0x000000e66ad00000,0x000000e66ae00000] [id=12228]
  0x000002b3dc8d9850 GCTaskThread "GC Thread#3" [stack: 0x000000e66ae00000,0x000000e66af00000] [id=13648]
  0x000002b3c13e4430 ConcurrentGCThread "G1 Main Marker" [stack: 0x000000e669b00000,0x000000e669c00000] [id=12212]
  0x000002b3c13e4e40 ConcurrentGCThread "G1 Conc#0" [stack: 0x000000e669c00000,0x000000e669d00000] [id=13528]
  0x000002b3c142fa40 ConcurrentGCThread "G1 Refine#0" [stack: 0x000000e669d00000,0x000000e669e00000] [id=14140]
  0x000002b3c1430460 ConcurrentGCThread "G1 Service" [stack: 0x000000e669e00000,0x000000e669f00000] [id=8180]

Threads with active compile tasks:
C2 CompilerThread0    17835 2439   !   4       java.net.URL::<init> (543 bytes)

VM state: not at safepoint (normal execution)

VM Mutex/Monitor currently owned by a thread: None

Heap address: 0x0000000080000000, size: 2048 MB, Compressed Oops mode: 32-bit

CDS archive(s) not mapped
Compressed class space mapped at: 0x0000000100000000-0x0000000140000000, reserved size: 1073741824
Narrow klass base: 0x0000000000000000, Narrow klass shift: 3, Narrow klass range: 0x140000000

GC Precious Log:
 CPUs: 4 total, 4 available
 Memory: 3952M
 Large Page Support: Disabled
 NUMA Support: Disabled
 Compressed Oops: Enabled (32-bit)
 Heap Region Size: 1M
 Heap Min Capacity: 8M
 Heap Initial Capacity: 62M
 Heap Max Capacity: 2G
 Pre-touch: Disabled
 Parallel Workers: 4
 Concurrent Workers: 1
 Concurrent Refinement Workers: 4
 Periodic GC: Disabled

Heap:
 garbage-first heap   total 63488K, used 40074K [0x0000000080000000, 0x0000000100000000)
  region size 1024K, 24 young (24576K), 3 survivors (3072K)
 Metaspace       used 29160K, committed 29376K, reserved 1081344K
  class space    used 3913K, committed 4032K, reserved 1048576K

Heap Regions: E=young(eden), S=young(survivor), O=old, HS=humongous(starts), HC=humongous(continues), CS=collection set, F=free, OA=open archive, CA=closed archive, TAMS=top-at-mark-start (previous, next)
|   0|0x0000000080000000, 0x0000000080100000, 0x0000000080100000|100%|HS|  |TAMS 0x0000000080100000, 0x0000000080000000| Complete 
|   1|0x0000000080100000, 0x0000000080200000, 0x0000000080200000|100%|HC|  |TAMS 0x0000000080200000, 0x0000000080100000| Complete 
|   2|0x0000000080200000, 0x0000000080300000, 0x0000000080300000|100%|HC|  |TAMS 0x0000000080300000, 0x0000000080200000| Complete 
|   3|0x0000000080300000, 0x0000000080400000, 0x0000000080400000|100%| O|  |TAMS 0x0000000080400000, 0x0000000080300000| Untracked 
|   4|0x0000000080400000, 0x0000000080500000, 0x0000000080500000|100%| O|  |TAMS 0x0000000080500000, 0x0000000080400000| Untracked 
|   5|0x0000000080500000, 0x0000000080600000, 0x0000000080600000|100%| O|  |TAMS 0x0000000080600000, 0x0000000080500000| Untracked 
|   6|0x0000000080600000, 0x0000000080700000, 0x0000000080700000|100%| O|  |TAMS 0x0000000080700000, 0x0000000080600000| Untracked 
|   7|0x0000000080700000, 0x0000000080800000, 0x0000000080800000|100%| O|  |TAMS 0x0000000080800000, 0x0000000080700000| Untracked 
|   8|0x0000000080800000, 0x0000000080900000, 0x0000000080900000|100%| O|  |TAMS 0x0000000080900000, 0x0000000080800000| Untracked 
|   9|0x0000000080900000, 0x0000000080a00000, 0x0000000080a00000|100%| O|  |TAMS 0x0000000080a00000, 0x0000000080900000| Untracked 
|  10|0x0000000080a00000, 0x0000000080b00000, 0x0000000080b00000|100%| O|  |TAMS 0x0000000080b00000, 0x0000000080a00000| Untracked 
|  11|0x0000000080b00000, 0x0000000080c00000, 0x0000000080c00000|100%| O|  |TAMS 0x0000000080be2a08, 0x0000000080b00000| Untracked 
|  12|0x0000000080c00000, 0x0000000080d00000, 0x0000000080d00000|100%| O|  |TAMS 0x0000000080c00000, 0x0000000080c00000| Untracked 
|  13|0x0000000080d00000, 0x0000000080e00000, 0x0000000080e00000|100%| O|  |TAMS 0x0000000080d00000, 0x0000000080d00000| Untracked 
|  14|0x0000000080e00000, 0x0000000080f00000, 0x0000000080f00000|100%| O|  |TAMS 0x0000000080e00000, 0x0000000080e00000| Untracked 
|  15|0x0000000080f00000, 0x0000000081000000, 0x0000000081000000|100%| O|  |TAMS 0x0000000080f00000, 0x0000000080f00000| Untracked 
|  16|0x0000000081000000, 0x00000000810cca00, 0x0000000081100000| 79%| O|  |TAMS 0x0000000081000000, 0x0000000081000000| Untracked 
|  17|0x0000000081100000, 0x0000000081100000, 0x0000000081200000|  0%| F|  |TAMS 0x0000000081100000, 0x0000000081100000| Untracked 
|  18|0x0000000081200000, 0x0000000081200000, 0x0000000081300000|  0%| F|  |TAMS 0x0000000081200000, 0x0000000081200000| Untracked 
|  19|0x0000000081300000, 0x0000000081300000, 0x0000000081400000|  0%| F|  |TAMS 0x0000000081300000, 0x0000000081300000| Untracked 
|  20|0x0000000081400000, 0x0000000081400000, 0x0000000081500000|  0%| F|  |TAMS 0x0000000081400000, 0x0000000081400000| Untracked 
|  21|0x0000000081500000, 0x0000000081500000, 0x0000000081600000|  0%| F|  |TAMS 0x0000000081500000, 0x0000000081500000| Untracked 
|  22|0x0000000081600000, 0x0000000081600000, 0x0000000081700000|  0%| F|  |TAMS 0x0000000081600000, 0x0000000081600000| Untracked 
|  23|0x0000000081700000, 0x0000000081700000, 0x0000000081800000|  0%| F|  |TAMS 0x0000000081700000, 0x0000000081700000| Untracked 
|  24|0x0000000081800000, 0x0000000081800000, 0x0000000081900000|  0%| F|  |TAMS 0x0000000081800000, 0x0000000081800000| Untracked 
|  25|0x0000000081900000, 0x0000000081900000, 0x0000000081a00000|  0%| F|  |TAMS 0x0000000081900000, 0x0000000081900000| Untracked 
|  26|0x0000000081a00000, 0x0000000081a00000, 0x0000000081b00000|  0%| F|  |TAMS 0x0000000081a00000, 0x0000000081a00000| Untracked 
|  27|0x0000000081b00000, 0x0000000081b00000, 0x0000000081c00000|  0%| F|  |TAMS 0x0000000081b00000, 0x0000000081b00000| Untracked 
|  28|0x0000000081c00000, 0x0000000081c00000, 0x0000000081d00000|  0%| F|  |TAMS 0x0000000081c00000, 0x0000000081c00000| Untracked 
|  29|0x0000000081d00000, 0x0000000081d00000, 0x0000000081e00000|  0%| F|  |TAMS 0x0000000081d00000, 0x0000000081d00000| Untracked 
|  30|0x0000000081e00000, 0x0000000081e00000, 0x0000000081f00000|  0%| F|  |TAMS 0x0000000081e00000, 0x0000000081e00000| Untracked 
|  31|0x0000000081f00000, 0x0000000081f00000, 0x0000000082000000|  0%| F|  |TAMS 0x0000000081f00000, 0x0000000081f00000| Untracked 
|  32|0x0000000082000000, 0x0000000082056020, 0x0000000082100000| 33%| S|CS|TAMS 0x0000000082000000, 0x0000000082000000| Complete 
|  33|0x0000000082100000, 0x0000000082200000, 0x0000000082200000|100%| S|CS|TAMS 0x0000000082100000, 0x0000000082100000| Complete 
|  34|0x0000000082200000, 0x0000000082300000, 0x0000000082300000|100%| S|CS|TAMS 0x0000000082200000, 0x0000000082200000| Complete 
|  35|0x0000000082300000, 0x0000000082300000, 0x0000000082400000|  0%| F|  |TAMS 0x0000000082300000, 0x0000000082300000| Untracked 
|  36|0x0000000082400000, 0x0000000082400000, 0x0000000082500000|  0%| F|  |TAMS 0x0000000082400000, 0x0000000082400000| Untracked 
|  37|0x0000000082500000, 0x0000000082500000, 0x0000000082600000|  0%| F|  |TAMS 0x0000000082500000, 0x0000000082500000| Untracked 
|  38|0x0000000082600000, 0x0000000082600000, 0x0000000082700000|  0%| F|  |TAMS 0x0000000082600000, 0x0000000082600000| Untracked 
|  39|0x0000000082700000, 0x0000000082700000, 0x0000000082800000|  0%| F|  |TAMS 0x0000000082700000, 0x0000000082700000| Untracked 
|  40|0x0000000082800000, 0x0000000082800000, 0x0000000082900000|  0%| F|  |TAMS 0x0000000082800000, 0x0000000082800000| Untracked 
|  41|0x0000000082900000, 0x0000000082a00000, 0x0000000082a00000|100%| E|  |TAMS 0x0000000082900000, 0x0000000082900000| Complete 
|  42|0x0000000082a00000, 0x0000000082b00000, 0x0000000082b00000|100%| E|CS|TAMS 0x0000000082a00000, 0x0000000082a00000| Complete 
|  43|0x0000000082b00000, 0x0000000082c00000, 0x0000000082c00000|100%| E|CS|TAMS 0x0000000082b00000, 0x0000000082b00000| Complete 
|  44|0x0000000082c00000, 0x0000000082d00000, 0x0000000082d00000|100%| E|CS|TAMS 0x0000000082c00000, 0x0000000082c00000| Complete 
|  45|0x0000000082d00000, 0x0000000082e00000, 0x0000000082e00000|100%| E|CS|TAMS 0x0000000082d00000, 0x0000000082d00000| Complete 
|  46|0x0000000082e00000, 0x0000000082f00000, 0x0000000082f00000|100%| E|CS|TAMS 0x0000000082e00000, 0x0000000082e00000| Complete 
|  47|0x0000000082f00000, 0x0000000083000000, 0x0000000083000000|100%| E|CS|TAMS 0x0000000082f00000, 0x0000000082f00000| Complete 
|  48|0x0000000083000000, 0x0000000083100000, 0x0000000083100000|100%| E|CS|TAMS 0x0000000083000000, 0x0000000083000000| Complete 
|  49|0x0000000083100000, 0x0000000083200000, 0x0000000083200000|100%| E|CS|TAMS 0x0000000083100000, 0x0000000083100000| Complete 
|  50|0x0000000083200000, 0x0000000083300000, 0x0000000083300000|100%| E|CS|TAMS 0x0000000083200000, 0x0000000083200000| Complete 
|  51|0x0000000083300000, 0x0000000083400000, 0x0000000083400000|100%| E|CS|TAMS 0x0000000083300000, 0x0000000083300000| Complete 
|  52|0x0000000083400000, 0x0000000083500000, 0x0000000083500000|100%| E|CS|TAMS 0x0000000083400000, 0x0000000083400000| Complete 
|  53|0x0000000083500000, 0x0000000083600000, 0x0000000083600000|100%| E|CS|TAMS 0x0000000083500000, 0x0000000083500000| Complete 
|  54|0x0000000083600000, 0x0000000083700000, 0x0000000083700000|100%| E|CS|TAMS 0x0000000083600000, 0x0000000083600000| Complete 
|  55|0x0000000083700000, 0x0000000083800000, 0x0000000083800000|100%| E|CS|TAMS 0x0000000083700000, 0x0000000083700000| Complete 
|  56|0x0000000083800000, 0x0000000083900000, 0x0000000083900000|100%| E|CS|TAMS 0x0000000083800000, 0x0000000083800000| Complete 
|  57|0x0000000083900000, 0x0000000083a00000, 0x0000000083a00000|100%| E|CS|TAMS 0x0000000083900000, 0x0000000083900000| Complete 
|  58|0x0000000083a00000, 0x0000000083b00000, 0x0000000083b00000|100%| E|CS|TAMS 0x0000000083a00000, 0x0000000083a00000| Complete 
|  59|0x0000000083b00000, 0x0000000083c00000, 0x0000000083c00000|100%| E|CS|TAMS 0x0000000083b00000, 0x0000000083b00000| Complete 
|  60|0x0000000083c00000, 0x0000000083d00000, 0x0000000083d00000|100%| E|CS|TAMS 0x0000000083c00000, 0x0000000083c00000| Complete 
|  61|0x0000000083d00000, 0x0000000083e00000, 0x0000000083e00000|100%| E|CS|TAMS 0x0000000083d00000, 0x0000000083d00000| Complete 

Card table byte_map: [0x000002b3d3c40000,0x000002b3d4040000] _byte_map_base: 0x000002b3d3840000

Marking Bits (Prev, Next): (CMBitMap*) 0x000002b3c13d3b40, (CMBitMap*) 0x000002b3c13d3b00
 Prev Bits: [0x000002b3d6440000, 0x000002b3d8440000)
 Next Bits: [0x000002b3d4440000, 0x000002b3d6440000)

Polling page: 0x000002b3bf350000

Metaspace:

Usage:
  Non-class:     24.67 MB used.
      Class:      3.83 MB used.
       Both:     28.49 MB used.

Virtual space:
  Non-class space:       32.00 MB reserved,      24.81 MB ( 78%) committed,  4 nodes.
      Class space:        1.00 GB reserved,       3.94 MB ( <1%) committed,  1 nodes.
             Both:        1.03 GB reserved,      28.75 MB (  3%) committed. 

Chunk freelists:
   Non-Class:  2.61 MB
       Class:  3.89 MB
        Both:  6.50 MB

MaxMetaspaceSize: unlimited
CompressedClassSpaceSize: 1.00 GB
Initial GC threshold: 21.00 MB
Current GC threshold: 35.31 MB
CDS: off
MetaspaceReclaimPolicy: balanced
 - commit_granule_bytes: 65536.
 - commit_granule_words: 8192.
 - virtual_space_node_default_size: 1048576.
 - enlarge_chunks_in_place: 1.
 - new_chunks_are_fully_committed: 0.
 - uncommit_free_chunks: 1.
 - use_allocation_guard: 0.
 - handle_deallocations: 1.


Internal statistics:

num_allocs_failed_limit: 3.
num_arena_births: 224.
num_arena_deaths: 0.
num_vsnodes_births: 5.
num_vsnodes_deaths: 0.
num_space_committed: 460.
num_space_uncommitted: 0.
num_chunks_returned_to_freelist: 3.
num_chunks_taken_from_freelist: 965.
num_chunk_merges: 3.
num_chunk_splits: 638.
num_chunks_enlarged: 461.
num_purges: 0.
num_inconsistent_stats: 0.

CodeHeap 'non-profiled nmethods': size=120000Kb used=1278Kb max_used=1278Kb free=118721Kb
 bounds [0x000002b3cc310000, 0x000002b3cc580000, 0x000002b3d3840000]
CodeHeap 'profiled nmethods': size=120000Kb used=5342Kb max_used=5342Kb free=114658Kb
 bounds [0x000002b3c4840000, 0x000002b3c4d80000, 0x000002b3cbd70000]
CodeHeap 'non-nmethods': size=5760Kb used=1220Kb max_used=1281Kb free=4540Kb
 bounds [0x000002b3cbd70000, 0x000002b3cbfe0000, 0x000002b3cc310000]
 total_blobs=3067 nmethods=2538 adapters=442
 compilation: enabled
              stopped_count=0, restarted_count=0
 full_count=0

Compilation events (20 events):
Event: 17.639 Thread 0x000002b3da96e850 2512       3       org.objectweb.asm.SymbolTable::addConstantMethodref (24 bytes)
Event: 17.639 Thread 0x000002b3da96e850 nmethod 2512 0x000002b3c4d64290 code [0x000002b3c4d64440, 0x000002b3c4d645e8]
Event: 17.639 Thread 0x000002b3da96e850 2514       3       org.gradle.internal.instantiation.generator.AbstractClassGenerator$MethodMetadata::getReturnType (8 bytes)
Event: 17.639 Thread 0x000002b3da96e850 nmethod 2514 0x000002b3c4d64690 code [0x000002b3c4d64820, 0x000002b3c4d64958]
Event: 17.644 Thread 0x000002b3da96e850 2516       3       org.objectweb.asm.Type::appendDescriptor (185 bytes)
Event: 17.645 Thread 0x000002b3da96e850 nmethod 2516 0x000002b3c4d64a10 code [0x000002b3c4d64ce0, 0x000002b3c4d658f8]
Event: 17.645 Thread 0x000002b3da96e850 2518       3       org.objectweb.asm.Handler::getExceptionTableSize (10 bytes)
Event: 17.646 Thread 0x000002b3da96e850 nmethod 2518 0x000002b3c4d65d10 code [0x000002b3c4d65ec0, 0x000002b3c4d660b8]
Event: 17.646 Thread 0x000002b3da96e850 2515       3       org.objectweb.asm.Type::getDescriptor (18 bytes)
Event: 17.646 Thread 0x000002b3da96e850 nmethod 2515 0x000002b3c4d66210 code [0x000002b3c4d66400, 0x000002b3c4d66838]
Event: 17.647 Thread 0x000002b3da96e850 2517       3       org.objectweb.asm.Type::getType (10 bytes)
Event: 17.647 Thread 0x000002b3da96e850 nmethod 2517 0x000002b3c4d66a10 code [0x000002b3c4d66bc0, 0x000002b3c4d66de8]
Event: 17.704 Thread 0x000002b3da96e850 2519       3       java.lang.invoke.DirectMethodHandle$Constructor::<init> (44 bytes)
Event: 17.704 Thread 0x000002b3da96e850 nmethod 2519 0x000002b3c4d66f10 code [0x000002b3c4d670c0, 0x000002b3c4d672e8]
Event: 17.715 Thread 0x000002b3da96e850 2522       3       java.util.TreeMap::getEntry (77 bytes)
Event: 17.716 Thread 0x000002b3da96e850 nmethod 2522 0x000002b3c4d67390 code [0x000002b3c4d675a0, 0x000002b3c4d67c08]
Event: 17.716 Thread 0x000002b3da96e850 2521       3       java.util.TreeMap::get (19 bytes)
Event: 17.717 Thread 0x000002b3da96e850 nmethod 2521 0x000002b3c4d67e10 code [0x000002b3c4d67fc0, 0x000002b3c4d68188]
Event: 17.717 Thread 0x000002b3da96e850 2523       3       jdk.internal.reflect.Reflection::filter (163 bytes)
Event: 17.719 Thread 0x000002b3da96e850 nmethod 2523 0x000002b3c4d68290 code [0x000002b3c4d68500, 0x000002b3c4d69248]

GC Heap History (12 events):
Event: 4.031 GC heap before
{Heap before GC invocations=0 (full 0):
 garbage-first heap   total 63488K, used 15360K [0x0000000080000000, 0x0000000100000000)
  region size 1024K, 13 young (13312K), 0 survivors (0K)
 Metaspace       used 7190K, committed 7360K, reserved 1056768K
  class space    used 616K, committed 704K, reserved 1048576K
}
Event: 4.040 GC heap after
{Heap after GC invocations=1 (full 0):
 garbage-first heap   total 63488K, used 4344K [0x0000000080000000, 0x0000000100000000)
  region size 1024K, 2 young (2048K), 2 survivors (2048K)
 Metaspace       used 7190K, committed 7360K, reserved 1056768K
  class space    used 616K, committed 704K, reserved 1048576K
}
Event: 5.781 GC heap before
{Heap before GC invocations=1 (full 0):
 garbage-first heap   total 63488K, used 20728K [0x0000000080000000, 0x0000000100000000)
  region size 1024K, 16 young (16384K), 2 survivors (2048K)
 Metaspace       used 11072K, committed 11264K, reserved 1064960K
  class space    used 1160K, committed 1280K, reserved 1048576K
}
Event: 5.790 GC heap after
{Heap after GC invocations=2 (full 0):
 garbage-first heap   total 63488K, used 9590K [0x0000000080000000, 0x0000000100000000)
  region size 1024K, 2 young (2048K), 2 survivors (2048K)
 Metaspace       used 11072K, committed 11264K, reserved 1064960K
  class space    used 1160K, committed 1280K, reserved 1048576K
}
Event: 6.659 GC heap before
{Heap before GC invocations=2 (full 0):
 garbage-first heap   total 63488K, used 29046K [0x0000000080000000, 0x0000000100000000)
  region size 1024K, 20 young (20480K), 2 survivors (2048K)
 Metaspace       used 11151K, committed 11328K, reserved 1064960K
  class space    used 1161K, committed 1280K, reserved 1048576K
}
Event: 6.666 GC heap after
{Heap after GC invocations=3 (full 0):
 garbage-first heap   total 63488K, used 11872K [0x0000000080000000, 0x0000000100000000)
  region size 1024K, 3 young (3072K), 3 survivors (3072K)
 Metaspace       used 11151K, committed 11328K, reserved 1064960K
  class space    used 1161K, committed 1280K, reserved 1048576K
}
Event: 11.832 GC heap before
{Heap before GC invocations=3 (full 0):
 garbage-first heap   total 63488K, used 42592K [0x0000000080000000, 0x0000000100000000)
  region size 1024K, 33 young (33792K), 3 survivors (3072K)
 Metaspace       used 18879K, committed 19136K, reserved 1073152K
  class space    used 2233K, committed 2368K, reserved 1048576K
}
Event: 11.843 GC heap after
{Heap after GC invocations=4 (full 0):
 garbage-first heap   total 63488K, used 17290K [0x0000000080000000, 0x0000000100000000)
  region size 1024K, 5 young (5120K), 5 survivors (5120K)
 Metaspace       used 18879K, committed 19136K, reserved 1073152K
  class space    used 2233K, committed 2368K, reserved 1048576K
}
Event: 13.221 GC heap before
{Heap before GC invocations=4 (full 0):
 garbage-first heap   total 63488K, used 29578K [0x0000000080000000, 0x0000000100000000)
  region size 1024K, 18 young (18432K), 5 survivors (5120K)
 Metaspace       used 21310K, committed 21504K, reserved 1073152K
  class space    used 2622K, committed 2688K, reserved 1048576K
}
Event: 13.247 GC heap after
{Heap after GC invocations=5 (full 0):
 garbage-first heap   total 63488K, used 17985K [0x0000000080000000, 0x0000000100000000)
  region size 1024K, 1 young (1024K), 1 survivors (1024K)
 Metaspace       used 21310K, committed 21504K, reserved 1073152K
  class space    used 2622K, committed 2688K, reserved 1048576K
}
Event: 16.372 GC heap before
{Heap before GC invocations=6 (full 0):
 garbage-first heap   total 63488K, used 44609K [0x0000000080000000, 0x0000000100000000)
  region size 1024K, 27 young (27648K), 1 survivors (1024K)
 Metaspace       used 25932K, committed 26240K, reserved 1073152K
  class space    used 3380K, committed 3520K, reserved 1048576K
}
Event: 16.379 GC heap after
{Heap after GC invocations=7 (full 0):
 garbage-first heap   total 63488K, used 19594K [0x0000000080000000, 0x0000000100000000)
  region size 1024K, 3 young (3072K), 3 survivors (3072K)
 Metaspace       used 25932K, committed 26240K, reserved 1073152K
  class space    used 3380K, committed 3520K, reserved 1048576K
}

Dll operation events (2 events):
Event: 0.063 Loaded shared library C:\Program Files\Android\Android Studio\jbr\bin\java.dll
Event: 3.733 Loaded shared library C:\Program Files\Android\Android Studio\jbr\bin\verify.dll

Deoptimization events (20 events):
Event: 15.022 Thread 0x000002b3dcf3c3a0 Uncommon trap: trap_request=0xffffffc6 fr.pc=0x000002b3cc3f861c relative=0x0000000000000c9c
Event: 15.022 Thread 0x000002b3dcf3c3a0 Uncommon trap: reason=bimorphic_or_optimized_type_check action=maybe_recompile pc=0x000002b3cc3f861c method=java.util.HashMap.getNode(Ljava/lang/Object;)Ljava/util/HashMap$Node; @ 63 c2
Event: 15.022 Thread 0x000002b3dcf3c3a0 DEOPT PACKING pc=0x000002b3cc3f861c sp=0x000000e66b5fbec0
Event: 15.022 Thread 0x000002b3dcf3c3a0 DEOPT UNPACKING pc=0x000002b3cbdc699d sp=0x000000e66b5fbdf8 mode 2
Event: 15.023 Thread 0x000002b3dcf3c3a0 Uncommon trap: trap_request=0xffffffc6 fr.pc=0x000002b3cc3f861c relative=0x0000000000000c9c
Event: 15.023 Thread 0x000002b3dcf3c3a0 Uncommon trap: reason=bimorphic_or_optimized_type_check action=maybe_recompile pc=0x000002b3cc3f861c method=java.util.HashMap.getNode(Ljava/lang/Object;)Ljava/util/HashMap$Node; @ 63 c2
Event: 15.023 Thread 0x000002b3dcf3c3a0 DEOPT PACKING pc=0x000002b3cc3f861c sp=0x000000e66b5fbec0
Event: 15.023 Thread 0x000002b3dcf3c3a0 DEOPT UNPACKING pc=0x000002b3cbdc699d sp=0x000000e66b5fbdf8 mode 2
Event: 15.023 Thread 0x000002b3dcf3c3a0 Uncommon trap: trap_request=0xffffff45 fr.pc=0x000002b3cc34958c relative=0x000000000000024c
Event: 15.023 Thread 0x000002b3dcf3c3a0 Uncommon trap: reason=unstable_if action=reinterpret pc=0x000002b3cc34958c method=java.util.HashMap.getNode(Ljava/lang/Object;)Ljava/util/HashMap$Node; @ 66 c2
Event: 15.023 Thread 0x000002b3dcf3c3a0 DEOPT PACKING pc=0x000002b3cc34958c sp=0x000000e66b5fbe70
Event: 15.023 Thread 0x000002b3dcf3c3a0 DEOPT UNPACKING pc=0x000002b3cbdc699d sp=0x000000e66b5fbe00 mode 2
Event: 15.069 Thread 0x000002b3dcf3c3a0 Uncommon trap: trap_request=0xffffff45 fr.pc=0x000002b3cc39c03c relative=0x00000000000003fc
Event: 15.069 Thread 0x000002b3dcf3c3a0 Uncommon trap: reason=unstable_if action=reinterpret pc=0x000002b3cc39c03c method=java.util.concurrent.ConcurrentHashMap.get(Ljava/lang/Object;)Ljava/lang/Object; @ 152 c2
Event: 15.069 Thread 0x000002b3dcf3c3a0 DEOPT PACKING pc=0x000002b3cc39c03c sp=0x000000e66b5fb420
Event: 15.069 Thread 0x000002b3dcf3c3a0 DEOPT UNPACKING pc=0x000002b3cbdc699d sp=0x000000e66b5fb3a8 mode 2
Event: 17.532 Thread 0x000002b3dcf3c3a0 Uncommon trap: trap_request=0xffffff45 fr.pc=0x000002b3cc35c568 relative=0x00000000000004a8
Event: 17.532 Thread 0x000002b3dcf3c3a0 Uncommon trap: reason=unstable_if action=reinterpret pc=0x000002b3cc35c568 method=java.util.HashMap.hash(Ljava/lang/Object;)I @ 1 c2
Event: 17.532 Thread 0x000002b3dcf3c3a0 DEOPT PACKING pc=0x000002b3cc35c568 sp=0x000000e66b5f96c0
Event: 17.532 Thread 0x000002b3dcf3c3a0 DEOPT UNPACKING pc=0x000002b3cbdc699d sp=0x000000e66b5f9568 mode 2

Classes unloaded (0 events):
No events

Classes redefined (0 events):
No events

Internal exceptions (20 events):
Event: 14.742 Thread 0x000002b3dcf3c3a0 Exception <a 'java/lang/NoSuchMethodError'{0x0000000082e09140}: 'void java.lang.invoke.DirectMethodHandle$Holder.invokeStatic(java.lang.Object, java.lang.Object)'> (0x0000000082e09140) 
thrown [s\src\hotspot\share\interpreter\linkResolver.cpp, line 771]
Event: 14.764 Thread 0x000002b3dcf3c3a0 Exception <a 'java/lang/NoSuchMethodError'{0x0000000082e46488}: 'java.lang.Object java.lang.invoke.DirectMethodHandle$Holder.invokeVirtual(java.lang.Object, java.lang.Object, java.lang.Object, java.lang.Object)'> (0x0000000082e46488) 
thrown [s\src\hotspot\share\interpreter\linkResolver.cpp, line 771]
Event: 15.309 Thread 0x000002b3dcf3c3a0 Exception <a 'java/lang/NoSuchMethodError'{0x0000000082a7a2b0}: 'void java.lang.invoke.DirectMethodHandle$Holder.invokeSpecial(java.lang.Object, java.lang.Object, java.lang.Object, java.lang.Object, java.lang.Object, java.lang.Object)'> (0x0000000082a7a2b0) 
thrown [s\src\hotspot\share\interpreter\linkResolver.cpp, line 771]
Event: 15.542 Thread 0x000002b3dcf3c3a0 Exception <a 'java/lang/NoSuchMethodError'{0x0000000082ae2db0}: 'void java.lang.invoke.DirectMethodHandle$Holder.invokeSpecial(java.lang.Object, java.lang.Object, java.lang.Object, java.lang.Object, java.lang.Object, java.lang.Object, java.lang.Object)'> (0x0000000082ae2db0) 
thrown [s\src\hotspot\share\interpreter\linkResolver.cpp, line 771]
Event: 15.545 Thread 0x000002b3dcf3c3a0 Exception <a 'java/lang/NoSuchMethodError'{0x0000000082aeb7b8}: 'java.lang.Object java.lang.invoke.DirectMethodHandle$Holder.newInvokeSpecial(java.lang.Object, java.lang.Object, java.lang.Object, java.lang.Object, java.lang.Object, java.lang.Object)'> (0x0000000082aeb7b8) 
thrown [s\src\hotspot\share\interpreter\linkResolver.cpp, line 771]
Event: 16.000 Thread 0x000002b3dcf3c3a0 Exception <a 'java/lang/NoSuchMethodError'{0x00000000827b7770}: 'java.lang.Object java.lang.invoke.Invokers$Holder.invoker(java.lang.Object, java.lang.Object, java.lang.Object, java.lang.Object, java.lang.Object, java.lang.Object)'> (0x00000000827b7770) 
thrown [s\src\hotspot\share\interpreter\linkResolver.cpp, line 771]
Event: 16.236 Thread 0x000002b3dcf3c3a0 Exception <a 'java/lang/NoSuchMethodError'{0x00000000825f3300}: 'int java.lang.invoke.DirectMethodHandle$Holder.invokeStaticInit(java.lang.Object, java.lang.Object, java.lang.Object)'> (0x00000000825f3300) 
thrown [s\src\hotspot\share\interpreter\linkResolver.cpp, line 771]
Event: 16.511 Thread 0x000002b3dcf3c3a0 Exception <a 'java/lang/NoSuchMethodError'{0x0000000083b063c0}: 'void java.lang.invoke.DirectMethodHandle$Holder.invokeStaticInit(java.lang.Object, java.lang.Object)'> (0x0000000083b063c0) 
thrown [s\src\hotspot\share\interpreter\linkResolver.cpp, line 771]
Event: 16.876 Thread 0x000002b3dcf3c3a0 Exception <a 'java/lang/NoSuchMethodError'{0x00000000838e23a0}: 'void java.lang.invoke.DirectMethodHandle$Holder.invokeStatic(java.lang.Object, java.lang.Object, java.lang.Object, java.lang.Object)'> (0x00000000838e23a0) 
thrown [s\src\hotspot\share\interpreter\linkResolver.cpp, line 771]
Event: 16.883 Thread 0x000002b3dcf3c3a0 Exception <a 'java/lang/NoSuchMethodError'{0x00000000838f69f8}: 'int java.lang.invoke.DirectMethodHandle$Holder.invokeInterface(java.lang.Object, java.lang.Object)'> (0x00000000838f69f8) 
thrown [s\src\hotspot\share\interpreter\linkResolver.cpp, line 771]
Event: 17.214 Thread 0x000002b3dcf3c3a0 Exception <a 'java/lang/NoSuchMethodError'{0x000000008328e3f0}: 'java.lang.Object java.lang.invoke.DirectMethodHandle$Holder.invokeSpecialIFC(java.lang.Object, java.lang.Object, java.lang.Object, java.lang.Object)'> (0x000000008328e3f0) 
thrown [s\src\hotspot\share\interpreter\linkResolver.cpp, line 771]
Event: 17.237 Thread 0x000002b3dcf3c3a0 Exception <a 'java/lang/NoSuchMethodError'{0x00000000831024f8}: 'java.lang.Object java.lang.invoke.DirectMethodHandle$Holder.invokeSpecial(java.lang.Object, java.lang.Object, java.lang.Object, java.lang.Object, java.lang.Object, java.lang.Object, java.lang.Object, java.lang.Object, java.lang.Object, java.lang.Object, java.lang.Object, java.lang.Object, java.lang.Object)'> (0x00000000831024f8) 
thrown [s\src\hotspot\share\interpreter\linkResolver.cpp, line 771]
Event: 17.245 Thread 0x000002b3dcf3c3a0 Exception <a 'java/lang/NoSuchMethodError'{0x0000000083113d20}: 'java.lang.Object java.lang.invoke.DirectMethodHandle$Holder.newInvokeSpecial(java.lang.Object, java.lang.Object, java.lang.Object, java.lang.Object, java.lang.Object, java.lang.Object, java.lang.Object, java.lang.Object, java.lang.Object, java.lang.Object, java.lang.Object)'> (0x0000000083113d20) 
thrown [s\src\hotspot\share\interpreter\linkResolver.cpp, line 771]
Event: 17.246 Thread 0x000002b3dcf3c3a0 Exception <a 'java/lang/NoSuchMethodError'{0x0000000083119950}: 'java.lang.Object java.lang.invoke.DirectMethodHandle$Holder.invokeSpecial(java.lang.Object, java.lang.Object, java.lang.Object, java.lang.Object, java.lang.Object, java.lang.Object, java.lang.Object, java.lang.Object, java.lang.Object, java.lang.Object, java.lang.Object, java.lang.Object)'> (0x0000000083119950) 
thrown [s\src\hotspot\share\interpreter\linkResolver.cpp, line 771]
Event: 17.247 Thread 0x000002b3dcf3c3a0 Exception <a 'java/lang/NoSuchMethodError'{0x000000008311ed40}: 'java.lang.Object java.lang.invoke.Invokers$Holder.linkToTargetMethod(java.lang.Object, java.lang.Object, java.lang.Object, java.lang.Object, java.lang.Object, java.lang.Object, java.lang.Object, java.lang.Object, java.lang.Object, java.lang.Object, java.lang.Object)'> (0x000000008311ed40) 
thrown [s\src\hotspot\share\interpreter\linkResolver.cpp, line 771]
Event: 17.272 Thread 0x000002b3dcf3c3a0 Exception <a 'java/lang/NoSuchMethodError'{0x00000000831b3eb8}: 'java.lang.Object java.lang.invoke.DirectMethodHandle$Holder.invokeSpecial(java.lang.Object, java.lang.Object, java.lang.Object, java.lang.Object, java.lang.Object, java.lang.Object, java.lang.Object, java.lang.Object, java.lang.Object, java.lang.Object, java.lang.Object, java.lang.Object, java.lang.Object, java.lang.Object)'> (0x00000000831b3eb8) 
thrown [s\src\hotspot\share\interpreter\linkResolver.cpp, line 771]
Event: 17.275 Thread 0x000002b3dcf3c3a0 Exception <a 'java/lang/NoSuchMethodError'{0x00000000831c6288}: 'java.lang.Object java.lang.invoke.DirectMethodHandle$Holder.newInvokeSpecial(java.lang.Object, java.lang.Object, java.lang.Object, java.lang.Object, java.lang.Object, java.lang.Object, java.lang.Object, java.lang.Object, java.lang.Object, java.lang.Object, java.lang.Object, java.lang.Object)'> (0x00000000831c6288) 
thrown [s\src\hotspot\share\interpreter\linkResolver.cpp, line 771]
Event: 17.276 Thread 0x000002b3dcf3c3a0 Exception <a 'java/lang/NoSuchMethodError'{0x00000000831cbc28}: 'java.lang.Object java.lang.invoke.Invokers$Holder.linkToTargetMethod(java.lang.Object, java.lang.Object, java.lang.Object, java.lang.Object, java.lang.Object, java.lang.Object, java.lang.Object, java.lang.Object, java.lang.Object, java.lang.Object, java.lang.Object, java.lang.Object)'> (0x00000000831cbc28) 
thrown [s\src\hotspot\share\interpreter\linkResolver.cpp, line 771]
Event: 17.293 Thread 0x000002b3dcf3c3a0 Exception <a 'java/lang/NoSuchMethodError'{0x00000000830224c0}: 'java.lang.Object java.lang.invoke.DirectMethodHandle$Holder.invokeStaticInit(java.lang.Object, java.lang.Object, java.lang.Object, java.lang.Object)'> (0x00000000830224c0) 
thrown [s\src\hotspot\share\interpreter\linkResolver.cpp, line 771]
Event: 17.532 Thread 0x000002b3dcf3c3a0 Implicit null exception at 0x000002b3cc35c113 to 0x000002b3cc35c550

VM Operations (20 events):
Event: 12.561 Executing VM operation: HandshakeAllThreads
Event: 12.561 Executing VM operation: HandshakeAllThreads done
Event: 12.563 Executing VM operation: HandshakeAllThreads
Event: 12.563 Executing VM operation: HandshakeAllThreads done
Event: 13.202 Executing VM operation: CollectForMetadataAllocation
Event: 13.247 Executing VM operation: CollectForMetadataAllocation done
Event: 13.299 Executing VM operation: G1Concurrent
Event: 13.302 Executing VM operation: G1Concurrent done
Event: 13.314 Executing VM operation: G1Concurrent
Event: 13.314 Executing VM operation: G1Concurrent done
Event: 14.328 Executing VM operation: Cleanup
Event: 14.329 Executing VM operation: Cleanup done
Event: 15.343 Executing VM operation: Cleanup
Event: 15.366 Executing VM operation: Cleanup done
Event: 16.372 Executing VM operation: G1CollectForAllocation
Event: 16.380 Executing VM operation: G1CollectForAllocation done
Event: 17.537 Executing VM operation: HandshakeAllThreads
Event: 17.537 Executing VM operation: HandshakeAllThreads done
Event: 17.537 Executing VM operation: Cleanup
Event: 17.538 Executing VM operation: Cleanup done

Events (20 events):
Event: 16.890 loading class java/util/stream/ForEachOps
Event: 16.892 loading class java/util/stream/ForEachOps done
Event: 16.892 loading class java/util/stream/ForEachOps$ForEachOp$OfRef
Event: 16.892 loading class java/util/stream/ForEachOps$ForEachOp
Event: 16.892 loading class java/util/stream/ForEachOps$ForEachOp done
Event: 16.892 loading class java/util/stream/ForEachOps$ForEachOp$OfRef done
Event: 16.892 loading class java/util/stream/SortedOps$RefSortingSink
Event: 16.893 loading class java/util/stream/SortedOps$AbstractRefSortingSink
Event: 16.893 loading class java/util/stream/SortedOps$AbstractRefSortingSink done
Event: 16.893 loading class java/util/stream/SortedOps$RefSortingSink done
Event: 17.189 Thread 0x000002b3dd31c960 Thread added: 0x000002b3dd31c960
Event: 17.362 Thread 0x000002b3dd31ce30 Thread added: 0x000002b3dd31ce30
Event: 17.549 loading class java/lang/Class$EnclosingMethodInfo
Event: 17.549 loading class java/lang/Class$EnclosingMethodInfo done
Event: 17.555 loading class sun/reflect/generics/tree/IntSignature
Event: 17.555 loading class sun/reflect/generics/tree/IntSignature done
Event: 17.555 loading class sun/reflect/generics/tree/ArrayTypeSignature
Event: 17.556 loading class sun/reflect/generics/tree/ArrayTypeSignature done
Event: 17.566 loading class java/lang/SafeVarargs
Event: 17.566 loading class java/lang/SafeVarargs done


Dynamic libraries:
0x00007ff7529e0000 - 0x00007ff7529ea000 	C:\Program Files\Android\Android Studio\jbr\bin\java.exe
0x00007ffb865b0000 - 0x00007ffb867c7000 	C:\WINDOWS\SYSTEM32\ntdll.dll
0x00007ffb84780000 - 0x00007ffb84844000 	C:\WINDOWS\System32\KERNEL32.DLL
0x00007ffb83a40000 - 0x00007ffb83de5000 	C:\WINDOWS\System32\KERNELBASE.dll
0x00007ffb841e0000 - 0x00007ffb842f1000 	C:\WINDOWS\System32\ucrtbase.dll
0x00007ffb6b770000 - 0x00007ffb6b787000 	C:\Program Files\Android\Android Studio\jbr\bin\jli.dll
0x00007ffb85ef0000 - 0x00007ffb8609e000 	C:\WINDOWS\System32\USER32.dll
0x00007ffb83f10000 - 0x00007ffb83f36000 	C:\WINDOWS\System32\win32u.dll
0x00007ffb851e0000 - 0x00007ffb85209000 	C:\WINDOWS\System32\GDI32.dll
0x00007ffb83920000 - 0x00007ffb83a39000 	C:\WINDOWS\System32\gdi32full.dll
0x00007ffb83e70000 - 0x00007ffb83f0a000 	C:\WINDOWS\System32\msvcp_win.dll
0x00007ffb6b9a0000 - 0x00007ffb6b9bb000 	C:\Program Files\Android\Android Studio\jbr\bin\VCRUNTIME140.dll
0x00007ffb6eae0000 - 0x00007ffb6ed73000 	C:\WINDOWS\WinSxS\amd64_microsoft.windows.common-controls_6595b64144ccf1df_6.0.22621.2506_none_270c5ae97388e100\COMCTL32.dll
0x00007ffb850d0000 - 0x00007ffb85177000 	C:\WINDOWS\System32\msvcrt.dll
0x00007ffb86270000 - 0x00007ffb862a1000 	C:\WINDOWS\System32\IMM32.DLL
0x00007ffb6ba30000 - 0x00007ffb6ba3c000 	C:\Program Files\Android\Android Studio\jbr\bin\vcruntime140_1.dll
0x00007ffb4d530000 - 0x00007ffb4d5bd000 	C:\Program Files\Android\Android Studio\jbr\bin\msvcp140.dll
0x00007ffb4f9b0000 - 0x00007ffb5061e000 	C:\Program Files\Android\Android Studio\jbr\bin\server\jvm.dll
0x00007ffb84ed0000 - 0x00007ffb84f81000 	C:\WINDOWS\System32\ADVAPI32.dll
0x00007ffb860a0000 - 0x00007ffb86146000 	C:\WINDOWS\System32\sechost.dll
0x00007ffb86150000 - 0x00007ffb86267000 	C:\WINDOWS\System32\RPCRT4.dll
0x00007ffb5beb0000 - 0x00007ffb5beb9000 	C:\WINDOWS\SYSTEM32\WSOCK32.dll
0x00007ffb84e50000 - 0x00007ffb84ec1000 	C:\WINDOWS\System32\WS2_32.dll
0x00007ffb73470000 - 0x00007ffb734a4000 	C:\WINDOWS\SYSTEM32\WINMM.dll
0x00007ffb6ea90000 - 0x00007ffb6ea9a000 	C:\WINDOWS\SYSTEM32\VERSION.dll
0x00007ffb82920000 - 0x00007ffb82938000 	C:\WINDOWS\SYSTEM32\kernel.appcore.dll
0x00007ffb7b950000 - 0x00007ffb7b95a000 	C:\Program Files\Android\Android Studio\jbr\bin\jimage.dll
0x00007ffb7e330000 - 0x00007ffb7e563000 	C:\WINDOWS\SYSTEM32\DBGHELP.DLL
0x00007ffb84950000 - 0x00007ffb84cd9000 	C:\WINDOWS\System32\combase.dll
0x00007ffb84ff0000 - 0x00007ffb850c7000 	C:\WINDOWS\System32\OLEAUT32.dll
0x00007ffb54340000 - 0x00007ffb54372000 	C:\WINDOWS\SYSTEM32\dbgcore.DLL
0x00007ffb83df0000 - 0x00007ffb83e6a000 	C:\WINDOWS\System32\bcryptPrimitives.dll
0x00007ffb6bc40000 - 0x00007ffb6bc65000 	C:\Program Files\Android\Android Studio\jbr\bin\java.dll
0x00007ffb6e8a0000 - 0x00007ffb6e8b8000 	C:\Program Files\Android\Android Studio\jbr\bin\zip.dll
0x00007ffb85210000 - 0x00007ffb85a69000 	C:\WINDOWS\System32\SHELL32.dll
0x00007ffb81840000 - 0x00007ffb82134000 	C:\WINDOWS\SYSTEM32\windows.storage.dll
0x00007ffb81700000 - 0x00007ffb8183e000 	C:\WINDOWS\SYSTEM32\wintypes.dll
0x00007ffb86470000 - 0x00007ffb86563000 	C:\WINDOWS\System32\SHCORE.dll
0x00007ffb84df0000 - 0x00007ffb84e4e000 	C:\WINDOWS\System32\shlwapi.dll
0x00007ffb83850000 - 0x00007ffb83876000 	C:\WINDOWS\SYSTEM32\profapi.dll
0x00007ffb6bc20000 - 0x00007ffb6bc39000 	C:\Program Files\Android\Android Studio\jbr\bin\net.dll
0x00007ffb76ef0000 - 0x00007ffb77027000 	C:\WINDOWS\SYSTEM32\WINHTTP.dll
0x00007ffb82da0000 - 0x00007ffb82e09000 	C:\WINDOWS\system32\mswsock.dll
0x00007ffb6bbc0000 - 0x00007ffb6bbd6000 	C:\Program Files\Android\Android Studio\jbr\bin\nio.dll
0x00007ffb788e0000 - 0x00007ffb788f0000 	C:\Program Files\Android\Android Studio\jbr\bin\verify.dll
0x00007ffb6b850000 - 0x00007ffb6b877000 	C:\Users\Ian\.gradle\native\e1d6ef7f7dcc3fd88c89a11ec53ec762bb8ba0a96d01ffa2cd45eb1d1d8dd5c5\windows-amd64\native-platform.dll
0x00007ffb40520000 - 0x00007ffb40664000 	C:\Users\Ian\.gradle\native\5664cfc778a61ccfe75a443a1ab52a65af34e5dc3c78e0209fed803814484fcb\windows-amd64\native-platform-file-events.dll
0x00007ffb6e820000 - 0x00007ffb6e829000 	C:\Program Files\Android\Android Studio\jbr\bin\management.dll
0x00007ffb6daa0000 - 0x00007ffb6daab000 	C:\Program Files\Android\Android Studio\jbr\bin\management_ext.dll
0x00007ffb862b0000 - 0x00007ffb862b8000 	C:\WINDOWS\System32\PSAPI.DLL
0x00007ffb82ff0000 - 0x00007ffb8300b000 	C:\WINDOWS\SYSTEM32\CRYPTSP.dll
0x00007ffb82880000 - 0x00007ffb828b5000 	C:\WINDOWS\system32\rsaenh.dll
0x00007ffb82e90000 - 0x00007ffb82ebc000 	C:\WINDOWS\SYSTEM32\USERENV.dll
0x00007ffb831e0000 - 0x00007ffb83208000 	C:\WINDOWS\SYSTEM32\bcrypt.dll
0x00007ffb83010000 - 0x00007ffb8301c000 	C:\WINDOWS\SYSTEM32\CRYPTBASE.dll
0x00007ffb823e0000 - 0x00007ffb8240d000 	C:\WINDOWS\SYSTEM32\IPHLPAPI.DLL
0x00007ffb851d0000 - 0x00007ffb851d9000 	C:\WINDOWS\System32\NSI.dll
0x00007ffb740f0000 - 0x00007ffb74109000 	C:\WINDOWS\SYSTEM32\dhcpcsvc6.DLL
0x00007ffb73fe0000 - 0x00007ffb73fff000 	C:\WINDOWS\SYSTEM32\dhcpcsvc.DLL
0x00007ffb82410000 - 0x00007ffb82509000 	C:\WINDOWS\SYSTEM32\DNSAPI.dll
0x00007ffb6cd20000 - 0x00007ffb6cd28000 	C:\WINDOWS\system32\wshunix.dll

dbghelp: loaded successfully - version: 4.0.5 - missing functions: none
symbol engine: initialized successfully - sym options: 0x614 - pdb path: .;C:\Program Files\Android\Android Studio\jbr\bin;C:\WINDOWS\SYSTEM32;C:\WINDOWS\WinSxS\amd64_microsoft.windows.common-controls_6595b64144ccf1df_6.0.22621.2506_none_270c5ae97388e100;C:\Program Files\Android\Android Studio\jbr\bin\server;C:\Users\Ian\.gradle\native\e1d6ef7f7dcc3fd88c89a11ec53ec762bb8ba0a96d01ffa2cd45eb1d1d8dd5c5\windows-amd64;C:\Users\Ian\.gradle\native\5664cfc778a61ccfe75a443a1ab52a65af34e5dc3c78e0209fed803814484fcb\windows-amd64

VM Arguments:
jvm_args: --add-opens=java.base/java.util=ALL-UNNAMED --add-opens=java.base/java.lang=ALL-UNNAMED --add-opens=java.base/java.lang.invoke=ALL-UNNAMED --add-opens=java.base/java.util=ALL-UNNAMED --add-opens=java.prefs/java.util.prefs=ALL-UNNAMED --add-opens=java.prefs/java.util.prefs=ALL-UNNAMED --add-opens=java.base/java.nio.charset=ALL-UNNAMED --add-opens=java.base/java.net=ALL-UNNAMED --add-opens=java.base/java.util.concurrent.atomic=ALL-UNNAMED -Xmx2048m -Dfile.encoding=UTF-8 -Duser.country=ID -Duser.language=id -Duser.variant 
java_command: org.gradle.launcher.daemon.bootstrap.GradleDaemon 7.2
java_class_path (initial): C:\Users\Ian\.gradle\wrapper\dists\gradle-7.2-bin\2dnblmf4td7x66yl1d74lt32g\gradle-7.2\lib\gradle-launcher-7.2.jar
Launcher Type: SUN_STANDARD

[Global flags]
     intx CICompilerCount                          = 3                                         {product} {ergonomic}
     uint ConcGCThreads                            = 1                                         {product} {ergonomic}
     uint G1ConcRefinementThreads                  = 4                                         {product} {ergonomic}
   size_t G1HeapRegionSize                         = 1048576                                   {product} {ergonomic}
    uintx GCDrainStackTargetSize                   = 64                                        {product} {ergonomic}
   size_t InitialHeapSize                          = 65011712                                  {product} {ergonomic}
   size_t MarkStackSize                            = 4194304                                   {product} {ergonomic}
   size_t MaxHeapSize                              = 2147483648                                {product} {command line}
   size_t MaxNewSize                               = 1287651328                                {product} {ergonomic}
   size_t MinHeapDeltaBytes                        = 1048576                                   {product} {ergonomic}
   size_t MinHeapSize                              = 8388608                                   {product} {ergonomic}
    uintx NonNMethodCodeHeapSize                   = 5832780                                {pd product} {ergonomic}
    uintx NonProfiledCodeHeapSize                  = 122912730                              {pd product} {ergonomic}
    uintx ProfiledCodeHeapSize                     = 122912730                              {pd product} {ergonomic}
    uintx ReservedCodeCacheSize                    = 251658240                              {pd product} {ergonomic}
     bool SegmentedCodeCache                       = true                                      {product} {ergonomic}
   size_t SoftMaxHeapSize                          = 2147483648                             {manageable} {ergonomic}
     bool UseCompressedClassPointers               = true                           {product lp64_product} {ergonomic}
     bool UseCompressedOops                        = true                           {product lp64_product} {ergonomic}
     bool UseG1GC                                  = true                                      {product} {ergonomic}
     bool UseLargePagesIndividualAllocation        = false                                  {pd product} {ergonomic}

Logging:
Log output configuration:
 #0: stdout all=warning uptime,level,tags
 #1: stderr all=off uptime,level,tags

Environment Variables:
PATH=C:\ProgramData\Oracle\Java\javapath;C:\Program Files\OpenLogic\jdk-17.0.6.10-hotspot\bin;C:\Program Files\OpenJDK\jdk-11.0.18.10-hotspot\bin;C:\Program Files (x86)\Common Files\Oracle\Java\javapath;C:\Program Files (x86)\Common Files\Intel\Shared Files\cpp\bin\Intel64;C:\WINDOWS\system32;C:\WINDOWS;C:\WINDOWS\System32\Wbem;C:\WINDOWS\System32\WindowsPowerShell\v1.0\;C:\WINDOWS\System32\OpenSSH\;C:\Program Files\Intel\WiFi\bin\;C:\Program Files\Common Files\Intel\WirelessCommon\;C:\Program Files\Git\cmd;C:\Users\Ian\AppData\Local\Microsoft\WindowsApps;;C:\Users\Ian\AppData\Local\Programs\Microsoft VS Code\bin
USERNAME=Ian
OS=Windows_NT
PROCESSOR_IDENTIFIER=Intel64 Family 6 Model 142 Stepping 10, GenuineIntel
TMP=C:\Users\Ian\AppData\Local\Temp
TEMP=C:\Users\Ian\AppData\Local\Temp


JNI global refs:
JNI global refs: 22, weak refs: 2

JNI global refs memory usage: 843, weak refs: 841


---------------  S Y S T E M  ---------------

OS:
 Windows 11 , 64 bit Build 22621 (10.0.22621.2506)
OS uptime: 0 days 2:52 hours

CPU: total 4 (initial active 4) (2 cores per cpu, 2 threads per core) family 6 model 142 stepping 10 microcode 0xe0, cx8, cmov, fxsr, ht, mmx, 3dnowpref, sse, sse2, sse3, ssse3, sse4.1, sse4.2, popcnt, lzcnt, tsc, tscinvbit, aes, erms, clmul, clflush, clflushopt

Memory: 4k page, system-wide physical 3952M (249M free)
TotalPageFile size 8048M (AvailPageFile size 0M)
current process WorkingSet (physical memory assigned to process): 161M, peak: 162M
current process commit charge ("private bytes"): 198M, peak: 200M

vm_info: OpenJDK 64-Bit Server VM (17.0.6+0-b2043.56-10027231) for windows-amd64 JRE (17.0.6+0-b2043.56-10027231), built on Apr 28 2023 00:43:19 by "androidbuild" with MS VC++ 16.10 / 16.11 (VS2019)

END.
