#
# There is insufficient memory for the Java Runtime Environment to continue.
# Native memory allocation (mmap) failed to map 319815680 bytes for G1 virtual space
# Possible reasons:
#   The system is out of physical RAM or swap space
#   The process is running with CompressedOops enabled, and the Java Heap may be blocking the growth of the native heap
# Possible solutions:
#   Reduce memory load on the system
#   Increase physical memory or swap space
#   Check if swap backing store is full
#   Decrease Java heap size (-Xmx/-Xms)
#   Decrease number of Java threads
#   Decrease Java thread stack sizes (-Xss)
#   Set larger code cache with -XX:ReservedCodeCacheSize=
#   JVM is running with Unscaled Compressed Oops mode in which the Java heap is
#     placed in the first 4GB address space. The Java Heap base address is the
#     maximum limit for the native heap growth. Please use -XX:HeapBaseMinAddress
#     to set the Java Heap base and to place the Java Heap above 4GB virtual address.
# This output file may be truncated or incomplete.
#
#  Out of Memory Error (os_windows.cpp:3769), pid=15560, tid=15576
#
# JRE version: OpenJDK Runtime Environment (17.0.6) (build 17.0.6+0-b2043.56-10027231)
# Java VM: OpenJDK 64-Bit Server VM (17.0.6+0-b2043.56-10027231, mixed mode, tiered, compressed oops, compressed class ptrs, g1 gc, windows-amd64)
# No core dump will be written. Minidumps are not enabled by default on client versions of Windows
#

---------------  S U M M A R Y ------------

Command Line: --add-opens=java.base/java.util=ALL-UNNAMED --add-opens=java.base/java.lang=ALL-UNNAMED --add-opens=java.base/java.lang.invoke=ALL-UNNAMED --add-opens=java.base/java.util=ALL-UNNAMED --add-opens=java.prefs/java.util.prefs=ALL-UNNAMED --add-opens=java.prefs/java.util.prefs=ALL-UNNAMED --add-opens=java.base/java.nio.charset=ALL-UNNAMED --add-opens=java.base/java.net=ALL-UNNAMED --add-opens=java.base/java.util.concurrent.atomic=ALL-UNNAMED -Xmx2048m -Dfile.encoding=UTF-8 -Duser.country=ID -Duser.language=id -Duser.variant org.gradle.launcher.daemon.bootstrap.GradleDaemon 7.2

Host: Intel(R) Pentium(R) CPU 4417U @ 2.30GHz, 4 cores, 3G,  Windows 11 , 64 bit Build 22621 (10.0.22621.2506)
Time: Wed Dec  6 20:40:12 2023 SE Asia Standard Time elapsed time: 40.334037 seconds (0d 0h 0m 40s)

---------------  T H R E A D  ---------------

Current thread (0x0000023754c96b40):  VMThread "VM Thread" [stack: 0x000000a514e00000,0x000000a514f00000] [id=15576]

Stack: [0x000000a514e00000,0x000000a514f00000]
Native frames: (J=compiled Java code, j=interpreted, Vv=VM code, C=native code)
V  [jvm.dll+0x683c9a]
V  [jvm.dll+0x8427a4]
V  [jvm.dll+0x843f9e]
V  [jvm.dll+0x844603]
V  [jvm.dll+0x249b75]
V  [jvm.dll+0x680b69]
V  [jvm.dll+0x67505a]
V  [jvm.dll+0x309acb]
V  [jvm.dll+0x310f86]
V  [jvm.dll+0x3608ee]
V  [jvm.dll+0x360b1f]
V  [jvm.dll+0x2dfbf8]
V  [jvm.dll+0x2ddec4]
V  [jvm.dll+0x2dd4cc]
V  [jvm.dll+0x321f3b]
V  [jvm.dll+0x848ccb]
V  [jvm.dll+0x849a04]
V  [jvm.dll+0x849f1d]
V  [jvm.dll+0x84a2f4]
V  [jvm.dll+0x84a3c0]
V  [jvm.dll+0x7f274a]
V  [jvm.dll+0x682ad5]
C  [ucrtbase.dll+0x29363]
C  [KERNEL32.DLL+0x1257d]
C  [ntdll.dll+0x5aa58]

VM_Operation (0x000000a518df8170): G1CollectForAllocation, mode: safepoint, requested by thread 0x0000023759ba53f0


---------------  P R O C E S S  ---------------

Threads class SMR info:
_java_thread_list=0x00000237601b6920, length=90, elements={
0x000002373b719ca0, 0x0000023754d03690, 0x0000023754cd6d80, 0x000002375582e010,
0x000002375582e8d0, 0x00000237558353a0, 0x0000023755837d60, 0x0000023755838950,
0x0000023755839300, 0x0000023754d0bf40, 0x00000237559dc010, 0x00000237559dc4e0,
0x00000237575772d0, 0x000002375778a9a0, 0x0000023756e2c740, 0x0000023757784c60,
0x000002375771e7d0, 0x0000023755871e60, 0x0000023755872700, 0x000002375721af80,
0x000002375721bdf0, 0x000002375721c790, 0x000002375721b450, 0x000002375721c2c0,
0x000002375721b920, 0x0000023758c34120, 0x0000023758c31aa0, 0x0000023758c33780,
0x0000023758c37ae0, 0x0000023758c367a0, 0x0000023758c362d0, 0x0000023758c345f0,
0x0000023758c37140, 0x0000023758c33c50, 0x0000023758c31100, 0x0000023758c315d0,
0x0000023758c36c70, 0x0000023758c37610, 0x0000023758c30290, 0x0000023758c32910,
0x0000023758c30c30, 0x0000023758c35930, 0x0000023758c31f70, 0x0000023758c32440,
0x0000023758c32de0, 0x0000023759ba0bc0, 0x0000023759b9f3b0, 0x0000023759ba1f00,
0x0000023759ba40b0, 0x0000023759ba3be0, 0x0000023759ba3710, 0x0000023759ba28a0,
0x0000023759ba4580, 0x0000023759ba3240, 0x0000023759ba1090, 0x0000023759b9dba0,
0x0000023759ba4a50, 0x0000023759ba4f20, 0x0000023759ba53f0, 0x0000023759b9e070,
0x0000023759b9f880, 0x0000023759b9e540, 0x0000023759b9ea10, 0x0000023759ba06f0,
0x0000023759b9eee0, 0x0000023759b9fd50, 0x0000023759ba0220, 0x0000023759ba1560,
0x0000023759ba1a30, 0x0000023759ba23d0, 0x0000023759ba2d70, 0x0000023758d0c290,
0x0000023758d08400, 0x0000023758d09c10, 0x0000023758d0cc30, 0x0000023758d0aa80,
0x0000023758d0b420, 0x0000023758d088d0, 0x0000023758d0e910, 0x0000023758d0daa0,
0x0000023758d0af50, 0x0000023758d0bdc0, 0x0000023758d07f30, 0x0000023758d0d100,
0x0000023758d0e440, 0x0000023758d07a60, 0x0000023758ca3960, 0x000002375f983c60,
0x000002375f981110, 0x000002375f984fa0
}

Java Threads: ( => current thread )
  0x000002373b719ca0 JavaThread "main" [_thread_blocked, id=16192, stack(0x000000a514800000,0x000000a514900000)]
  0x0000023754d03690 JavaThread "Reference Handler" daemon [_thread_blocked, id=2076, stack(0x000000a514f00000,0x000000a515000000)]
  0x0000023754cd6d80 JavaThread "Finalizer" daemon [_thread_blocked, id=6544, stack(0x000000a515000000,0x000000a515100000)]
  0x000002375582e010 JavaThread "Signal Dispatcher" daemon [_thread_blocked, id=5276, stack(0x000000a515200000,0x000000a515300000)]
  0x000002375582e8d0 JavaThread "Attach Listener" daemon [_thread_blocked, id=16304, stack(0x000000a515300000,0x000000a515400000)]
  0x00000237558353a0 JavaThread "Service Thread" daemon [_thread_blocked, id=2564, stack(0x000000a515400000,0x000000a515500000)]
  0x0000023755837d60 JavaThread "Monitor Deflation Thread" daemon [_thread_blocked, id=16140, stack(0x000000a515500000,0x000000a515600000)]
  0x0000023755838950 JavaThread "C2 CompilerThread0" daemon [_thread_in_native, id=8624, stack(0x000000a515600000,0x000000a515700000)]
  0x0000023755839300 JavaThread "C1 CompilerThread0" daemon [_thread_blocked, id=16212, stack(0x000000a515700000,0x000000a515800000)]
  0x0000023754d0bf40 JavaThread "Sweeper thread" daemon [_thread_blocked, id=13828, stack(0x000000a515800000,0x000000a515900000)]
  0x00000237559dc010 JavaThread "Common-Cleaner" daemon [_thread_blocked, id=16180, stack(0x000000a515900000,0x000000a515a00000)]
  0x00000237559dc4e0 JavaThread "Notification Thread" daemon [_thread_blocked, id=14628, stack(0x000000a515a00000,0x000000a515b00000)]
  0x00000237575772d0 JavaThread "Daemon health stats" [_thread_blocked, id=8804, stack(0x000000a515f00000,0x000000a516000000)]
  0x000002375778a9a0 JavaThread "Incoming local TCP Connector on port 52732" [_thread_in_native, id=8372, stack(0x000000a516000000,0x000000a516100000)]
  0x0000023756e2c740 JavaThread "Daemon periodic checks" [_thread_blocked, id=15588, stack(0x000000a516100000,0x000000a516200000)]
  0x0000023757784c60 JavaThread "Daemon" [_thread_blocked, id=5468, stack(0x000000a516200000,0x000000a516300000)]
  0x000002375771e7d0 JavaThread "Handler for socket connection from /127.0.0.1:52732 to /127.0.0.1:52733" [_thread_in_native, id=11844, stack(0x000000a516300000,0x000000a516400000)]
  0x0000023755871e60 JavaThread "Cancel handler" [_thread_blocked, id=13304, stack(0x000000a516400000,0x000000a516500000)]
  0x0000023755872700 JavaThread "Daemon worker" [_thread_blocked, id=13052, stack(0x000000a516500000,0x000000a516600000)]
  0x000002375721af80 JavaThread "Asynchronous log dispatcher for DefaultDaemonConnection: socket connection from /127.0.0.1:52732 to /127.0.0.1:52733" [_thread_blocked, id=8572, stack(0x000000a516600000,0x000000a516700000)]
  0x000002375721bdf0 JavaThread "Stdin handler" [_thread_blocked, id=9720, stack(0x000000a516700000,0x000000a516800000)]
  0x000002375721c790 JavaThread "Daemon client event forwarder" [_thread_blocked, id=9796, stack(0x000000a516800000,0x000000a516900000)]
  0x000002375721b450 JavaThread "Cache worker for journal cache (C:\Users\Ian\.gradle\caches\journal-1)" [_thread_blocked, id=15988, stack(0x000000a516900000,0x000000a516a00000)]
  0x000002375721c2c0 JavaThread "File lock request listener" [_thread_in_native, id=524, stack(0x000000a516a00000,0x000000a516b00000)]
  0x000002375721b920 JavaThread "Cache worker for file hash cache (C:\Users\Ian\.gradle\caches\7.2\fileHashes)" [_thread_blocked, id=16036, stack(0x000000a516b00000,0x000000a516c00000)]
  0x0000023758c34120 JavaThread "Cache worker for file hash cache (C:\Users\Ian\AndroidStudioProjects\ujianandroid_\.gradle\7.2\fileHashes)" [_thread_blocked, id=5916, stack(0x000000a516c00000,0x000000a516d00000)]
  0x0000023758c31aa0 JavaThread "File watcher server" daemon [_thread_blocked, id=2296, stack(0x000000a516d00000,0x000000a516e00000)]
  0x0000023758c33780 JavaThread "File watcher consumer" daemon [_thread_blocked, id=15428, stack(0x000000a516e00000,0x000000a516f00000)]
  0x0000023758c37ae0 JavaThread "Cache worker for checksums cache (C:\Users\Ian\AndroidStudioProjects\ujianandroid_\.gradle\checksums)" [_thread_blocked, id=15004, stack(0x000000a516f00000,0x000000a517000000)]
  0x0000023758c367a0 JavaThread "Cache worker for cache directory md-supplier (C:\Users\Ian\.gradle\caches\7.2\md-supplier)" [_thread_blocked, id=5772, stack(0x000000a517000000,0x000000a517100000)]
  0x0000023758c362d0 JavaThread "Cache worker for cache directory md-rule (C:\Users\Ian\.gradle\caches\7.2\md-rule)" [_thread_blocked, id=436, stack(0x000000a517100000,0x000000a517200000)]
  0x0000023758c345f0 JavaThread "Cache worker for execution history cache (C:\Users\Ian\.gradle\caches\7.2\executionHistory)" [_thread_blocked, id=7960, stack(0x000000a517200000,0x000000a517300000)]
  0x0000023758c37140 JavaThread "jar transforms" [_thread_blocked, id=16328, stack(0x000000a517300000,0x000000a517400000)]
  0x0000023758c33c50 JavaThread "jar transforms Thread 2" [_thread_blocked, id=13520, stack(0x000000a517400000,0x000000a517500000)]
  0x0000023758c31100 JavaThread "Cache worker for file content cache (C:\Users\Ian\.gradle\caches\7.2\fileContent)" [_thread_blocked, id=6368, stack(0x000000a517500000,0x000000a517600000)]
  0x0000023758c315d0 JavaThread "jar transforms Thread 3" [_thread_blocked, id=14232, stack(0x000000a517600000,0x000000a517700000)]
  0x0000023758c36c70 JavaThread "jar transforms Thread 4" [_thread_blocked, id=15564, stack(0x000000a517700000,0x000000a517800000)]
  0x0000023758c37610 JavaThread "Cache worker for dependencies-accessors (C:\Users\Ian\AndroidStudioProjects\ujianandroid_\.gradle\7.2\dependencies-accessors)" [_thread_blocked, id=16292, stack(0x000000a517800000,0x000000a517900000)]
  0x0000023758c30290 JavaThread "Cache worker for Build Output Cleanup Cache (C:\Users\Ian\AndroidStudioProjects\ujianandroid_\.gradle\buildOutputCleanup)" [_thread_blocked, id=12240, stack(0x000000a517900000,0x000000a517a00000)]
  0x0000023758c32910 JavaThread "Unconstrained build operations" [_thread_blocked, id=6280, stack(0x000000a517a00000,0x000000a517b00000)]
  0x0000023758c30c30 JavaThread "Unconstrained build operations Thread 2" [_thread_blocked, id=13340, stack(0x000000a517b00000,0x000000a517c00000)]
  0x0000023758c35930 JavaThread "Unconstrained build operations Thread 3" [_thread_blocked, id=7268, stack(0x000000a517c00000,0x000000a517d00000)]
  0x0000023758c31f70 JavaThread "Unconstrained build operations Thread 4" [_thread_blocked, id=2092, stack(0x000000a517d00000,0x000000a517e00000)]
  0x0000023758c32440 JavaThread "Unconstrained build operations Thread 5" [_thread_blocked, id=16200, stack(0x000000a517e00000,0x000000a517f00000)]
  0x0000023758c32de0 JavaThread "Unconstrained build operations Thread 6" [_thread_blocked, id=16208, stack(0x000000a517f00000,0x000000a518000000)]
  0x0000023759ba0bc0 JavaThread "Unconstrained build operations Thread 7" [_thread_blocked, id=52, stack(0x000000a518000000,0x000000a518100000)]
  0x0000023759b9f3b0 JavaThread "Unconstrained build operations Thread 8" [_thread_blocked, id=16308, stack(0x000000a518100000,0x000000a518200000)]
  0x0000023759ba1f00 JavaThread "Unconstrained build operations Thread 9" [_thread_blocked, id=16272, stack(0x000000a518200000,0x000000a518300000)]
  0x0000023759ba40b0 JavaThread "Unconstrained build operations Thread 10" [_thread_blocked, id=16220, stack(0x000000a518300000,0x000000a518400000)]
  0x0000023759ba3be0 JavaThread "Unconstrained build operations Thread 11" [_thread_blocked, id=14652, stack(0x000000a518400000,0x000000a518500000)]
  0x0000023759ba3710 JavaThread "Unconstrained build operations Thread 12" [_thread_blocked, id=8888, stack(0x000000a518500000,0x000000a518600000)]
  0x0000023759ba28a0 JavaThread "Unconstrained build operations Thread 13" [_thread_blocked, id=8616, stack(0x000000a518600000,0x000000a518700000)]
  0x0000023759ba4580 JavaThread "Unconstrained build operations Thread 14" [_thread_blocked, id=15216, stack(0x000000a518700000,0x000000a518800000)]
  0x0000023759ba3240 JavaThread "Unconstrained build operations Thread 15" [_thread_blocked, id=14940, stack(0x000000a518800000,0x000000a518900000)]
  0x0000023759ba1090 JavaThread "Unconstrained build operations Thread 16" [_thread_blocked, id=8148, stack(0x000000a518900000,0x000000a518a00000)]
  0x0000023759b9dba0 JavaThread "Unconstrained build operations Thread 17" [_thread_blocked, id=14308, stack(0x000000a518a00000,0x000000a518b00000)]
  0x0000023759ba4a50 JavaThread "Unconstrained build operations Thread 18" [_thread_blocked, id=15468, stack(0x000000a518b00000,0x000000a518c00000)]
  0x0000023759ba4f20 JavaThread "Unconstrained build operations Thread 19" [_thread_blocked, id=11792, stack(0x000000a518c00000,0x000000a518d00000)]
  0x0000023759ba53f0 JavaThread "Unconstrained build operations Thread 20" [_thread_blocked, id=6716, stack(0x000000a518d00000,0x000000a518e00000)]
  0x0000023759b9e070 JavaThread "Unconstrained build operations Thread 21" [_thread_blocked, id=2572, stack(0x000000a518e00000,0x000000a518f00000)]
  0x0000023759b9f880 JavaThread "Unconstrained build operations Thread 22" [_thread_blocked, id=7300, stack(0x000000a518f00000,0x000000a519000000)]
  0x0000023759b9e540 JavaThread "Unconstrained build operations Thread 23" [_thread_blocked, id=10588, stack(0x000000a519000000,0x000000a519100000)]
  0x0000023759b9ea10 JavaThread "Unconstrained build operations Thread 24" [_thread_blocked, id=1352, stack(0x000000a519100000,0x000000a519200000)]
  0x0000023759ba06f0 JavaThread "Unconstrained build operations Thread 25" [_thread_blocked, id=16232, stack(0x000000a519200000,0x000000a519300000)]
  0x0000023759b9eee0 JavaThread "Unconstrained build operations Thread 26" [_thread_blocked, id=16148, stack(0x000000a519300000,0x000000a519400000)]
  0x0000023759b9fd50 JavaThread "Unconstrained build operations Thread 27" [_thread_blocked, id=14800, stack(0x000000a519400000,0x000000a519500000)]
  0x0000023759ba0220 JavaThread "Unconstrained build operations Thread 28" [_thread_blocked, id=7096, stack(0x000000a519500000,0x000000a519600000)]
  0x0000023759ba1560 JavaThread "Unconstrained build operations Thread 29" [_thread_blocked, id=16156, stack(0x000000a519600000,0x000000a519700000)]
  0x0000023759ba1a30 JavaThread "Unconstrained build operations Thread 30" [_thread_blocked, id=6844, stack(0x000000a519700000,0x000000a519800000)]
  0x0000023759ba23d0 JavaThread "Unconstrained build operations Thread 31" [_thread_blocked, id=13376, stack(0x000000a519800000,0x000000a519900000)]
  0x0000023759ba2d70 JavaThread "Unconstrained build operations Thread 32" [_thread_blocked, id=12024, stack(0x000000a519900000,0x000000a519a00000)]
  0x0000023758d0c290 JavaThread "Unconstrained build operations Thread 33" [_thread_blocked, id=13404, stack(0x000000a519a00000,0x000000a519b00000)]
  0x0000023758d08400 JavaThread "Unconstrained build operations Thread 34" [_thread_blocked, id=12760, stack(0x000000a519b00000,0x000000a519c00000)]
  0x0000023758d09c10 JavaThread "Unconstrained build operations Thread 35" [_thread_blocked, id=1940, stack(0x000000a519c00000,0x000000a519d00000)]
  0x0000023758d0cc30 JavaThread "Unconstrained build operations Thread 36" [_thread_blocked, id=2628, stack(0x000000a519d00000,0x000000a519e00000)]
  0x0000023758d0aa80 JavaThread "Unconstrained build operations Thread 37" [_thread_blocked, id=5908, stack(0x000000a519e00000,0x000000a519f00000)]
  0x0000023758d0b420 JavaThread "Unconstrained build operations Thread 38" [_thread_blocked, id=1212, stack(0x000000a519f00000,0x000000a51a000000)]
  0x0000023758d088d0 JavaThread "Unconstrained build operations Thread 39" [_thread_blocked, id=5596, stack(0x000000a51a000000,0x000000a51a100000)]
  0x0000023758d0e910 JavaThread "Unconstrained build operations Thread 40" [_thread_blocked, id=2348, stack(0x000000a51a100000,0x000000a51a200000)]
  0x0000023758d0daa0 JavaThread "Memory manager" [_thread_blocked, id=4240, stack(0x000000a51a300000,0x000000a51a400000)]
  0x0000023758d0af50 JavaThread "build event listener" [_thread_blocked, id=8232, stack(0x000000a51a400000,0x000000a51a500000)]
  0x0000023758d0bdc0 JavaThread "Execution worker for ':'" [_thread_blocked, id=13864, stack(0x000000a51a500000,0x000000a51a600000)]
  0x0000023758d07f30 JavaThread "Execution worker for ':' Thread 2" [_thread_blocked, id=10460, stack(0x000000a51a600000,0x000000a51a700000)]
  0x0000023758d0d100 JavaThread "Execution worker for ':' Thread 3" [_thread_blocked, id=4904, stack(0x000000a51a700000,0x000000a51a800000)]
  0x0000023758d0e440 JavaThread "Cache worker for execution history cache (C:\Users\Ian\AndroidStudioProjects\ujianandroid_\.gradle\7.2\executionHistory)" [_thread_blocked, id=12672, stack(0x000000a51a800000,0x000000a51a900000)]
  0x0000023758d07a60 JavaThread "WorkerExecutor Queue" [_thread_blocked, id=14720, stack(0x000000a51ab00000,0x000000a51ac00000)]
  0x0000023758ca3960 JavaThread "C2 CompilerThread1" daemon [_thread_in_native, id=8080, stack(0x000000a51a200000,0x000000a51a300000)]
  0x000002375f983c60 JavaThread "pool-3-thread-1" [_thread_blocked, id=7044, stack(0x000000a51ac00000,0x000000a51ad00000)]
  0x000002375f981110 JavaThread "stderr" [_thread_in_native, id=9164, stack(0x000000a51ad00000,0x000000a51ae00000)]
  0x000002375f984fa0 JavaThread "stdout" [_thread_in_native, id=13952, stack(0x000000a51ae00000,0x000000a51af00000)]

Other Threads:
=>0x0000023754c96b40 VMThread "VM Thread" [stack: 0x000000a514e00000,0x000000a514f00000] [id=15576]
  0x00000237559dc9b0 WatcherThread [stack: 0x000000a515b00000,0x000000a515c00000] [id=16224]
  0x000002373b774030 GCTaskThread "GC Thread#0" [stack: 0x000000a514900000,0x000000a514a00000] [id=13956]
  0x0000023755b42320 GCTaskThread "GC Thread#1" [stack: 0x000000a515c00000,0x000000a515d00000] [id=14688]
  0x0000023755f3d8e0 GCTaskThread "GC Thread#2" [stack: 0x000000a515d00000,0x000000a515e00000] [id=9472]
  0x0000023756e78d40 GCTaskThread "GC Thread#3" [stack: 0x000000a515e00000,0x000000a515f00000] [id=6352]
  0x000002373b784f70 ConcurrentGCThread "G1 Main Marker" [stack: 0x000000a514a00000,0x000000a514b00000] [id=14352]
  0x000002373b786120 ConcurrentGCThread "G1 Conc#0" [stack: 0x000000a514b00000,0x000000a514c00000] [id=7648]
  0x000002373b7de8b0 ConcurrentGCThread "G1 Refine#0" [stack: 0x000000a514c00000,0x000000a514d00000] [id=13368]
  0x0000023754b40c80 ConcurrentGCThread "G1 Service" [stack: 0x000000a514d00000,0x000000a514e00000] [id=15608]

Threads with active compile tasks:
C2 CompilerThread0    40427 11387 %     4       com.android.tools.r8.internal.U6::a @ 66 (6044 bytes)
C2 CompilerThread1    40428 11464       4       com.android.tools.r8.graph.G0::a (2521 bytes)

VM state: at safepoint (normal execution)

VM Mutex/Monitor currently owned by a thread:  ([mutex/lock_event])
[0x000002373b713ff0] Threads_lock - owner thread: 0x0000023754c96b40
[0x000002373b714350] Heap_lock - owner thread: 0x0000023759ba53f0

Heap address: 0x0000000080000000, size: 2048 MB, Compressed Oops mode: 32-bit

CDS archive(s) not mapped
Compressed class space mapped at: 0x0000000100000000-0x0000000140000000, reserved size: 1073741824
Narrow klass base: 0x0000000000000000, Narrow klass shift: 3, Narrow klass range: 0x140000000

GC Precious Log:
 CPUs: 4 total, 4 available
 Memory: 3952M
 Large Page Support: Disabled
 NUMA Support: Disabled
 Compressed Oops: Enabled (32-bit)
 Heap Region Size: 1M
 Heap Min Capacity: 8M
 Heap Initial Capacity: 62M
 Heap Max Capacity: 2G
 Pre-touch: Disabled
 Parallel Workers: 4
 Concurrent Workers: 1
 Concurrent Refinement Workers: 4
 Periodic GC: Disabled

Heap:
 garbage-first heap   total 194560K, used 104393K [0x0000000080000000, 0x0000000100000000)
  region size 1024K, 1 young (1024K), 1 survivors (1024K)
 Metaspace       used 92716K, committed 93312K, reserved 1130496K
  class space    used 12507K, committed 12800K, reserved 1048576K

Heap Regions: E=young(eden), S=young(survivor), O=old, HS=humongous(starts), HC=humongous(continues), CS=collection set, F=free, OA=open archive, CA=closed archive, TAMS=top-at-mark-start (previous, next)
|   0|0x0000000080000000, 0x0000000080100000, 0x0000000080100000|100%|HS|  |TAMS 0x0000000080100000, 0x0000000080000000| Complete 
|   1|0x0000000080100000, 0x0000000080200000, 0x0000000080200000|100%|HC|  |TAMS 0x0000000080200000, 0x0000000080100000| Complete 
|   2|0x0000000080200000, 0x0000000080300000, 0x0000000080300000|100%|HC|  |TAMS 0x0000000080300000, 0x0000000080200000| Complete 
|   3|0x0000000080300000, 0x0000000080400000, 0x0000000080400000|100%| O|  |TAMS 0x0000000080400000, 0x0000000080300000| Untracked 
|   4|0x0000000080400000, 0x0000000080500000, 0x0000000080500000|100%| O|  |TAMS 0x0000000080500000, 0x0000000080400000| Untracked 
|   5|0x0000000080500000, 0x0000000080600000, 0x0000000080600000|100%| O|  |TAMS 0x0000000080600000, 0x0000000080500000| Untracked 
|   6|0x0000000080600000, 0x0000000080700000, 0x0000000080700000|100%| O|  |TAMS 0x0000000080700000, 0x0000000080600000| Untracked 
|   7|0x0000000080700000, 0x0000000080800000, 0x0000000080800000|100%| O|  |TAMS 0x0000000080800000, 0x0000000080700000| Untracked 
|   8|0x0000000080800000, 0x0000000080900000, 0x0000000080900000|100%| O|  |TAMS 0x0000000080900000, 0x0000000080800000| Untracked 
|   9|0x0000000080900000, 0x0000000080a00000, 0x0000000080a00000|100%| O|  |TAMS 0x0000000080a00000, 0x0000000080900000| Untracked 
|  10|0x0000000080a00000, 0x0000000080b00000, 0x0000000080b00000|100%| O|  |TAMS 0x0000000080b00000, 0x0000000080a00000| Untracked 
|  11|0x0000000080b00000, 0x0000000080c00000, 0x0000000080c00000|100%| O|  |TAMS 0x0000000080c00000, 0x0000000080b00000| Untracked 
|  12|0x0000000080c00000, 0x0000000080d00000, 0x0000000080d00000|100%| O|  |TAMS 0x0000000080d00000, 0x0000000080c00000| Untracked 
|  13|0x0000000080d00000, 0x0000000080e00000, 0x0000000080e00000|100%| O|  |TAMS 0x0000000080e00000, 0x0000000080d00000| Untracked 
|  14|0x0000000080e00000, 0x0000000080f00000, 0x0000000080f00000|100%| O|  |TAMS 0x0000000080f00000, 0x0000000080e00000| Untracked 
|  15|0x0000000080f00000, 0x0000000081000000, 0x0000000081000000|100%| O|  |TAMS 0x0000000081000000, 0x0000000080f00000| Untracked 
|  16|0x0000000081000000, 0x0000000081100000, 0x0000000081100000|100%| O|  |TAMS 0x0000000081100000, 0x0000000081000000| Untracked 
|  17|0x0000000081100000, 0x0000000081200000, 0x0000000081200000|100%| O|  |TAMS 0x0000000081200000, 0x0000000081100000| Untracked 
|  18|0x0000000081200000, 0x0000000081300000, 0x0000000081300000|100%| O|  |TAMS 0x0000000081300000, 0x0000000081200000| Untracked 
|  19|0x0000000081300000, 0x0000000081400000, 0x0000000081400000|100%| O|  |TAMS 0x0000000081400000, 0x0000000081300000| Untracked 
|  20|0x0000000081400000, 0x0000000081500000, 0x0000000081500000|100%| O|  |TAMS 0x0000000081500000, 0x0000000081400000| Untracked 
|  21|0x0000000081500000, 0x0000000081600000, 0x0000000081600000|100%| O|  |TAMS 0x0000000081600000, 0x0000000081500000| Untracked 
|  22|0x0000000081600000, 0x0000000081700000, 0x0000000081700000|100%| O|  |TAMS 0x0000000081700000, 0x0000000081600000| Untracked 
|  23|0x0000000081700000, 0x0000000081800000, 0x0000000081800000|100%| O|  |TAMS 0x0000000081800000, 0x0000000081700000| Untracked 
|  24|0x0000000081800000, 0x0000000081900000, 0x0000000081900000|100%| O|  |TAMS 0x0000000081900000, 0x0000000081800000| Untracked 
|  25|0x0000000081900000, 0x0000000081a00000, 0x0000000081a00000|100%| O|  |TAMS 0x0000000081a00000, 0x0000000081900000| Untracked 
|  26|0x0000000081a00000, 0x0000000081b00000, 0x0000000081b00000|100%| O|  |TAMS 0x0000000081b00000, 0x0000000081a00000| Untracked 
|  27|0x0000000081b00000, 0x0000000081c00000, 0x0000000081c00000|100%| O|  |TAMS 0x0000000081c00000, 0x0000000081b00000| Untracked 
|  28|0x0000000081c00000, 0x0000000081d00000, 0x0000000081d00000|100%| O|  |TAMS 0x0000000081d00000, 0x0000000081c00000| Untracked 
|  29|0x0000000081d00000, 0x0000000081e00000, 0x0000000081e00000|100%| O|  |TAMS 0x0000000081e00000, 0x0000000081d00000| Untracked 
|  30|0x0000000081e00000, 0x0000000081f00000, 0x0000000081f00000|100%| O|  |TAMS 0x0000000081f00000, 0x0000000081e00000| Untracked 
|  31|0x0000000081f00000, 0x0000000082000000, 0x0000000082000000|100%| O|  |TAMS 0x0000000082000000, 0x0000000081f00000| Untracked 
|  32|0x0000000082000000, 0x0000000082100000, 0x0000000082100000|100%|HS|  |TAMS 0x0000000082100000, 0x0000000082000000| Complete 
|  33|0x0000000082100000, 0x0000000082200000, 0x0000000082200000|100%|HS|  |TAMS 0x0000000082200000, 0x0000000082100000| Complete 
|  34|0x0000000082200000, 0x0000000082300000, 0x0000000082300000|100%| O|  |TAMS 0x0000000082300000, 0x0000000082200000| Untracked 
|  35|0x0000000082300000, 0x0000000082400000, 0x0000000082400000|100%| O|  |TAMS 0x0000000082400000, 0x0000000082300000| Untracked 
|  36|0x0000000082400000, 0x0000000082500000, 0x0000000082500000|100%|HS|  |TAMS 0x0000000082500000, 0x0000000082400000| Complete 
|  37|0x0000000082500000, 0x0000000082600000, 0x0000000082600000|100%|HC|  |TAMS 0x0000000082600000, 0x0000000082500000| Complete 
|  38|0x0000000082600000, 0x0000000082700000, 0x0000000082700000|100%| O|  |TAMS 0x0000000082700000, 0x0000000082600000| Untracked 
|  39|0x0000000082700000, 0x0000000082800000, 0x0000000082800000|100%| O|  |TAMS 0x0000000082800000, 0x0000000082700000| Untracked 
|  40|0x0000000082800000, 0x0000000082900000, 0x0000000082900000|100%| O|  |TAMS 0x0000000082900000, 0x0000000082800000| Untracked 
|  41|0x0000000082900000, 0x0000000082a00000, 0x0000000082a00000|100%| O|  |TAMS 0x0000000082a00000, 0x0000000082900000| Untracked 
|  42|0x0000000082a00000, 0x0000000082b00000, 0x0000000082b00000|100%| O|  |TAMS 0x0000000082b00000, 0x0000000082a00000| Untracked 
|  43|0x0000000082b00000, 0x0000000082c00000, 0x0000000082c00000|100%| O|  |TAMS 0x0000000082c00000, 0x0000000082b00000| Untracked 
|  44|0x0000000082c00000, 0x0000000082d00000, 0x0000000082d00000|100%| O|  |TAMS 0x0000000082d00000, 0x0000000082c00000| Untracked 
|  45|0x0000000082d00000, 0x0000000082e00000, 0x0000000082e00000|100%| O|  |TAMS 0x0000000082e00000, 0x0000000082d00000| Untracked 
|  46|0x0000000082e00000, 0x0000000082f00000, 0x0000000082f00000|100%| O|  |TAMS 0x0000000082f00000, 0x0000000082e00000| Untracked 
|  47|0x0000000082f00000, 0x0000000083000000, 0x0000000083000000|100%| O|  |TAMS 0x0000000083000000, 0x0000000082f00000| Untracked 
|  48|0x0000000083000000, 0x0000000083100000, 0x0000000083100000|100%| O|  |TAMS 0x0000000083100000, 0x0000000083000000| Untracked 
|  49|0x0000000083100000, 0x0000000083200000, 0x0000000083200000|100%| O|  |TAMS 0x0000000083200000, 0x0000000083100000| Untracked 
|  50|0x0000000083200000, 0x0000000083300000, 0x0000000083300000|100%| O|  |TAMS 0x0000000083300000, 0x0000000083200000| Untracked 
|  51|0x0000000083300000, 0x0000000083400000, 0x0000000083400000|100%| O|  |TAMS 0x0000000083400000, 0x0000000083300000| Untracked 
|  52|0x0000000083400000, 0x0000000083500000, 0x0000000083500000|100%| O|  |TAMS 0x0000000083500000, 0x0000000083400000| Untracked 
|  53|0x0000000083500000, 0x0000000083600000, 0x0000000083600000|100%| O|  |TAMS 0x0000000083600000, 0x0000000083500000| Untracked 
|  54|0x0000000083600000, 0x0000000083700000, 0x0000000083700000|100%| O|  |TAMS 0x0000000083700000, 0x0000000083600000| Untracked 
|  55|0x0000000083700000, 0x0000000083800000, 0x0000000083800000|100%| O|  |TAMS 0x0000000083800000, 0x0000000083700000| Untracked 
|  56|0x0000000083800000, 0x0000000083900000, 0x0000000083900000|100%| O|  |TAMS 0x0000000083900000, 0x0000000083800000| Untracked 
|  57|0x0000000083900000, 0x0000000083a00000, 0x0000000083a00000|100%| O|  |TAMS 0x0000000083a00000, 0x0000000083900000| Untracked 
|  58|0x0000000083a00000, 0x0000000083b00000, 0x0000000083b00000|100%| O|  |TAMS 0x0000000083b00000, 0x0000000083a00000| Untracked 
|  59|0x0000000083b00000, 0x0000000083c00000, 0x0000000083c00000|100%| O|  |TAMS 0x0000000083c00000, 0x0000000083b00000| Untracked 
|  60|0x0000000083c00000, 0x0000000083d00000, 0x0000000083d00000|100%| O|  |TAMS 0x0000000083d00000, 0x0000000083c00000| Untracked 
|  61|0x0000000083d00000, 0x0000000083e00000, 0x0000000083e00000|100%| O|  |TAMS 0x0000000083e00000, 0x0000000083d00000| Untracked 
|  62|0x0000000083e00000, 0x0000000083f00000, 0x0000000083f00000|100%| O|  |TAMS 0x0000000083f00000, 0x0000000083e00000| Untracked 
|  63|0x0000000083f00000, 0x0000000084000000, 0x0000000084000000|100%| O|  |TAMS 0x0000000084000000, 0x0000000083f00000| Untracked 
|  64|0x0000000084000000, 0x0000000084100000, 0x0000000084100000|100%| O|  |TAMS 0x0000000084100000, 0x0000000084000000| Untracked 
|  65|0x0000000084100000, 0x0000000084200000, 0x0000000084200000|100%| O|  |TAMS 0x0000000084200000, 0x0000000084100000| Untracked 
|  66|0x0000000084200000, 0x0000000084300000, 0x0000000084300000|100%| O|  |TAMS 0x0000000084200000, 0x0000000084200000| Untracked 
|  67|0x0000000084300000, 0x0000000084400000, 0x0000000084400000|100%| O|  |TAMS 0x0000000084400000, 0x0000000084300000| Untracked 
|  68|0x0000000084400000, 0x0000000084500000, 0x0000000084500000|100%| O|  |TAMS 0x0000000084500000, 0x0000000084400000| Untracked 
|  69|0x0000000084500000, 0x0000000084600000, 0x0000000084600000|100%| O|  |TAMS 0x0000000084600000, 0x0000000084500000| Untracked 
|  70|0x0000000084600000, 0x0000000084700000, 0x0000000084700000|100%| O|  |TAMS 0x0000000084700000, 0x0000000084600000| Untracked 
|  71|0x0000000084700000, 0x0000000084800000, 0x0000000084800000|100%| O|  |TAMS 0x0000000084800000, 0x0000000084700000| Untracked 
|  72|0x0000000084800000, 0x0000000084900000, 0x0000000084900000|100%| O|  |TAMS 0x0000000084900000, 0x0000000084800000| Untracked 
|  73|0x0000000084900000, 0x0000000084a00000, 0x0000000084a00000|100%| O|  |TAMS 0x0000000084a00000, 0x0000000084900000| Untracked 
|  74|0x0000000084a00000, 0x0000000084b00000, 0x0000000084b00000|100%| O|  |TAMS 0x0000000084b00000, 0x0000000084a00000| Untracked 
|  75|0x0000000084b00000, 0x0000000084c00000, 0x0000000084c00000|100%| O|  |TAMS 0x0000000084c00000, 0x0000000084b00000| Untracked 
|  76|0x0000000084c00000, 0x0000000084d00000, 0x0000000084d00000|100%| O|  |TAMS 0x0000000084d00000, 0x0000000084c00000| Untracked 
|  77|0x0000000084d00000, 0x0000000084e00000, 0x0000000084e00000|100%| O|  |TAMS 0x0000000084e00000, 0x0000000084d00000| Untracked 
|  78|0x0000000084e00000, 0x0000000084f00000, 0x0000000084f00000|100%| O|  |TAMS 0x0000000084f00000, 0x0000000084e00000| Untracked 
|  79|0x0000000084f00000, 0x0000000085000000, 0x0000000085000000|100%| O|  |TAMS 0x0000000085000000, 0x0000000084f00000| Untracked 
|  80|0x0000000085000000, 0x0000000085100000, 0x0000000085100000|100%| O|  |TAMS 0x0000000085100000, 0x0000000085000000| Untracked 
|  81|0x0000000085100000, 0x0000000085200000, 0x0000000085200000|100%| O|  |TAMS 0x0000000085200000, 0x0000000085100000| Untracked 
|  82|0x0000000085200000, 0x0000000085300000, 0x0000000085300000|100%| O|  |TAMS 0x0000000085300000, 0x0000000085200000| Untracked 
|  83|0x0000000085300000, 0x0000000085400000, 0x0000000085400000|100%| O|  |TAMS 0x0000000085400000, 0x0000000085300000| Untracked 
|  84|0x0000000085400000, 0x0000000085500000, 0x0000000085500000|100%| O|  |TAMS 0x0000000085500000, 0x0000000085400000| Untracked 
|  85|0x0000000085500000, 0x0000000085600000, 0x0000000085600000|100%| O|  |TAMS 0x0000000085600000, 0x0000000085500000| Untracked 
|  86|0x0000000085600000, 0x0000000085700000, 0x0000000085700000|100%| O|  |TAMS 0x0000000085700000, 0x0000000085600000| Untracked 
|  87|0x0000000085700000, 0x0000000085800000, 0x0000000085800000|100%| O|  |TAMS 0x0000000085800000, 0x0000000085700000| Untracked 
|  88|0x0000000085800000, 0x0000000085800000, 0x0000000085900000|  0%| F|  |TAMS 0x0000000085800000, 0x0000000085800000| Untracked 
|  89|0x0000000085900000, 0x0000000085a00000, 0x0000000085a00000|100%| O|  |TAMS 0x0000000085900000, 0x0000000085900000| Untracked 
|  90|0x0000000085a00000, 0x0000000085b00000, 0x0000000085b00000|100%| O|  |TAMS 0x0000000085a00000, 0x0000000085a00000| Untracked 
|  91|0x0000000085b00000, 0x0000000085c00000, 0x0000000085c00000|100%| O|  |TAMS 0x0000000085b00000, 0x0000000085b00000| Untracked 
|  92|0x0000000085c00000, 0x0000000085d00000, 0x0000000085d00000|100%| O|  |TAMS 0x0000000085c00000, 0x0000000085c00000| Untracked 
|  93|0x0000000085d00000, 0x0000000085e00000, 0x0000000085e00000|100%| O|  |TAMS 0x0000000085d00000, 0x0000000085d00000| Untracked 
|  94|0x0000000085e00000, 0x0000000085f00000, 0x0000000085f00000|100%| O|  |TAMS 0x0000000085e00000, 0x0000000085e00000| Untracked 
|  95|0x0000000085f00000, 0x0000000086000000, 0x0000000086000000|100%| O|  |TAMS 0x0000000085f00000, 0x0000000085f00000| Untracked 
|  96|0x0000000086000000, 0x0000000086100000, 0x0000000086100000|100%| O|  |TAMS 0x0000000086000000, 0x0000000086000000| Untracked 
|  97|0x0000000086100000, 0x0000000086200000, 0x0000000086200000|100%| O|  |TAMS 0x0000000086100000, 0x0000000086100000| Untracked 
|  98|0x0000000086200000, 0x0000000086300000, 0x0000000086300000|100%| O|  |TAMS 0x0000000086200000, 0x0000000086200000| Untracked 
|  99|0x0000000086300000, 0x0000000086400000, 0x0000000086400000|100%| O|  |TAMS 0x0000000086300000, 0x0000000086300000| Untracked 
| 100|0x0000000086400000, 0x0000000086500000, 0x0000000086500000|100%| O|  |TAMS 0x0000000086400000, 0x0000000086400000| Untracked 
| 101|0x0000000086500000, 0x00000000865f2400, 0x0000000086600000| 94%| O|  |TAMS 0x0000000086500000, 0x0000000086500000| Untracked 
| 102|0x0000000086600000, 0x0000000086600000, 0x0000000086700000|  0%| F|  |TAMS 0x0000000086600000, 0x0000000086600000| Untracked 
| 103|0x0000000086700000, 0x0000000086700000, 0x0000000086800000|  0%| F|  |TAMS 0x0000000086700000, 0x0000000086700000| Untracked 
| 104|0x0000000086800000, 0x0000000086800000, 0x0000000086900000|  0%| F|  |TAMS 0x0000000086800000, 0x0000000086800000| Untracked 
| 105|0x0000000086900000, 0x0000000086900000, 0x0000000086a00000|  0%| F|  |TAMS 0x0000000086900000, 0x0000000086900000| Untracked 
| 106|0x0000000086a00000, 0x0000000086a00000, 0x0000000086b00000|  0%| F|  |TAMS 0x0000000086a00000, 0x0000000086a00000| Untracked 
| 107|0x0000000086b00000, 0x0000000086b00000, 0x0000000086c00000|  0%| F|  |TAMS 0x0000000086b00000, 0x0000000086b00000| Untracked 
| 108|0x0000000086c00000, 0x0000000086c00000, 0x0000000086d00000|  0%| F|  |TAMS 0x0000000086c00000, 0x0000000086c00000| Untracked 
| 109|0x0000000086d00000, 0x0000000086d00000, 0x0000000086e00000|  0%| F|  |TAMS 0x0000000086d00000, 0x0000000086d00000| Untracked 
| 110|0x0000000086e00000, 0x0000000086e00000, 0x0000000086f00000|  0%| F|  |TAMS 0x0000000086e00000, 0x0000000086e00000| Untracked 
| 111|0x0000000086f00000, 0x0000000086f00000, 0x0000000087000000|  0%| F|  |TAMS 0x0000000086f00000, 0x0000000086f00000| Untracked 
| 112|0x0000000087000000, 0x0000000087000000, 0x0000000087100000|  0%| F|  |TAMS 0x0000000087000000, 0x0000000087000000| Untracked 
| 113|0x0000000087100000, 0x0000000087100000, 0x0000000087200000|  0%| F|  |TAMS 0x0000000087100000, 0x0000000087100000| Untracked 
| 114|0x0000000087200000, 0x0000000087200000, 0x0000000087300000|  0%| F|  |TAMS 0x0000000087200000, 0x0000000087200000| Untracked 
| 115|0x0000000087300000, 0x0000000087300000, 0x0000000087400000|  0%| F|  |TAMS 0x0000000087300000, 0x0000000087300000| Untracked 
| 116|0x0000000087400000, 0x0000000087400000, 0x0000000087500000|  0%| F|  |TAMS 0x0000000087400000, 0x0000000087400000| Untracked 
| 117|0x0000000087500000, 0x0000000087500000, 0x0000000087600000|  0%| F|  |TAMS 0x0000000087500000, 0x0000000087500000| Untracked 
| 118|0x0000000087600000, 0x0000000087600000, 0x0000000087700000|  0%| F|  |TAMS 0x0000000087600000, 0x0000000087600000| Untracked 
| 119|0x0000000087700000, 0x0000000087700000, 0x0000000087800000|  0%| F|  |TAMS 0x0000000087700000, 0x0000000087700000| Untracked 
| 120|0x0000000087800000, 0x0000000087800000, 0x0000000087900000|  0%| F|  |TAMS 0x0000000087800000, 0x0000000087800000| Untracked 
| 121|0x0000000087900000, 0x0000000087900000, 0x0000000087a00000|  0%| F|  |TAMS 0x0000000087900000, 0x0000000087900000| Untracked 
| 122|0x0000000087a00000, 0x0000000087a00000, 0x0000000087b00000|  0%| F|  |TAMS 0x0000000087a00000, 0x0000000087a00000| Untracked 
| 123|0x0000000087b00000, 0x0000000087b00000, 0x0000000087c00000|  0%| F|  |TAMS 0x0000000087b00000, 0x0000000087b00000| Untracked 
| 124|0x0000000087c00000, 0x0000000087c00000, 0x0000000087d00000|  0%| F|  |TAMS 0x0000000087c00000, 0x0000000087c00000| Untracked 
| 125|0x0000000087d00000, 0x0000000087d00000, 0x0000000087e00000|  0%| F|  |TAMS 0x0000000087d00000, 0x0000000087d00000| Untracked 
| 126|0x0000000087e00000, 0x0000000087e00000, 0x0000000087f00000|  0%| F|  |TAMS 0x0000000087e00000, 0x0000000087e00000| Untracked 
| 127|0x0000000087f00000, 0x0000000087f00000, 0x0000000088000000|  0%| F|  |TAMS 0x0000000087f00000, 0x0000000087f00000| Untracked 
| 128|0x0000000088000000, 0x0000000088000000, 0x0000000088100000|  0%| F|  |TAMS 0x0000000088000000, 0x0000000088000000| Untracked 
| 129|0x0000000088100000, 0x0000000088100000, 0x0000000088200000|  0%| F|  |TAMS 0x0000000088100000, 0x0000000088100000| Untracked 
| 130|0x0000000088200000, 0x0000000088200000, 0x0000000088300000|  0%| F|  |TAMS 0x0000000088200000, 0x0000000088200000| Untracked 
| 131|0x0000000088300000, 0x0000000088300000, 0x0000000088400000|  0%| F|  |TAMS 0x0000000088300000, 0x0000000088300000| Untracked 
| 132|0x0000000088400000, 0x0000000088400000, 0x0000000088500000|  0%| F|  |TAMS 0x0000000088400000, 0x0000000088400000| Untracked 
| 133|0x0000000088500000, 0x0000000088500000, 0x0000000088600000|  0%| F|  |TAMS 0x0000000088500000, 0x0000000088500000| Untracked 
| 134|0x0000000088600000, 0x0000000088600000, 0x0000000088700000|  0%| F|  |TAMS 0x0000000088600000, 0x0000000088600000| Untracked 
| 135|0x0000000088700000, 0x0000000088700000, 0x0000000088800000|  0%| F|  |TAMS 0x0000000088700000, 0x0000000088700000| Untracked 
| 136|0x0000000088800000, 0x0000000088800000, 0x0000000088900000|  0%| F|  |TAMS 0x0000000088800000, 0x0000000088800000| Untracked 
| 137|0x0000000088900000, 0x0000000088900000, 0x0000000088a00000|  0%| F|  |TAMS 0x0000000088900000, 0x0000000088900000| Untracked 
| 138|0x0000000088a00000, 0x0000000088a00000, 0x0000000088b00000|  0%| F|  |TAMS 0x0000000088a00000, 0x0000000088a00000| Untracked 
| 139|0x0000000088b00000, 0x0000000088b00000, 0x0000000088c00000|  0%| F|  |TAMS 0x0000000088b00000, 0x0000000088b00000| Untracked 
| 140|0x0000000088c00000, 0x0000000088c00000, 0x0000000088d00000|  0%| F|  |TAMS 0x0000000088c00000, 0x0000000088c00000| Untracked 
| 141|0x0000000088d00000, 0x0000000088d00000, 0x0000000088e00000|  0%| F|  |TAMS 0x0000000088d00000, 0x0000000088d00000| Untracked 
| 142|0x0000000088e00000, 0x0000000088e00000, 0x0000000088f00000|  0%| F|  |TAMS 0x0000000088e00000, 0x0000000088e00000| Untracked 
| 143|0x0000000088f00000, 0x0000000088f00000, 0x0000000089000000|  0%| F|  |TAMS 0x0000000088f00000, 0x0000000088f00000| Untracked 
| 144|0x0000000089000000, 0x0000000089000000, 0x0000000089100000|  0%| F|  |TAMS 0x0000000089000000, 0x0000000089000000| Untracked 
| 145|0x0000000089100000, 0x0000000089100000, 0x0000000089200000|  0%| F|  |TAMS 0x0000000089100000, 0x0000000089100000| Untracked 
| 146|0x0000000089200000, 0x0000000089200000, 0x0000000089300000|  0%| F|  |TAMS 0x0000000089200000, 0x0000000089200000| Untracked 
| 147|0x0000000089300000, 0x0000000089300000, 0x0000000089400000|  0%| F|  |TAMS 0x0000000089300000, 0x0000000089300000| Untracked 
| 148|0x0000000089400000, 0x0000000089400000, 0x0000000089500000|  0%| F|  |TAMS 0x0000000089400000, 0x0000000089400000| Untracked 
| 149|0x0000000089500000, 0x0000000089500000, 0x0000000089600000|  0%| F|  |TAMS 0x0000000089500000, 0x0000000089500000| Untracked 
| 150|0x0000000089600000, 0x0000000089600000, 0x0000000089700000|  0%| F|  |TAMS 0x0000000089600000, 0x0000000089600000| Untracked 
| 151|0x0000000089700000, 0x0000000089700000, 0x0000000089800000|  0%| F|  |TAMS 0x0000000089700000, 0x0000000089700000| Untracked 
| 152|0x0000000089800000, 0x0000000089800000, 0x0000000089900000|  0%| F|  |TAMS 0x0000000089800000, 0x0000000089800000| Untracked 
| 153|0x0000000089900000, 0x0000000089900000, 0x0000000089a00000|  0%| F|  |TAMS 0x0000000089900000, 0x0000000089900000| Untracked 
| 154|0x0000000089a00000, 0x0000000089a00000, 0x0000000089b00000|  0%| F|  |TAMS 0x0000000089a00000, 0x0000000089a00000| Untracked 
| 155|0x0000000089b00000, 0x0000000089b00000, 0x0000000089c00000|  0%| F|  |TAMS 0x0000000089b00000, 0x0000000089b00000| Untracked 
| 156|0x0000000089c00000, 0x0000000089c00000, 0x0000000089d00000|  0%| F|  |TAMS 0x0000000089c00000, 0x0000000089c00000| Untracked 
| 157|0x0000000089d00000, 0x0000000089d00000, 0x0000000089e00000|  0%| F|  |TAMS 0x0000000089d00000, 0x0000000089d00000| Untracked 
| 158|0x0000000089e00000, 0x0000000089e00000, 0x0000000089f00000|  0%| F|  |TAMS 0x0000000089e00000, 0x0000000089e00000| Untracked 
| 159|0x0000000089f00000, 0x0000000089f00000, 0x000000008a000000|  0%| F|  |TAMS 0x0000000089f00000, 0x0000000089f00000| Untracked 
| 160|0x000000008a000000, 0x000000008a000000, 0x000000008a100000|  0%| F|  |TAMS 0x000000008a000000, 0x000000008a000000| Untracked 
| 161|0x000000008a100000, 0x000000008a100000, 0x000000008a200000|  0%| F|  |TAMS 0x000000008a100000, 0x000000008a100000| Untracked 
| 162|0x000000008a200000, 0x000000008a200000, 0x000000008a300000|  0%| F|  |TAMS 0x000000008a200000, 0x000000008a200000| Untracked 
| 163|0x000000008a300000, 0x000000008a300000, 0x000000008a400000|  0%| F|  |TAMS 0x000000008a300000, 0x000000008a300000| Untracked 
| 164|0x000000008a400000, 0x000000008a400000, 0x000000008a500000|  0%| F|  |TAMS 0x000000008a400000, 0x000000008a400000| Untracked 
| 165|0x000000008a500000, 0x000000008a500000, 0x000000008a600000|  0%| F|  |TAMS 0x000000008a500000, 0x000000008a500000| Untracked 
| 166|0x000000008a600000, 0x000000008a600000, 0x000000008a700000|  0%| F|  |TAMS 0x000000008a600000, 0x000000008a600000| Untracked 
| 167|0x000000008a700000, 0x000000008a700000, 0x000000008a800000|  0%| F|  |TAMS 0x000000008a700000, 0x000000008a700000| Untracked 
| 168|0x000000008a800000, 0x000000008a800000, 0x000000008a900000|  0%| F|  |TAMS 0x000000008a800000, 0x000000008a800000| Untracked 
| 169|0x000000008a900000, 0x000000008a900000, 0x000000008aa00000|  0%| F|  |TAMS 0x000000008a900000, 0x000000008a900000| Untracked 
| 170|0x000000008aa00000, 0x000000008aa00000, 0x000000008ab00000|  0%| F|  |TAMS 0x000000008aa00000, 0x000000008aa00000| Untracked 
| 171|0x000000008ab00000, 0x000000008ab00000, 0x000000008ac00000|  0%| F|  |TAMS 0x000000008ab00000, 0x000000008ab00000| Untracked 
| 172|0x000000008ac00000, 0x000000008ac00000, 0x000000008ad00000|  0%| F|  |TAMS 0x000000008ac00000, 0x000000008ac00000| Untracked 
| 173|0x000000008ad00000, 0x000000008ad00000, 0x000000008ae00000|  0%| F|  |TAMS 0x000000008ad00000, 0x000000008ad00000| Untracked 
| 174|0x000000008ae00000, 0x000000008ae00000, 0x000000008af00000|  0%| F|  |TAMS 0x000000008ae00000, 0x000000008ae00000| Untracked 
| 175|0x000000008af00000, 0x000000008af00000, 0x000000008b000000|  0%| F|  |TAMS 0x000000008af00000, 0x000000008af00000| Untracked 
| 176|0x000000008b000000, 0x000000008b000000, 0x000000008b100000|  0%| F|  |TAMS 0x000000008b000000, 0x000000008b000000| Untracked 
| 177|0x000000008b100000, 0x000000008b100000, 0x000000008b200000|  0%| F|  |TAMS 0x000000008b100000, 0x000000008b100000| Untracked 
| 178|0x000000008b200000, 0x000000008b200000, 0x000000008b300000|  0%| F|  |TAMS 0x000000008b200000, 0x000000008b200000| Untracked 
| 179|0x000000008b300000, 0x000000008b300000, 0x000000008b400000|  0%| F|  |TAMS 0x000000008b300000, 0x000000008b300000| Untracked 
| 180|0x000000008b400000, 0x000000008b400000, 0x000000008b500000|  0%| F|  |TAMS 0x000000008b400000, 0x000000008b400000| Untracked 
| 181|0x000000008b500000, 0x000000008b500000, 0x000000008b600000|  0%| F|  |TAMS 0x000000008b500000, 0x000000008b500000| Untracked 
| 182|0x000000008b600000, 0x000000008b600000, 0x000000008b700000|  0%| F|  |TAMS 0x000000008b600000, 0x000000008b600000| Untracked 
| 183|0x000000008b700000, 0x000000008b700000, 0x000000008b800000|  0%| F|  |TAMS 0x000000008b700000, 0x000000008b700000| Untracked 
| 184|0x000000008b800000, 0x000000008b800000, 0x000000008b900000|  0%| F|  |TAMS 0x000000008b800000, 0x000000008b800000| Untracked 
| 185|0x000000008b900000, 0x000000008ba00000, 0x000000008ba00000|100%| S|CS|TAMS 0x000000008b900000, 0x000000008b900000| Complete 
| 186|0x000000008ba00000, 0x000000008ba00000, 0x000000008bb00000|  0%| F|  |TAMS 0x000000008ba00000, 0x000000008ba00000| Untracked 
| 187|0x000000008bb00000, 0x000000008bb00000, 0x000000008bc00000|  0%| F|  |TAMS 0x000000008bb00000, 0x000000008bb00000| Untracked 
| 188|0x000000008bc00000, 0x000000008bc00000, 0x000000008bd00000|  0%| F|  |TAMS 0x000000008bc00000, 0x000000008bc00000| Untracked 
| 189|0x000000008bd00000, 0x000000008bd00000, 0x000000008be00000|  0%| F|  |TAMS 0x000000008bd00000, 0x000000008bd00000| Untracked 

Card table byte_map: [0x000002374dfe0000,0x000002374e3e0000] _byte_map_base: 0x000002374dbe0000

Marking Bits (Prev, Next): (CMBitMap*) 0x000002373b774640, (CMBitMap*) 0x000002373b774680
 Prev Bits: [0x000002374e7e0000, 0x00000237507e0000)
 Next Bits: [0x00000237507e0000, 0x00000237527e0000)

Polling page: 0x000002373aee0000

Metaspace:

Usage:
  Non-class:     78.33 MB used.
      Class:     12.21 MB used.
       Both:     90.54 MB used.

Virtual space:
  Non-class space:       80.00 MB reserved,      78.62 MB ( 98%) committed,  10 nodes.
      Class space:        1.00 GB reserved,      12.50 MB (  1%) committed,  1 nodes.
             Both:        1.08 GB reserved,      91.12 MB (  8%) committed. 

Chunk freelists:
   Non-Class:  1.38 MB
       Class:  3.49 MB
        Both:  4.87 MB

MaxMetaspaceSize: unlimited
CompressedClassSpaceSize: 1.00 GB
Initial GC threshold: 21.00 MB
Current GC threshold: 151.88 MB
CDS: off
MetaspaceReclaimPolicy: balanced
 - commit_granule_bytes: 65536.
 - commit_granule_words: 8192.
 - virtual_space_node_default_size: 1048576.
 - enlarge_chunks_in_place: 1.
 - new_chunks_are_fully_committed: 0.
 - uncommit_free_chunks: 1.
 - use_allocation_guard: 0.
 - handle_deallocations: 1.


Internal statistics:

num_allocs_failed_limit: 9.
num_arena_births: 812.
num_arena_deaths: 10.
num_vsnodes_births: 11.
num_vsnodes_deaths: 0.
num_space_committed: 1458.
num_space_uncommitted: 0.
num_chunks_returned_to_freelist: 22.
num_chunks_taken_from_freelist: 4207.
num_chunk_merges: 3.
num_chunk_splits: 2778.
num_chunks_enlarged: 1861.
num_purges: 4.
num_inconsistent_stats: 0.

CodeHeap 'non-profiled nmethods': size=120000Kb used=5727Kb max_used=5727Kb free=114272Kb
 bounds [0x00000237466b0000, 0x0000023746c50000, 0x000002374dbe0000]
CodeHeap 'profiled nmethods': size=120000Kb used=19586Kb max_used=19586Kb free=100413Kb
 bounds [0x000002373ebe0000, 0x000002373ff10000, 0x0000023746110000]
CodeHeap 'non-nmethods': size=5760Kb used=2384Kb max_used=2473Kb free=3375Kb
 bounds [0x0000023746110000, 0x0000023746390000, 0x00000237466b0000]
 total_blobs=10706 nmethods=9789 adapters=830
 compilation: enabled
              stopped_count=0, restarted_count=0
 full_count=0

Compilation events (20 events):
Event: 39.924 Thread 0x0000023755839300 11461       3       com.android.tools.r8.internal.jw::b (4 bytes)
Event: 39.924 Thread 0x0000023755839300 nmethod 11461 0x000002373f6bd710 code [0x000002373f6bd8a0, 0x000002373f6bd998]
Event: 39.935 Thread 0x0000023755839300 11463       3       com.android.tools.r8.internal.ir::a (13 bytes)
Event: 39.936 Thread 0x0000023755839300 nmethod 11463 0x000002373f1c0810 code [0x000002373f1c0a20, 0x000002373f1c11b8]
Event: 39.986 Thread 0x0000023755839300 11465  s    3       com.android.tools.r8.internal.hr::e (64 bytes)
Event: 39.987 Thread 0x0000023755839300 nmethod 11465 0x000002373f4b9090 code [0x000002373f4b92e0, 0x000002373f4b9e98]
Event: 40.017 Thread 0x0000023758ca3960 nmethod 11458 0x0000023746c44290 code [0x0000023746c44540, 0x0000023746c46450]
Event: 40.018 Thread 0x0000023758ca3960 11466       4       com.android.tools.r8.internal.U6::a (131 bytes)
Event: 40.031 Thread 0x0000023758ca3960 nmethod 11466 0x0000023746c47490 code [0x0000023746c47620, 0x0000023746c47b38]
Event: 40.031 Thread 0x0000023758ca3960 11464       4       com.android.tools.r8.graph.G0::a (2521 bytes)
Event: 40.183 Thread 0x0000023755839300 11468       3       com.android.tools.r8.internal.g9::equals (60 bytes)
Event: 40.183 Thread 0x0000023755839300 nmethod 11468 0x000002373eec8590 code [0x000002373eec8760, 0x000002373eec8bf8]
Event: 40.191 Thread 0x0000023755839300 11469       3       com.android.tools.r8.internal.Sh::c (32 bytes)
Event: 40.191 Thread 0x0000023755839300 nmethod 11469 0x000002373ec63190 code [0x000002373ec63320, 0x000002373ec63438]
Event: 40.208 Thread 0x0000023755839300 11470       3       com.android.tools.r8.internal.tE::a (130 bytes)
Event: 40.210 Thread 0x0000023755839300 nmethod 11470 0x000002373ff00890 code [0x000002373ff00b40, 0x000002373ff017e8]
Event: 40.221 Thread 0x0000023755839300 11471       3       com.android.tools.r8.graph.d0::q0 (8 bytes)
Event: 40.221 Thread 0x0000023755839300 nmethod 11471 0x000002373f57e490 code [0x000002373f57e660, 0x000002373f57e8d8]
Event: 40.263 Thread 0x0000023755839300 11472       3       com.android.tools.r8.graph.T::a (53 bytes)
Event: 40.265 Thread 0x0000023755839300 nmethod 11472 0x000002373ff01c90 code [0x000002373ff01f40, 0x000002373ff02ac8]

GC Heap History (20 events):
Event: 32.139 GC heap after
{Heap after GC invocations=47 (full 0):
 garbage-first heap   total 119808K, used 70954K [0x0000000080000000, 0x0000000100000000)
  region size 1024K, 3 young (3072K), 3 survivors (3072K)
 Metaspace       used 80427K, committed 80960K, reserved 1122304K
  class space    used 10890K, committed 11136K, reserved 1048576K
}
Event: 33.325 GC heap before
{Heap before GC invocations=48 (full 0):
 garbage-first heap   total 128000K, used 96554K [0x0000000080000000, 0x0000000100000000)
  region size 1024K, 29 young (29696K), 3 survivors (3072K)
 Metaspace       used 80809K, committed 81344K, reserved 1122304K
  class space    used 10924K, committed 11200K, reserved 1048576K
}
Event: 33.334 GC heap after
{Heap after GC invocations=49 (full 0):
 garbage-first heap   total 128000K, used 73107K [0x0000000080000000, 0x0000000100000000)
  region size 1024K, 2 young (2048K), 2 survivors (2048K)
 Metaspace       used 80809K, committed 81344K, reserved 1122304K
  class space    used 10924K, committed 11200K, reserved 1048576K
}
Event: 34.462 GC heap before
{Heap before GC invocations=49 (full 0):
 garbage-first heap   total 128000K, used 103827K [0x0000000080000000, 0x0000000100000000)
  region size 1024K, 33 young (33792K), 2 survivors (2048K)
 Metaspace       used 81342K, committed 81856K, reserved 1122304K
  class space    used 10964K, committed 11200K, reserved 1048576K
}
Event: 34.471 GC heap after
{Heap after GC invocations=50 (full 0):
 garbage-first heap   total 128000K, used 75478K [0x0000000080000000, 0x0000000100000000)
  region size 1024K, 5 young (5120K), 5 survivors (5120K)
 Metaspace       used 81342K, committed 81856K, reserved 1122304K
  class space    used 10964K, committed 11200K, reserved 1048576K
}
Event: 35.601 GC heap before
{Heap before GC invocations=51 (full 0):
 garbage-first heap   total 137216K, used 104150K [0x0000000080000000, 0x0000000100000000)
  region size 1024K, 34 young (34816K), 5 survivors (5120K)
 Metaspace       used 83378K, committed 83968K, reserved 1122304K
  class space    used 11194K, committed 11456K, reserved 1048576K
}
Event: 35.614 GC heap after
{Heap after GC invocations=52 (full 0):
 garbage-first heap   total 137216K, used 77365K [0x0000000080000000, 0x0000000100000000)
  region size 1024K, 5 young (5120K), 5 survivors (5120K)
 Metaspace       used 83378K, committed 83968K, reserved 1122304K
  class space    used 11194K, committed 11456K, reserved 1048576K
}
Event: 35.641 GC heap before
{Heap before GC invocations=52 (full 0):
 garbage-first heap   total 137216K, used 78389K [0x0000000080000000, 0x0000000100000000)
  region size 1024K, 6 young (6144K), 5 survivors (5120K)
 Metaspace       used 83415K, committed 83968K, reserved 1122304K
  class space    used 11198K, committed 11456K, reserved 1048576K
}
Event: 35.653 GC heap after
{Heap after GC invocations=53 (full 0):
 garbage-first heap   total 164864K, used 77065K [0x0000000080000000, 0x0000000100000000)
  region size 1024K, 1 young (1024K), 1 survivors (1024K)
 Metaspace       used 83415K, committed 83968K, reserved 1122304K
  class space    used 11198K, committed 11456K, reserved 1048576K
}
Event: 36.859 GC heap before
{Heap before GC invocations=53 (full 0):
 garbage-first heap   total 164864K, used 132361K [0x0000000080000000, 0x0000000100000000)
  region size 1024K, 56 young (57344K), 1 survivors (1024K)
 Metaspace       used 87231K, committed 87808K, reserved 1130496K
  class space    used 11742K, committed 12032K, reserved 1048576K
}
Event: 36.871 GC heap after
{Heap after GC invocations=54 (full 0):
 garbage-first heap   total 164864K, used 85349K [0x0000000080000000, 0x0000000100000000)
  region size 1024K, 7 young (7168K), 7 survivors (7168K)
 Metaspace       used 87231K, committed 87808K, reserved 1130496K
  class space    used 11742K, committed 12032K, reserved 1048576K
}
Event: 38.422 GC heap before
{Heap before GC invocations=55 (full 0):
 garbage-first heap   total 164864K, used 130405K [0x0000000080000000, 0x0000000100000000)
  region size 1024K, 52 young (53248K), 7 survivors (7168K)
 Metaspace       used 90492K, committed 91008K, reserved 1130496K
  class space    used 12216K, committed 12480K, reserved 1048576K
}
Event: 38.439 GC heap after
{Heap after GC invocations=56 (full 0):
 garbage-first heap   total 164864K, used 91316K [0x0000000080000000, 0x0000000100000000)
  region size 1024K, 7 young (7168K), 7 survivors (7168K)
 Metaspace       used 90492K, committed 91008K, reserved 1130496K
  class space    used 12216K, committed 12480K, reserved 1048576K
}
Event: 38.452 GC heap before
{Heap before GC invocations=56 (full 0):
 garbage-first heap   total 164864K, used 92340K [0x0000000080000000, 0x0000000100000000)
  region size 1024K, 8 young (8192K), 7 survivors (7168K)
 Metaspace       used 90548K, committed 91072K, reserved 1130496K
  class space    used 12224K, committed 12480K, reserved 1048576K
}
Event: 38.466 GC heap after
{Heap after GC invocations=57 (full 0):
 garbage-first heap   total 164864K, used 90951K [0x0000000080000000, 0x0000000100000000)
  region size 1024K, 1 young (1024K), 1 survivors (1024K)
 Metaspace       used 90548K, committed 91072K, reserved 1130496K
  class space    used 12224K, committed 12480K, reserved 1048576K
}
Event: 39.245 GC heap before
{Heap before GC invocations=57 (full 0):
 garbage-first heap   total 164864K, used 129863K [0x0000000080000000, 0x0000000100000000)
  region size 1024K, 39 young (39936K), 1 survivors (1024K)
 Metaspace       used 92580K, committed 93120K, reserved 1130496K
  class space    used 12485K, committed 12736K, reserved 1048576K
}
Event: 39.266 GC heap after
{Heap after GC invocations=58 (full 0):
 garbage-first heap   total 164864K, used 97569K [0x0000000080000000, 0x0000000100000000)
  region size 1024K, 5 young (5120K), 5 survivors (5120K)
 Metaspace       used 92580K, committed 93120K, reserved 1130496K
  class space    used 12485K, committed 12736K, reserved 1048576K
}
Event: 40.123 GC heap before
{Heap before GC invocations=59 (full 0):
 garbage-first heap   total 194560K, used 130337K [0x0000000080000000, 0x0000000100000000)
  region size 1024K, 37 young (37888K), 5 survivors (5120K)
 Metaspace       used 92714K, committed 93312K, reserved 1130496K
  class space    used 12505K, committed 12800K, reserved 1048576K
}
Event: 40.145 GC heap after
{Heap after GC invocations=60 (full 0):
 garbage-first heap   total 194560K, used 103424K [0x0000000080000000, 0x0000000100000000)
  region size 1024K, 5 young (5120K), 5 survivors (5120K)
 Metaspace       used 92714K, committed 93312K, reserved 1130496K
  class space    used 12505K, committed 12800K, reserved 1048576K
}
Event: 40.308 GC heap before
{Heap before GC invocations=60 (full 0):
 garbage-first heap   total 194560K, used 107520K [0x0000000080000000, 0x0000000100000000)
  region size 1024K, 9 young (9216K), 5 survivors (5120K)
 Metaspace       used 92716K, committed 93312K, reserved 1130496K
  class space    used 12507K, committed 12800K, reserved 1048576K
}

Dll operation events (2 events):
Event: 0.025 Loaded shared library C:\Program Files\Android\Android Studio\jbr\bin\java.dll
Event: 1.191 Loaded shared library C:\Program Files\Android\Android Studio\jbr\bin\verify.dll

Deoptimization events (20 events):
Event: 39.052 Thread 0x0000023759ba53f0 Uncommon trap: trap_request=0xffffff45 fr.pc=0x0000023746c1699c relative=0x000000000000409c
Event: 39.052 Thread 0x0000023759ba53f0 Uncommon trap: reason=unstable_if action=reinterpret pc=0x0000023746c1699c method=com.android.tools.r8.internal.E9.e(Ljava/lang/String;)[Ljava/lang/String; @ 149 c2
Event: 39.052 Thread 0x0000023759ba53f0 DEOPT PACKING pc=0x0000023746c1699c sp=0x000000a518df9a90
Event: 39.052 Thread 0x0000023759ba53f0 DEOPT UNPACKING pc=0x000002374616699d sp=0x000000a518df99f8 mode 2
Event: 39.052 Thread 0x0000023759ba53f0 Uncommon trap: trap_request=0xffffff45 fr.pc=0x0000023746863ea4 relative=0x0000000000001d44
Event: 39.052 Thread 0x0000023759ba53f0 Uncommon trap: reason=unstable_if action=reinterpret pc=0x0000023746863ea4 method=com.android.tools.r8.internal.E9.e(Ljava/lang/String;)[Ljava/lang/String; @ 149 c2
Event: 39.052 Thread 0x0000023759ba53f0 DEOPT PACKING pc=0x0000023746863ea4 sp=0x000000a518df9a00
Event: 39.052 Thread 0x0000023759ba53f0 DEOPT UNPACKING pc=0x000002374616699d sp=0x000000a518df99e0 mode 2
Event: 39.604 Thread 0x0000023759ba53f0 DEOPT PACKING pc=0x000002373feef48c sp=0x000000a518dfa540
Event: 39.604 Thread 0x0000023759ba53f0 DEOPT UNPACKING pc=0x0000023746167124 sp=0x000000a518df9840 mode 0
Event: 39.679 Thread 0x0000023758d0e910 DEOPT PACKING pc=0x000002373feef48c sp=0x000000a51a1fa1c0
Event: 39.682 Thread 0x0000023759ba53f0 Uncommon trap: trap_request=0xffffff45 fr.pc=0x0000023746c332b4 relative=0x00000000000001d4
Event: 39.682 Thread 0x0000023758d0e910 DEOPT UNPACKING pc=0x0000023746167124 sp=0x000000a51a1f94c0 mode 0
Event: 39.720 Thread 0x0000023759ba53f0 Uncommon trap: reason=unstable_if action=reinterpret pc=0x0000023746c332b4 method=com.android.tools.r8.graph.G0.b(Ljava/lang/Object;)Lcom/android/tools/r8/internal/l4$b; @ 4 c2
Event: 39.720 Thread 0x0000023759ba53f0 DEOPT PACKING pc=0x0000023746c332b4 sp=0x000000a518df96d0
Event: 39.720 Thread 0x0000023759ba53f0 DEOPT UNPACKING pc=0x000002374616699d sp=0x000000a518df9658 mode 2
Event: 39.865 Thread 0x0000023758d08400 Uncommon trap: trap_request=0xffffffde fr.pc=0x000002374685bb38 relative=0x0000000000000458
Event: 39.865 Thread 0x0000023758d08400 Uncommon trap: reason=class_check action=maybe_recompile pc=0x000002374685bb38 method=com.android.tools.r8.internal.ad.a(I)Ljava/lang/Object; @ 9 c2
Event: 39.865 Thread 0x0000023758d08400 DEOPT PACKING pc=0x000002374685bb38 sp=0x000000a519bf9eb0
Event: 39.866 Thread 0x0000023758d08400 DEOPT UNPACKING pc=0x000002374616699d sp=0x000000a519bf9da0 mode 2

Classes unloaded (5 events):
Event: 34.716 Thread 0x0000023754c96b40 Unloading class 0x0000000100ae4800 'java/lang/invoke/LambdaForm$DMH+0x0000000100ae4800'
Event: 34.716 Thread 0x0000023754c96b40 Unloading class 0x0000000100ae4400 'java/lang/invoke/LambdaForm$DMH+0x0000000100ae4400'
Event: 39.633 Thread 0x0000023754c96b40 Unloading class 0x0000000100c09800 'java/lang/invoke/LambdaForm$MH+0x0000000100c09800'
Event: 39.633 Thread 0x0000023754c96b40 Unloading class 0x0000000100c08c00 'java/lang/invoke/LambdaForm$DMH+0x0000000100c08c00'
Event: 39.633 Thread 0x0000023754c96b40 Unloading class 0x0000000100c08000 'java/lang/invoke/LambdaForm$DMH+0x0000000100c08000'

Classes redefined (0 events):
No events

Internal exceptions (20 events):
Event: 36.140 Thread 0x0000023755872700 Exception <a 'java/lang/NoSuchMethodError'{0x0000000088f0d1e8}: 'void java.lang.invoke.DirectMethodHandle$Holder.invokeStatic(java.lang.Object, java.lang.Object, java.lang.Object, java.lang.Object, java.lang.Object, java.lang.Object, java.lang.Object)'> (0x0000000088f0d1e8) 
thrown [s\src\hotspot\share\interpreter\linkResolver.cpp, line 771]
Event: 36.199 Thread 0x0000023759ba53f0 Implicit null exception at 0x0000023746952c13 to 0x0000023746953384
Event: 36.579 Thread 0x0000023758d08400 Exception <a 'sun/nio/fs/WindowsException'{0x0000000087c9ea80}> (0x0000000087c9ea80) 
thrown [s\src\hotspot\share\prims\jni.cpp, line 517]
Event: 36.621 Thread 0x0000023758d0e910 Exception <a 'sun/nio/fs/WindowsException'{0x00000000876d8ae8}> (0x00000000876d8ae8) 
thrown [s\src\hotspot\share\prims\jni.cpp, line 517]
Event: 37.709 Thread 0x0000023759ba53f0 Exception <a 'sun/nio/fs/WindowsException'{0x0000000088ef0778}> (0x0000000088ef0778) 
thrown [s\src\hotspot\share\prims\jni.cpp, line 517]
Event: 37.775 Thread 0x0000023758d0e910 Exception <a 'java/lang/NoSuchMethodError'{0x0000000088b60438}: 'java.lang.Object java.lang.invoke.DirectMethodHandle$Holder.invokeStatic(java.lang.Object, java.lang.Object, java.lang.Object, java.lang.Object, java.lang.Object, java.lang.Object, java.lang.Object, java.lang.Object, java.lang.Object, java.lang.Object, java.lang.Object, java.lang.Object, java.lang.Object, java.lang.Object, java.lang.Object, java.lang.Object, java.lang.Object, java.lang.Object, int, java.lang.Object)'> (0x0000000088b60438) 
th
Event: 37.777 Thread 0x0000023758d0e910 Exception <a 'java/lang/NoSuchMethodError'{0x0000000088b662b8}: 'java.lang.Object java.lang.invoke.DirectMethodHandle$Holder.invokeStaticInit(java.lang.Object, java.lang.Object, java.lang.Object, java.lang.Object, java.lang.Object, java.lang.Object, java.lang.Object, java.lang.Object, java.lang.Object, java.lang.Object, java.lang.Object, java.lang.Object, java.lang.Object, java.lang.Object, java.lang.Object, java.lang.Object, java.lang.Object, java.lang.Object, int, java.lang.Object)'> (0x0000000088b662b8)
Event: 37.833 Thread 0x0000023758d08400 Exception <a 'java/lang/IncompatibleClassChangeError'{0x00000000889a5788}: Found class java.lang.Object, but interface was expected> (0x00000000889a5788) 
thrown [s\src\hotspot\share\interpreter\linkResolver.cpp, line 838]
Event: 37.864 Thread 0x0000023758d08400 Exception <a 'java/lang/NoSuchMethodError'{0x000000008888b198}: 'java.lang.Object java.lang.invoke.DirectMethodHandle$Holder.invokeSpecial(java.lang.Object, java.lang.Object, java.lang.Object, int, java.lang.Object, java.lang.Object)'> (0x000000008888b198) 
thrown [s\src\hotspot\share\interpreter\linkResolver.cpp, line 771]
Event: 37.906 Thread 0x0000023758d07a60 Exception <a 'java/lang/NoSuchMethodError'{0x0000000088828b70}: 'void java.lang.invoke.DirectMethodHandle$Holder.invokeStatic(java.lang.Object, long)'> (0x0000000088828b70) 
thrown [s\src\hotspot\share\interpreter\linkResolver.cpp, line 771]
Event: 37.907 Thread 0x0000023758d07a60 Exception <a 'java/lang/NoSuchMethodError'{0x000000008882e180}: 'java.lang.Object java.lang.invoke.DirectMethodHandle$Holder.newInvokeSpecial(java.lang.Object, long)'> (0x000000008882e180) 
thrown [s\src\hotspot\share\interpreter\linkResolver.cpp, line 771]
Event: 37.910 Thread 0x0000023758d07a60 Exception <a 'java/lang/NoSuchMethodError'{0x0000000088834f10}: 'java.lang.Object java.lang.invoke.DirectMethodHandle$Holder.invokeStatic(java.lang.Object, java.lang.Object, long, java.lang.Object)'> (0x0000000088834f10) 
thrown [s\src\hotspot\share\interpreter\linkResolver.cpp, line 771]
Event: 37.915 Thread 0x0000023758d07a60 Exception <a 'java/lang/NoSuchMethodError'{0x0000000088838c08}: 'java.lang.Object java.lang.invoke.DirectMethodHandle$Holder.invokeStaticInit(java.lang.Object, java.lang.Object, long, java.lang.Object)'> (0x0000000088838c08) 
thrown [s\src\hotspot\share\interpreter\linkResolver.cpp, line 771]
Event: 37.916 Thread 0x0000023758d07a60 Exception <a 'java/lang/NoSuchMethodError'{0x000000008883f308}: 'java.lang.Object java.lang.invoke.DirectMethodHandle$Holder.newInvokeSpecial(java.lang.Object, java.lang.Object, long)'> (0x000000008883f308) 
thrown [s\src\hotspot\share\interpreter\linkResolver.cpp, line 771]
Event: 37.917 Thread 0x0000023758d07a60 Exception <a 'java/lang/NoSuchMethodError'{0x00000000888430d8}: 'java.lang.Object java.lang.invoke.Invokers$Holder.linkToTargetMethod(java.lang.Object, long, java.lang.Object)'> (0x00000000888430d8) 
thrown [s\src\hotspot\share\interpreter\linkResolver.cpp, line 771]
Event: 38.307 Thread 0x0000023758d08400 Exception <a 'java/lang/NoSuchMethodError'{0x0000000087cf49a8}: 'int java.lang.invoke.DirectMethodHandle$Holder.invokeVirtual(java.lang.Object, java.lang.Object, java.lang.Object, java.lang.Object)'> (0x0000000087cf49a8) 
thrown [s\src\hotspot\share\interpreter\linkResolver.cpp, line 771]
Event: 38.510 Thread 0x0000023758d0e910 Exception <a 'java/lang/IncompatibleClassChangeError'{0x000000008a0b1a48}: Found class java.lang.Object, but interface was expected> (0x000000008a0b1a48) 
thrown [s\src\hotspot\share\interpreter\linkResolver.cpp, line 838]
Event: 38.519 Thread 0x0000023758d0e910 Exception <a 'java/lang/NoSuchMethodError'{0x0000000089ed5a40}: 'int java.lang.invoke.DirectMethodHandle$Holder.invokeVirtual(java.lang.Object, java.lang.Object, java.lang.Object)'> (0x0000000089ed5a40) 
thrown [s\src\hotspot\share\interpreter\linkResolver.cpp, line 771]
Event: 38.519 Thread 0x0000023758d08400 Exception <a 'java/lang/NoSuchMethodError'{0x0000000089ef5700}: 'int java.lang.invoke.DirectMethodHandle$Holder.invokeVirtual(java.lang.Object, java.lang.Object, java.lang.Object)'> (0x0000000089ef5700) 
thrown [s\src\hotspot\share\interpreter\linkResolver.cpp, line 771]
Event: 39.245 Thread 0x0000023758d07a60 Exception <a 'java/lang/NoSuchMethodError'{0x0000000087ae6b88}: 'int java.lang.invoke.DirectMethodHandle$Holder.invokeSpecialIFC(java.lang.Object, java.lang.Object, java.lang.Object)'> (0x0000000087ae6b88) 
thrown [s\src\hotspot\share\interpreter\linkResolver.cpp, line 771]

VM Operations (20 events):
Event: 38.531 Executing VM operation: HandshakeAllThreads done
Event: 38.544 Executing VM operation: HandshakeAllThreads
Event: 38.544 Executing VM operation: HandshakeAllThreads done
Event: 38.629 Executing VM operation: HandshakeAllThreads
Event: 38.636 Executing VM operation: HandshakeAllThreads done
Event: 39.245 Executing VM operation: G1CollectForAllocation
Event: 39.267 Executing VM operation: G1CollectForAllocation done
Event: 39.577 Executing VM operation: HandshakeAllThreads
Event: 39.632 Executing VM operation: HandshakeAllThreads done
Event: 39.632 Executing VM operation: G1Concurrent
Event: 39.656 Executing VM operation: G1Concurrent done
Event: 39.783 Executing VM operation: HandshakeAllThreads
Event: 39.821 Executing VM operation: HandshakeAllThreads done
Event: 39.821 Executing VM operation: G1Concurrent
Event: 39.822 Executing VM operation: G1Concurrent done
Event: 39.823 Executing VM operation: HandshakeAllThreads
Event: 39.838 Executing VM operation: HandshakeAllThreads done
Event: 40.110 Executing VM operation: G1CollectForAllocation
Event: 40.156 Executing VM operation: G1CollectForAllocation done
Event: 40.308 Executing VM operation: G1CollectForAllocation

Events (20 events):
Event: 37.907 loading class java/lang/ProcessHandleImpl
Event: 37.909 loading class java/lang/ProcessHandleImpl done
Event: 37.918 loading class java/lang/ProcessImpl$2
Event: 37.918 loading class java/lang/ProcessImpl$2 done
Event: 37.918 loading class java/lang/Process$PipeInputStream
Event: 37.918 loading class java/lang/Process$PipeInputStream done
Event: 37.921 loading class jdk/internal/event/ProcessStartEvent
Event: 37.922 loading class jdk/internal/event/ProcessStartEvent done
Event: 37.931 Thread 0x000002375f981110 Thread added: 0x000002375f981110
Event: 37.931 Thread 0x000002375f984fa0 Thread added: 0x000002375f984fa0
Event: 38.127 loading class java/util/concurrent/ConcurrentLinkedQueue$Itr
Event: 38.136 loading class java/util/concurrent/ConcurrentLinkedQueue$Itr done
Event: 39.843 Thread 0x0000023754d0bf40 flushing nmethod 0x000002373ec63190
Event: 39.845 Thread 0x0000023754d0bf40 flushing nmethod 0x000002373eec8590
Event: 39.848 Thread 0x0000023754d0bf40 flushing nmethod 0x000002373f1c0810
Event: 39.851 Thread 0x0000023754d0bf40 flushing nmethod 0x000002373f4b9090
Event: 39.852 Thread 0x0000023754d0bf40 flushing nmethod 0x000002373f50e590
Event: 39.852 Thread 0x0000023754d0bf40 flushing nmethod 0x000002373f57e490
Event: 39.856 Thread 0x0000023754d0bf40 flushing nmethod 0x000002373f998990
Event: 39.857 Thread 0x0000023754d0bf40 flushing nmethod 0x000002373fa07510


Dynamic libraries:
0x00007ff7529e0000 - 0x00007ff7529ea000 	C:\Program Files\Android\Android Studio\jbr\bin\java.exe
0x00007ffb865b0000 - 0x00007ffb867c7000 	C:\WINDOWS\SYSTEM32\ntdll.dll
0x00007ffb84780000 - 0x00007ffb84844000 	C:\WINDOWS\System32\KERNEL32.DLL
0x00007ffb83a40000 - 0x00007ffb83de5000 	C:\WINDOWS\System32\KERNELBASE.dll
0x00007ffb841e0000 - 0x00007ffb842f1000 	C:\WINDOWS\System32\ucrtbase.dll
0x00007ffb6b770000 - 0x00007ffb6b787000 	C:\Program Files\Android\Android Studio\jbr\bin\jli.dll
0x00007ffb85ef0000 - 0x00007ffb8609e000 	C:\WINDOWS\System32\USER32.dll
0x00007ffb83f10000 - 0x00007ffb83f36000 	C:\WINDOWS\System32\win32u.dll
0x00007ffb851e0000 - 0x00007ffb85209000 	C:\WINDOWS\System32\GDI32.dll
0x00007ffb83920000 - 0x00007ffb83a39000 	C:\WINDOWS\System32\gdi32full.dll
0x00007ffb83e70000 - 0x00007ffb83f0a000 	C:\WINDOWS\System32\msvcp_win.dll
0x00007ffb6b9a0000 - 0x00007ffb6b9bb000 	C:\Program Files\Android\Android Studio\jbr\bin\VCRUNTIME140.dll
0x00007ffb6eae0000 - 0x00007ffb6ed73000 	C:\WINDOWS\WinSxS\amd64_microsoft.windows.common-controls_6595b64144ccf1df_6.0.22621.2506_none_270c5ae97388e100\COMCTL32.dll
0x00007ffb850d0000 - 0x00007ffb85177000 	C:\WINDOWS\System32\msvcrt.dll
0x00007ffb86270000 - 0x00007ffb862a1000 	C:\WINDOWS\System32\IMM32.DLL
0x00007ffb6ba30000 - 0x00007ffb6ba3c000 	C:\Program Files\Android\Android Studio\jbr\bin\vcruntime140_1.dll
0x00007ffb4d530000 - 0x00007ffb4d5bd000 	C:\Program Files\Android\Android Studio\jbr\bin\msvcp140.dll
0x00007ffb4f9b0000 - 0x00007ffb5061e000 	C:\Program Files\Android\Android Studio\jbr\bin\server\jvm.dll
0x00007ffb84ed0000 - 0x00007ffb84f81000 	C:\WINDOWS\System32\ADVAPI32.dll
0x00007ffb860a0000 - 0x00007ffb86146000 	C:\WINDOWS\System32\sechost.dll
0x00007ffb86150000 - 0x00007ffb86267000 	C:\WINDOWS\System32\RPCRT4.dll
0x00007ffb5beb0000 - 0x00007ffb5beb9000 	C:\WINDOWS\SYSTEM32\WSOCK32.dll
0x00007ffb84e50000 - 0x00007ffb84ec1000 	C:\WINDOWS\System32\WS2_32.dll
0x00007ffb73470000 - 0x00007ffb734a4000 	C:\WINDOWS\SYSTEM32\WINMM.dll
0x00007ffb6ea90000 - 0x00007ffb6ea9a000 	C:\WINDOWS\SYSTEM32\VERSION.dll
0x00007ffb82920000 - 0x00007ffb82938000 	C:\WINDOWS\SYSTEM32\kernel.appcore.dll
0x00007ffb7b950000 - 0x00007ffb7b95a000 	C:\Program Files\Android\Android Studio\jbr\bin\jimage.dll
0x00007ffb7e330000 - 0x00007ffb7e563000 	C:\WINDOWS\SYSTEM32\DBGHELP.DLL
0x00007ffb84950000 - 0x00007ffb84cd9000 	C:\WINDOWS\System32\combase.dll
0x00007ffb84ff0000 - 0x00007ffb850c7000 	C:\WINDOWS\System32\OLEAUT32.dll
0x00007ffb54340000 - 0x00007ffb54372000 	C:\WINDOWS\SYSTEM32\dbgcore.DLL
0x00007ffb83df0000 - 0x00007ffb83e6a000 	C:\WINDOWS\System32\bcryptPrimitives.dll
0x00007ffb6bc40000 - 0x00007ffb6bc65000 	C:\Program Files\Android\Android Studio\jbr\bin\java.dll
0x00007ffb6e8a0000 - 0x00007ffb6e8b8000 	C:\Program Files\Android\Android Studio\jbr\bin\zip.dll
0x00007ffb85210000 - 0x00007ffb85a69000 	C:\WINDOWS\System32\SHELL32.dll
0x00007ffb81840000 - 0x00007ffb82134000 	C:\WINDOWS\SYSTEM32\windows.storage.dll
0x00007ffb81700000 - 0x00007ffb8183e000 	C:\WINDOWS\SYSTEM32\wintypes.dll
0x00007ffb86470000 - 0x00007ffb86563000 	C:\WINDOWS\System32\SHCORE.dll
0x00007ffb84df0000 - 0x00007ffb84e4e000 	C:\WINDOWS\System32\shlwapi.dll
0x00007ffb83850000 - 0x00007ffb83876000 	C:\WINDOWS\SYSTEM32\profapi.dll
0x00007ffb6bc20000 - 0x00007ffb6bc39000 	C:\Program Files\Android\Android Studio\jbr\bin\net.dll
0x00007ffb76ef0000 - 0x00007ffb77027000 	C:\WINDOWS\SYSTEM32\WINHTTP.dll
0x00007ffb82da0000 - 0x00007ffb82e09000 	C:\WINDOWS\system32\mswsock.dll
0x00007ffb6bbc0000 - 0x00007ffb6bbd6000 	C:\Program Files\Android\Android Studio\jbr\bin\nio.dll
0x00007ffb788e0000 - 0x00007ffb788f0000 	C:\Program Files\Android\Android Studio\jbr\bin\verify.dll
0x00007ffb7b570000 - 0x00007ffb7b597000 	C:\Users\Ian\.gradle\native\e1d6ef7f7dcc3fd88c89a11ec53ec762bb8ba0a96d01ffa2cd45eb1d1d8dd5c5\windows-amd64\native-platform.dll
0x00007ffb37e60000 - 0x00007ffb37fa4000 	C:\Users\Ian\.gradle\native\5664cfc778a61ccfe75a443a1ab52a65af34e5dc3c78e0209fed803814484fcb\windows-amd64\native-platform-file-events.dll
0x00007ffb6e820000 - 0x00007ffb6e829000 	C:\Program Files\Android\Android Studio\jbr\bin\management.dll
0x00007ffb6daa0000 - 0x00007ffb6daab000 	C:\Program Files\Android\Android Studio\jbr\bin\management_ext.dll
0x00007ffb862b0000 - 0x00007ffb862b8000 	C:\WINDOWS\System32\PSAPI.DLL
0x00007ffb82ff0000 - 0x00007ffb8300b000 	C:\WINDOWS\SYSTEM32\CRYPTSP.dll
0x00007ffb82880000 - 0x00007ffb828b5000 	C:\WINDOWS\system32\rsaenh.dll
0x00007ffb82e90000 - 0x00007ffb82ebc000 	C:\WINDOWS\SYSTEM32\USERENV.dll
0x00007ffb831e0000 - 0x00007ffb83208000 	C:\WINDOWS\SYSTEM32\bcrypt.dll
0x00007ffb83010000 - 0x00007ffb8301c000 	C:\WINDOWS\SYSTEM32\CRYPTBASE.dll
0x00007ffb823e0000 - 0x00007ffb8240d000 	C:\WINDOWS\SYSTEM32\IPHLPAPI.DLL
0x00007ffb851d0000 - 0x00007ffb851d9000 	C:\WINDOWS\System32\NSI.dll
0x00007ffb740f0000 - 0x00007ffb74109000 	C:\WINDOWS\SYSTEM32\dhcpcsvc6.DLL
0x00007ffb73fe0000 - 0x00007ffb73fff000 	C:\WINDOWS\SYSTEM32\dhcpcsvc.DLL
0x00007ffb82410000 - 0x00007ffb82509000 	C:\WINDOWS\SYSTEM32\DNSAPI.dll
0x00007ffb6cd20000 - 0x00007ffb6cd28000 	C:\WINDOWS\system32\wshunix.dll

dbghelp: loaded successfully - version: 4.0.5 - missing functions: none
symbol engine: initialized successfully - sym options: 0x614 - pdb path: .;C:\Program Files\Android\Android Studio\jbr\bin;C:\WINDOWS\SYSTEM32;C:\WINDOWS\WinSxS\amd64_microsoft.windows.common-controls_6595b64144ccf1df_6.0.22621.2506_none_270c5ae97388e100;C:\Program Files\Android\Android Studio\jbr\bin\server;C:\Users\Ian\.gradle\native\e1d6ef7f7dcc3fd88c89a11ec53ec762bb8ba0a96d01ffa2cd45eb1d1d8dd5c5\windows-amd64;C:\Users\Ian\.gradle\native\5664cfc778a61ccfe75a443a1ab52a65af34e5dc3c78e0209fed803814484fcb\windows-amd64

VM Arguments:
jvm_args: --add-opens=java.base/java.util=ALL-UNNAMED --add-opens=java.base/java.lang=ALL-UNNAMED --add-opens=java.base/java.lang.invoke=ALL-UNNAMED --add-opens=java.base/java.util=ALL-UNNAMED --add-opens=java.prefs/java.util.prefs=ALL-UNNAMED --add-opens=java.prefs/java.util.prefs=ALL-UNNAMED --add-opens=java.base/java.nio.charset=ALL-UNNAMED --add-opens=java.base/java.net=ALL-UNNAMED --add-opens=java.base/java.util.concurrent.atomic=ALL-UNNAMED -Xmx2048m -Dfile.encoding=UTF-8 -Duser.country=ID -Duser.language=id -Duser.variant 
java_command: org.gradle.launcher.daemon.bootstrap.GradleDaemon 7.2
java_class_path (initial): C:\Users\Ian\.gradle\wrapper\dists\gradle-7.2-bin\2dnblmf4td7x66yl1d74lt32g\gradle-7.2\lib\gradle-launcher-7.2.jar
Launcher Type: SUN_STANDARD

[Global flags]
     intx CICompilerCount                          = 3                                         {product} {ergonomic}
     uint ConcGCThreads                            = 1                                         {product} {ergonomic}
     uint G1ConcRefinementThreads                  = 4                                         {product} {ergonomic}
   size_t G1HeapRegionSize                         = 1048576                                   {product} {ergonomic}
    uintx GCDrainStackTargetSize                   = 64                                        {product} {ergonomic}
   size_t InitialHeapSize                          = 65011712                                  {product} {ergonomic}
   size_t MarkStackSize                            = 4194304                                   {product} {ergonomic}
   size_t MaxHeapSize                              = 2147483648                                {product} {command line}
   size_t MaxNewSize                               = 1287651328                                {product} {ergonomic}
   size_t MinHeapDeltaBytes                        = 1048576                                   {product} {ergonomic}
   size_t MinHeapSize                              = 8388608                                   {product} {ergonomic}
    uintx NonNMethodCodeHeapSize                   = 5832780                                {pd product} {ergonomic}
    uintx NonProfiledCodeHeapSize                  = 122912730                              {pd product} {ergonomic}
    uintx ProfiledCodeHeapSize                     = 122912730                              {pd product} {ergonomic}
    uintx ReservedCodeCacheSize                    = 251658240                              {pd product} {ergonomic}
     bool SegmentedCodeCache                       = true                                      {product} {ergonomic}
   size_t SoftMaxHeapSize                          = 2147483648                             {manageable} {ergonomic}
     bool UseCompressedClassPointers               = true                           {product lp64_product} {ergonomic}
     bool UseCompressedOops                        = true                           {product lp64_product} {ergonomic}
     bool UseG1GC                                  = true                                      {product} {ergonomic}
     bool UseLargePagesIndividualAllocation        = false                                  {pd product} {ergonomic}

Logging:
Log output configuration:
 #0: stdout all=warning uptime,level,tags
 #1: stderr all=off uptime,level,tags

Environment Variables:
PATH=C:\ProgramData\Oracle\Java\javapath;C:\Program Files\OpenLogic\jdk-17.0.6.10-hotspot\bin;C:\Program Files\OpenJDK\jdk-11.0.18.10-hotspot\bin;C:\Program Files (x86)\Common Files\Oracle\Java\javapath;C:\Program Files (x86)\Common Files\Intel\Shared Files\cpp\bin\Intel64;C:\WINDOWS\system32;C:\WINDOWS;C:\WINDOWS\System32\Wbem;C:\WINDOWS\System32\WindowsPowerShell\v1.0\;C:\WINDOWS\System32\OpenSSH\;C:\Program Files\Intel\WiFi\bin\;C:\Program Files\Common Files\Intel\WirelessCommon\;C:\Program Files\Git\cmd;C:\Users\Ian\AppData\Local\Microsoft\WindowsApps;;C:\Users\Ian\AppData\Local\Programs\Microsoft VS Code\bin
USERNAME=Ian
OS=Windows_NT
PROCESSOR_IDENTIFIER=Intel64 Family 6 Model 142 Stepping 10, GenuineIntel
TMP=C:\Users\Ian\AppData\Local\Temp
TEMP=C:\Users\Ian\AppData\Local\Temp


JNI global refs:
JNI global refs: 25, weak refs: 6

JNI global refs memory usage: 843, weak refs: 841


---------------  S Y S T E M  ---------------

OS:
 Windows 11 , 64 bit Build 22621 (10.0.22621.2506)
OS uptime: 0 days 3:00 hours

CPU: total 4 (initial active 4) (2 cores per cpu, 2 threads per core) family 6 model 142 stepping 10 microcode 0xe0, cx8, cmov, fxsr, ht, mmx, 3dnowpref, sse, sse2, sse3, ssse3, sse4.1, sse4.2, popcnt, lzcnt, tsc, tscinvbit, aes, erms, clmul, clflush, clflushopt

Memory: 4k page, system-wide physical 3952M (413M free)
TotalPageFile size 8048M (AvailPageFile size 209M)
current process WorkingSet (physical memory assigned to process): 444M, peak: 445M
current process commit charge ("private bytes"): 510M, peak: 814M

vm_info: OpenJDK 64-Bit Server VM (17.0.6+0-b2043.56-10027231) for windows-amd64 JRE (17.0.6+0-b2043.56-10027231), built on Apr 28 2023 00:43:19 by "androidbuild" with MS VC++ 16.10 / 16.11 (VS2019)

END.
