#
# There is insufficient memory for the Java Runtime Environment to continue.
# Native memory allocation (mmap) failed to map 36700160 bytes for G1 virtual space
# Possible reasons:
#   The system is out of physical RAM or swap space
#   The process is running with CompressedOops enabled, and the Java Heap may be blocking the growth of the native heap
# Possible solutions:
#   Reduce memory load on the system
#   Increase physical memory or swap space
#   Check if swap backing store is full
#   Decrease Java heap size (-Xmx/-Xms)
#   Decrease number of Java threads
#   Decrease Java thread stack sizes (-Xss)
#   Set larger code cache with -XX:ReservedCodeCacheSize=
#   JVM is running with Unscaled Compressed Oops mode in which the Java heap is
#     placed in the first 4GB address space. The Java Heap base address is the
#     maximum limit for the native heap growth. Please use -XX:HeapBaseMinAddress
#     to set the Java Heap base and to place the Java Heap above 4GB virtual address.
# This output file may be truncated or incomplete.
#
#  Out of Memory Error (os_windows.cpp:3769), pid=6624, tid=8548
#
# JRE version: OpenJDK Runtime Environment (17.0.6) (build 17.0.6+0-b2043.56-10027231)
# Java VM: OpenJDK 64-Bit Server VM (17.0.6+0-b2043.56-10027231, mixed mode, tiered, compressed oops, compressed class ptrs, g1 gc, windows-amd64)
# No core dump will be written. Minidumps are not enabled by default on client versions of Windows
#

---------------  S U M M A R Y ------------

Command Line: --add-opens=java.base/java.util=ALL-UNNAMED --add-opens=java.base/java.lang=ALL-UNNAMED --add-opens=java.base/java.lang.invoke=ALL-UNNAMED --add-opens=java.base/java.util=ALL-UNNAMED --add-opens=java.prefs/java.util.prefs=ALL-UNNAMED --add-opens=java.prefs/java.util.prefs=ALL-UNNAMED --add-opens=java.base/java.nio.charset=ALL-UNNAMED --add-opens=java.base/java.net=ALL-UNNAMED --add-opens=java.base/java.util.concurrent.atomic=ALL-UNNAMED -Xmx2048m -Dfile.encoding=UTF-8 -Duser.country=ID -Duser.language=id -Duser.variant org.gradle.launcher.daemon.bootstrap.GradleDaemon 7.2

Host: Intel(R) Pentium(R) CPU 4417U @ 2.30GHz, 4 cores, 3G,  Windows 11 , 64 bit Build 22621 (10.0.22621.2506)
Time: Wed Dec  6 20:41:09 2023 SE Asia Standard Time elapsed time: 40.324104 seconds (0d 0h 0m 40s)

---------------  T H R E A D  ---------------

Current thread (0x00000286db4ec790):  VMThread "VM Thread" [stack: 0x000000b79c600000,0x000000b79c700000] [id=8548]

Stack: [0x000000b79c600000,0x000000b79c700000]
Native frames: (J=compiled Java code, j=interpreted, Vv=VM code, C=native code)
V  [jvm.dll+0x683c9a]
V  [jvm.dll+0x8427a4]
V  [jvm.dll+0x843f9e]
V  [jvm.dll+0x844603]
V  [jvm.dll+0x249b75]
V  [jvm.dll+0x680b69]
V  [jvm.dll+0x67505a]
V  [jvm.dll+0x309acb]
V  [jvm.dll+0x310f86]
V  [jvm.dll+0x3608ee]
V  [jvm.dll+0x360b1f]
V  [jvm.dll+0x2dfbf8]
V  [jvm.dll+0x2ddec4]
V  [jvm.dll+0x2dd4cc]
V  [jvm.dll+0x321f3b]
V  [jvm.dll+0x848ccb]
V  [jvm.dll+0x849a04]
V  [jvm.dll+0x849f1d]
V  [jvm.dll+0x84a2f4]
V  [jvm.dll+0x84a3c0]
V  [jvm.dll+0x7f274a]
V  [jvm.dll+0x682ad5]
C  [ucrtbase.dll+0x29363]
C  [KERNEL32.DLL+0x1257d]
C  [ntdll.dll+0x5aa58]

VM_Operation (0x000000b7a05f8aa0): G1CollectForAllocation, mode: safepoint, requested by thread 0x00000286de7109c0


---------------  P R O C E S S  ---------------

Threads class SMR info:
_java_thread_list=0x00000286e81fd290, length=90, elements={
0x00000286c1fa9500, 0x00000286db52baa0, 0x00000286db52c460, 0x00000286db592290,
0x00000286db592c50, 0x00000286db595710, 0x00000286db53f6a0, 0x00000286db545d40,
0x00000286db547700, 0x00000286db5483f0, 0x00000286dc19f010, 0x00000286dc19f4e0,
0x00000286dd568f90, 0x00000286dd878080, 0x00000286dd73b200, 0x00000286dd5de260,
0x00000286dcab10f0, 0x00000286ddacc070, 0x00000286dd45bbb0, 0x00000286dd5c5140,
0x00000286dd5c4c70, 0x00000286dd5c5610, 0x00000286dd5c5fb0, 0x00000286dd5c5ae0,
0x00000286dd5c6480, 0x00000286de65dba0, 0x00000286de65ab80, 0x00000286de65eee0,
0x00000286de660220, 0x00000286de65d6d0, 0x00000286de65b520, 0x00000286de65e540,
0x00000286de65f3b0, 0x00000286de65bec0, 0x00000286de65f880, 0x00000286de6606f0,
0x00000286de661090, 0x00000286de65d200, 0x00000286de65c390, 0x00000286de65c860,
0x00000286de659d10, 0x00000286de65a6b0, 0x00000286de65b9f0, 0x00000286de65b050,
0x00000286de7121d0, 0x00000286de70ece0, 0x00000286de710e90, 0x00000286de70d9a0,
0x00000286de713eb0, 0x00000286de70d000, 0x00000286de70e810, 0x00000286de70de70,
0x00000286de711830, 0x00000286de7104f0, 0x00000286de7126a0, 0x00000286de713040,
0x00000286de7139e0, 0x00000286de70e340, 0x00000286de7109c0, 0x00000286de70fb50,
0x00000286de712b70, 0x00000286de713510, 0x00000286de711360, 0x00000286de711d00,
0x00000286de70c660, 0x00000286de70cb30, 0x00000286de70d4d0, 0x00000286de70f1b0,
0x00000286de70f680, 0x00000286de710020, 0x00000286e039c420, 0x00000286e039eaa0,
0x00000286e039a740, 0x00000286e0398590, 0x00000286e039b0e0, 0x00000286e039ac10,
0x00000286e039b5b0, 0x00000286e039bf50, 0x00000286e0398a60, 0x00000286e039c8f0,
0x00000286e039ba80, 0x00000286e039cdc0, 0x00000286e03998d0, 0x00000286e039f440,
0x00000286e039d290, 0x00000286e039d760, 0x00000286e3bbd560, 0x00000286e119e3c0,
0x00000286e119da20, 0x00000286e608aa60
}

Java Threads: ( => current thread )
  0x00000286c1fa9500 JavaThread "main" [_thread_blocked, id=6872, stack(0x000000b79c000000,0x000000b79c100000)]
  0x00000286db52baa0 JavaThread "Reference Handler" daemon [_thread_blocked, id=2916, stack(0x000000b79c700000,0x000000b79c800000)]
  0x00000286db52c460 JavaThread "Finalizer" daemon [_thread_blocked, id=1988, stack(0x000000b79c800000,0x000000b79c900000)]
  0x00000286db592290 JavaThread "Signal Dispatcher" daemon [_thread_blocked, id=264, stack(0x000000b79c900000,0x000000b79ca00000)]
  0x00000286db592c50 JavaThread "Attach Listener" daemon [_thread_blocked, id=12680, stack(0x000000b79ca00000,0x000000b79cb00000)]
  0x00000286db595710 JavaThread "Service Thread" daemon [_thread_blocked, id=6384, stack(0x000000b79cb00000,0x000000b79cc00000)]
  0x00000286db53f6a0 JavaThread "Monitor Deflation Thread" daemon [_thread_blocked, id=8824, stack(0x000000b79cc00000,0x000000b79cd00000)]
  0x00000286db545d40 JavaThread "C2 CompilerThread0" daemon [_thread_in_native, id=9480, stack(0x000000b79cd00000,0x000000b79ce00000)]
  0x00000286db547700 JavaThread "C1 CompilerThread0" daemon [_thread_blocked, id=12284, stack(0x000000b79ce00000,0x000000b79cf00000)]
  0x00000286db5483f0 JavaThread "Sweeper thread" daemon [_thread_blocked, id=15700, stack(0x000000b79cf00000,0x000000b79d000000)]
  0x00000286dc19f010 JavaThread "Common-Cleaner" daemon [_thread_blocked, id=14784, stack(0x000000b79d000000,0x000000b79d100000)]
  0x00000286dc19f4e0 JavaThread "Notification Thread" daemon [_thread_blocked, id=15112, stack(0x000000b79d100000,0x000000b79d200000)]
  0x00000286dd568f90 JavaThread "Daemon health stats" [_thread_blocked, id=5644, stack(0x000000b79d600000,0x000000b79d700000)]
  0x00000286dd878080 JavaThread "Incoming local TCP Connector on port 52745" [_thread_in_native, id=11536, stack(0x000000b79d700000,0x000000b79d800000)]
  0x00000286dd73b200 JavaThread "Daemon periodic checks" [_thread_blocked, id=10012, stack(0x000000b79d800000,0x000000b79d900000)]
  0x00000286dd5de260 JavaThread "Daemon" [_thread_blocked, id=13332, stack(0x000000b79d900000,0x000000b79da00000)]
  0x00000286dcab10f0 JavaThread "Handler for socket connection from /127.0.0.1:52745 to /127.0.0.1:52746" [_thread_in_native, id=8564, stack(0x000000b79da00000,0x000000b79db00000)]
  0x00000286ddacc070 JavaThread "Cancel handler" [_thread_blocked, id=4936, stack(0x000000b79db00000,0x000000b79dc00000)]
  0x00000286dd45bbb0 JavaThread "Daemon worker" [_thread_blocked, id=3692, stack(0x000000b79dc00000,0x000000b79dd00000)]
  0x00000286dd5c5140 JavaThread "Asynchronous log dispatcher for DefaultDaemonConnection: socket connection from /127.0.0.1:52745 to /127.0.0.1:52746" [_thread_blocked, id=3412, stack(0x000000b79dd00000,0x000000b79de00000)]
  0x00000286dd5c4c70 JavaThread "Stdin handler" [_thread_blocked, id=14292, stack(0x000000b79de00000,0x000000b79df00000)]
  0x00000286dd5c5610 JavaThread "Daemon client event forwarder" [_thread_blocked, id=9408, stack(0x000000b79df00000,0x000000b79e000000)]
  0x00000286dd5c5fb0 JavaThread "Cache worker for journal cache (C:\Users\Ian\.gradle\caches\journal-1)" [_thread_blocked, id=12396, stack(0x000000b79e000000,0x000000b79e100000)]
  0x00000286dd5c5ae0 JavaThread "File lock request listener" [_thread_in_native, id=8036, stack(0x000000b79e100000,0x000000b79e200000)]
  0x00000286dd5c6480 JavaThread "Cache worker for file hash cache (C:\Users\Ian\.gradle\caches\7.2\fileHashes)" [_thread_blocked, id=11020, stack(0x000000b79e200000,0x000000b79e300000)]
  0x00000286de65dba0 JavaThread "Cache worker for file hash cache (C:\Users\Ian\AndroidStudioProjects\ujianandroid_\.gradle\7.2\fileHashes)" [_thread_blocked, id=1052, stack(0x000000b79e300000,0x000000b79e400000)]
  0x00000286de65ab80 JavaThread "File watcher server" daemon [_thread_blocked, id=9008, stack(0x000000b79e400000,0x000000b79e500000)]
  0x00000286de65eee0 JavaThread "File watcher consumer" daemon [_thread_blocked, id=15992, stack(0x000000b79e500000,0x000000b79e600000)]
  0x00000286de660220 JavaThread "Cache worker for checksums cache (C:\Users\Ian\AndroidStudioProjects\ujianandroid_\.gradle\checksums)" [_thread_blocked, id=14536, stack(0x000000b79e600000,0x000000b79e700000)]
  0x00000286de65d6d0 JavaThread "Cache worker for cache directory md-supplier (C:\Users\Ian\.gradle\caches\7.2\md-supplier)" [_thread_blocked, id=14284, stack(0x000000b79e700000,0x000000b79e800000)]
  0x00000286de65b520 JavaThread "Cache worker for cache directory md-rule (C:\Users\Ian\.gradle\caches\7.2\md-rule)" [_thread_blocked, id=14100, stack(0x000000b79e800000,0x000000b79e900000)]
  0x00000286de65e540 JavaThread "Cache worker for execution history cache (C:\Users\Ian\.gradle\caches\7.2\executionHistory)" [_thread_blocked, id=8404, stack(0x000000b79e900000,0x000000b79ea00000)]
  0x00000286de65f3b0 JavaThread "jar transforms" [_thread_blocked, id=16124, stack(0x000000b79ea00000,0x000000b79eb00000)]
  0x00000286de65bec0 JavaThread "jar transforms Thread 2" [_thread_blocked, id=5680, stack(0x000000b79eb00000,0x000000b79ec00000)]
  0x00000286de65f880 JavaThread "Cache worker for file content cache (C:\Users\Ian\.gradle\caches\7.2\fileContent)" [_thread_blocked, id=13316, stack(0x000000b79ed00000,0x000000b79ee00000)]
  0x00000286de6606f0 JavaThread "jar transforms Thread 3" [_thread_blocked, id=3996, stack(0x000000b79ee00000,0x000000b79ef00000)]
  0x00000286de661090 JavaThread "jar transforms Thread 4" [_thread_blocked, id=9200, stack(0x000000b79ef00000,0x000000b79f000000)]
  0x00000286de65d200 JavaThread "Cache worker for dependencies-accessors (C:\Users\Ian\AndroidStudioProjects\ujianandroid_\.gradle\7.2\dependencies-accessors)" [_thread_blocked, id=232, stack(0x000000b79f000000,0x000000b79f100000)]
  0x00000286de65c390 JavaThread "Cache worker for Build Output Cleanup Cache (C:\Users\Ian\AndroidStudioProjects\ujianandroid_\.gradle\buildOutputCleanup)" [_thread_blocked, id=13788, stack(0x000000b79f100000,0x000000b79f200000)]
  0x00000286de65c860 JavaThread "Unconstrained build operations" [_thread_blocked, id=14984, stack(0x000000b79f200000,0x000000b79f300000)]
  0x00000286de659d10 JavaThread "Unconstrained build operations Thread 2" [_thread_blocked, id=14240, stack(0x000000b79f300000,0x000000b79f400000)]
  0x00000286de65a6b0 JavaThread "Unconstrained build operations Thread 3" [_thread_blocked, id=8368, stack(0x000000b79f400000,0x000000b79f500000)]
  0x00000286de65b9f0 JavaThread "Unconstrained build operations Thread 4" [_thread_blocked, id=14184, stack(0x000000b79f500000,0x000000b79f600000)]
  0x00000286de65b050 JavaThread "Unconstrained build operations Thread 5" [_thread_blocked, id=4392, stack(0x000000b79f600000,0x000000b79f700000)]
  0x00000286de7121d0 JavaThread "Unconstrained build operations Thread 6" [_thread_blocked, id=9500, stack(0x000000b79f700000,0x000000b79f800000)]
  0x00000286de70ece0 JavaThread "Unconstrained build operations Thread 7" [_thread_blocked, id=9080, stack(0x000000b79f800000,0x000000b79f900000)]
  0x00000286de710e90 JavaThread "Unconstrained build operations Thread 8" [_thread_blocked, id=13936, stack(0x000000b79f900000,0x000000b79fa00000)]
  0x00000286de70d9a0 JavaThread "Unconstrained build operations Thread 9" [_thread_blocked, id=14964, stack(0x000000b79fa00000,0x000000b79fb00000)]
  0x00000286de713eb0 JavaThread "Unconstrained build operations Thread 10" [_thread_blocked, id=1744, stack(0x000000b79fb00000,0x000000b79fc00000)]
  0x00000286de70d000 JavaThread "Unconstrained build operations Thread 11" [_thread_blocked, id=7340, stack(0x000000b79fc00000,0x000000b79fd00000)]
  0x00000286de70e810 JavaThread "Unconstrained build operations Thread 12" [_thread_blocked, id=14216, stack(0x000000b79fd00000,0x000000b79fe00000)]
  0x00000286de70de70 JavaThread "Unconstrained build operations Thread 13" [_thread_blocked, id=3308, stack(0x000000b79fe00000,0x000000b79ff00000)]
  0x00000286de711830 JavaThread "Unconstrained build operations Thread 14" [_thread_blocked, id=12716, stack(0x000000b79ff00000,0x000000b7a0000000)]
  0x00000286de7104f0 JavaThread "Unconstrained build operations Thread 15" [_thread_blocked, id=6428, stack(0x000000b7a0000000,0x000000b7a0100000)]
  0x00000286de7126a0 JavaThread "Unconstrained build operations Thread 16" [_thread_blocked, id=13672, stack(0x000000b7a0100000,0x000000b7a0200000)]
  0x00000286de713040 JavaThread "Unconstrained build operations Thread 17" [_thread_blocked, id=9332, stack(0x000000b7a0200000,0x000000b7a0300000)]
  0x00000286de7139e0 JavaThread "Unconstrained build operations Thread 18" [_thread_blocked, id=16316, stack(0x000000b7a0300000,0x000000b7a0400000)]
  0x00000286de70e340 JavaThread "Unconstrained build operations Thread 19" [_thread_blocked, id=6900, stack(0x000000b7a0400000,0x000000b7a0500000)]
  0x00000286de7109c0 JavaThread "Unconstrained build operations Thread 20" [_thread_blocked, id=8636, stack(0x000000b7a0500000,0x000000b7a0600000)]
  0x00000286de70fb50 JavaThread "Unconstrained build operations Thread 21" [_thread_blocked, id=2408, stack(0x000000b7a0600000,0x000000b7a0700000)]
  0x00000286de712b70 JavaThread "Unconstrained build operations Thread 22" [_thread_blocked, id=2824, stack(0x000000b7a0700000,0x000000b7a0800000)]
  0x00000286de713510 JavaThread "Unconstrained build operations Thread 23" [_thread_blocked, id=11848, stack(0x000000b7a0800000,0x000000b7a0900000)]
  0x00000286de711360 JavaThread "Unconstrained build operations Thread 24" [_thread_blocked, id=2180, stack(0x000000b7a0900000,0x000000b7a0a00000)]
  0x00000286de711d00 JavaThread "Unconstrained build operations Thread 25" [_thread_blocked, id=9992, stack(0x000000b7a0a00000,0x000000b7a0b00000)]
  0x00000286de70c660 JavaThread "Unconstrained build operations Thread 26" [_thread_blocked, id=4108, stack(0x000000b7a0b00000,0x000000b7a0c00000)]
  0x00000286de70cb30 JavaThread "Unconstrained build operations Thread 27" [_thread_blocked, id=7376, stack(0x000000b7a0c00000,0x000000b7a0d00000)]
  0x00000286de70d4d0 JavaThread "Unconstrained build operations Thread 28" [_thread_blocked, id=7928, stack(0x000000b7a0d00000,0x000000b7a0e00000)]
  0x00000286de70f1b0 JavaThread "Unconstrained build operations Thread 29" [_thread_blocked, id=12000, stack(0x000000b7a0e00000,0x000000b7a0f00000)]
  0x00000286de70f680 JavaThread "Unconstrained build operations Thread 30" [_thread_blocked, id=7964, stack(0x000000b7a0f00000,0x000000b7a1000000)]
  0x00000286de710020 JavaThread "Unconstrained build operations Thread 31" [_thread_blocked, id=4496, stack(0x000000b7a1000000,0x000000b7a1100000)]
  0x00000286e039c420 JavaThread "Unconstrained build operations Thread 32" [_thread_blocked, id=1176, stack(0x000000b7a1100000,0x000000b7a1200000)]
  0x00000286e039eaa0 JavaThread "Unconstrained build operations Thread 33" [_thread_blocked, id=1796, stack(0x000000b7a1200000,0x000000b7a1300000)]
  0x00000286e039a740 JavaThread "Unconstrained build operations Thread 34" [_thread_blocked, id=14156, stack(0x000000b7a1300000,0x000000b7a1400000)]
  0x00000286e0398590 JavaThread "Unconstrained build operations Thread 35" [_thread_blocked, id=13948, stack(0x000000b7a1400000,0x000000b7a1500000)]
  0x00000286e039b0e0 JavaThread "Unconstrained build operations Thread 36" [_thread_blocked, id=3840, stack(0x000000b7a1500000,0x000000b7a1600000)]
  0x00000286e039ac10 JavaThread "Unconstrained build operations Thread 37" [_thread_blocked, id=12556, stack(0x000000b7a1600000,0x000000b7a1700000)]
  0x00000286e039b5b0 JavaThread "Unconstrained build operations Thread 38" [_thread_blocked, id=840, stack(0x000000b7a1700000,0x000000b7a1800000)]
  0x00000286e039bf50 JavaThread "Unconstrained build operations Thread 39" [_thread_blocked, id=13808, stack(0x000000b7a1800000,0x000000b7a1900000)]
  0x00000286e0398a60 JavaThread "Unconstrained build operations Thread 40" [_thread_blocked, id=12160, stack(0x000000b7a1900000,0x000000b7a1a00000)]
  0x00000286e039c8f0 JavaThread "Memory manager" [_thread_blocked, id=13768, stack(0x000000b7a1a00000,0x000000b7a1b00000)]
  0x00000286e039ba80 JavaThread "build event listener" [_thread_blocked, id=5236, stack(0x000000b7a1b00000,0x000000b7a1c00000)]
  0x00000286e039cdc0 JavaThread "Execution worker for ':'" [_thread_blocked, id=5572, stack(0x000000b7a1c00000,0x000000b7a1d00000)]
  0x00000286e03998d0 JavaThread "Execution worker for ':' Thread 2" [_thread_blocked, id=8348, stack(0x000000b7a1d00000,0x000000b7a1e00000)]
  0x00000286e039f440 JavaThread "Execution worker for ':' Thread 3" [_thread_blocked, id=128, stack(0x000000b7a1e00000,0x000000b7a1f00000)]
  0x00000286e039d290 JavaThread "Cache worker for execution history cache (C:\Users\Ian\AndroidStudioProjects\ujianandroid_\.gradle\7.2\executionHistory)" [_thread_blocked, id=5960, stack(0x000000b7a1f00000,0x000000b7a2000000)]
  0x00000286e039d760 JavaThread "WorkerExecutor Queue" [_thread_blocked, id=16352, stack(0x000000b7a2000000,0x000000b7a2100000)]
  0x00000286e3bbd560 JavaThread "pool-3-thread-1" [_thread_blocked, id=8456, stack(0x000000b7a2100000,0x000000b7a2200000)]
  0x00000286e119e3c0 JavaThread "stderr" [_thread_in_native, id=14996, stack(0x000000b7a2200000,0x000000b7a2300000)]
  0x00000286e119da20 JavaThread "stdout" [_thread_in_native, id=3216, stack(0x000000b7a2300000,0x000000b7a2400000)]
  0x00000286e608aa60 JavaThread "C2 CompilerThread1" daemon [_thread_blocked, id=6332, stack(0x000000b7a2400000,0x000000b7a2500000)]

Other Threads:
=>0x00000286db4ec790 VMThread "VM Thread" [stack: 0x000000b79c600000,0x000000b79c700000] [id=8548]
  0x00000286c2025c20 WatcherThread [stack: 0x000000b79d200000,0x000000b79d300000] [id=12280]
  0x00000286c2003390 GCTaskThread "GC Thread#0" [stack: 0x000000b79c100000,0x000000b79c200000] [id=11004]
  0x00000286dc5f7240 GCTaskThread "GC Thread#1" [stack: 0x000000b79d300000,0x000000b79d400000] [id=13676]
  0x00000286dc9fbf70 GCTaskThread "GC Thread#2" [stack: 0x000000b79d400000,0x000000b79d500000] [id=16076]
  0x00000286dcf3a650 GCTaskThread "GC Thread#3" [stack: 0x000000b79d500000,0x000000b79d600000] [id=14480]
  0x00000286c2014170 ConcurrentGCThread "G1 Main Marker" [stack: 0x000000b79c200000,0x000000b79c300000] [id=3636]
  0x00000286c20161d0 ConcurrentGCThread "G1 Conc#0" [stack: 0x000000b79c300000,0x000000b79c400000] [id=8424]
  0x00000286c2068640 ConcurrentGCThread "G1 Refine#0" [stack: 0x000000b79c400000,0x000000b79c500000] [id=7304]
  0x00000286e07fd800 ConcurrentGCThread "G1 Refine#1" [stack: 0x000000b79ec00000,0x000000b79ed00000] [id=16184]
  0x00000286e2f922f0 ConcurrentGCThread "G1 Refine#2" [stack: 0x000000b7a2500000,0x000000b7a2600000] [id=15940]
  0x00000286e2f90bf0 ConcurrentGCThread "G1 Refine#3" [stack: 0x000000b7a2600000,0x000000b7a2700000] [id=8516]
  0x00000286c2068f00 ConcurrentGCThread "G1 Service" [stack: 0x000000b79c500000,0x000000b79c600000] [id=5496]

Threads with active compile tasks:
C2 CompilerThread0    40410 14348 %     4       com.android.tools.r8.ir.regalloc.a::a @ 2157 (3985 bytes)
C2 CompilerThread1    40410 14408 %     4       com.android.tools.r8.internal.U6::a @ 2458 (4191 bytes)

VM state: at safepoint (normal execution)

VM Mutex/Monitor currently owned by a thread:  ([mutex/lock_event])
[0x00000286c1fa40c0] Threads_lock - owner thread: 0x00000286db4ec790
[0x00000286c1fa4930] Heap_lock - owner thread: 0x00000286de7109c0

Heap address: 0x0000000080000000, size: 2048 MB, Compressed Oops mode: 32-bit

CDS archive(s) not mapped
Compressed class space mapped at: 0x0000000100000000-0x0000000140000000, reserved size: 1073741824
Narrow klass base: 0x0000000000000000, Narrow klass shift: 3, Narrow klass range: 0x140000000

GC Precious Log:
 CPUs: 4 total, 4 available
 Memory: 3952M
 Large Page Support: Disabled
 NUMA Support: Disabled
 Compressed Oops: Enabled (32-bit)
 Heap Region Size: 1M
 Heap Min Capacity: 8M
 Heap Initial Capacity: 62M
 Heap Max Capacity: 2G
 Pre-touch: Disabled
 Parallel Workers: 4
 Concurrent Workers: 1
 Concurrent Refinement Workers: 4
 Periodic GC: Disabled

Heap:
 garbage-first heap   total 266240K, used 136447K [0x0000000080000000, 0x0000000100000000)
  region size 1024K, 7 young (7168K), 7 survivors (7168K)
 Metaspace       used 99498K, committed 100160K, reserved 1138688K
  class space    used 13490K, committed 13824K, reserved 1048576K

Heap Regions: E=young(eden), S=young(survivor), O=old, HS=humongous(starts), HC=humongous(continues), CS=collection set, F=free, OA=open archive, CA=closed archive, TAMS=top-at-mark-start (previous, next)
|   0|0x0000000080000000, 0x0000000080100000, 0x0000000080100000|100%|HS|  |TAMS 0x0000000080100000, 0x0000000080000000| Complete 
|   1|0x0000000080100000, 0x0000000080200000, 0x0000000080200000|100%|HC|  |TAMS 0x0000000080200000, 0x0000000080100000| Complete 
|   2|0x0000000080200000, 0x0000000080300000, 0x0000000080300000|100%|HC|  |TAMS 0x0000000080300000, 0x0000000080200000| Complete 
|   3|0x0000000080300000, 0x0000000080400000, 0x0000000080400000|100%| O|  |TAMS 0x0000000080400000, 0x0000000080300000| Untracked 
|   4|0x0000000080400000, 0x0000000080500000, 0x0000000080500000|100%| O|  |TAMS 0x0000000080500000, 0x0000000080400000| Untracked 
|   5|0x0000000080500000, 0x0000000080600000, 0x0000000080600000|100%| O|  |TAMS 0x0000000080600000, 0x0000000080500000| Untracked 
|   6|0x0000000080600000, 0x0000000080700000, 0x0000000080700000|100%| O|  |TAMS 0x0000000080700000, 0x0000000080600000| Untracked 
|   7|0x0000000080700000, 0x0000000080800000, 0x0000000080800000|100%| O|  |TAMS 0x0000000080800000, 0x0000000080700000| Untracked 
|   8|0x0000000080800000, 0x0000000080900000, 0x0000000080900000|100%| O|  |TAMS 0x0000000080900000, 0x0000000080800000| Untracked 
|   9|0x0000000080900000, 0x0000000080a00000, 0x0000000080a00000|100%| O|  |TAMS 0x0000000080a00000, 0x0000000080900000| Untracked 
|  10|0x0000000080a00000, 0x0000000080b00000, 0x0000000080b00000|100%| O|  |TAMS 0x0000000080b00000, 0x0000000080a00000| Untracked 
|  11|0x0000000080b00000, 0x0000000080c00000, 0x0000000080c00000|100%| O|  |TAMS 0x0000000080c00000, 0x0000000080b00000| Untracked 
|  12|0x0000000080c00000, 0x0000000080d00000, 0x0000000080d00000|100%| O|  |TAMS 0x0000000080d00000, 0x0000000080c00000| Untracked 
|  13|0x0000000080d00000, 0x0000000080e00000, 0x0000000080e00000|100%| O|  |TAMS 0x0000000080e00000, 0x0000000080d00000| Untracked 
|  14|0x0000000080e00000, 0x0000000080f00000, 0x0000000080f00000|100%| O|  |TAMS 0x0000000080f00000, 0x0000000080e00000| Untracked 
|  15|0x0000000080f00000, 0x0000000081000000, 0x0000000081000000|100%| O|  |TAMS 0x0000000081000000, 0x0000000080f00000| Untracked 
|  16|0x0000000081000000, 0x0000000081100000, 0x0000000081100000|100%| O|  |TAMS 0x0000000081100000, 0x0000000081000000| Untracked 
|  17|0x0000000081100000, 0x0000000081200000, 0x0000000081200000|100%| O|  |TAMS 0x0000000081200000, 0x0000000081100000| Untracked 
|  18|0x0000000081200000, 0x0000000081300000, 0x0000000081300000|100%| O|  |TAMS 0x0000000081300000, 0x0000000081200000| Untracked 
|  19|0x0000000081300000, 0x0000000081400000, 0x0000000081400000|100%| O|  |TAMS 0x0000000081400000, 0x0000000081300000| Untracked 
|  20|0x0000000081400000, 0x0000000081500000, 0x0000000081500000|100%| O|  |TAMS 0x0000000081500000, 0x0000000081400000| Untracked 
|  21|0x0000000081500000, 0x0000000081600000, 0x0000000081600000|100%| O|  |TAMS 0x0000000081600000, 0x0000000081500000| Untracked 
|  22|0x0000000081600000, 0x0000000081700000, 0x0000000081700000|100%| O|  |TAMS 0x0000000081700000, 0x0000000081600000| Untracked 
|  23|0x0000000081700000, 0x0000000081800000, 0x0000000081800000|100%| O|  |TAMS 0x0000000081800000, 0x0000000081700000| Untracked 
|  24|0x0000000081800000, 0x0000000081900000, 0x0000000081900000|100%| O|  |TAMS 0x0000000081900000, 0x0000000081800000| Untracked 
|  25|0x0000000081900000, 0x0000000081a00000, 0x0000000081a00000|100%| O|  |TAMS 0x0000000081a00000, 0x0000000081900000| Untracked 
|  26|0x0000000081a00000, 0x0000000081b00000, 0x0000000081b00000|100%| O|  |TAMS 0x0000000081b00000, 0x0000000081a00000| Untracked 
|  27|0x0000000081b00000, 0x0000000081c00000, 0x0000000081c00000|100%| O|  |TAMS 0x0000000081c00000, 0x0000000081b00000| Untracked 
|  28|0x0000000081c00000, 0x0000000081d00000, 0x0000000081d00000|100%|HS|  |TAMS 0x0000000081d00000, 0x0000000081c00000| Complete 
|  29|0x0000000081d00000, 0x0000000081e00000, 0x0000000081e00000|100%|HS|  |TAMS 0x0000000081e00000, 0x0000000081d00000| Complete 
|  30|0x0000000081e00000, 0x0000000081f00000, 0x0000000081f00000|100%| O|  |TAMS 0x0000000081f00000, 0x0000000081e00000| Untracked 
|  31|0x0000000081f00000, 0x0000000082000000, 0x0000000082000000|100%| O|  |TAMS 0x0000000082000000, 0x0000000081f00000| Untracked 
|  32|0x0000000082000000, 0x0000000082100000, 0x0000000082100000|100%|HS|  |TAMS 0x0000000082100000, 0x0000000082000000| Complete 
|  33|0x0000000082100000, 0x0000000082200000, 0x0000000082200000|100%|HC|  |TAMS 0x0000000082200000, 0x0000000082100000| Complete 
|  34|0x0000000082200000, 0x0000000082300000, 0x0000000082300000|100%| O|  |TAMS 0x0000000082300000, 0x0000000082200000| Untracked 
|  35|0x0000000082300000, 0x0000000082400000, 0x0000000082400000|100%| O|  |TAMS 0x0000000082400000, 0x0000000082300000| Untracked 
|  36|0x0000000082400000, 0x0000000082500000, 0x0000000082500000|100%| O|  |TAMS 0x0000000082500000, 0x0000000082400000| Untracked 
|  37|0x0000000082500000, 0x0000000082600000, 0x0000000082600000|100%| O|  |TAMS 0x0000000082600000, 0x0000000082500000| Untracked 
|  38|0x0000000082600000, 0x0000000082700000, 0x0000000082700000|100%| O|  |TAMS 0x0000000082700000, 0x0000000082600000| Untracked 
|  39|0x0000000082700000, 0x0000000082800000, 0x0000000082800000|100%| O|  |TAMS 0x0000000082800000, 0x0000000082700000| Untracked 
|  40|0x0000000082800000, 0x0000000082900000, 0x0000000082900000|100%| O|  |TAMS 0x0000000082900000, 0x0000000082800000| Untracked 
|  41|0x0000000082900000, 0x0000000082a00000, 0x0000000082a00000|100%| O|  |TAMS 0x0000000082a00000, 0x0000000082900000| Untracked 
|  42|0x0000000082a00000, 0x0000000082b00000, 0x0000000082b00000|100%| O|  |TAMS 0x0000000082b00000, 0x0000000082a00000| Untracked 
|  43|0x0000000082b00000, 0x0000000082c00000, 0x0000000082c00000|100%| O|  |TAMS 0x0000000082b00000, 0x0000000082b00000| Untracked 
|  44|0x0000000082c00000, 0x0000000082d00000, 0x0000000082d00000|100%| O|  |TAMS 0x0000000082d00000, 0x0000000082c00000| Untracked 
|  45|0x0000000082d00000, 0x0000000082e00000, 0x0000000082e00000|100%| O|  |TAMS 0x0000000082e00000, 0x0000000082d00000| Untracked 
|  46|0x0000000082e00000, 0x0000000082f00000, 0x0000000082f00000|100%| O|  |TAMS 0x0000000082f00000, 0x0000000082e00000| Untracked 
|  47|0x0000000082f00000, 0x0000000083000000, 0x0000000083000000|100%| O|  |TAMS 0x0000000083000000, 0x0000000082f00000| Untracked 
|  48|0x0000000083000000, 0x0000000083100000, 0x0000000083100000|100%| O|  |TAMS 0x0000000083100000, 0x0000000083000000| Untracked 
|  49|0x0000000083100000, 0x0000000083200000, 0x0000000083200000|100%| O|  |TAMS 0x0000000083200000, 0x0000000083100000| Untracked 
|  50|0x0000000083200000, 0x0000000083300000, 0x0000000083300000|100%| O|  |TAMS 0x0000000083300000, 0x0000000083200000| Untracked 
|  51|0x0000000083300000, 0x0000000083400000, 0x0000000083400000|100%| O|  |TAMS 0x0000000083400000, 0x0000000083300000| Untracked 
|  52|0x0000000083400000, 0x0000000083500000, 0x0000000083500000|100%| O|  |TAMS 0x0000000083500000, 0x0000000083400000| Untracked 
|  53|0x0000000083500000, 0x0000000083600000, 0x0000000083600000|100%| O|  |TAMS 0x0000000083600000, 0x0000000083500000| Untracked 
|  54|0x0000000083600000, 0x0000000083700000, 0x0000000083700000|100%| O|  |TAMS 0x0000000083700000, 0x0000000083600000| Untracked 
|  55|0x0000000083700000, 0x0000000083800000, 0x0000000083800000|100%| O|  |TAMS 0x0000000083800000, 0x0000000083700000| Untracked 
|  56|0x0000000083800000, 0x0000000083900000, 0x0000000083900000|100%| O|  |TAMS 0x0000000083900000, 0x0000000083800000| Untracked 
|  57|0x0000000083900000, 0x0000000083a00000, 0x0000000083a00000|100%| O|  |TAMS 0x0000000083a00000, 0x0000000083900000| Untracked 
|  58|0x0000000083a00000, 0x0000000083b00000, 0x0000000083b00000|100%| O|  |TAMS 0x0000000083b00000, 0x0000000083a00000| Untracked 
|  59|0x0000000083b00000, 0x0000000083c00000, 0x0000000083c00000|100%| O|  |TAMS 0x0000000083c00000, 0x0000000083b00000| Untracked 
|  60|0x0000000083c00000, 0x0000000083d00000, 0x0000000083d00000|100%| O|  |TAMS 0x0000000083d00000, 0x0000000083c00000| Untracked 
|  61|0x0000000083d00000, 0x0000000083e00000, 0x0000000083e00000|100%| O|  |TAMS 0x0000000083e00000, 0x0000000083d00000| Untracked 
|  62|0x0000000083e00000, 0x0000000083f00000, 0x0000000083f00000|100%| O|  |TAMS 0x0000000083f00000, 0x0000000083e00000| Untracked 
|  63|0x0000000083f00000, 0x0000000084000000, 0x0000000084000000|100%| O|  |TAMS 0x0000000084000000, 0x0000000083f00000| Untracked 
|  64|0x0000000084000000, 0x0000000084100000, 0x0000000084100000|100%| O|  |TAMS 0x0000000084100000, 0x0000000084000000| Untracked 
|  65|0x0000000084100000, 0x0000000084200000, 0x0000000084200000|100%| O|  |TAMS 0x0000000084200000, 0x0000000084100000| Untracked 
|  66|0x0000000084200000, 0x0000000084300000, 0x0000000084300000|100%| O|  |TAMS 0x0000000084300000, 0x0000000084200000| Untracked 
|  67|0x0000000084300000, 0x0000000084400000, 0x0000000084400000|100%| O|  |TAMS 0x0000000084400000, 0x0000000084300000| Untracked 
|  68|0x0000000084400000, 0x0000000084500000, 0x0000000084500000|100%| O|  |TAMS 0x0000000084500000, 0x0000000084400000| Untracked 
|  69|0x0000000084500000, 0x0000000084600000, 0x0000000084600000|100%| O|  |TAMS 0x0000000084500000, 0x0000000084500000| Untracked 
|  70|0x0000000084600000, 0x0000000084700000, 0x0000000084700000|100%| O|  |TAMS 0x0000000084600000, 0x0000000084600000| Untracked 
|  71|0x0000000084700000, 0x0000000084800000, 0x0000000084800000|100%| O|  |TAMS 0x0000000084700000, 0x0000000084700000| Untracked 
|  72|0x0000000084800000, 0x0000000084900000, 0x0000000084900000|100%| O|  |TAMS 0x0000000084800000, 0x0000000084800000| Untracked 
|  73|0x0000000084900000, 0x0000000084a00000, 0x0000000084a00000|100%| O|  |TAMS 0x0000000084900000, 0x0000000084900000| Untracked 
|  74|0x0000000084a00000, 0x0000000084b00000, 0x0000000084b00000|100%| O|  |TAMS 0x0000000084a00000, 0x0000000084a00000| Untracked 
|  75|0x0000000084b00000, 0x0000000084c00000, 0x0000000084c00000|100%| O|  |TAMS 0x0000000084b00000, 0x0000000084b00000| Untracked 
|  76|0x0000000084c00000, 0x0000000084d00000, 0x0000000084d00000|100%| O|  |TAMS 0x0000000084c00000, 0x0000000084c00000| Untracked 
|  77|0x0000000084d00000, 0x0000000084e00000, 0x0000000084e00000|100%| O|  |TAMS 0x0000000084d00000, 0x0000000084d00000| Untracked 
|  78|0x0000000084e00000, 0x0000000084f00000, 0x0000000084f00000|100%| O|  |TAMS 0x0000000084e00000, 0x0000000084e00000| Untracked 
|  79|0x0000000084f00000, 0x0000000085000000, 0x0000000085000000|100%| O|  |TAMS 0x0000000084f00000, 0x0000000084f00000| Untracked 
|  80|0x0000000085000000, 0x0000000085100000, 0x0000000085100000|100%| O|  |TAMS 0x0000000085000000, 0x0000000085000000| Untracked 
|  81|0x0000000085100000, 0x0000000085200000, 0x0000000085200000|100%| O|  |TAMS 0x0000000085100000, 0x0000000085100000| Untracked 
|  82|0x0000000085200000, 0x0000000085300000, 0x0000000085300000|100%| O|  |TAMS 0x0000000085200000, 0x0000000085200000| Untracked 
|  83|0x0000000085300000, 0x0000000085400000, 0x0000000085400000|100%| O|  |TAMS 0x0000000085300000, 0x0000000085300000| Untracked 
|  84|0x0000000085400000, 0x0000000085500000, 0x0000000085500000|100%| O|  |TAMS 0x0000000085400000, 0x0000000085400000| Untracked 
|  85|0x0000000085500000, 0x0000000085600000, 0x0000000085600000|100%| O|  |TAMS 0x0000000085500000, 0x0000000085500000| Untracked 
|  86|0x0000000085600000, 0x0000000085700000, 0x0000000085700000|100%| O|  |TAMS 0x0000000085600000, 0x0000000085600000| Untracked 
|  87|0x0000000085700000, 0x0000000085800000, 0x0000000085800000|100%| O|  |TAMS 0x0000000085700000, 0x0000000085700000| Untracked 
|  88|0x0000000085800000, 0x0000000085900000, 0x0000000085900000|100%| O|  |TAMS 0x0000000085800000, 0x0000000085800000| Untracked 
|  89|0x0000000085900000, 0x0000000085a00000, 0x0000000085a00000|100%| O|  |TAMS 0x0000000085900000, 0x0000000085900000| Untracked 
|  90|0x0000000085a00000, 0x0000000085b00000, 0x0000000085b00000|100%| O|  |TAMS 0x0000000085a00000, 0x0000000085a00000| Untracked 
|  91|0x0000000085b00000, 0x0000000085c00000, 0x0000000085c00000|100%| O|  |TAMS 0x0000000085b00000, 0x0000000085b00000| Untracked 
|  92|0x0000000085c00000, 0x0000000085d00000, 0x0000000085d00000|100%| O|  |TAMS 0x0000000085c00000, 0x0000000085c00000| Untracked 
|  93|0x0000000085d00000, 0x0000000085e00000, 0x0000000085e00000|100%| O|  |TAMS 0x0000000085d00000, 0x0000000085d00000| Untracked 
|  94|0x0000000085e00000, 0x0000000085f00000, 0x0000000085f00000|100%| O|  |TAMS 0x0000000085e00000, 0x0000000085e00000| Untracked 
|  95|0x0000000085f00000, 0x0000000086000000, 0x0000000086000000|100%| O|  |TAMS 0x0000000085f00000, 0x0000000085f00000| Untracked 
|  96|0x0000000086000000, 0x0000000086100000, 0x0000000086100000|100%| O|  |TAMS 0x0000000086000000, 0x0000000086000000| Untracked 
|  97|0x0000000086100000, 0x0000000086200000, 0x0000000086200000|100%| O|  |TAMS 0x0000000086100000, 0x0000000086100000| Untracked 
|  98|0x0000000086200000, 0x0000000086300000, 0x0000000086300000|100%| O|  |TAMS 0x0000000086200000, 0x0000000086200000| Untracked 
|  99|0x0000000086300000, 0x0000000086400000, 0x0000000086400000|100%| O|  |TAMS 0x0000000086300000, 0x0000000086300000| Untracked 
| 100|0x0000000086400000, 0x0000000086500000, 0x0000000086500000|100%| O|  |TAMS 0x0000000086400000, 0x0000000086400000| Untracked 
| 101|0x0000000086500000, 0x0000000086600000, 0x0000000086600000|100%| O|  |TAMS 0x0000000086500000, 0x0000000086500000| Untracked 
| 102|0x0000000086600000, 0x0000000086700000, 0x0000000086700000|100%| O|  |TAMS 0x0000000086600000, 0x0000000086600000| Untracked 
| 103|0x0000000086700000, 0x0000000086800000, 0x0000000086800000|100%| O|  |TAMS 0x0000000086700000, 0x0000000086700000| Untracked 
| 104|0x0000000086800000, 0x0000000086900000, 0x0000000086900000|100%| O|  |TAMS 0x0000000086800000, 0x0000000086800000| Untracked 
| 105|0x0000000086900000, 0x0000000086a00000, 0x0000000086a00000|100%| O|  |TAMS 0x0000000086900000, 0x0000000086900000| Untracked 
| 106|0x0000000086a00000, 0x0000000086b00000, 0x0000000086b00000|100%| O|  |TAMS 0x0000000086a00000, 0x0000000086a00000| Untracked 
| 107|0x0000000086b00000, 0x0000000086c00000, 0x0000000086c00000|100%| O|  |TAMS 0x0000000086b00000, 0x0000000086b00000| Untracked 
| 108|0x0000000086c00000, 0x0000000086d00000, 0x0000000086d00000|100%| O|  |TAMS 0x0000000086c00000, 0x0000000086c00000| Untracked 
| 109|0x0000000086d00000, 0x0000000086e00000, 0x0000000086e00000|100%| O|  |TAMS 0x0000000086d00000, 0x0000000086d00000| Untracked 
| 110|0x0000000086e00000, 0x0000000086f00000, 0x0000000086f00000|100%| O|  |TAMS 0x0000000086e00000, 0x0000000086e00000| Untracked 
| 111|0x0000000086f00000, 0x0000000087000000, 0x0000000087000000|100%| O|  |TAMS 0x0000000086f00000, 0x0000000086f00000| Untracked 
| 112|0x0000000087000000, 0x0000000087100000, 0x0000000087100000|100%| O|  |TAMS 0x0000000087000000, 0x0000000087000000| Untracked 
| 113|0x0000000087100000, 0x0000000087200000, 0x0000000087200000|100%| O|  |TAMS 0x0000000087100000, 0x0000000087100000| Untracked 
| 114|0x0000000087200000, 0x0000000087300000, 0x0000000087300000|100%| O|  |TAMS 0x0000000087200000, 0x0000000087200000| Untracked 
| 115|0x0000000087300000, 0x0000000087400000, 0x0000000087400000|100%| O|  |TAMS 0x0000000087300000, 0x0000000087300000| Untracked 
| 116|0x0000000087400000, 0x0000000087500000, 0x0000000087500000|100%| O|  |TAMS 0x0000000087400000, 0x0000000087400000| Untracked 
| 117|0x0000000087500000, 0x0000000087600000, 0x0000000087600000|100%| O|  |TAMS 0x0000000087500000, 0x0000000087500000| Untracked 
| 118|0x0000000087600000, 0x0000000087700000, 0x0000000087700000|100%| O|  |TAMS 0x0000000087600000, 0x0000000087600000| Untracked 
| 119|0x0000000087700000, 0x0000000087800000, 0x0000000087800000|100%| O|  |TAMS 0x0000000087700000, 0x0000000087700000| Untracked 
| 120|0x0000000087800000, 0x0000000087900000, 0x0000000087900000|100%| O|  |TAMS 0x0000000087800000, 0x0000000087800000| Untracked 
| 121|0x0000000087900000, 0x0000000087a00000, 0x0000000087a00000|100%| O|  |TAMS 0x0000000087900000, 0x0000000087900000| Untracked 
| 122|0x0000000087a00000, 0x0000000087b00000, 0x0000000087b00000|100%| O|  |TAMS 0x0000000087a00000, 0x0000000087a00000| Untracked 
| 123|0x0000000087b00000, 0x0000000087c00000, 0x0000000087c00000|100%| O|  |TAMS 0x0000000087b00000, 0x0000000087b00000| Untracked 
| 124|0x0000000087c00000, 0x0000000087d00000, 0x0000000087d00000|100%| O|  |TAMS 0x0000000087c00000, 0x0000000087c00000| Untracked 
| 125|0x0000000087d00000, 0x0000000087e00000, 0x0000000087e00000|100%| O|  |TAMS 0x0000000087d00000, 0x0000000087d00000| Untracked 
| 126|0x0000000087e00000, 0x0000000087e3fe00, 0x0000000087f00000| 24%| O|  |TAMS 0x0000000087e00000, 0x0000000087e00000| Untracked 
| 127|0x0000000087f00000, 0x0000000087f00000, 0x0000000088000000|  0%| F|  |TAMS 0x0000000087f00000, 0x0000000087f00000| Untracked 
| 128|0x0000000088000000, 0x0000000088000000, 0x0000000088100000|  0%| F|  |TAMS 0x0000000088000000, 0x0000000088000000| Untracked 
| 129|0x0000000088100000, 0x0000000088100000, 0x0000000088200000|  0%| F|  |TAMS 0x0000000088100000, 0x0000000088100000| Untracked 
| 130|0x0000000088200000, 0x0000000088200000, 0x0000000088300000|  0%| F|  |TAMS 0x0000000088200000, 0x0000000088200000| Untracked 
| 131|0x0000000088300000, 0x0000000088300000, 0x0000000088400000|  0%| F|  |TAMS 0x0000000088300000, 0x0000000088300000| Untracked 
| 132|0x0000000088400000, 0x0000000088400000, 0x0000000088500000|  0%| F|  |TAMS 0x0000000088400000, 0x0000000088400000| Untracked 
| 133|0x0000000088500000, 0x0000000088500000, 0x0000000088600000|  0%| F|  |TAMS 0x0000000088500000, 0x0000000088500000| Untracked 
| 134|0x0000000088600000, 0x0000000088600000, 0x0000000088700000|  0%| F|  |TAMS 0x0000000088600000, 0x0000000088600000| Untracked 
| 135|0x0000000088700000, 0x0000000088700000, 0x0000000088800000|  0%| F|  |TAMS 0x0000000088700000, 0x0000000088700000| Untracked 
| 136|0x0000000088800000, 0x0000000088800000, 0x0000000088900000|  0%| F|  |TAMS 0x0000000088800000, 0x0000000088800000| Untracked 
| 137|0x0000000088900000, 0x0000000088900000, 0x0000000088a00000|  0%| F|  |TAMS 0x0000000088900000, 0x0000000088900000| Untracked 
| 138|0x0000000088a00000, 0x0000000088a00000, 0x0000000088b00000|  0%| F|  |TAMS 0x0000000088a00000, 0x0000000088a00000| Untracked 
| 139|0x0000000088b00000, 0x0000000088b00000, 0x0000000088c00000|  0%| F|  |TAMS 0x0000000088b00000, 0x0000000088b00000| Untracked 
| 140|0x0000000088c00000, 0x0000000088c00000, 0x0000000088d00000|  0%| F|  |TAMS 0x0000000088c00000, 0x0000000088c00000| Untracked 
| 141|0x0000000088d00000, 0x0000000088d00000, 0x0000000088e00000|  0%| F|  |TAMS 0x0000000088d00000, 0x0000000088d00000| Untracked 
| 142|0x0000000088e00000, 0x0000000088e00000, 0x0000000088f00000|  0%| F|  |TAMS 0x0000000088e00000, 0x0000000088e00000| Untracked 
| 143|0x0000000088f00000, 0x0000000088f00000, 0x0000000089000000|  0%| F|  |TAMS 0x0000000088f00000, 0x0000000088f00000| Untracked 
| 144|0x0000000089000000, 0x0000000089000000, 0x0000000089100000|  0%| F|  |TAMS 0x0000000089000000, 0x0000000089000000| Untracked 
| 145|0x0000000089100000, 0x0000000089100000, 0x0000000089200000|  0%| F|  |TAMS 0x0000000089100000, 0x0000000089100000| Untracked 
| 146|0x0000000089200000, 0x0000000089200000, 0x0000000089300000|  0%| F|  |TAMS 0x0000000089200000, 0x0000000089200000| Untracked 
| 147|0x0000000089300000, 0x0000000089300000, 0x0000000089400000|  0%| F|  |TAMS 0x0000000089300000, 0x0000000089300000| Untracked 
| 148|0x0000000089400000, 0x0000000089400000, 0x0000000089500000|  0%| F|  |TAMS 0x0000000089400000, 0x0000000089400000| Untracked 
| 149|0x0000000089500000, 0x0000000089500000, 0x0000000089600000|  0%| F|  |TAMS 0x0000000089500000, 0x0000000089500000| Untracked 
| 150|0x0000000089600000, 0x0000000089600000, 0x0000000089700000|  0%| F|  |TAMS 0x0000000089600000, 0x0000000089600000| Untracked 
| 151|0x0000000089700000, 0x0000000089700000, 0x0000000089800000|  0%| F|  |TAMS 0x0000000089700000, 0x0000000089700000| Untracked 
| 152|0x0000000089800000, 0x0000000089800000, 0x0000000089900000|  0%| F|  |TAMS 0x0000000089800000, 0x0000000089800000| Untracked 
| 153|0x0000000089900000, 0x0000000089900000, 0x0000000089a00000|  0%| F|  |TAMS 0x0000000089900000, 0x0000000089900000| Untracked 
| 154|0x0000000089a00000, 0x0000000089a00000, 0x0000000089b00000|  0%| F|  |TAMS 0x0000000089a00000, 0x0000000089a00000| Untracked 
| 155|0x0000000089b00000, 0x0000000089b00000, 0x0000000089c00000|  0%| F|  |TAMS 0x0000000089b00000, 0x0000000089b00000| Untracked 
| 156|0x0000000089c00000, 0x0000000089c00000, 0x0000000089d00000|  0%| F|  |TAMS 0x0000000089c00000, 0x0000000089c00000| Untracked 
| 157|0x0000000089d00000, 0x0000000089d00000, 0x0000000089e00000|  0%| F|  |TAMS 0x0000000089d00000, 0x0000000089d00000| Untracked 
| 158|0x0000000089e00000, 0x0000000089e00000, 0x0000000089f00000|  0%| F|  |TAMS 0x0000000089e00000, 0x0000000089e00000| Untracked 
| 159|0x0000000089f00000, 0x0000000089f00000, 0x000000008a000000|  0%| F|  |TAMS 0x0000000089f00000, 0x0000000089f00000| Untracked 
| 160|0x000000008a000000, 0x000000008a000000, 0x000000008a100000|  0%| F|  |TAMS 0x000000008a000000, 0x000000008a000000| Untracked 
| 161|0x000000008a100000, 0x000000008a100000, 0x000000008a200000|  0%| F|  |TAMS 0x000000008a100000, 0x000000008a100000| Untracked 
| 162|0x000000008a200000, 0x000000008a200000, 0x000000008a300000|  0%| F|  |TAMS 0x000000008a200000, 0x000000008a200000| Untracked 
| 163|0x000000008a300000, 0x000000008a300000, 0x000000008a400000|  0%| F|  |TAMS 0x000000008a300000, 0x000000008a300000| Untracked 
| 164|0x000000008a400000, 0x000000008a400000, 0x000000008a500000|  0%| F|  |TAMS 0x000000008a400000, 0x000000008a400000| Untracked 
| 165|0x000000008a500000, 0x000000008a600000, 0x000000008a600000|100%| S|CS|TAMS 0x000000008a500000, 0x000000008a500000| Complete 
| 166|0x000000008a600000, 0x000000008a700000, 0x000000008a700000|100%| S|CS|TAMS 0x000000008a600000, 0x000000008a600000| Complete 
| 167|0x000000008a700000, 0x000000008a800000, 0x000000008a800000|100%| S|CS|TAMS 0x000000008a700000, 0x000000008a700000| Complete 
| 168|0x000000008a800000, 0x000000008a900000, 0x000000008a900000|100%| S|CS|TAMS 0x000000008a800000, 0x000000008a800000| Complete 
| 169|0x000000008a900000, 0x000000008aa00000, 0x000000008aa00000|100%| S|CS|TAMS 0x000000008a900000, 0x000000008a900000| Complete 
| 170|0x000000008aa00000, 0x000000008ab00000, 0x000000008ab00000|100%| S|CS|TAMS 0x000000008aa00000, 0x000000008aa00000| Complete 
| 171|0x000000008ab00000, 0x000000008ac00000, 0x000000008ac00000|100%| S|CS|TAMS 0x000000008ab00000, 0x000000008ab00000| Complete 
| 172|0x000000008ac00000, 0x000000008ac00000, 0x000000008ad00000|  0%| F|  |TAMS 0x000000008ac00000, 0x000000008ac00000| Untracked 
| 173|0x000000008ad00000, 0x000000008ad00000, 0x000000008ae00000|  0%| F|  |TAMS 0x000000008ad00000, 0x000000008ad00000| Untracked 
| 174|0x000000008ae00000, 0x000000008ae00000, 0x000000008af00000|  0%| F|  |TAMS 0x000000008ae00000, 0x000000008ae00000| Untracked 
| 175|0x000000008af00000, 0x000000008af00000, 0x000000008b000000|  0%| F|  |TAMS 0x000000008af00000, 0x000000008af00000| Untracked 
| 176|0x000000008b000000, 0x000000008b000000, 0x000000008b100000|  0%| F|  |TAMS 0x000000008b000000, 0x000000008b000000| Untracked 
| 177|0x000000008b100000, 0x000000008b100000, 0x000000008b200000|  0%| F|  |TAMS 0x000000008b100000, 0x000000008b100000| Untracked 
| 178|0x000000008b200000, 0x000000008b200000, 0x000000008b300000|  0%| F|  |TAMS 0x000000008b200000, 0x000000008b200000| Untracked 
| 179|0x000000008b300000, 0x000000008b300000, 0x000000008b400000|  0%| F|  |TAMS 0x000000008b300000, 0x000000008b300000| Untracked 
| 180|0x000000008b400000, 0x000000008b400000, 0x000000008b500000|  0%| F|  |TAMS 0x000000008b400000, 0x000000008b400000| Untracked 
| 181|0x000000008b500000, 0x000000008b500000, 0x000000008b600000|  0%| F|  |TAMS 0x000000008b500000, 0x000000008b500000| Untracked 
| 182|0x000000008b600000, 0x000000008b600000, 0x000000008b700000|  0%| F|  |TAMS 0x000000008b600000, 0x000000008b600000| Untracked 
| 183|0x000000008b700000, 0x000000008b700000, 0x000000008b800000|  0%| F|  |TAMS 0x000000008b700000, 0x000000008b700000| Untracked 
| 184|0x000000008b800000, 0x000000008b800000, 0x000000008b900000|  0%| F|  |TAMS 0x000000008b800000, 0x000000008b800000| Untracked 
| 185|0x000000008b900000, 0x000000008b900000, 0x000000008ba00000|  0%| F|  |TAMS 0x000000008b900000, 0x000000008b900000| Untracked 
| 186|0x000000008ba00000, 0x000000008ba00000, 0x000000008bb00000|  0%| F|  |TAMS 0x000000008ba00000, 0x000000008ba00000| Untracked 
| 187|0x000000008bb00000, 0x000000008bb00000, 0x000000008bc00000|  0%| F|  |TAMS 0x000000008bb00000, 0x000000008bb00000| Untracked 
| 188|0x000000008bc00000, 0x000000008bc00000, 0x000000008bd00000|  0%| F|  |TAMS 0x000000008bc00000, 0x000000008bc00000| Untracked 
| 189|0x000000008bd00000, 0x000000008bd00000, 0x000000008be00000|  0%| F|  |TAMS 0x000000008bd00000, 0x000000008bd00000| Untracked 
| 190|0x000000008be00000, 0x000000008be00000, 0x000000008bf00000|  0%| F|  |TAMS 0x000000008be00000, 0x000000008be00000| Untracked 
| 191|0x000000008bf00000, 0x000000008bf00000, 0x000000008c000000|  0%| F|  |TAMS 0x000000008bf00000, 0x000000008bf00000| Untracked 
| 192|0x000000008c000000, 0x000000008c000000, 0x000000008c100000|  0%| F|  |TAMS 0x000000008c000000, 0x000000008c000000| Untracked 
| 193|0x000000008c100000, 0x000000008c100000, 0x000000008c200000|  0%| F|  |TAMS 0x000000008c100000, 0x000000008c100000| Untracked 
| 194|0x000000008c200000, 0x000000008c200000, 0x000000008c300000|  0%| F|  |TAMS 0x000000008c200000, 0x000000008c200000| Untracked 
| 195|0x000000008c300000, 0x000000008c300000, 0x000000008c400000|  0%| F|  |TAMS 0x000000008c300000, 0x000000008c300000| Untracked 
| 196|0x000000008c400000, 0x000000008c400000, 0x000000008c500000|  0%| F|  |TAMS 0x000000008c400000, 0x000000008c400000| Untracked 
| 197|0x000000008c500000, 0x000000008c500000, 0x000000008c600000|  0%| F|  |TAMS 0x000000008c500000, 0x000000008c500000| Untracked 
| 198|0x000000008c600000, 0x000000008c600000, 0x000000008c700000|  0%| F|  |TAMS 0x000000008c600000, 0x000000008c600000| Untracked 
| 199|0x000000008c700000, 0x000000008c700000, 0x000000008c800000|  0%| F|  |TAMS 0x000000008c700000, 0x000000008c700000| Untracked 
| 200|0x000000008c800000, 0x000000008c800000, 0x000000008c900000|  0%| F|  |TAMS 0x000000008c800000, 0x000000008c800000| Untracked 
| 201|0x000000008c900000, 0x000000008c900000, 0x000000008ca00000|  0%| F|  |TAMS 0x000000008c900000, 0x000000008c900000| Untracked 
| 202|0x000000008ca00000, 0x000000008ca00000, 0x000000008cb00000|  0%| F|  |TAMS 0x000000008ca00000, 0x000000008ca00000| Untracked 
| 203|0x000000008cb00000, 0x000000008cb00000, 0x000000008cc00000|  0%| F|  |TAMS 0x000000008cb00000, 0x000000008cb00000| Untracked 
| 204|0x000000008cc00000, 0x000000008cc00000, 0x000000008cd00000|  0%| F|  |TAMS 0x000000008cc00000, 0x000000008cc00000| Untracked 
| 205|0x000000008cd00000, 0x000000008cd00000, 0x000000008ce00000|  0%| F|  |TAMS 0x000000008cd00000, 0x000000008cd00000| Untracked 
| 206|0x000000008ce00000, 0x000000008ce00000, 0x000000008cf00000|  0%| F|  |TAMS 0x000000008ce00000, 0x000000008ce00000| Untracked 
| 207|0x000000008cf00000, 0x000000008cf00000, 0x000000008d000000|  0%| F|  |TAMS 0x000000008cf00000, 0x000000008cf00000| Untracked 
| 208|0x000000008d000000, 0x000000008d000000, 0x000000008d100000|  0%| F|  |TAMS 0x000000008d000000, 0x000000008d000000| Untracked 
| 209|0x000000008d100000, 0x000000008d100000, 0x000000008d200000|  0%| F|  |TAMS 0x000000008d100000, 0x000000008d100000| Untracked 
| 210|0x000000008d200000, 0x000000008d200000, 0x000000008d300000|  0%| F|  |TAMS 0x000000008d200000, 0x000000008d200000| Untracked 
| 211|0x000000008d300000, 0x000000008d300000, 0x000000008d400000|  0%| F|  |TAMS 0x000000008d300000, 0x000000008d300000| Untracked 
| 212|0x000000008d400000, 0x000000008d400000, 0x000000008d500000|  0%| F|  |TAMS 0x000000008d400000, 0x000000008d400000| Untracked 
| 213|0x000000008d500000, 0x000000008d500000, 0x000000008d600000|  0%| F|  |TAMS 0x000000008d500000, 0x000000008d500000| Untracked 
| 214|0x000000008d600000, 0x000000008d600000, 0x000000008d700000|  0%| F|  |TAMS 0x000000008d600000, 0x000000008d600000| Untracked 
| 215|0x000000008d700000, 0x000000008d700000, 0x000000008d800000|  0%| F|  |TAMS 0x000000008d700000, 0x000000008d700000| Untracked 
| 216|0x000000008d800000, 0x000000008d800000, 0x000000008d900000|  0%| F|  |TAMS 0x000000008d800000, 0x000000008d800000| Untracked 
| 217|0x000000008d900000, 0x000000008d900000, 0x000000008da00000|  0%| F|  |TAMS 0x000000008d900000, 0x000000008d900000| Untracked 
| 218|0x000000008da00000, 0x000000008da00000, 0x000000008db00000|  0%| F|  |TAMS 0x000000008da00000, 0x000000008da00000| Untracked 
| 219|0x000000008db00000, 0x000000008db00000, 0x000000008dc00000|  0%| F|  |TAMS 0x000000008db00000, 0x000000008db00000| Untracked 
| 220|0x000000008dc00000, 0x000000008dc00000, 0x000000008dd00000|  0%| F|  |TAMS 0x000000008dc00000, 0x000000008dc00000| Untracked 
| 221|0x000000008dd00000, 0x000000008dd00000, 0x000000008de00000|  0%| F|  |TAMS 0x000000008dd00000, 0x000000008dd00000| Untracked 
| 222|0x000000008de00000, 0x000000008de00000, 0x000000008df00000|  0%| F|  |TAMS 0x000000008de00000, 0x000000008de00000| Untracked 
| 223|0x000000008df00000, 0x000000008df00000, 0x000000008e000000|  0%| F|  |TAMS 0x000000008df00000, 0x000000008df00000| Untracked 
| 224|0x000000008e000000, 0x000000008e000000, 0x000000008e100000|  0%| F|  |TAMS 0x000000008e000000, 0x000000008e000000| Untracked 
| 225|0x000000008e100000, 0x000000008e100000, 0x000000008e200000|  0%| F|  |TAMS 0x000000008e100000, 0x000000008e100000| Untracked 
| 226|0x000000008e200000, 0x000000008e200000, 0x000000008e300000|  0%| F|  |TAMS 0x000000008e200000, 0x000000008e200000| Untracked 
| 227|0x000000008e300000, 0x000000008e300000, 0x000000008e400000|  0%| F|  |TAMS 0x000000008e300000, 0x000000008e300000| Untracked 
| 228|0x000000008e400000, 0x000000008e400000, 0x000000008e500000|  0%| F|  |TAMS 0x000000008e400000, 0x000000008e400000| Untracked 
| 229|0x000000008e500000, 0x000000008e500000, 0x000000008e600000|  0%| F|  |TAMS 0x000000008e500000, 0x000000008e500000| Untracked 
| 230|0x000000008e600000, 0x000000008e600000, 0x000000008e700000|  0%| F|  |TAMS 0x000000008e600000, 0x000000008e600000| Untracked 
| 231|0x000000008e700000, 0x000000008e700000, 0x000000008e800000|  0%| F|  |TAMS 0x000000008e700000, 0x000000008e700000| Untracked 
| 232|0x000000008e800000, 0x000000008e800000, 0x000000008e900000|  0%| F|  |TAMS 0x000000008e800000, 0x000000008e800000| Untracked 
| 233|0x000000008e900000, 0x000000008e900000, 0x000000008ea00000|  0%| F|  |TAMS 0x000000008e900000, 0x000000008e900000| Untracked 
| 234|0x000000008ea00000, 0x000000008ea00000, 0x000000008eb00000|  0%| F|  |TAMS 0x000000008ea00000, 0x000000008ea00000| Untracked 
| 235|0x000000008eb00000, 0x000000008eb00000, 0x000000008ec00000|  0%| F|  |TAMS 0x000000008eb00000, 0x000000008eb00000| Untracked 
| 236|0x000000008ec00000, 0x000000008ec00000, 0x000000008ed00000|  0%| F|  |TAMS 0x000000008ec00000, 0x000000008ec00000| Untracked 
| 237|0x000000008ed00000, 0x000000008ed00000, 0x000000008ee00000|  0%| F|  |TAMS 0x000000008ed00000, 0x000000008ed00000| Untracked 
| 238|0x000000008ee00000, 0x000000008ee00000, 0x000000008ef00000|  0%| F|  |TAMS 0x000000008ee00000, 0x000000008ee00000| Untracked 
| 239|0x000000008ef00000, 0x000000008ef00000, 0x000000008f000000|  0%| F|  |TAMS 0x000000008ef00000, 0x000000008ef00000| Untracked 
| 240|0x000000008f000000, 0x000000008f000000, 0x000000008f100000|  0%| F|  |TAMS 0x000000008f000000, 0x000000008f000000| Untracked 
| 241|0x000000008f100000, 0x000000008f100000, 0x000000008f200000|  0%| F|  |TAMS 0x000000008f100000, 0x000000008f100000| Untracked 
| 242|0x000000008f200000, 0x000000008f200000, 0x000000008f300000|  0%| F|  |TAMS 0x000000008f200000, 0x000000008f200000| Untracked 
| 243|0x000000008f300000, 0x000000008f300000, 0x000000008f400000|  0%| F|  |TAMS 0x000000008f300000, 0x000000008f300000| Untracked 
| 244|0x000000008f400000, 0x000000008f400000, 0x000000008f500000|  0%| F|  |TAMS 0x000000008f400000, 0x000000008f400000| Untracked 
| 245|0x000000008f500000, 0x000000008f500000, 0x000000008f600000|  0%| F|  |TAMS 0x000000008f500000, 0x000000008f500000| Untracked 
| 246|0x000000008f600000, 0x000000008f600000, 0x000000008f700000|  0%| F|  |TAMS 0x000000008f600000, 0x000000008f600000| Untracked 
| 247|0x000000008f700000, 0x000000008f700000, 0x000000008f800000|  0%| F|  |TAMS 0x000000008f700000, 0x000000008f700000| Untracked 
| 248|0x000000008f800000, 0x000000008f800000, 0x000000008f900000|  0%| F|  |TAMS 0x000000008f800000, 0x000000008f800000| Untracked 
| 249|0x000000008f900000, 0x000000008f900000, 0x000000008fa00000|  0%| F|  |TAMS 0x000000008f900000, 0x000000008f900000| Untracked 
| 250|0x000000008fa00000, 0x000000008fa00000, 0x000000008fb00000|  0%| F|  |TAMS 0x000000008fa00000, 0x000000008fa00000| Untracked 
| 251|0x000000008fb00000, 0x000000008fb00000, 0x000000008fc00000|  0%| F|  |TAMS 0x000000008fb00000, 0x000000008fb00000| Untracked 
| 252|0x000000008fc00000, 0x000000008fc00000, 0x000000008fd00000|  0%| F|  |TAMS 0x000000008fc00000, 0x000000008fc00000| Untracked 
| 288|0x0000000092000000, 0x0000000092000000, 0x0000000092100000|  0%| F|  |TAMS 0x0000000092000000, 0x0000000092000000| Untracked 
| 289|0x0000000092100000, 0x0000000092100000, 0x0000000092200000|  0%| F|  |TAMS 0x0000000092100000, 0x0000000092100000| Untracked 
| 290|0x0000000092200000, 0x0000000092200000, 0x0000000092300000|  0%| F|  |TAMS 0x0000000092200000, 0x0000000092200000| Untracked 
| 291|0x0000000092300000, 0x0000000092300000, 0x0000000092400000|  0%| F|  |TAMS 0x0000000092300000, 0x0000000092300000| Untracked 
| 292|0x0000000092400000, 0x0000000092400000, 0x0000000092500000|  0%| F|  |TAMS 0x0000000092400000, 0x0000000092400000| Untracked 
| 293|0x0000000092500000, 0x0000000092500000, 0x0000000092600000|  0%| F|  |TAMS 0x0000000092500000, 0x0000000092500000| Untracked 
| 294|0x0000000092600000, 0x0000000092600000, 0x0000000092700000|  0%| F|  |TAMS 0x0000000092600000, 0x0000000092600000| Untracked 

Card table byte_map: [0x00000286d4870000,0x00000286d4c70000] _byte_map_base: 0x00000286d4470000

Marking Bits (Prev, Next): (CMBitMap*) 0x00000286c2003840, (CMBitMap*) 0x00000286c2003880
 Prev Bits: [0x00000286d5070000, 0x00000286d7070000)
 Next Bits: [0x00000286d7070000, 0x00000286d9070000)

Polling page: 0x00000286c1770000

Metaspace:

Usage:
  Non-class:     83.99 MB used.
      Class:     13.17 MB used.
       Both:     97.17 MB used.

Virtual space:
  Non-class space:       88.00 MB reserved,      84.31 MB ( 96%) committed,  11 nodes.
      Class space:        1.00 GB reserved,      13.50 MB (  1%) committed,  1 nodes.
             Both:        1.09 GB reserved,      97.81 MB (  9%) committed. 

Chunk freelists:
   Non-Class:  3.53 MB
       Class:  2.44 MB
        Both:  5.97 MB

MaxMetaspaceSize: unlimited
CompressedClassSpaceSize: 1.00 GB
Initial GC threshold: 21.00 MB
Current GC threshold: 131.88 MB
CDS: off
MetaspaceReclaimPolicy: balanced
 - commit_granule_bytes: 65536.
 - commit_granule_words: 8192.
 - virtual_space_node_default_size: 1048576.
 - enlarge_chunks_in_place: 1.
 - new_chunks_are_fully_committed: 0.
 - uncommit_free_chunks: 1.
 - use_allocation_guard: 0.
 - handle_deallocations: 1.


Internal statistics:

num_allocs_failed_limit: 9.
num_arena_births: 836.
num_arena_deaths: 6.
num_vsnodes_births: 12.
num_vsnodes_deaths: 0.
num_space_committed: 1565.
num_space_uncommitted: 0.
num_chunks_returned_to_freelist: 15.
num_chunks_taken_from_freelist: 4473.
num_chunk_merges: 5.
num_chunk_splits: 2987.
num_chunks_enlarged: 2054.
num_purges: 2.
num_inconsistent_stats: 0.

CodeHeap 'non-profiled nmethods': size=120000Kb used=5470Kb max_used=5470Kb free=114529Kb
 bounds [0x00000286ccf40000, 0x00000286cd4a0000, 0x00000286d4470000]
CodeHeap 'profiled nmethods': size=120000Kb used=26481Kb max_used=26481Kb free=93519Kb
 bounds [0x00000286c5470000, 0x00000286c6e50000, 0x00000286cc9a0000]
CodeHeap 'non-nmethods': size=5760Kb used=2391Kb max_used=2508Kb free=3368Kb
 bounds [0x00000286cc9a0000, 0x00000286ccc30000, 0x00000286ccf40000]
 total_blobs=13460 nmethods=12531 adapters=841
 compilation: enabled
              stopped_count=0, restarted_count=0
 full_count=0

Compilation events (20 events):
Event: 40.189 Thread 0x00000286db547700 14510       2       com.android.tools.r8.internal.Dt::<init> (18 bytes)
Event: 40.189 Thread 0x00000286db547700 nmethod 14510 0x00000286c6e46790 code [0x00000286c6e46940, 0x00000286c6e46b48]
Event: 40.207 Thread 0x00000286db547700 14511       3       com.android.tools.r8.internal.QG::a (183 bytes)
Event: 40.209 Thread 0x00000286db547700 nmethod 14511 0x00000286c6e46c10 code [0x00000286c6e46f60, 0x00000286c6e488d8]
Event: 40.210 Thread 0x00000286db547700 14512       2       com.android.tools.r8.internal.g4::a (19 bytes)
Event: 40.210 Thread 0x00000286db547700 nmethod 14512 0x00000286c6e48f90 code [0x00000286c6e49140, 0x00000286c6e492f8]
Event: 40.211 Thread 0x00000286db547700 14513       2       com.android.tools.r8.internal.g4::a (40 bytes)
Event: 40.212 Thread 0x00000286db547700 nmethod 14513 0x00000286c6e49490 code [0x00000286c6e49660, 0x00000286c6e49978]
Event: 40.215 Thread 0x00000286db547700 14514       2       com.android.tools.r8.ir.regalloc.b::<init> (108 bytes)
Event: 40.216 Thread 0x00000286db547700 nmethod 14514 0x00000286c6e49b90 code [0x00000286c6e49d60, 0x00000286c6e4a428]
Event: 40.216 Thread 0x00000286db547700 14515       2       com.android.tools.r8.ir.regalloc.b::D (52 bytes)
Event: 40.217 Thread 0x00000286db547700 nmethod 14515 0x00000286c6e4a710 code [0x00000286c6e4a8e0, 0x00000286c6e4ab58]
Event: 40.237 Thread 0x00000286db547700 14519       2       com.android.tools.r8.internal.gr::d (18 bytes)
Event: 40.238 Thread 0x00000286db547700 nmethod 14519 0x00000286c6e4ad10 code [0x00000286c6e4aee0, 0x00000286c6e4b308]
Event: 40.239 Thread 0x00000286db547700 14520       2       com.android.tools.r8.graph.T$$Lambda$1385/0x0000000100d28000::apply (15 bytes)
Event: 40.239 Thread 0x00000286db547700 nmethod 14520 0x00000286c6e4b490 code [0x00000286c6e4b620, 0x00000286c6e4b7b8]
Event: 40.249 Thread 0x00000286db547700 14521       2       com.android.tools.r8.code.W0::hashCode (31 bytes)
Event: 40.249 Thread 0x00000286db547700 nmethod 14521 0x00000286c6e4b890 code [0x00000286c6e4ba40, 0x00000286c6e4bbd8]
Event: 40.252 Thread 0x00000286db547700 14522       2       com.android.tools.r8.internal.Me::a (59 bytes)
Event: 40.253 Thread 0x00000286db547700 nmethod 14522 0x00000286c6e4bd10 code [0x00000286c6e4bf00, 0x00000286c6e4c1f8]

GC Heap History (20 events):
Event: 21.753 GC heap after
{Heap after GC invocations=36 (full 0):
 garbage-first heap   total 302080K, used 71554K [0x0000000080000000, 0x0000000100000000)
  region size 1024K, 2 young (2048K), 2 survivors (2048K)
 Metaspace       used 80496K, committed 81024K, reserved 1122304K
  class space    used 10894K, committed 11136K, reserved 1048576K
}
Event: 27.058 GC heap before
{Heap before GC invocations=37 (full 0):
 garbage-first heap   total 266240K, used 225154K [0x0000000080000000, 0x0000000100000000)
  region size 1024K, 153 young (156672K), 2 survivors (2048K)
 Metaspace       used 88425K, committed 88960K, reserved 1130496K
  class space    used 11916K, committed 12160K, reserved 1048576K
}
Event: 27.185 GC heap after
{Heap after GC invocations=38 (full 0):
 garbage-first heap   total 266240K, used 89843K [0x0000000080000000, 0x0000000100000000)
  region size 1024K, 20 young (20480K), 20 survivors (20480K)
 Metaspace       used 88425K, committed 88960K, reserved 1130496K
  class space    used 11916K, committed 12160K, reserved 1048576K
}
Event: 27.313 GC heap before
{Heap before GC invocations=38 (full 0):
 garbage-first heap   total 266240K, used 90867K [0x0000000080000000, 0x0000000100000000)
  region size 1024K, 21 young (21504K), 20 survivors (20480K)
 Metaspace       used 88633K, committed 89216K, reserved 1130496K
  class space    used 11947K, committed 12224K, reserved 1048576K
}
Event: 27.454 GC heap after
{Heap after GC invocations=39 (full 0):
 garbage-first heap   total 266240K, used 87354K [0x0000000080000000, 0x0000000100000000)
  region size 1024K, 2 young (2048K), 2 survivors (2048K)
 Metaspace       used 88633K, committed 89216K, reserved 1130496K
  class space    used 11947K, committed 12224K, reserved 1048576K
}
Event: 30.623 GC heap before
{Heap before GC invocations=39 (full 0):
 garbage-first heap   total 266240K, used 195898K [0x0000000080000000, 0x0000000100000000)
  region size 1024K, 108 young (110592K), 2 survivors (2048K)
 Metaspace       used 93601K, committed 94208K, reserved 1130496K
  class space    used 12700K, committed 12992K, reserved 1048576K
}
Event: 30.673 GC heap after
{Heap after GC invocations=40 (full 0):
 garbage-first heap   total 266240K, used 104448K [0x0000000080000000, 0x0000000100000000)
  region size 1024K, 14 young (14336K), 14 survivors (14336K)
 Metaspace       used 93601K, committed 94208K, reserved 1130496K
  class space    used 12700K, committed 12992K, reserved 1048576K
}
Event: 32.801 GC heap before
{Heap before GC invocations=40 (full 0):
 garbage-first heap   total 266240K, used 198656K [0x0000000080000000, 0x0000000100000000)
  region size 1024K, 106 young (108544K), 14 survivors (14336K)
 Metaspace       used 96378K, committed 97024K, reserved 1138688K
  class space    used 13131K, committed 13440K, reserved 1048576K
}
Event: 32.872 GC heap after
{Heap after GC invocations=41 (full 0):
 garbage-first heap   total 266240K, used 117006K [0x0000000080000000, 0x0000000100000000)
  region size 1024K, 12 young (12288K), 12 survivors (12288K)
 Metaspace       used 96378K, committed 97024K, reserved 1138688K
  class space    used 13131K, committed 13440K, reserved 1048576K
}
Event: 34.830 GC heap before
{Heap before GC invocations=41 (full 0):
 garbage-first heap   total 266240K, used 204046K [0x0000000080000000, 0x0000000100000000)
  region size 1024K, 97 young (99328K), 12 survivors (12288K)
 Metaspace       used 97587K, committed 98240K, reserved 1138688K
  class space    used 13239K, committed 13568K, reserved 1048576K
}
Event: 34.865 GC heap after
{Heap after GC invocations=42 (full 0):
 garbage-first heap   total 266240K, used 118784K [0x0000000080000000, 0x0000000100000000)
  region size 1024K, 2 young (2048K), 2 survivors (2048K)
 Metaspace       used 97587K, committed 98240K, reserved 1138688K
  class space    used 13239K, committed 13568K, reserved 1048576K
}
Event: 35.986 GC heap before
{Heap before GC invocations=42 (full 0):
 garbage-first heap   total 266240K, used 211968K [0x0000000080000000, 0x0000000100000000)
  region size 1024K, 93 young (95232K), 2 survivors (2048K)
 Metaspace       used 97904K, committed 98560K, reserved 1138688K
  class space    used 13247K, committed 13568K, reserved 1048576K
}
Event: 35.995 GC heap after
{Heap after GC invocations=43 (full 0):
 garbage-first heap   total 266240K, used 118426K [0x0000000080000000, 0x0000000100000000)
  region size 1024K, 2 young (2048K), 2 survivors (2048K)
 Metaspace       used 97904K, committed 98560K, reserved 1138688K
  class space    used 13247K, committed 13568K, reserved 1048576K
}
Event: 37.563 GC heap before
{Heap before GC invocations=43 (full 0):
 garbage-first heap   total 266240K, used 215706K [0x0000000080000000, 0x0000000100000000)
  region size 1024K, 97 young (99328K), 2 survivors (2048K)
 Metaspace       used 99263K, committed 99904K, reserved 1138688K
  class space    used 13449K, committed 13760K, reserved 1048576K
}
Event: 37.573 GC heap after
{Heap after GC invocations=44 (full 0):
 garbage-first heap   total 266240K, used 118871K [0x0000000080000000, 0x0000000100000000)
  region size 1024K, 3 young (3072K), 3 survivors (3072K)
 Metaspace       used 99263K, committed 99904K, reserved 1138688K
  class space    used 13449K, committed 13760K, reserved 1048576K
}
Event: 38.728 GC heap before
{Heap before GC invocations=44 (full 0):
 garbage-first heap   total 266240K, used 219223K [0x0000000080000000, 0x0000000100000000)
  region size 1024K, 101 young (103424K), 3 survivors (3072K)
 Metaspace       used 99408K, committed 100032K, reserved 1138688K
  class space    used 13478K, committed 13760K, reserved 1048576K
}
Event: 38.741 GC heap after
{Heap after GC invocations=45 (full 0):
 garbage-first heap   total 266240K, used 123430K [0x0000000080000000, 0x0000000100000000)
  region size 1024K, 7 young (7168K), 7 survivors (7168K)
 Metaspace       used 99408K, committed 100032K, reserved 1138688K
  class space    used 13478K, committed 13760K, reserved 1048576K
}
Event: 39.676 GC heap before
{Heap before GC invocations=45 (full 0):
 garbage-first heap   total 266240K, used 220710K [0x0000000080000000, 0x0000000100000000)
  region size 1024K, 102 young (104448K), 7 survivors (7168K)
 Metaspace       used 99478K, committed 100096K, reserved 1138688K
  class space    used 13488K, committed 13760K, reserved 1048576K
}
Event: 39.700 GC heap after
{Heap after GC invocations=46 (full 0):
 garbage-first heap   total 266240K, used 130000K [0x0000000080000000, 0x0000000100000000)
  region size 1024K, 13 young (13312K), 13 survivors (13312K)
 Metaspace       used 99478K, committed 100096K, reserved 1138688K
  class space    used 13488K, committed 13760K, reserved 1048576K
}
Event: 40.256 GC heap before
{Heap before GC invocations=46 (full 0):
 garbage-first heap   total 266240K, used 220112K [0x0000000080000000, 0x0000000100000000)
  region size 1024K, 101 young (103424K), 13 survivors (13312K)
 Metaspace       used 99498K, committed 100160K, reserved 1138688K
  class space    used 13490K, committed 13824K, reserved 1048576K
}

Dll operation events (2 events):
Event: 0.015 Loaded shared library C:\Program Files\Android\Android Studio\jbr\bin\java.dll
Event: 0.973 Loaded shared library C:\Program Files\Android\Android Studio\jbr\bin\verify.dll

Deoptimization events (20 events):
Event: 40.168 Thread 0x00000286de713eb0 Uncommon trap: trap_request=0xffffff45 fr.pc=0x00000286ccf813ec relative=0x00000000000000cc
Event: 40.168 Thread 0x00000286de713eb0 Uncommon trap: reason=unstable_if action=reinterpret pc=0x00000286ccf813ec method=com.android.tools.r8.graph.d0.b0()Z @ 11 c2
Event: 40.168 Thread 0x00000286de713eb0 DEOPT PACKING pc=0x00000286ccf813ec sp=0x000000b79fbf9380
Event: 40.168 Thread 0x00000286de713eb0 DEOPT UNPACKING pc=0x00000286cc9f699d sp=0x000000b79fbf92b8 mode 2
Event: 40.192 Thread 0x00000286de7109c0 DEOPT PACKING pc=0x00000286c671a606 sp=0x000000b7a05f98a0
Event: 40.192 Thread 0x00000286de7109c0 DEOPT UNPACKING pc=0x00000286cc9f7124 sp=0x000000b7a05f8d18 mode 0
Event: 40.205 Thread 0x00000286de713040 DEOPT PACKING pc=0x00000286c671a606 sp=0x000000b7a02f8e80
Event: 40.205 Thread 0x00000286de713040 DEOPT UNPACKING pc=0x00000286cc9f7124 sp=0x000000b7a02f82f8 mode 0
Event: 40.218 Thread 0x00000286de7109c0 DEOPT PACKING pc=0x00000286c6a2d634 sp=0x000000b7a05f8cd0
Event: 40.218 Thread 0x00000286de7109c0 DEOPT UNPACKING pc=0x00000286cc9f7124 sp=0x000000b7a05f84a0 mode 0
Event: 40.219 Thread 0x00000286de7109c0 Uncommon trap: trap_request=0xffffffbe fr.pc=0x00000286cd463eec relative=0x000000000000608c
Event: 40.219 Thread 0x00000286de7109c0 Uncommon trap: reason=profile_predicate action=maybe_recompile pc=0x00000286cd463eec method=com.android.tools.r8.ir.regalloc.a.a(ILcom/android/tools/r8/ir/regalloc/c;ZLcom/android/tools/r8/ir/regalloc/c$a;)I @ 12 c2
Event: 40.219 Thread 0x00000286de7109c0 DEOPT PACKING pc=0x00000286cd463eec sp=0x000000b7a05f8fb0
Event: 40.219 Thread 0x00000286de7109c0 DEOPT UNPACKING pc=0x00000286cc9f699d sp=0x000000b7a05f8e80 mode 2
Event: 40.219 Thread 0x00000286de7109c0 Uncommon trap: trap_request=0xffffffbe fr.pc=0x00000286cd463eec relative=0x000000000000608c
Event: 40.220 Thread 0x00000286de7109c0 Uncommon trap: reason=profile_predicate action=maybe_recompile pc=0x00000286cd463eec method=com.android.tools.r8.ir.regalloc.a.a(ILcom/android/tools/r8/ir/regalloc/c;ZLcom/android/tools/r8/ir/regalloc/c$a;)I @ 12 c2
Event: 40.220 Thread 0x00000286de7109c0 DEOPT PACKING pc=0x00000286cd463eec sp=0x000000b7a05f8fb0
Event: 40.220 Thread 0x00000286de7109c0 DEOPT UNPACKING pc=0x00000286cc9f699d sp=0x000000b7a05f8e80 mode 2
Event: 40.240 Thread 0x00000286de713040 DEOPT PACKING pc=0x00000286c671a606 sp=0x000000b7a02f8e80
Event: 40.240 Thread 0x00000286de713040 DEOPT UNPACKING pc=0x00000286cc9f7124 sp=0x000000b7a02f82f8 mode 0

Classes unloaded (3 events):
Event: 21.966 Thread 0x00000286db4ec790 Unloading class 0x0000000100b00800 'java/lang/invoke/LambdaForm$DMH+0x0000000100b00800'
Event: 21.966 Thread 0x00000286db4ec790 Unloading class 0x0000000100b00400 'java/lang/invoke/LambdaForm$DMH+0x0000000100b00400'
Event: 21.966 Thread 0x00000286db4ec790 Unloading class 0x0000000100b00c00 'java/lang/invoke/LambdaForm$DMH+0x0000000100b00c00'

Classes redefined (0 events):
No events

Internal exceptions (20 events):
Event: 28.791 Thread 0x00000286de713eb0 Exception <a 'java/lang/NoSuchMethodError'{0x000000008f2d3848}: 'int java.lang.invoke.DirectMethodHandle$Holder.invokeVirtual(java.lang.Object, java.lang.Object, java.lang.Object, java.lang.Object)'> (0x000000008f2d3848) 
thrown [s\src\hotspot\share\interpreter\linkResolver.cpp, line 771]
Event: 28.819 Thread 0x00000286de713040 Exception <a 'java/lang/NoSuchMethodError'{0x000000008f047060}: 'int java.lang.invoke.DirectMethodHandle$Holder.invokeVirtual(java.lang.Object, java.lang.Object, java.lang.Object, java.lang.Object)'> (0x000000008f047060) 
thrown [s\src\hotspot\share\interpreter\linkResolver.cpp, line 771]
Event: 28.926 Thread 0x00000286de713040 Exception <a 'java/lang/IncompatibleClassChangeError'{0x000000008eec0760}: Found class java.lang.Object, but interface was expected> (0x000000008eec0760) 
thrown [s\src\hotspot\share\interpreter\linkResolver.cpp, line 838]
Event: 28.941 Thread 0x00000286de713040 Exception <a 'java/lang/NoSuchMethodError'{0x000000008eee3db0}: 'int java.lang.invoke.DirectMethodHandle$Holder.invokeVirtual(java.lang.Object, java.lang.Object, java.lang.Object)'> (0x000000008eee3db0) 
thrown [s\src\hotspot\share\interpreter\linkResolver.cpp, line 771]
Event: 30.173 Thread 0x00000286e039d760 Exception <a 'java/lang/NoSuchMethodError'{0x000000008c6cfde8}: 'int java.lang.invoke.DirectMethodHandle$Holder.invokeSpecialIFC(java.lang.Object, java.lang.Object, java.lang.Object)'> (0x000000008c6cfde8) 
thrown [s\src\hotspot\share\interpreter\linkResolver.cpp, line 771]
Event: 30.494 Thread 0x00000286de713eb0 Exception <a 'java/lang/NoSuchMethodError'{0x000000008aae1070}: 'java.lang.Object java.lang.invoke.DirectMethodHandle$Holder.invokeVirtual(java.lang.Object, java.lang.Object, int, java.lang.Object)'> (0x000000008aae1070) 
thrown [s\src\hotspot\share\interpreter\linkResolver.cpp, line 771]
Event: 30.578 Thread 0x00000286de713eb0 Exception <a 'java/lang/IncompatibleClassChangeError'{0x0000000089ef2248}: Found class java.lang.Object, but interface was expected> (0x0000000089ef2248) 
thrown [s\src\hotspot\share\interpreter\linkResolver.cpp, line 838]
Event: 30.580 Thread 0x00000286de713eb0 Exception <a 'java/lang/IncompatibleClassChangeError'{0x0000000089efca78}: Found class java.lang.Object, but interface was expected> (0x0000000089efca78) 
thrown [s\src\hotspot\share\interpreter\linkResolver.cpp, line 838]
Event: 30.731 Thread 0x00000286de713eb0 Exception <a 'java/lang/NoSuchMethodError'{0x000000008f9b1ea0}: 'void java.lang.invoke.DirectMethodHandle$Holder.invokeVirtual(java.lang.Object, java.lang.Object, int, java.lang.Object)'> (0x000000008f9b1ea0) 
thrown [s\src\hotspot\share\interpreter\linkResolver.cpp, line 771]
Event: 31.100 Thread 0x00000286de713eb0 Exception <a 'java/lang/NoSuchMethodError'{0x000000008e5ea7f8}: 'int java.lang.invoke.DirectMethodHandle$Holder.invokeSpecial(java.lang.Object, java.lang.Object, java.lang.Object, int)'> (0x000000008e5ea7f8) 
thrown [s\src\hotspot\share\interpreter\linkResolver.cpp, line 771]
Event: 33.836 Thread 0x00000286de713040 Exception <a 'java/lang/NoSuchMethodError'{0x000000008dfe8408}: 'int java.lang.invoke.DirectMethodHandle$Holder.invokeInterface(java.lang.Object, java.lang.Object, int)'> (0x000000008dfe8408) 
thrown [s\src\hotspot\share\interpreter\linkResolver.cpp, line 771]
Event: 36.256 Thread 0x00000286de713eb0 Exception <a 'java/lang/NoSuchMethodError'{0x000000008ecd7ff8}: 'void java.lang.invoke.DirectMethodHandle$Holder.invokeSpecial(java.lang.Object, java.lang.Object, int, java.lang.Object, java.lang.Object, java.lang.Object, java.lang.Object)'> (0x000000008ecd7ff8) 
thrown [s\src\hotspot\share\interpreter\linkResolver.cpp, line 771]
Event: 36.259 Thread 0x00000286de713eb0 Exception <a 'java/lang/NoSuchMethodError'{0x000000008ece8018}: 'java.lang.Object java.lang.invoke.Invokers$Holder.linkToTargetMethod(java.lang.Object, int, java.lang.Object, java.lang.Object, java.lang.Object, java.lang.Object)'> (0x000000008ece8018) 
thrown [s\src\hotspot\share\interpreter\linkResolver.cpp, line 771]
Event: 36.260 Thread 0x00000286de713eb0 Exception <a 'java/lang/NoSuchMethodError'{0x000000008ecec890}: 'void java.lang.invoke.DirectMethodHandle$Holder.invokeSpecial(java.lang.Object, java.lang.Object, java.lang.Object, java.lang.Object, java.lang.Object, java.lang.Object, java.lang.Object, java.lang.Object, java.lang.Object)'> (0x000000008ecec890) 
thrown [s\src\hotspot\share\interpreter\linkResolver.cpp, line 771]
Event: 36.264 Thread 0x00000286de713eb0 Exception <a 'java/lang/NoSuchMethodError'{0x000000008eb9ac50}: 'void java.lang.invoke.DirectMethodHandle$Holder.invokeStatic(java.lang.Object, java.lang.Object, java.lang.Object, java.lang.Object, java.lang.Object, java.lang.Object, java.lang.Object, java.lang.Object)'> (0x000000008eb9ac50) 
thrown [s\src\hotspot\share\interpreter\linkResolver.cpp, line 771]
Event: 36.779 Thread 0x00000286de713eb0 Exception <a 'java/lang/IncompatibleClassChangeError'{0x000000008d559580}: Found class java.lang.Object, but interface was expected> (0x000000008d559580) 
thrown [s\src\hotspot\share\interpreter\linkResolver.cpp, line 838]
Event: 37.142 Thread 0x00000286de713eb0 Exception <a 'java/lang/NoSuchMethodError'{0x000000008b727f40}: 'void java.lang.invoke.DirectMethodHandle$Holder.invokeVirtual(java.lang.Object, java.lang.Object, int)'> (0x000000008b727f40) 
thrown [s\src\hotspot\share\interpreter\linkResolver.cpp, line 771]
Event: 37.291 Thread 0x00000286de713eb0 Exception <a 'sun/nio/fs/WindowsException'{0x000000008b39b1b8}> (0x000000008b39b1b8) 
thrown [s\src\hotspot\share\prims\jni.cpp, line 517]
Event: 37.914 Thread 0x00000286de713eb0 Exception <a 'java/lang/NoSuchMethodError'{0x00000000925d7308}: 'void java.lang.invoke.DirectMethodHandle$Holder.invokeStatic(java.lang.Object, java.lang.Object, java.lang.Object, java.lang.Object, java.lang.Object, java.lang.Object, java.lang.Object)'> (0x00000000925d7308) 
thrown [s\src\hotspot\share\interpreter\linkResolver.cpp, line 771]
Event: 38.769 Thread 0x00000286de713eb0 Exception <a 'sun/nio/fs/WindowsException'{0x000000009234bfe0}> (0x000000009234bfe0) 
thrown [s\src\hotspot\share\prims\jni.cpp, line 517]

VM Operations (20 events):
Event: 37.040 Executing VM operation: HandshakeAllThreads done
Event: 37.095 Executing VM operation: ICBufferFull
Event: 37.096 Executing VM operation: ICBufferFull done
Event: 37.563 Executing VM operation: G1CollectForAllocation
Event: 37.579 Executing VM operation: G1CollectForAllocation done
Event: 37.931 Executing VM operation: HandshakeAllThreads
Event: 37.958 Executing VM operation: HandshakeAllThreads done
Event: 37.962 Executing VM operation: HandshakeAllThreads
Event: 37.963 Executing VM operation: HandshakeAllThreads done
Event: 37.980 Executing VM operation: HandshakeAllThreads
Event: 37.981 Executing VM operation: HandshakeAllThreads done
Event: 38.686 Executing VM operation: G1CollectForAllocation
Event: 38.749 Executing VM operation: G1CollectForAllocation done
Event: 39.049 Executing VM operation: HandshakeAllThreads
Event: 39.061 Executing VM operation: HandshakeAllThreads done
Event: 39.477 Executing VM operation: ICBufferFull
Event: 39.483 Executing VM operation: ICBufferFull done
Event: 39.676 Executing VM operation: G1CollectForAllocation
Event: 39.700 Executing VM operation: G1CollectForAllocation done
Event: 40.256 Executing VM operation: G1CollectForAllocation

Events (20 events):
Event: 36.909 Thread 0x00000286db5483f0 flushing nmethod 0x00000286c67c1010
Event: 36.909 Thread 0x00000286db5483f0 flushing nmethod 0x00000286c67d5a90
Event: 36.909 Thread 0x00000286db5483f0 flushing nmethod 0x00000286c67ee990
Event: 36.909 Thread 0x00000286db5483f0 flushing nmethod 0x00000286c67f2210
Event: 36.909 Thread 0x00000286db5483f0 flushing nmethod 0x00000286c682e210
Event: 36.909 Thread 0x00000286db5483f0 flushing nmethod 0x00000286c6846310
Event: 36.909 Thread 0x00000286db5483f0 flushing nmethod 0x00000286c6852c10
Event: 36.909 Thread 0x00000286db5483f0 flushing nmethod 0x00000286c6854190
Event: 36.938 loading class java/util/IdentityHashMap$KeySpliterator
Event: 36.939 loading class java/util/IdentityHashMap$IdentityHashMapSpliterator
Event: 36.941 loading class java/util/IdentityHashMap$IdentityHashMapSpliterator done
Event: 36.941 loading class java/util/IdentityHashMap$KeySpliterator done
Event: 37.143 loading class java/nio/ByteBufferAsShortBufferL
Event: 37.145 loading class java/nio/ShortBuffer
Event: 37.147 loading class java/nio/ShortBuffer done
Event: 37.147 loading class java/nio/ByteBufferAsShortBufferL done
Event: 37.258 loading class java/util/zip/Adler32
Event: 37.261 loading class java/util/zip/Adler32 done
Event: 37.309 loading class java/nio/channels/Channels$1
Event: 37.420 loading class java/nio/channels/Channels$1 done


Dynamic libraries:
0x00007ff7529e0000 - 0x00007ff7529ea000 	C:\Program Files\Android\Android Studio\jbr\bin\java.exe
0x00007ffb865b0000 - 0x00007ffb867c7000 	C:\WINDOWS\SYSTEM32\ntdll.dll
0x00007ffb84780000 - 0x00007ffb84844000 	C:\WINDOWS\System32\KERNEL32.DLL
0x00007ffb83a40000 - 0x00007ffb83de5000 	C:\WINDOWS\System32\KERNELBASE.dll
0x00007ffb841e0000 - 0x00007ffb842f1000 	C:\WINDOWS\System32\ucrtbase.dll
0x00007ffb6b9a0000 - 0x00007ffb6b9bb000 	C:\Program Files\Android\Android Studio\jbr\bin\VCRUNTIME140.dll
0x00007ffb6b770000 - 0x00007ffb6b787000 	C:\Program Files\Android\Android Studio\jbr\bin\jli.dll
0x00007ffb85ef0000 - 0x00007ffb8609e000 	C:\WINDOWS\System32\USER32.dll
0x00007ffb83f10000 - 0x00007ffb83f36000 	C:\WINDOWS\System32\win32u.dll
0x00007ffb6eae0000 - 0x00007ffb6ed73000 	C:\WINDOWS\WinSxS\amd64_microsoft.windows.common-controls_6595b64144ccf1df_6.0.22621.2506_none_270c5ae97388e100\COMCTL32.dll
0x00007ffb851e0000 - 0x00007ffb85209000 	C:\WINDOWS\System32\GDI32.dll
0x00007ffb850d0000 - 0x00007ffb85177000 	C:\WINDOWS\System32\msvcrt.dll
0x00007ffb83920000 - 0x00007ffb83a39000 	C:\WINDOWS\System32\gdi32full.dll
0x00007ffb83e70000 - 0x00007ffb83f0a000 	C:\WINDOWS\System32\msvcp_win.dll
0x00007ffb86270000 - 0x00007ffb862a1000 	C:\WINDOWS\System32\IMM32.DLL
0x00007ffb6ba30000 - 0x00007ffb6ba3c000 	C:\Program Files\Android\Android Studio\jbr\bin\vcruntime140_1.dll
0x00007ffb4d530000 - 0x00007ffb4d5bd000 	C:\Program Files\Android\Android Studio\jbr\bin\msvcp140.dll
0x00007ffb4f9b0000 - 0x00007ffb5061e000 	C:\Program Files\Android\Android Studio\jbr\bin\server\jvm.dll
0x00007ffb84ed0000 - 0x00007ffb84f81000 	C:\WINDOWS\System32\ADVAPI32.dll
0x00007ffb860a0000 - 0x00007ffb86146000 	C:\WINDOWS\System32\sechost.dll
0x00007ffb86150000 - 0x00007ffb86267000 	C:\WINDOWS\System32\RPCRT4.dll
0x00007ffb73470000 - 0x00007ffb734a4000 	C:\WINDOWS\SYSTEM32\WINMM.dll
0x00007ffb5beb0000 - 0x00007ffb5beb9000 	C:\WINDOWS\SYSTEM32\WSOCK32.dll
0x00007ffb84e50000 - 0x00007ffb84ec1000 	C:\WINDOWS\System32\WS2_32.dll
0x00007ffb6ea90000 - 0x00007ffb6ea9a000 	C:\WINDOWS\SYSTEM32\VERSION.dll
0x00007ffb82920000 - 0x00007ffb82938000 	C:\WINDOWS\SYSTEM32\kernel.appcore.dll
0x00007ffb7b950000 - 0x00007ffb7b95a000 	C:\Program Files\Android\Android Studio\jbr\bin\jimage.dll
0x00007ffb7e330000 - 0x00007ffb7e563000 	C:\WINDOWS\SYSTEM32\DBGHELP.DLL
0x00007ffb84950000 - 0x00007ffb84cd9000 	C:\WINDOWS\System32\combase.dll
0x00007ffb84ff0000 - 0x00007ffb850c7000 	C:\WINDOWS\System32\OLEAUT32.dll
0x00007ffb54340000 - 0x00007ffb54372000 	C:\WINDOWS\SYSTEM32\dbgcore.DLL
0x00007ffb83df0000 - 0x00007ffb83e6a000 	C:\WINDOWS\System32\bcryptPrimitives.dll
0x00007ffb6bc40000 - 0x00007ffb6bc65000 	C:\Program Files\Android\Android Studio\jbr\bin\java.dll
0x00007ffb6e8a0000 - 0x00007ffb6e8b8000 	C:\Program Files\Android\Android Studio\jbr\bin\zip.dll
0x00007ffb85210000 - 0x00007ffb85a69000 	C:\WINDOWS\System32\SHELL32.dll
0x00007ffb81840000 - 0x00007ffb82134000 	C:\WINDOWS\SYSTEM32\windows.storage.dll
0x00007ffb81700000 - 0x00007ffb8183e000 	C:\WINDOWS\SYSTEM32\wintypes.dll
0x00007ffb86470000 - 0x00007ffb86563000 	C:\WINDOWS\System32\SHCORE.dll
0x00007ffb84df0000 - 0x00007ffb84e4e000 	C:\WINDOWS\System32\shlwapi.dll
0x00007ffb83850000 - 0x00007ffb83876000 	C:\WINDOWS\SYSTEM32\profapi.dll
0x00007ffb6bc20000 - 0x00007ffb6bc39000 	C:\Program Files\Android\Android Studio\jbr\bin\net.dll
0x00007ffb76ef0000 - 0x00007ffb77027000 	C:\WINDOWS\SYSTEM32\WINHTTP.dll
0x00007ffb82da0000 - 0x00007ffb82e09000 	C:\WINDOWS\system32\mswsock.dll
0x00007ffb6bbc0000 - 0x00007ffb6bbd6000 	C:\Program Files\Android\Android Studio\jbr\bin\nio.dll
0x00007ffb788e0000 - 0x00007ffb788f0000 	C:\Program Files\Android\Android Studio\jbr\bin\verify.dll
0x00007ffb7b570000 - 0x00007ffb7b597000 	C:\Users\Ian\.gradle\native\e1d6ef7f7dcc3fd88c89a11ec53ec762bb8ba0a96d01ffa2cd45eb1d1d8dd5c5\windows-amd64\native-platform.dll
0x00007ffb42120000 - 0x00007ffb42264000 	C:\Users\Ian\.gradle\native\5664cfc778a61ccfe75a443a1ab52a65af34e5dc3c78e0209fed803814484fcb\windows-amd64\native-platform-file-events.dll
0x00007ffb6e820000 - 0x00007ffb6e829000 	C:\Program Files\Android\Android Studio\jbr\bin\management.dll
0x00007ffb6daa0000 - 0x00007ffb6daab000 	C:\Program Files\Android\Android Studio\jbr\bin\management_ext.dll
0x00007ffb862b0000 - 0x00007ffb862b8000 	C:\WINDOWS\System32\PSAPI.DLL
0x00007ffb82ff0000 - 0x00007ffb8300b000 	C:\WINDOWS\SYSTEM32\CRYPTSP.dll
0x00007ffb82880000 - 0x00007ffb828b5000 	C:\WINDOWS\system32\rsaenh.dll
0x00007ffb82e90000 - 0x00007ffb82ebc000 	C:\WINDOWS\SYSTEM32\USERENV.dll
0x00007ffb831e0000 - 0x00007ffb83208000 	C:\WINDOWS\SYSTEM32\bcrypt.dll
0x00007ffb83010000 - 0x00007ffb8301c000 	C:\WINDOWS\SYSTEM32\CRYPTBASE.dll
0x00007ffb823e0000 - 0x00007ffb8240d000 	C:\WINDOWS\SYSTEM32\IPHLPAPI.DLL
0x00007ffb851d0000 - 0x00007ffb851d9000 	C:\WINDOWS\System32\NSI.dll
0x00007ffb740f0000 - 0x00007ffb74109000 	C:\WINDOWS\SYSTEM32\dhcpcsvc6.DLL
0x00007ffb73fe0000 - 0x00007ffb73fff000 	C:\WINDOWS\SYSTEM32\dhcpcsvc.DLL
0x00007ffb82410000 - 0x00007ffb82509000 	C:\WINDOWS\SYSTEM32\DNSAPI.dll
0x00007ffb6cd20000 - 0x00007ffb6cd28000 	C:\WINDOWS\system32\wshunix.dll

dbghelp: loaded successfully - version: 4.0.5 - missing functions: none
symbol engine: initialized successfully - sym options: 0x614 - pdb path: .;C:\Program Files\Android\Android Studio\jbr\bin;C:\WINDOWS\SYSTEM32;C:\WINDOWS\WinSxS\amd64_microsoft.windows.common-controls_6595b64144ccf1df_6.0.22621.2506_none_270c5ae97388e100;C:\Program Files\Android\Android Studio\jbr\bin\server;C:\Users\Ian\.gradle\native\e1d6ef7f7dcc3fd88c89a11ec53ec762bb8ba0a96d01ffa2cd45eb1d1d8dd5c5\windows-amd64;C:\Users\Ian\.gradle\native\5664cfc778a61ccfe75a443a1ab52a65af34e5dc3c78e0209fed803814484fcb\windows-amd64

VM Arguments:
jvm_args: --add-opens=java.base/java.util=ALL-UNNAMED --add-opens=java.base/java.lang=ALL-UNNAMED --add-opens=java.base/java.lang.invoke=ALL-UNNAMED --add-opens=java.base/java.util=ALL-UNNAMED --add-opens=java.prefs/java.util.prefs=ALL-UNNAMED --add-opens=java.prefs/java.util.prefs=ALL-UNNAMED --add-opens=java.base/java.nio.charset=ALL-UNNAMED --add-opens=java.base/java.net=ALL-UNNAMED --add-opens=java.base/java.util.concurrent.atomic=ALL-UNNAMED -Xmx2048m -Dfile.encoding=UTF-8 -Duser.country=ID -Duser.language=id -Duser.variant 
java_command: org.gradle.launcher.daemon.bootstrap.GradleDaemon 7.2
java_class_path (initial): C:\Users\Ian\.gradle\wrapper\dists\gradle-7.2-bin\2dnblmf4td7x66yl1d74lt32g\gradle-7.2\lib\gradle-launcher-7.2.jar
Launcher Type: SUN_STANDARD

[Global flags]
     intx CICompilerCount                          = 3                                         {product} {ergonomic}
     uint ConcGCThreads                            = 1                                         {product} {ergonomic}
     uint G1ConcRefinementThreads                  = 4                                         {product} {ergonomic}
   size_t G1HeapRegionSize                         = 1048576                                   {product} {ergonomic}
    uintx GCDrainStackTargetSize                   = 64                                        {product} {ergonomic}
   size_t InitialHeapSize                          = 65011712                                  {product} {ergonomic}
   size_t MarkStackSize                            = 4194304                                   {product} {ergonomic}
   size_t MaxHeapSize                              = 2147483648                                {product} {command line}
   size_t MaxNewSize                               = 1287651328                                {product} {ergonomic}
   size_t MinHeapDeltaBytes                        = 1048576                                   {product} {ergonomic}
   size_t MinHeapSize                              = 8388608                                   {product} {ergonomic}
    uintx NonNMethodCodeHeapSize                   = 5832780                                {pd product} {ergonomic}
    uintx NonProfiledCodeHeapSize                  = 122912730                              {pd product} {ergonomic}
    uintx ProfiledCodeHeapSize                     = 122912730                              {pd product} {ergonomic}
    uintx ReservedCodeCacheSize                    = 251658240                              {pd product} {ergonomic}
     bool SegmentedCodeCache                       = true                                      {product} {ergonomic}
   size_t SoftMaxHeapSize                          = 2147483648                             {manageable} {ergonomic}
     bool UseCompressedClassPointers               = true                           {product lp64_product} {ergonomic}
     bool UseCompressedOops                        = true                           {product lp64_product} {ergonomic}
     bool UseG1GC                                  = true                                      {product} {ergonomic}
     bool UseLargePagesIndividualAllocation        = false                                  {pd product} {ergonomic}

Logging:
Log output configuration:
 #0: stdout all=warning uptime,level,tags
 #1: stderr all=off uptime,level,tags

Environment Variables:
PATH=C:\ProgramData\Oracle\Java\javapath;C:\Program Files\OpenLogic\jdk-17.0.6.10-hotspot\bin;C:\Program Files\OpenJDK\jdk-11.0.18.10-hotspot\bin;C:\Program Files (x86)\Common Files\Oracle\Java\javapath;C:\Program Files (x86)\Common Files\Intel\Shared Files\cpp\bin\Intel64;C:\WINDOWS\system32;C:\WINDOWS;C:\WINDOWS\System32\Wbem;C:\WINDOWS\System32\WindowsPowerShell\v1.0\;C:\WINDOWS\System32\OpenSSH\;C:\Program Files\Intel\WiFi\bin\;C:\Program Files\Common Files\Intel\WirelessCommon\;C:\Program Files\Git\cmd;C:\Users\Ian\AppData\Local\Microsoft\WindowsApps;;C:\Users\Ian\AppData\Local\Programs\Microsoft VS Code\bin
USERNAME=Ian
OS=Windows_NT
PROCESSOR_IDENTIFIER=Intel64 Family 6 Model 142 Stepping 10, GenuineIntel
TMP=C:\Users\Ian\AppData\Local\Temp
TEMP=C:\Users\Ian\AppData\Local\Temp


JNI global refs:
JNI global refs: 26, weak refs: 37

JNI global refs memory usage: 843, weak refs: 841


---------------  S Y S T E M  ---------------

OS:
 Windows 11 , 64 bit Build 22621 (10.0.22621.2506)
OS uptime: 0 days 3:01 hours

CPU: total 4 (initial active 4) (2 cores per cpu, 2 threads per core) family 6 model 142 stepping 10 microcode 0xe0, cx8, cmov, fxsr, ht, mmx, 3dnowpref, sse, sse2, sse3, ssse3, sse4.1, sse4.2, popcnt, lzcnt, tsc, tscinvbit, aes, erms, clmul, clflush, clflushopt

Memory: 4k page, system-wide physical 3952M (290M free)
TotalPageFile size 8048M (AvailPageFile size 33M)
current process WorkingSet (physical memory assigned to process): 406M, peak: 427M
current process commit charge ("private bytes"): 656M, peak: 687M

vm_info: OpenJDK 64-Bit Server VM (17.0.6+0-b2043.56-10027231) for windows-amd64 JRE (17.0.6+0-b2043.56-10027231), built on Apr 28 2023 00:43:19 by "androidbuild" with MS VC++ 16.10 / 16.11 (VS2019)

END.
