#
# There is insufficient memory for the Java Runtime Environment to continue.
# Native memory allocation (malloc) failed to allocate 3483760 bytes for Chunk::new
# Possible reasons:
#   The system is out of physical RAM or swap space
#   The process is running with CompressedOops enabled, and the Java Heap may be blocking the growth of the native heap
# Possible solutions:
#   Reduce memory load on the system
#   Increase physical memory or swap space
#   Check if swap backing store is full
#   Decrease Java heap size (-Xmx/-Xms)
#   Decrease number of Java threads
#   Decrease Java thread stack sizes (-Xss)
#   Set larger code cache with -XX:ReservedCodeCacheSize=
#   JVM is running with Unscaled Compressed Oops mode in which the Java heap is
#     placed in the first 4GB address space. The Java Heap base address is the
#     maximum limit for the native heap growth. Please use -XX:HeapBaseMinAddress
#     to set the Java Heap base and to place the Java Heap above 4GB virtual address.
# This output file may be truncated or incomplete.
#
#  Out of Memory Error (arena.cpp:189), pid=3884, tid=2760
#
# JRE version: OpenJDK Runtime Environment (17.0.6) (build 17.0.6+0-b2043.56-10027231)
# Java VM: OpenJDK 64-Bit Server VM (17.0.6+0-b2043.56-10027231, mixed mode, tiered, compressed oops, compressed class ptrs, g1 gc, windows-amd64)
# No core dump will be written. Minidumps are not enabled by default on client versions of Windows
#

---------------  S U M M A R Y ------------

Command Line: --add-opens=java.base/java.util=ALL-UNNAMED --add-opens=java.base/java.lang=ALL-UNNAMED --add-opens=java.base/java.lang.invoke=ALL-UNNAMED --add-opens=java.base/java.util=ALL-UNNAMED --add-opens=java.prefs/java.util.prefs=ALL-UNNAMED --add-opens=java.prefs/java.util.prefs=ALL-UNNAMED --add-opens=java.base/java.nio.charset=ALL-UNNAMED --add-opens=java.base/java.net=ALL-UNNAMED --add-opens=java.base/java.util.concurrent.atomic=ALL-UNNAMED -Xmx2048m -Dfile.encoding=UTF-8 -Duser.country=ID -Duser.language=id -Duser.variant org.gradle.launcher.daemon.bootstrap.GradleDaemon 7.2

Host: Intel(R) Pentium(R) CPU 4417U @ 2.30GHz, 4 cores, 3G,  Windows 11 , 64 bit Build 22621 (10.0.22621.2506)
Time: Wed Dec  6 20:44:03 2023 SE Asia Standard Time elapsed time: 45.150164 seconds (0d 0h 0m 45s)

---------------  T H R E A D  ---------------

Current thread (0x000001d2c0d93840):  JavaThread "C2 CompilerThread1" daemon [_thread_in_native, id=2760, stack(0x0000009dd8700000,0x0000009dd8800000)]


Current CompileTask:
C2:  45150 14180       4       com.android.tools.r8.ir.regalloc.a::a (3985 bytes)

Stack: [0x0000009dd8700000,0x0000009dd8800000]
Native frames: (J=compiled Java code, j=interpreted, Vv=VM code, C=native code)
V  [jvm.dll+0x683c9a]
V  [jvm.dll+0x8427a4]
V  [jvm.dll+0x843f9e]
V  [jvm.dll+0x844603]
V  [jvm.dll+0x249b75]
V  [jvm.dll+0xabcac]
V  [jvm.dll+0xac27c]
V  [jvm.dll+0x368857]
V  [jvm.dll+0x332f31]
V  [jvm.dll+0x3323da]
V  [jvm.dll+0x21c201]
V  [jvm.dll+0x21b621]
V  [jvm.dll+0x1a4fdd]
V  [jvm.dll+0x22b098]
V  [jvm.dll+0x229159]
V  [jvm.dll+0x7f81ec]
V  [jvm.dll+0x7f274a]
V  [jvm.dll+0x682ad5]
C  [ucrtbase.dll+0x29363]
C  [KERNEL32.DLL+0x1257d]
C  [ntdll.dll+0x5aa58]


---------------  P R O C E S S  ---------------

Threads class SMR info:
_java_thread_list=0x000001d2c0e9d860, length=90, elements={
0x000001d2a2808e10, 0x000001d2bdd07240, 0x000001d2bdd08590, 0x000001d2bdd23f20,
0x000001d2bdd52010, 0x000001d2bdd55080, 0x000001d2bdd6c020, 0x000001d2bdd6e0f0,
0x000001d2bdd6e9f0, 0x000001d2bdd799b0, 0x000001d2be977780, 0x000001d2be97e2f0,
0x000001d2bf679030, 0x000001d2bfe4f460, 0x000001d2c0397420, 0x000001d2c0233bb0,
0x000001d2c0242170, 0x000001d2beb76aa0, 0x000001d2beb765d0, 0x000001d2beb76100,
0x000001d2beb78780, 0x000001d2beb75c30, 0x000001d2beb76f70, 0x000001d2beb75290,
0x000001d2beb77440, 0x000001d2beb77de0, 0x000001d2beb77910, 0x000001d2beb782b0,
0x000001d2beb78c50, 0x000001d2beb75760, 0x000001d2c2b7d340, 0x000001d2c2b7f4f0,
0x000001d2c2b7e680, 0x000001d2c2b7dce0, 0x000001d2c2b7b660, 0x000001d2c2b78170,
0x000001d2c2b7f020, 0x000001d2c2b7d810, 0x000001d2c2b78640, 0x000001d2c2b7bb30,
0x000001d2c2b7a320, 0x000001d2c2b7f9c0, 0x000001d2c2b78b10, 0x000001d2c2b7c000,
0x000001d2c2b79e50, 0x000001d2c2b78fe0, 0x000001d2c2b7c9a0, 0x000001d2c2b7a7f0,
0x000001d2c2b7ce70, 0x000001d2c2b794b0, 0x000001d2c2b7e1b0, 0x000001d2c2b79980,
0x000001d2c188dee0, 0x000001d2c1890560, 0x000001d2c18943f0, 0x000001d2c1890a30,
0x000001d2c188d070, 0x000001d2c18948c0, 0x000001d2c188e880, 0x000001d2c188e3b0,
0x000001d2c1893580, 0x000001d2c1890090, 0x000001d2c188ed50, 0x000001d2c1890f00,
0x000001d2c18918a0, 0x000001d2c188f220, 0x000001d2c18913d0, 0x000001d2c1891d70,
0x000001d2c188da10, 0x000001d2c188d540, 0x000001d2c188f6f0, 0x000001d2c1892240,
0x000001d2c1893f20, 0x000001d2c1892710, 0x000001d2c188fbc0, 0x000001d2c1892be0,
0x000001d2c18930b0, 0x000001d2c1893a50, 0x000001d2c1705a00, 0x000001d2c1708ef0,
0x000001d2c170a230, 0x000001d2c1708080, 0x000001d2c1708a20, 0x000001d2c1706d40,
0x000001d2c1708550, 0x000001d2c1703850, 0x000001d2c17046c0, 0x000001d2c17063a0,
0x000001d2c1709d60, 0x000001d2c0d93840
}

Java Threads: ( => current thread )
  0x000001d2a2808e10 JavaThread "main" [_thread_blocked, id=15308, stack(0x0000009dd2100000,0x0000009dd2200000)]
  0x000001d2bdd07240 JavaThread "Reference Handler" daemon [_thread_blocked, id=15616, stack(0x0000009dd2800000,0x0000009dd2900000)]
  0x000001d2bdd08590 JavaThread "Finalizer" daemon [_thread_blocked, id=14952, stack(0x0000009dd2900000,0x0000009dd2a00000)]
  0x000001d2bdd23f20 JavaThread "Signal Dispatcher" daemon [_thread_blocked, id=3720, stack(0x0000009dd2a00000,0x0000009dd2b00000)]
  0x000001d2bdd52010 JavaThread "Attach Listener" daemon [_thread_blocked, id=3544, stack(0x0000009dd2b00000,0x0000009dd2c00000)]
  0x000001d2bdd55080 JavaThread "Service Thread" daemon [_thread_blocked, id=11092, stack(0x0000009dd2c00000,0x0000009dd2d00000)]
  0x000001d2bdd6c020 JavaThread "Monitor Deflation Thread" daemon [_thread_blocked, id=1368, stack(0x0000009dd2d00000,0x0000009dd2e00000)]
  0x000001d2bdd6e0f0 JavaThread "C2 CompilerThread0" daemon [_thread_in_native, id=7336, stack(0x0000009dd2e00000,0x0000009dd2f00000)]
  0x000001d2bdd6e9f0 JavaThread "C1 CompilerThread0" daemon [_thread_blocked, id=15288, stack(0x0000009dd2f00000,0x0000009dd3000000)]
  0x000001d2bdd799b0 JavaThread "Sweeper thread" daemon [_thread_blocked, id=11900, stack(0x0000009dd3000000,0x0000009dd3100000)]
  0x000001d2be977780 JavaThread "Common-Cleaner" daemon [_thread_blocked, id=2820, stack(0x0000009dd3100000,0x0000009dd3200000)]
  0x000001d2be97e2f0 JavaThread "Notification Thread" daemon [_thread_blocked, id=3056, stack(0x0000009dd3200000,0x0000009dd3300000)]
  0x000001d2bf679030 JavaThread "Daemon health stats" [_thread_blocked, id=3868, stack(0x0000009dd3700000,0x0000009dd3800000)]
  0x000001d2bfe4f460 JavaThread "Incoming local TCP Connector on port 52771" [_thread_in_native, id=15840, stack(0x0000009dd3800000,0x0000009dd3900000)]
  0x000001d2c0397420 JavaThread "Daemon periodic checks" [_thread_in_native, id=816, stack(0x0000009dd3900000,0x0000009dd3a00000)]
  0x000001d2c0233bb0 JavaThread "Daemon" [_thread_blocked, id=13636, stack(0x0000009dd3a00000,0x0000009dd3b00000)]
  0x000001d2c0242170 JavaThread "Handler for socket connection from /127.0.0.1:52771 to /127.0.0.1:52772" [_thread_in_native, id=13704, stack(0x0000009dd3b00000,0x0000009dd3c00000)]
  0x000001d2beb76aa0 JavaThread "Cancel handler" [_thread_blocked, id=2392, stack(0x0000009dd3c00000,0x0000009dd3d00000)]
  0x000001d2beb765d0 JavaThread "Daemon worker" [_thread_blocked, id=1896, stack(0x0000009dd3d00000,0x0000009dd3e00000)]
  0x000001d2beb76100 JavaThread "Asynchronous log dispatcher for DefaultDaemonConnection: socket connection from /127.0.0.1:52771 to /127.0.0.1:52772" [_thread_blocked, id=892, stack(0x0000009dd3e00000,0x0000009dd3f00000)]
  0x000001d2beb78780 JavaThread "Stdin handler" [_thread_blocked, id=12272, stack(0x0000009dd3f00000,0x0000009dd4000000)]
  0x000001d2beb75c30 JavaThread "Daemon client event forwarder" [_thread_blocked, id=11004, stack(0x0000009dd4000000,0x0000009dd4100000)]
  0x000001d2beb76f70 JavaThread "Cache worker for journal cache (C:\Users\Ian\.gradle\caches\journal-1)" [_thread_blocked, id=8424, stack(0x0000009dd4100000,0x0000009dd4200000)]
  0x000001d2beb75290 JavaThread "File lock request listener" [_thread_in_native, id=7304, stack(0x0000009dd4200000,0x0000009dd4300000)]
  0x000001d2beb77440 JavaThread "Cache worker for file hash cache (C:\Users\Ian\.gradle\caches\7.2\fileHashes)" [_thread_blocked, id=5496, stack(0x0000009dd4300000,0x0000009dd4400000)]
  0x000001d2beb77de0 JavaThread "Cache worker for file hash cache (C:\Users\Ian\AndroidStudioProjects\ujianandroid_\.gradle\7.2\fileHashes)" [_thread_blocked, id=6384, stack(0x0000009dd4400000,0x0000009dd4500000)]
  0x000001d2beb77910 JavaThread "File watcher server" daemon [_thread_in_native, id=9480, stack(0x0000009dd4500000,0x0000009dd4600000)]
  0x000001d2beb782b0 JavaThread "File watcher consumer" daemon [_thread_blocked, id=12284, stack(0x0000009dd4600000,0x0000009dd4700000)]
  0x000001d2beb78c50 JavaThread "Cache worker for checksums cache (C:\Users\Ian\AndroidStudioProjects\ujianandroid_\.gradle\checksums)" [_thread_blocked, id=14784, stack(0x0000009dd4700000,0x0000009dd4800000)]
  0x000001d2beb75760 JavaThread "Cache worker for cache directory md-supplier (C:\Users\Ian\.gradle\caches\7.2\md-supplier)" [_thread_blocked, id=12280, stack(0x0000009dd4800000,0x0000009dd4900000)]
  0x000001d2c2b7d340 JavaThread "Cache worker for cache directory md-rule (C:\Users\Ian\.gradle\caches\7.2\md-rule)" [_thread_blocked, id=13676, stack(0x0000009dd4900000,0x0000009dd4a00000)]
  0x000001d2c2b7f4f0 JavaThread "Cache worker for execution history cache (C:\Users\Ian\.gradle\caches\7.2\executionHistory)" [_thread_blocked, id=16076, stack(0x0000009dd4a00000,0x0000009dd4b00000)]
  0x000001d2c2b7e680 JavaThread "jar transforms" [_thread_blocked, id=5644, stack(0x0000009dd4b00000,0x0000009dd4c00000)]
  0x000001d2c2b7dce0 JavaThread "jar transforms Thread 2" [_thread_blocked, id=6872, stack(0x0000009dd4c00000,0x0000009dd4d00000)]
  0x000001d2c2b7b660 JavaThread "Cache worker for file content cache (C:\Users\Ian\.gradle\caches\7.2\fileContent)" [_thread_blocked, id=10012, stack(0x0000009dd4e00000,0x0000009dd4f00000)]
  0x000001d2c2b78170 JavaThread "jar transforms Thread 3" [_thread_blocked, id=13332, stack(0x0000009dd4f00000,0x0000009dd5000000)]
  0x000001d2c2b7f020 JavaThread "jar transforms Thread 4" [_thread_blocked, id=8564, stack(0x0000009dd5000000,0x0000009dd5100000)]
  0x000001d2c2b7d810 JavaThread "Cache worker for dependencies-accessors (C:\Users\Ian\AndroidStudioProjects\ujianandroid_\.gradle\7.2\dependencies-accessors)" [_thread_blocked, id=4936, stack(0x0000009dd5100000,0x0000009dd5200000)]
  0x000001d2c2b78640 JavaThread "Cache worker for Build Output Cleanup Cache (C:\Users\Ian\AndroidStudioProjects\ujianandroid_\.gradle\buildOutputCleanup)" [_thread_blocked, id=14292, stack(0x0000009dd5200000,0x0000009dd5300000)]
  0x000001d2c2b7bb30 JavaThread "Unconstrained build operations" [_thread_blocked, id=3412, stack(0x0000009dd5300000,0x0000009dd5400000)]
  0x000001d2c2b7a320 JavaThread "Unconstrained build operations Thread 2" [_thread_blocked, id=12396, stack(0x0000009dd5400000,0x0000009dd5500000)]
  0x000001d2c2b7f9c0 JavaThread "Unconstrained build operations Thread 3" [_thread_blocked, id=8036, stack(0x0000009dd5500000,0x0000009dd5600000)]
  0x000001d2c2b78b10 JavaThread "Unconstrained build operations Thread 4" [_thread_blocked, id=11020, stack(0x0000009dd5600000,0x0000009dd5700000)]
  0x000001d2c2b7c000 JavaThread "Unconstrained build operations Thread 5" [_thread_blocked, id=1052, stack(0x0000009dd5700000,0x0000009dd5800000)]
  0x000001d2c2b79e50 JavaThread "Unconstrained build operations Thread 6" [_thread_blocked, id=10344, stack(0x0000009dd5800000,0x0000009dd5900000)]
  0x000001d2c2b78fe0 JavaThread "Unconstrained build operations Thread 7" [_thread_blocked, id=14252, stack(0x0000009dd5900000,0x0000009dd5a00000)]
  0x000001d2c2b7c9a0 JavaThread "Unconstrained build operations Thread 8" [_thread_blocked, id=9008, stack(0x0000009dd5a00000,0x0000009dd5b00000)]
  0x000001d2c2b7a7f0 JavaThread "Unconstrained build operations Thread 9" [_thread_blocked, id=15992, stack(0x0000009dd5b00000,0x0000009dd5c00000)]
  0x000001d2c2b7ce70 JavaThread "Unconstrained build operations Thread 10" [_thread_blocked, id=14536, stack(0x0000009dd5c00000,0x0000009dd5d00000)]
  0x000001d2c2b794b0 JavaThread "Unconstrained build operations Thread 11" [_thread_blocked, id=14284, stack(0x0000009dd5d00000,0x0000009dd5e00000)]
  0x000001d2c2b7e1b0 JavaThread "Unconstrained build operations Thread 12" [_thread_in_Java, id=14100, stack(0x0000009dd5e00000,0x0000009dd5f00000)]
  0x000001d2c2b79980 JavaThread "Unconstrained build operations Thread 13" [_thread_blocked, id=8404, stack(0x0000009dd5f00000,0x0000009dd6000000)]
  0x000001d2c188dee0 JavaThread "Unconstrained build operations Thread 14" [_thread_blocked, id=16124, stack(0x0000009dd6000000,0x0000009dd6100000)]
  0x000001d2c1890560 JavaThread "Unconstrained build operations Thread 15" [_thread_blocked, id=5680, stack(0x0000009dd6100000,0x0000009dd6200000)]
  0x000001d2c18943f0 JavaThread "Unconstrained build operations Thread 16" [_thread_blocked, id=16184, stack(0x0000009dd6200000,0x0000009dd6300000)]
  0x000001d2c1890a30 JavaThread "Unconstrained build operations Thread 17" [_thread_in_Java, id=9408, stack(0x0000009dd6300000,0x0000009dd6400000)]
  0x000001d2c188d070 JavaThread "Unconstrained build operations Thread 18" [_thread_blocked, id=13316, stack(0x0000009dd6400000,0x0000009dd6500000)]
  0x000001d2c18948c0 JavaThread "Unconstrained build operations Thread 19" [_thread_blocked, id=3996, stack(0x0000009dd6500000,0x0000009dd6600000)]
  0x000001d2c188e880 JavaThread "Unconstrained build operations Thread 20" [_thread_blocked, id=9200, stack(0x0000009dd6600000,0x0000009dd6700000)]
  0x000001d2c188e3b0 JavaThread "Unconstrained build operations Thread 21" [_thread_blocked, id=232, stack(0x0000009dd6700000,0x0000009dd6800000)]
  0x000001d2c1893580 JavaThread "Unconstrained build operations Thread 22" [_thread_blocked, id=13788, stack(0x0000009dd6800000,0x0000009dd6900000)]
  0x000001d2c1890090 JavaThread "Unconstrained build operations Thread 23" [_thread_blocked, id=14984, stack(0x0000009dd6900000,0x0000009dd6a00000)]
  0x000001d2c188ed50 JavaThread "Unconstrained build operations Thread 24" [_thread_blocked, id=14240, stack(0x0000009dd6a00000,0x0000009dd6b00000)]
  0x000001d2c1890f00 JavaThread "Unconstrained build operations Thread 25" [_thread_blocked, id=8368, stack(0x0000009dd6b00000,0x0000009dd6c00000)]
  0x000001d2c18918a0 JavaThread "Unconstrained build operations Thread 26" [_thread_blocked, id=14184, stack(0x0000009dd6c00000,0x0000009dd6d00000)]
  0x000001d2c188f220 JavaThread "Unconstrained build operations Thread 27" [_thread_blocked, id=4392, stack(0x0000009dd6d00000,0x0000009dd6e00000)]
  0x000001d2c18913d0 JavaThread "Unconstrained build operations Thread 28" [_thread_blocked, id=9500, stack(0x0000009dd6e00000,0x0000009dd6f00000)]
  0x000001d2c1891d70 JavaThread "Unconstrained build operations Thread 29" [_thread_blocked, id=9080, stack(0x0000009dd6f00000,0x0000009dd7000000)]
  0x000001d2c188da10 JavaThread "Unconstrained build operations Thread 30" [_thread_in_Java, id=13936, stack(0x0000009dd7000000,0x0000009dd7100000)]
  0x000001d2c188d540 JavaThread "Unconstrained build operations Thread 31" [_thread_blocked, id=14964, stack(0x0000009dd7100000,0x0000009dd7200000)]
  0x000001d2c188f6f0 JavaThread "Unconstrained build operations Thread 32" [_thread_blocked, id=1744, stack(0x0000009dd7200000,0x0000009dd7300000)]
  0x000001d2c1892240 JavaThread "Unconstrained build operations Thread 33" [_thread_blocked, id=7340, stack(0x0000009dd7300000,0x0000009dd7400000)]
  0x000001d2c1893f20 JavaThread "Unconstrained build operations Thread 34" [_thread_blocked, id=14216, stack(0x0000009dd7400000,0x0000009dd7500000)]
  0x000001d2c1892710 JavaThread "Unconstrained build operations Thread 35" [_thread_blocked, id=3308, stack(0x0000009dd7500000,0x0000009dd7600000)]
  0x000001d2c188fbc0 JavaThread "Unconstrained build operations Thread 36" [_thread_blocked, id=12716, stack(0x0000009dd7600000,0x0000009dd7700000)]
  0x000001d2c1892be0 JavaThread "Unconstrained build operations Thread 37" [_thread_blocked, id=6428, stack(0x0000009dd7700000,0x0000009dd7800000)]
  0x000001d2c18930b0 JavaThread "Unconstrained build operations Thread 38" [_thread_blocked, id=13672, stack(0x0000009dd7800000,0x0000009dd7900000)]
  0x000001d2c1893a50 JavaThread "Unconstrained build operations Thread 39" [_thread_blocked, id=9332, stack(0x0000009dd7900000,0x0000009dd7a00000)]
  0x000001d2c1705a00 JavaThread "Unconstrained build operations Thread 40" [_thread_blocked, id=16316, stack(0x0000009dd7a00000,0x0000009dd7b00000)]
  0x000001d2c1708ef0 JavaThread "Memory manager" [_thread_blocked, id=6900, stack(0x0000009dd7b00000,0x0000009dd7c00000)]
  0x000001d2c170a230 JavaThread "build event listener" [_thread_blocked, id=840, stack(0x0000009dd7c00000,0x0000009dd7d00000)]
  0x000001d2c1708080 JavaThread "Execution worker for ':'" [_thread_blocked, id=13808, stack(0x0000009dd7d00000,0x0000009dd7e00000)]
  0x000001d2c1708a20 JavaThread "Execution worker for ':' Thread 2" [_thread_blocked, id=12160, stack(0x0000009dd7e00000,0x0000009dd7f00000)]
  0x000001d2c1706d40 JavaThread "Execution worker for ':' Thread 3" [_thread_blocked, id=13768, stack(0x0000009dd7f00000,0x0000009dd8000000)]
  0x000001d2c1708550 JavaThread "Cache worker for execution history cache (C:\Users\Ian\AndroidStudioProjects\ujianandroid_\.gradle\7.2\executionHistory)" [_thread_blocked, id=5236, stack(0x0000009dd8000000,0x0000009dd8100000)]
  0x000001d2c1703850 JavaThread "WorkerExecutor Queue" [_thread_blocked, id=14996, stack(0x0000009dd8100000,0x0000009dd8200000)]
  0x000001d2c17046c0 JavaThread "pool-3-thread-1" [_thread_blocked, id=14912, stack(0x0000009dd8200000,0x0000009dd8300000)]
  0x000001d2c17063a0 JavaThread "stderr" [_thread_in_native, id=3676, stack(0x0000009dd8300000,0x0000009dd8400000)]
  0x000001d2c1709d60 JavaThread "stdout" [_thread_in_native, id=13732, stack(0x0000009dd8400000,0x0000009dd8500000)]
=>0x000001d2c0d93840 JavaThread "C2 CompilerThread1" daemon [_thread_in_native, id=2760, stack(0x0000009dd8700000,0x0000009dd8800000)]

Other Threads:
  0x000001d2bdcc84e0 VMThread "VM Thread" [stack: 0x0000009dd2700000,0x0000009dd2800000] [id=8132]
  0x000001d2a287e740 WatcherThread [stack: 0x0000009dd3300000,0x0000009dd3400000] [id=3680]
  0x000001d2a2864cb0 GCTaskThread "GC Thread#0" [stack: 0x0000009dd2200000,0x0000009dd2300000] [id=11040]
  0x000001d2becfc500 GCTaskThread "GC Thread#1" [stack: 0x0000009dd3400000,0x0000009dd3500000] [id=10436]
  0x000001d2bee3a4b0 GCTaskThread "GC Thread#2" [stack: 0x0000009dd3500000,0x0000009dd3600000] [id=9276]
  0x000001d2bedb9330 GCTaskThread "GC Thread#3" [stack: 0x0000009dd3600000,0x0000009dd3700000] [id=6604]
  0x000001d2a2875a90 ConcurrentGCThread "G1 Main Marker" [stack: 0x0000009dd2300000,0x0000009dd2400000] [id=9076]
  0x000001d2a2878af0 ConcurrentGCThread "G1 Conc#0" [stack: 0x0000009dd2400000,0x0000009dd2500000] [id=4488]
  0x000001d2a28c8060 ConcurrentGCThread "G1 Refine#0" [stack: 0x0000009dd2500000,0x0000009dd2600000] [id=5884]
  0x000001d2c0ee2520 ConcurrentGCThread "G1 Refine#1" [stack: 0x0000009dd4d00000,0x0000009dd4e00000] [id=11536]
  0x000001d2a28c8920 ConcurrentGCThread "G1 Service" [stack: 0x0000009dd2600000,0x0000009dd2700000] [id=10068]

Threads with active compile tasks:
C2 CompilerThread0    45259 14262       4       com.android.tools.r8.internal.X4::a (268 bytes)
C2 CompilerThread1    45259 14180       4       com.android.tools.r8.ir.regalloc.a::a (3985 bytes)

VM state: not at safepoint (normal execution)

VM Mutex/Monitor currently owned by a thread: None

Heap address: 0x0000000080000000, size: 2048 MB, Compressed Oops mode: 32-bit

CDS archive(s) not mapped
Compressed class space mapped at: 0x0000000100000000-0x0000000140000000, reserved size: 1073741824
Narrow klass base: 0x0000000000000000, Narrow klass shift: 3, Narrow klass range: 0x140000000

GC Precious Log:
 CPUs: 4 total, 4 available
 Memory: 3952M
 Large Page Support: Disabled
 NUMA Support: Disabled
 Compressed Oops: Enabled (32-bit)
 Heap Region Size: 1M
 Heap Min Capacity: 8M
 Heap Initial Capacity: 62M
 Heap Max Capacity: 2G
 Pre-touch: Disabled
 Parallel Workers: 4
 Concurrent Workers: 1
 Concurrent Refinement Workers: 4
 Periodic GC: Disabled

Heap:
 garbage-first heap   total 337920K, used 165451K [0x0000000080000000, 0x0000000100000000)
  region size 1024K, 30 young (30720K), 2 survivors (2048K)
 Metaspace       used 98311K, committed 98880K, reserved 1138688K
  class space    used 13305K, committed 13568K, reserved 1048576K

Heap Regions: E=young(eden), S=young(survivor), O=old, HS=humongous(starts), HC=humongous(continues), CS=collection set, F=free, OA=open archive, CA=closed archive, TAMS=top-at-mark-start (previous, next)
|   0|0x0000000080000000, 0x0000000080100000, 0x0000000080100000|100%|HS|  |TAMS 0x0000000080100000, 0x0000000080000000| Complete 
|   1|0x0000000080100000, 0x0000000080200000, 0x0000000080200000|100%|HC|  |TAMS 0x0000000080200000, 0x0000000080100000| Complete 
|   2|0x0000000080200000, 0x0000000080300000, 0x0000000080300000|100%|HC|  |TAMS 0x0000000080300000, 0x0000000080200000| Complete 
|   3|0x0000000080300000, 0x0000000080400000, 0x0000000080400000|100%| O|  |TAMS 0x0000000080400000, 0x0000000080300000| Untracked 
|   4|0x0000000080400000, 0x0000000080500000, 0x0000000080500000|100%| O|  |TAMS 0x0000000080500000, 0x0000000080400000| Untracked 
|   5|0x0000000080500000, 0x0000000080600000, 0x0000000080600000|100%| O|  |TAMS 0x0000000080600000, 0x0000000080500000| Untracked 
|   6|0x0000000080600000, 0x0000000080700000, 0x0000000080700000|100%| O|  |TAMS 0x0000000080700000, 0x0000000080600000| Untracked 
|   7|0x0000000080700000, 0x0000000080800000, 0x0000000080800000|100%| O|  |TAMS 0x0000000080800000, 0x0000000080700000| Untracked 
|   8|0x0000000080800000, 0x0000000080900000, 0x0000000080900000|100%| O|  |TAMS 0x0000000080900000, 0x0000000080800000| Untracked 
|   9|0x0000000080900000, 0x0000000080a00000, 0x0000000080a00000|100%| O|  |TAMS 0x0000000080a00000, 0x0000000080900000| Untracked 
|  10|0x0000000080a00000, 0x0000000080b00000, 0x0000000080b00000|100%| O|  |TAMS 0x0000000080b00000, 0x0000000080a00000| Untracked 
|  11|0x0000000080b00000, 0x0000000080c00000, 0x0000000080c00000|100%| O|  |TAMS 0x0000000080c00000, 0x0000000080b00000| Untracked 
|  12|0x0000000080c00000, 0x0000000080d00000, 0x0000000080d00000|100%| O|  |TAMS 0x0000000080d00000, 0x0000000080c00000| Untracked 
|  13|0x0000000080d00000, 0x0000000080e00000, 0x0000000080e00000|100%| O|  |TAMS 0x0000000080e00000, 0x0000000080d00000| Untracked 
|  14|0x0000000080e00000, 0x0000000080f00000, 0x0000000080f00000|100%| O|  |TAMS 0x0000000080f00000, 0x0000000080e00000| Untracked 
|  15|0x0000000080f00000, 0x0000000081000000, 0x0000000081000000|100%| O|  |TAMS 0x0000000081000000, 0x0000000080f00000| Untracked 
|  16|0x0000000081000000, 0x0000000081100000, 0x0000000081100000|100%| O|  |TAMS 0x0000000081100000, 0x0000000081000000| Untracked 
|  17|0x0000000081100000, 0x0000000081200000, 0x0000000081200000|100%| O|  |TAMS 0x0000000081200000, 0x0000000081100000| Untracked 
|  18|0x0000000081200000, 0x0000000081300000, 0x0000000081300000|100%| O|  |TAMS 0x0000000081300000, 0x0000000081200000| Untracked 
|  19|0x0000000081300000, 0x0000000081400000, 0x0000000081400000|100%| O|  |TAMS 0x0000000081400000, 0x0000000081300000| Untracked 
|  20|0x0000000081400000, 0x0000000081500000, 0x0000000081500000|100%| O|  |TAMS 0x0000000081500000, 0x0000000081400000| Untracked 
|  21|0x0000000081500000, 0x0000000081600000, 0x0000000081600000|100%| O|  |TAMS 0x0000000081600000, 0x0000000081500000| Untracked 
|  22|0x0000000081600000, 0x0000000081700000, 0x0000000081700000|100%| O|  |TAMS 0x0000000081700000, 0x0000000081600000| Untracked 
|  23|0x0000000081700000, 0x0000000081800000, 0x0000000081800000|100%| O|  |TAMS 0x0000000081800000, 0x0000000081700000| Untracked 
|  24|0x0000000081800000, 0x0000000081900000, 0x0000000081900000|100%| O|  |TAMS 0x0000000081900000, 0x0000000081800000| Untracked 
|  25|0x0000000081900000, 0x0000000081a00000, 0x0000000081a00000|100%| O|  |TAMS 0x0000000081a00000, 0x0000000081900000| Untracked 
|  26|0x0000000081a00000, 0x0000000081b00000, 0x0000000081b00000|100%| O|  |TAMS 0x0000000081b00000, 0x0000000081a00000| Untracked 
|  27|0x0000000081b00000, 0x0000000081c00000, 0x0000000081c00000|100%| O|  |TAMS 0x0000000081c00000, 0x0000000081b00000| Untracked 
|  28|0x0000000081c00000, 0x0000000081d00000, 0x0000000081d00000|100%|HS|  |TAMS 0x0000000081d00000, 0x0000000081c00000| Complete 
|  29|0x0000000081d00000, 0x0000000081e00000, 0x0000000081e00000|100%|HS|  |TAMS 0x0000000081e00000, 0x0000000081d00000| Complete 
|  30|0x0000000081e00000, 0x0000000081f00000, 0x0000000081f00000|100%| O|  |TAMS 0x0000000081f00000, 0x0000000081e00000| Untracked 
|  31|0x0000000081f00000, 0x0000000082000000, 0x0000000082000000|100%| O|  |TAMS 0x0000000082000000, 0x0000000081f00000| Untracked 
|  32|0x0000000082000000, 0x0000000082100000, 0x0000000082100000|100%|HS|  |TAMS 0x0000000082100000, 0x0000000082000000| Complete 
|  33|0x0000000082100000, 0x0000000082200000, 0x0000000082200000|100%|HC|  |TAMS 0x0000000082200000, 0x0000000082100000| Complete 
|  34|0x0000000082200000, 0x0000000082300000, 0x0000000082300000|100%| O|  |TAMS 0x0000000082300000, 0x0000000082200000| Untracked 
|  35|0x0000000082300000, 0x0000000082400000, 0x0000000082400000|100%| O|  |TAMS 0x0000000082400000, 0x0000000082300000| Untracked 
|  36|0x0000000082400000, 0x0000000082500000, 0x0000000082500000|100%| O|  |TAMS 0x0000000082500000, 0x0000000082400000| Untracked 
|  37|0x0000000082500000, 0x0000000082600000, 0x0000000082600000|100%| O|  |TAMS 0x0000000082600000, 0x0000000082500000| Untracked 
|  38|0x0000000082600000, 0x0000000082700000, 0x0000000082700000|100%| O|  |TAMS 0x0000000082700000, 0x0000000082600000| Untracked 
|  39|0x0000000082700000, 0x0000000082800000, 0x0000000082800000|100%| O|  |TAMS 0x0000000082800000, 0x0000000082700000| Untracked 
|  40|0x0000000082800000, 0x0000000082900000, 0x0000000082900000|100%| O|  |TAMS 0x0000000082900000, 0x0000000082800000| Untracked 
|  41|0x0000000082900000, 0x0000000082a00000, 0x0000000082a00000|100%| O|  |TAMS 0x0000000082a00000, 0x0000000082900000| Untracked 
|  42|0x0000000082a00000, 0x0000000082b00000, 0x0000000082b00000|100%| O|  |TAMS 0x0000000082b00000, 0x0000000082a00000| Untracked 
|  43|0x0000000082b00000, 0x0000000082c00000, 0x0000000082c00000|100%| O|  |TAMS 0x0000000082c00000, 0x0000000082b00000| Untracked 
|  44|0x0000000082c00000, 0x0000000082d00000, 0x0000000082d00000|100%| O|  |TAMS 0x0000000082d00000, 0x0000000082c00000| Untracked 
|  45|0x0000000082d00000, 0x0000000082e00000, 0x0000000082e00000|100%| O|  |TAMS 0x0000000082e00000, 0x0000000082d00000| Untracked 
|  46|0x0000000082e00000, 0x0000000082f00000, 0x0000000082f00000|100%| O|  |TAMS 0x0000000082f00000, 0x0000000082e00000| Untracked 
|  47|0x0000000082f00000, 0x0000000083000000, 0x0000000083000000|100%| O|  |TAMS 0x0000000083000000, 0x0000000082f00000| Untracked 
|  48|0x0000000083000000, 0x0000000083100000, 0x0000000083100000|100%| O|  |TAMS 0x0000000083100000, 0x0000000083000000| Untracked 
|  49|0x0000000083100000, 0x0000000083200000, 0x0000000083200000|100%| O|  |TAMS 0x0000000083200000, 0x0000000083100000| Untracked 
|  50|0x0000000083200000, 0x0000000083300000, 0x0000000083300000|100%| O|  |TAMS 0x0000000083300000, 0x0000000083200000| Untracked 
|  51|0x0000000083300000, 0x0000000083400000, 0x0000000083400000|100%| O|  |TAMS 0x0000000083400000, 0x0000000083300000| Untracked 
|  52|0x0000000083400000, 0x0000000083500000, 0x0000000083500000|100%| O|  |TAMS 0x0000000083500000, 0x0000000083400000| Untracked 
|  53|0x0000000083500000, 0x0000000083600000, 0x0000000083600000|100%| O|  |TAMS 0x0000000083600000, 0x0000000083500000| Untracked 
|  54|0x0000000083600000, 0x0000000083700000, 0x0000000083700000|100%| O|  |TAMS 0x0000000083700000, 0x0000000083600000| Untracked 
|  55|0x0000000083700000, 0x0000000083800000, 0x0000000083800000|100%| O|  |TAMS 0x0000000083800000, 0x0000000083700000| Untracked 
|  56|0x0000000083800000, 0x0000000083900000, 0x0000000083900000|100%| O|  |TAMS 0x0000000083900000, 0x0000000083800000| Untracked 
|  57|0x0000000083900000, 0x0000000083a00000, 0x0000000083a00000|100%| O|  |TAMS 0x0000000083a00000, 0x0000000083900000| Untracked 
|  58|0x0000000083a00000, 0x0000000083b00000, 0x0000000083b00000|100%| O|  |TAMS 0x0000000083b00000, 0x0000000083a00000| Untracked 
|  59|0x0000000083b00000, 0x0000000083c00000, 0x0000000083c00000|100%| O|  |TAMS 0x0000000083c00000, 0x0000000083b00000| Untracked 
|  60|0x0000000083c00000, 0x0000000083d00000, 0x0000000083d00000|100%| O|  |TAMS 0x0000000083d00000, 0x0000000083c00000| Untracked 
|  61|0x0000000083d00000, 0x0000000083e00000, 0x0000000083e00000|100%| O|  |TAMS 0x0000000083e00000, 0x0000000083d00000| Untracked 
|  62|0x0000000083e00000, 0x0000000083f00000, 0x0000000083f00000|100%| O|  |TAMS 0x0000000083f00000, 0x0000000083e00000| Untracked 
|  63|0x0000000083f00000, 0x0000000084000000, 0x0000000084000000|100%| O|  |TAMS 0x0000000084000000, 0x0000000083f00000| Untracked 
|  64|0x0000000084000000, 0x0000000084100000, 0x0000000084100000|100%| O|  |TAMS 0x0000000084100000, 0x0000000084000000| Untracked 
|  65|0x0000000084100000, 0x0000000084200000, 0x0000000084200000|100%| O|  |TAMS 0x0000000084200000, 0x0000000084100000| Untracked 
|  66|0x0000000084200000, 0x0000000084300000, 0x0000000084300000|100%| O|  |TAMS 0x0000000084300000, 0x0000000084200000| Untracked 
|  67|0x0000000084300000, 0x0000000084400000, 0x0000000084400000|100%| O|  |TAMS 0x0000000084400000, 0x0000000084300000| Untracked 
|  68|0x0000000084400000, 0x0000000084500000, 0x0000000084500000|100%| O|  |TAMS 0x0000000084500000, 0x0000000084400000| Untracked 
|  69|0x0000000084500000, 0x0000000084600000, 0x0000000084600000|100%| O|  |TAMS 0x0000000084600000, 0x0000000084500000| Untracked 
|  70|0x0000000084600000, 0x0000000084700000, 0x0000000084700000|100%| O|  |TAMS 0x0000000084700000, 0x0000000084600000| Untracked 
|  71|0x0000000084700000, 0x0000000084800000, 0x0000000084800000|100%| O|  |TAMS 0x0000000084700000, 0x0000000084700000| Untracked 
|  72|0x0000000084800000, 0x0000000084900000, 0x0000000084900000|100%| O|  |TAMS 0x0000000084900000, 0x0000000084800000| Untracked 
|  73|0x0000000084900000, 0x0000000084a00000, 0x0000000084a00000|100%| O|  |TAMS 0x0000000084a00000, 0x0000000084900000| Untracked 
|  74|0x0000000084a00000, 0x0000000084b00000, 0x0000000084b00000|100%| O|  |TAMS 0x0000000084b00000, 0x0000000084a00000| Untracked 
|  75|0x0000000084b00000, 0x0000000084c00000, 0x0000000084c00000|100%| O|  |TAMS 0x0000000084c00000, 0x0000000084b00000| Untracked 
|  76|0x0000000084c00000, 0x0000000084d00000, 0x0000000084d00000|100%| O|  |TAMS 0x0000000084d00000, 0x0000000084c00000| Untracked 
|  77|0x0000000084d00000, 0x0000000084e00000, 0x0000000084e00000|100%| O|  |TAMS 0x0000000084e00000, 0x0000000084d00000| Untracked 
|  78|0x0000000084e00000, 0x0000000084f00000, 0x0000000084f00000|100%| O|  |TAMS 0x0000000084f00000, 0x0000000084e00000| Untracked 
|  79|0x0000000084f00000, 0x0000000085000000, 0x0000000085000000|100%| O|  |TAMS 0x0000000085000000, 0x0000000084f00000| Untracked 
|  80|0x0000000085000000, 0x0000000085100000, 0x0000000085100000|100%| O|  |TAMS 0x0000000085100000, 0x0000000085000000| Untracked 
|  81|0x0000000085100000, 0x0000000085200000, 0x0000000085200000|100%| O|  |TAMS 0x0000000085200000, 0x0000000085100000| Untracked 
|  82|0x0000000085200000, 0x0000000085300000, 0x0000000085300000|100%| O|  |TAMS 0x0000000085300000, 0x0000000085200000| Untracked 
|  83|0x0000000085300000, 0x0000000085400000, 0x0000000085400000|100%| O|  |TAMS 0x0000000085400000, 0x0000000085300000| Untracked 
|  84|0x0000000085400000, 0x0000000085500000, 0x0000000085500000|100%| O|  |TAMS 0x0000000085500000, 0x0000000085400000| Untracked 
|  85|0x0000000085500000, 0x0000000085600000, 0x0000000085600000|100%| O|  |TAMS 0x0000000085600000, 0x0000000085500000| Untracked 
|  86|0x0000000085600000, 0x0000000085700000, 0x0000000085700000|100%| O|  |TAMS 0x0000000085700000, 0x0000000085600000| Untracked 
|  87|0x0000000085700000, 0x0000000085800000, 0x0000000085800000|100%| O|  |TAMS 0x0000000085800000, 0x0000000085700000| Untracked 
|  88|0x0000000085800000, 0x0000000085900000, 0x0000000085900000|100%| O|  |TAMS 0x0000000085900000, 0x0000000085800000| Untracked 
|  89|0x0000000085900000, 0x0000000085a00000, 0x0000000085a00000|100%| O|  |TAMS 0x0000000085a00000, 0x0000000085900000| Untracked 
|  90|0x0000000085a00000, 0x0000000085b00000, 0x0000000085b00000|100%| O|  |TAMS 0x0000000085a00000, 0x0000000085a00000| Untracked 
|  91|0x0000000085b00000, 0x0000000085c00000, 0x0000000085c00000|100%| O|  |TAMS 0x0000000085b00000, 0x0000000085b00000| Untracked 
|  92|0x0000000085c00000, 0x0000000085d00000, 0x0000000085d00000|100%| O|  |TAMS 0x0000000085c00000, 0x0000000085c00000| Untracked 
|  93|0x0000000085d00000, 0x0000000085e00000, 0x0000000085e00000|100%| O|  |TAMS 0x0000000085d00000, 0x0000000085d00000| Untracked 
|  94|0x0000000085e00000, 0x0000000085f00000, 0x0000000085f00000|100%| O|  |TAMS 0x0000000085e00000, 0x0000000085e00000| Untracked 
|  95|0x0000000085f00000, 0x0000000086000000, 0x0000000086000000|100%| O|  |TAMS 0x0000000085f00000, 0x0000000085f00000| Untracked 
|  96|0x0000000086000000, 0x0000000086100000, 0x0000000086100000|100%| O|  |TAMS 0x0000000086000000, 0x0000000086000000| Untracked 
|  97|0x0000000086100000, 0x0000000086200000, 0x0000000086200000|100%| O|  |TAMS 0x0000000086100000, 0x0000000086100000| Untracked 
|  98|0x0000000086200000, 0x0000000086300000, 0x0000000086300000|100%| O|  |TAMS 0x0000000086200000, 0x0000000086200000| Untracked 
|  99|0x0000000086300000, 0x0000000086400000, 0x0000000086400000|100%| O|  |TAMS 0x0000000086300000, 0x0000000086300000| Untracked 
| 100|0x0000000086400000, 0x0000000086500000, 0x0000000086500000|100%| O|  |TAMS 0x0000000086400000, 0x0000000086400000| Untracked 
| 101|0x0000000086500000, 0x0000000086600000, 0x0000000086600000|100%| O|  |TAMS 0x0000000086500000, 0x0000000086500000| Untracked 
| 102|0x0000000086600000, 0x0000000086700000, 0x0000000086700000|100%| O|  |TAMS 0x0000000086600000, 0x0000000086600000| Untracked 
| 103|0x0000000086700000, 0x0000000086800000, 0x0000000086800000|100%| O|  |TAMS 0x0000000086700000, 0x0000000086700000| Untracked 
| 104|0x0000000086800000, 0x0000000086900000, 0x0000000086900000|100%| O|  |TAMS 0x0000000086800000, 0x0000000086800000| Untracked 
| 105|0x0000000086900000, 0x0000000086a00000, 0x0000000086a00000|100%| O|  |TAMS 0x0000000086900000, 0x0000000086900000| Untracked 
| 106|0x0000000086a00000, 0x0000000086b00000, 0x0000000086b00000|100%| O|  |TAMS 0x0000000086a00000, 0x0000000086a00000| Untracked 
| 107|0x0000000086b00000, 0x0000000086c00000, 0x0000000086c00000|100%| O|  |TAMS 0x0000000086b00000, 0x0000000086b00000| Untracked 
| 108|0x0000000086c00000, 0x0000000086d00000, 0x0000000086d00000|100%| O|  |TAMS 0x0000000086c00000, 0x0000000086c00000| Untracked 
| 109|0x0000000086d00000, 0x0000000086e00000, 0x0000000086e00000|100%| O|  |TAMS 0x0000000086d00000, 0x0000000086d00000| Untracked 
| 110|0x0000000086e00000, 0x0000000086f00000, 0x0000000086f00000|100%| O|  |TAMS 0x0000000086e00000, 0x0000000086e00000| Untracked 
| 111|0x0000000086f00000, 0x0000000087000000, 0x0000000087000000|100%| O|  |TAMS 0x0000000086f00000, 0x0000000086f00000| Untracked 
| 112|0x0000000087000000, 0x0000000087100000, 0x0000000087100000|100%| O|  |TAMS 0x0000000087000000, 0x0000000087000000| Untracked 
| 113|0x0000000087100000, 0x0000000087200000, 0x0000000087200000|100%| O|  |TAMS 0x0000000087100000, 0x0000000087100000| Untracked 
| 114|0x0000000087200000, 0x0000000087300000, 0x0000000087300000|100%| O|  |TAMS 0x0000000087200000, 0x0000000087200000| Untracked 
| 115|0x0000000087300000, 0x0000000087400000, 0x0000000087400000|100%| O|  |TAMS 0x0000000087300000, 0x0000000087300000| Untracked 
| 116|0x0000000087400000, 0x0000000087500000, 0x0000000087500000|100%| O|  |TAMS 0x0000000087400000, 0x0000000087400000| Untracked 
| 117|0x0000000087500000, 0x0000000087600000, 0x0000000087600000|100%| O|  |TAMS 0x0000000087500000, 0x0000000087500000| Untracked 
| 118|0x0000000087600000, 0x0000000087700000, 0x0000000087700000|100%| O|  |TAMS 0x0000000087600000, 0x0000000087600000| Untracked 
| 119|0x0000000087700000, 0x0000000087800000, 0x0000000087800000|100%| O|  |TAMS 0x0000000087700000, 0x0000000087700000| Untracked 
| 120|0x0000000087800000, 0x0000000087900000, 0x0000000087900000|100%| O|  |TAMS 0x0000000087800000, 0x0000000087800000| Untracked 
| 121|0x0000000087900000, 0x0000000087a00000, 0x0000000087a00000|100%| O|  |TAMS 0x0000000087900000, 0x0000000087900000| Untracked 
| 122|0x0000000087a00000, 0x0000000087b00000, 0x0000000087b00000|100%| O|  |TAMS 0x0000000087a00000, 0x0000000087a00000| Untracked 
| 123|0x0000000087b00000, 0x0000000087c00000, 0x0000000087c00000|100%| O|  |TAMS 0x0000000087b00000, 0x0000000087b00000| Untracked 
| 124|0x0000000087c00000, 0x0000000087d00000, 0x0000000087d00000|100%| O|  |TAMS 0x0000000087c00000, 0x0000000087c00000| Untracked 
| 125|0x0000000087d00000, 0x0000000087e00000, 0x0000000087e00000|100%| O|  |TAMS 0x0000000087d00000, 0x0000000087d00000| Untracked 
| 126|0x0000000087e00000, 0x0000000087f00000, 0x0000000087f00000|100%| O|  |TAMS 0x0000000087e00000, 0x0000000087e00000| Untracked 
| 127|0x0000000087f00000, 0x0000000088000000, 0x0000000088000000|100%| O|  |TAMS 0x0000000087f00000, 0x0000000087f00000| Untracked 
| 128|0x0000000088000000, 0x0000000088100000, 0x0000000088100000|100%| O|  |TAMS 0x0000000088000000, 0x0000000088000000| Untracked 
| 129|0x0000000088100000, 0x0000000088200000, 0x0000000088200000|100%| O|  |TAMS 0x0000000088100000, 0x0000000088100000| Untracked 
| 130|0x0000000088200000, 0x0000000088300000, 0x0000000088300000|100%| O|  |TAMS 0x0000000088200000, 0x0000000088200000| Untracked 
| 131|0x0000000088300000, 0x0000000088400000, 0x0000000088400000|100%| O|  |TAMS 0x0000000088300000, 0x0000000088300000| Untracked 
| 132|0x0000000088400000, 0x0000000088492c00, 0x0000000088500000| 57%| O|  |TAMS 0x0000000088400000, 0x0000000088400000| Untracked 
| 133|0x0000000088500000, 0x0000000088500000, 0x0000000088600000|  0%| F|  |TAMS 0x0000000088500000, 0x0000000088500000| Untracked 
| 134|0x0000000088600000, 0x0000000088600000, 0x0000000088700000|  0%| F|  |TAMS 0x0000000088600000, 0x0000000088600000| Untracked 
| 135|0x0000000088700000, 0x0000000088700000, 0x0000000088800000|  0%| F|  |TAMS 0x0000000088700000, 0x0000000088700000| Untracked 
| 136|0x0000000088800000, 0x0000000088800000, 0x0000000088900000|  0%| F|  |TAMS 0x0000000088800000, 0x0000000088800000| Untracked 
| 137|0x0000000088900000, 0x0000000088900000, 0x0000000088a00000|  0%| F|  |TAMS 0x0000000088900000, 0x0000000088900000| Untracked 
| 138|0x0000000088a00000, 0x0000000088a00000, 0x0000000088b00000|  0%| F|  |TAMS 0x0000000088a00000, 0x0000000088a00000| Untracked 
| 139|0x0000000088b00000, 0x0000000088b00000, 0x0000000088c00000|  0%| F|  |TAMS 0x0000000088b00000, 0x0000000088b00000| Untracked 
| 140|0x0000000088c00000, 0x0000000088c00000, 0x0000000088d00000|  0%| F|  |TAMS 0x0000000088c00000, 0x0000000088c00000| Untracked 
| 141|0x0000000088d00000, 0x0000000088d00000, 0x0000000088e00000|  0%| F|  |TAMS 0x0000000088d00000, 0x0000000088d00000| Untracked 
| 142|0x0000000088e00000, 0x0000000088e00000, 0x0000000088f00000|  0%| F|  |TAMS 0x0000000088e00000, 0x0000000088e00000| Untracked 
| 143|0x0000000088f00000, 0x0000000088f00000, 0x0000000089000000|  0%| F|  |TAMS 0x0000000088f00000, 0x0000000088f00000| Untracked 
| 144|0x0000000089000000, 0x0000000089000000, 0x0000000089100000|  0%| F|  |TAMS 0x0000000089000000, 0x0000000089000000| Untracked 
| 145|0x0000000089100000, 0x0000000089100000, 0x0000000089200000|  0%| F|  |TAMS 0x0000000089100000, 0x0000000089100000| Untracked 
| 146|0x0000000089200000, 0x0000000089200000, 0x0000000089300000|  0%| F|  |TAMS 0x0000000089200000, 0x0000000089200000| Untracked 
| 147|0x0000000089300000, 0x0000000089300000, 0x0000000089400000|  0%| F|  |TAMS 0x0000000089300000, 0x0000000089300000| Untracked 
| 148|0x0000000089400000, 0x0000000089400000, 0x0000000089500000|  0%| F|  |TAMS 0x0000000089400000, 0x0000000089400000| Untracked 
| 149|0x0000000089500000, 0x0000000089500000, 0x0000000089600000|  0%| F|  |TAMS 0x0000000089500000, 0x0000000089500000| Untracked 
| 150|0x0000000089600000, 0x0000000089600000, 0x0000000089700000|  0%| F|  |TAMS 0x0000000089600000, 0x0000000089600000| Untracked 
| 151|0x0000000089700000, 0x0000000089700000, 0x0000000089800000|  0%| F|  |TAMS 0x0000000089700000, 0x0000000089700000| Untracked 
| 152|0x0000000089800000, 0x0000000089800000, 0x0000000089900000|  0%| F|  |TAMS 0x0000000089800000, 0x0000000089800000| Untracked 
| 153|0x0000000089900000, 0x0000000089900000, 0x0000000089a00000|  0%| F|  |TAMS 0x0000000089900000, 0x0000000089900000| Untracked 
| 154|0x0000000089a00000, 0x0000000089a00000, 0x0000000089b00000|  0%| F|  |TAMS 0x0000000089a00000, 0x0000000089a00000| Untracked 
| 155|0x0000000089b00000, 0x0000000089b00000, 0x0000000089c00000|  0%| F|  |TAMS 0x0000000089b00000, 0x0000000089b00000| Untracked 
| 156|0x0000000089c00000, 0x0000000089c00000, 0x0000000089d00000|  0%| F|  |TAMS 0x0000000089c00000, 0x0000000089c00000| Untracked 
| 157|0x0000000089d00000, 0x0000000089d00000, 0x0000000089e00000|  0%| F|  |TAMS 0x0000000089d00000, 0x0000000089d00000| Untracked 
| 158|0x0000000089e00000, 0x0000000089e00000, 0x0000000089f00000|  0%| F|  |TAMS 0x0000000089e00000, 0x0000000089e00000| Untracked 
| 159|0x0000000089f00000, 0x0000000089f00000, 0x000000008a000000|  0%| F|  |TAMS 0x0000000089f00000, 0x0000000089f00000| Untracked 
| 160|0x000000008a000000, 0x000000008a000000, 0x000000008a100000|  0%| F|  |TAMS 0x000000008a000000, 0x000000008a000000| Untracked 
| 161|0x000000008a100000, 0x000000008a100000, 0x000000008a200000|  0%| F|  |TAMS 0x000000008a100000, 0x000000008a100000| Untracked 
| 162|0x000000008a200000, 0x000000008a200000, 0x000000008a300000|  0%| F|  |TAMS 0x000000008a200000, 0x000000008a200000| Untracked 
| 163|0x000000008a300000, 0x000000008a300000, 0x000000008a400000|  0%| F|  |TAMS 0x000000008a300000, 0x000000008a300000| Untracked 
| 164|0x000000008a400000, 0x000000008a400000, 0x000000008a500000|  0%| F|  |TAMS 0x000000008a400000, 0x000000008a400000| Untracked 
| 165|0x000000008a500000, 0x000000008a500000, 0x000000008a600000|  0%| F|  |TAMS 0x000000008a500000, 0x000000008a500000| Untracked 
| 166|0x000000008a600000, 0x000000008a600000, 0x000000008a700000|  0%| F|  |TAMS 0x000000008a600000, 0x000000008a600000| Untracked 
| 167|0x000000008a700000, 0x000000008a700000, 0x000000008a800000|  0%| F|  |TAMS 0x000000008a700000, 0x000000008a700000| Untracked 
| 168|0x000000008a800000, 0x000000008a800000, 0x000000008a900000|  0%| F|  |TAMS 0x000000008a800000, 0x000000008a800000| Untracked 
| 169|0x000000008a900000, 0x000000008a900000, 0x000000008aa00000|  0%| F|  |TAMS 0x000000008a900000, 0x000000008a900000| Untracked 
| 170|0x000000008aa00000, 0x000000008aa00000, 0x000000008ab00000|  0%| F|  |TAMS 0x000000008aa00000, 0x000000008aa00000| Untracked 
| 171|0x000000008ab00000, 0x000000008ab00000, 0x000000008ac00000|  0%| F|  |TAMS 0x000000008ab00000, 0x000000008ab00000| Untracked 
| 172|0x000000008ac00000, 0x000000008ac00000, 0x000000008ad00000|  0%| F|  |TAMS 0x000000008ac00000, 0x000000008ac00000| Untracked 
| 173|0x000000008ad00000, 0x000000008ad00000, 0x000000008ae00000|  0%| F|  |TAMS 0x000000008ad00000, 0x000000008ad00000| Untracked 
| 174|0x000000008ae00000, 0x000000008ae00000, 0x000000008af00000|  0%| F|  |TAMS 0x000000008ae00000, 0x000000008ae00000| Untracked 
| 175|0x000000008af00000, 0x000000008af00000, 0x000000008b000000|  0%| F|  |TAMS 0x000000008af00000, 0x000000008af00000| Untracked 
| 176|0x000000008b000000, 0x000000008b000000, 0x000000008b100000|  0%| F|  |TAMS 0x000000008b000000, 0x000000008b000000| Untracked 
| 177|0x000000008b100000, 0x000000008b100000, 0x000000008b200000|  0%| F|  |TAMS 0x000000008b100000, 0x000000008b100000| Untracked 
| 178|0x000000008b200000, 0x000000008b200000, 0x000000008b300000|  0%| F|  |TAMS 0x000000008b200000, 0x000000008b200000| Untracked 
| 179|0x000000008b300000, 0x000000008b300000, 0x000000008b400000|  0%| F|  |TAMS 0x000000008b300000, 0x000000008b300000| Untracked 
| 180|0x000000008b400000, 0x000000008b400000, 0x000000008b500000|  0%| F|  |TAMS 0x000000008b400000, 0x000000008b400000| Untracked 
| 181|0x000000008b500000, 0x000000008b500000, 0x000000008b600000|  0%| F|  |TAMS 0x000000008b500000, 0x000000008b500000| Untracked 
| 182|0x000000008b600000, 0x000000008b600000, 0x000000008b700000|  0%| F|  |TAMS 0x000000008b600000, 0x000000008b600000| Untracked 
| 183|0x000000008b700000, 0x000000008b700000, 0x000000008b800000|  0%| F|  |TAMS 0x000000008b700000, 0x000000008b700000| Untracked 
| 184|0x000000008b800000, 0x000000008b800000, 0x000000008b900000|  0%| F|  |TAMS 0x000000008b800000, 0x000000008b800000| Untracked 
| 185|0x000000008b900000, 0x000000008b900000, 0x000000008ba00000|  0%| F|  |TAMS 0x000000008b900000, 0x000000008b900000| Untracked 
| 186|0x000000008ba00000, 0x000000008ba00000, 0x000000008bb00000|  0%| F|  |TAMS 0x000000008ba00000, 0x000000008ba00000| Untracked 
| 187|0x000000008bb00000, 0x000000008bb00000, 0x000000008bc00000|  0%| F|  |TAMS 0x000000008bb00000, 0x000000008bb00000| Untracked 
| 188|0x000000008bc00000, 0x000000008bc00000, 0x000000008bd00000|  0%| F|  |TAMS 0x000000008bc00000, 0x000000008bc00000| Untracked 
| 189|0x000000008bd00000, 0x000000008bd00000, 0x000000008be00000|  0%| F|  |TAMS 0x000000008bd00000, 0x000000008bd00000| Untracked 
| 190|0x000000008be00000, 0x000000008be00000, 0x000000008bf00000|  0%| F|  |TAMS 0x000000008be00000, 0x000000008be00000| Untracked 
| 191|0x000000008bf00000, 0x000000008bf00000, 0x000000008c000000|  0%| F|  |TAMS 0x000000008bf00000, 0x000000008bf00000| Untracked 
| 192|0x000000008c000000, 0x000000008c000000, 0x000000008c100000|  0%| F|  |TAMS 0x000000008c000000, 0x000000008c000000| Untracked 
| 193|0x000000008c100000, 0x000000008c100000, 0x000000008c200000|  0%| F|  |TAMS 0x000000008c100000, 0x000000008c100000| Untracked 
| 194|0x000000008c200000, 0x000000008c200000, 0x000000008c300000|  0%| F|  |TAMS 0x000000008c200000, 0x000000008c200000| Untracked 
| 195|0x000000008c300000, 0x000000008c300000, 0x000000008c400000|  0%| F|  |TAMS 0x000000008c300000, 0x000000008c300000| Untracked 
| 196|0x000000008c400000, 0x000000008c400000, 0x000000008c500000|  0%| F|  |TAMS 0x000000008c400000, 0x000000008c400000| Untracked 
| 197|0x000000008c500000, 0x000000008c500000, 0x000000008c600000|  0%| F|  |TAMS 0x000000008c500000, 0x000000008c500000| Untracked 
| 198|0x000000008c600000, 0x000000008c600000, 0x000000008c700000|  0%| F|  |TAMS 0x000000008c600000, 0x000000008c600000| Untracked 
| 199|0x000000008c700000, 0x000000008c700000, 0x000000008c800000|  0%| F|  |TAMS 0x000000008c700000, 0x000000008c700000| Untracked 
| 200|0x000000008c800000, 0x000000008c900000, 0x000000008c900000|100%| S|CS|TAMS 0x000000008c800000, 0x000000008c800000| Complete 
| 201|0x000000008c900000, 0x000000008ca00000, 0x000000008ca00000|100%| S|CS|TAMS 0x000000008c900000, 0x000000008c900000| Complete 
| 202|0x000000008ca00000, 0x000000008ca00000, 0x000000008cb00000|  0%| F|  |TAMS 0x000000008ca00000, 0x000000008ca00000| Untracked 
| 203|0x000000008cb00000, 0x000000008cb00000, 0x000000008cc00000|  0%| F|  |TAMS 0x000000008cb00000, 0x000000008cb00000| Untracked 
| 204|0x000000008cc00000, 0x000000008cc00000, 0x000000008cd00000|  0%| F|  |TAMS 0x000000008cc00000, 0x000000008cc00000| Untracked 
| 205|0x000000008cd00000, 0x000000008cd00000, 0x000000008ce00000|  0%| F|  |TAMS 0x000000008cd00000, 0x000000008cd00000| Untracked 
| 206|0x000000008ce00000, 0x000000008ce00000, 0x000000008cf00000|  0%| F|  |TAMS 0x000000008ce00000, 0x000000008ce00000| Untracked 
| 207|0x000000008cf00000, 0x000000008cf00000, 0x000000008d000000|  0%| F|  |TAMS 0x000000008cf00000, 0x000000008cf00000| Untracked 
| 208|0x000000008d000000, 0x000000008d000000, 0x000000008d100000|  0%| F|  |TAMS 0x000000008d000000, 0x000000008d000000| Untracked 
| 209|0x000000008d100000, 0x000000008d100000, 0x000000008d200000|  0%| F|  |TAMS 0x000000008d100000, 0x000000008d100000| Untracked 
| 210|0x000000008d200000, 0x000000008d200000, 0x000000008d300000|  0%| F|  |TAMS 0x000000008d200000, 0x000000008d200000| Untracked 
| 211|0x000000008d300000, 0x000000008d300000, 0x000000008d400000|  0%| F|  |TAMS 0x000000008d300000, 0x000000008d300000| Untracked 
| 212|0x000000008d400000, 0x000000008d400000, 0x000000008d500000|  0%| F|  |TAMS 0x000000008d400000, 0x000000008d400000| Untracked 
| 213|0x000000008d500000, 0x000000008d500000, 0x000000008d600000|  0%| F|  |TAMS 0x000000008d500000, 0x000000008d500000| Untracked 
| 214|0x000000008d600000, 0x000000008d600000, 0x000000008d700000|  0%| F|  |TAMS 0x000000008d600000, 0x000000008d600000| Untracked 
| 215|0x000000008d700000, 0x000000008d700000, 0x000000008d800000|  0%| F|  |TAMS 0x000000008d700000, 0x000000008d700000| Untracked 
| 216|0x000000008d800000, 0x000000008d800000, 0x000000008d900000|  0%| F|  |TAMS 0x000000008d800000, 0x000000008d800000| Untracked 
| 217|0x000000008d900000, 0x000000008d900000, 0x000000008da00000|  0%| F|  |TAMS 0x000000008d900000, 0x000000008d900000| Untracked 
| 218|0x000000008da00000, 0x000000008da00000, 0x000000008db00000|  0%| F|  |TAMS 0x000000008da00000, 0x000000008da00000| Untracked 
| 219|0x000000008db00000, 0x000000008db00000, 0x000000008dc00000|  0%| F|  |TAMS 0x000000008db00000, 0x000000008db00000| Untracked 
| 220|0x000000008dc00000, 0x000000008dc00000, 0x000000008dd00000|  0%| F|  |TAMS 0x000000008dc00000, 0x000000008dc00000| Untracked 
| 221|0x000000008dd00000, 0x000000008dd00000, 0x000000008de00000|  0%| F|  |TAMS 0x000000008dd00000, 0x000000008dd00000| Untracked 
| 222|0x000000008de00000, 0x000000008de00000, 0x000000008df00000|  0%| F|  |TAMS 0x000000008de00000, 0x000000008de00000| Untracked 
| 223|0x000000008df00000, 0x000000008df00000, 0x000000008e000000|  0%| F|  |TAMS 0x000000008df00000, 0x000000008df00000| Untracked 
| 224|0x000000008e000000, 0x000000008e000000, 0x000000008e100000|  0%| F|  |TAMS 0x000000008e000000, 0x000000008e000000| Untracked 
| 225|0x000000008e100000, 0x000000008e100000, 0x000000008e200000|  0%| F|  |TAMS 0x000000008e100000, 0x000000008e100000| Untracked 
| 226|0x000000008e200000, 0x000000008e200000, 0x000000008e300000|  0%| F|  |TAMS 0x000000008e200000, 0x000000008e200000| Untracked 
| 227|0x000000008e300000, 0x000000008e300000, 0x000000008e400000|  0%| F|  |TAMS 0x000000008e300000, 0x000000008e300000| Untracked 
| 228|0x000000008e400000, 0x000000008e400000, 0x000000008e500000|  0%| F|  |TAMS 0x000000008e400000, 0x000000008e400000| Untracked 
| 229|0x000000008e500000, 0x000000008e500000, 0x000000008e600000|  0%| F|  |TAMS 0x000000008e500000, 0x000000008e500000| Untracked 
| 230|0x000000008e600000, 0x000000008e600000, 0x000000008e700000|  0%| F|  |TAMS 0x000000008e600000, 0x000000008e600000| Untracked 
| 231|0x000000008e700000, 0x000000008e700000, 0x000000008e800000|  0%| F|  |TAMS 0x000000008e700000, 0x000000008e700000| Untracked 
| 232|0x000000008e800000, 0x000000008e800000, 0x000000008e900000|  0%| F|  |TAMS 0x000000008e800000, 0x000000008e800000| Untracked 
| 233|0x000000008e900000, 0x000000008e900000, 0x000000008ea00000|  0%| F|  |TAMS 0x000000008e900000, 0x000000008e900000| Untracked 
| 234|0x000000008ea00000, 0x000000008ea00000, 0x000000008eb00000|  0%| F|  |TAMS 0x000000008ea00000, 0x000000008ea00000| Untracked 
| 235|0x000000008eb00000, 0x000000008eb00000, 0x000000008ec00000|  0%| F|  |TAMS 0x000000008eb00000, 0x000000008eb00000| Untracked 
| 236|0x000000008ec00000, 0x000000008ec00000, 0x000000008ed00000|  0%| F|  |TAMS 0x000000008ec00000, 0x000000008ec00000| Untracked 
| 237|0x000000008ed00000, 0x000000008ed00000, 0x000000008ee00000|  0%| F|  |TAMS 0x000000008ed00000, 0x000000008ed00000| Untracked 
| 238|0x000000008ee00000, 0x000000008ee00000, 0x000000008ef00000|  0%| F|  |TAMS 0x000000008ee00000, 0x000000008ee00000| Untracked 
| 239|0x000000008ef00000, 0x000000008ef00000, 0x000000008f000000|  0%| F|  |TAMS 0x000000008ef00000, 0x000000008ef00000| Untracked 
| 240|0x000000008f000000, 0x000000008f000000, 0x000000008f100000|  0%| F|  |TAMS 0x000000008f000000, 0x000000008f000000| Untracked 
| 241|0x000000008f100000, 0x000000008f100000, 0x000000008f200000|  0%| F|  |TAMS 0x000000008f100000, 0x000000008f100000| Untracked 
| 242|0x000000008f200000, 0x000000008f200000, 0x000000008f300000|  0%| F|  |TAMS 0x000000008f200000, 0x000000008f200000| Untracked 
| 243|0x000000008f300000, 0x000000008f300000, 0x000000008f400000|  0%| F|  |TAMS 0x000000008f300000, 0x000000008f300000| Untracked 
| 244|0x000000008f400000, 0x000000008f400000, 0x000000008f500000|  0%| F|  |TAMS 0x000000008f400000, 0x000000008f400000| Untracked 
| 245|0x000000008f500000, 0x000000008f500000, 0x000000008f600000|  0%| F|  |TAMS 0x000000008f500000, 0x000000008f500000| Untracked 
| 246|0x000000008f600000, 0x000000008f600000, 0x000000008f700000|  0%| F|  |TAMS 0x000000008f600000, 0x000000008f600000| Untracked 
| 247|0x000000008f700000, 0x000000008f700000, 0x000000008f800000|  0%| F|  |TAMS 0x000000008f700000, 0x000000008f700000| Untracked 
| 248|0x000000008f800000, 0x000000008f800000, 0x000000008f900000|  0%| F|  |TAMS 0x000000008f800000, 0x000000008f800000| Untracked 
| 249|0x000000008f900000, 0x000000008f900000, 0x000000008fa00000|  0%| F|  |TAMS 0x000000008f900000, 0x000000008f900000| Untracked 
| 250|0x000000008fa00000, 0x000000008fa00000, 0x000000008fb00000|  0%| F|  |TAMS 0x000000008fa00000, 0x000000008fa00000| Untracked 
| 251|0x000000008fb00000, 0x000000008fb00000, 0x000000008fc00000|  0%| F|  |TAMS 0x000000008fb00000, 0x000000008fb00000| Untracked 
| 252|0x000000008fc00000, 0x000000008fc00000, 0x000000008fd00000|  0%| F|  |TAMS 0x000000008fc00000, 0x000000008fc00000| Untracked 
| 253|0x000000008fd00000, 0x000000008fd00000, 0x000000008fe00000|  0%| F|  |TAMS 0x000000008fd00000, 0x000000008fd00000| Untracked 
| 254|0x000000008fe00000, 0x000000008fe00000, 0x000000008ff00000|  0%| F|  |TAMS 0x000000008fe00000, 0x000000008fe00000| Untracked 
| 255|0x000000008ff00000, 0x000000008ff00000, 0x0000000090000000|  0%| F|  |TAMS 0x000000008ff00000, 0x000000008ff00000| Untracked 
| 256|0x0000000090000000, 0x0000000090000000, 0x0000000090100000|  0%| F|  |TAMS 0x0000000090000000, 0x0000000090000000| Untracked 
| 257|0x0000000090100000, 0x0000000090100000, 0x0000000090200000|  0%| F|  |TAMS 0x0000000090100000, 0x0000000090100000| Untracked 
| 258|0x0000000090200000, 0x0000000090200000, 0x0000000090300000|  0%| F|  |TAMS 0x0000000090200000, 0x0000000090200000| Untracked 
| 259|0x0000000090300000, 0x0000000090300000, 0x0000000090400000|  0%| F|  |TAMS 0x0000000090300000, 0x0000000090300000| Untracked 
| 260|0x0000000090400000, 0x0000000090400000, 0x0000000090500000|  0%| F|  |TAMS 0x0000000090400000, 0x0000000090400000| Untracked 
| 261|0x0000000090500000, 0x0000000090500000, 0x0000000090600000|  0%| F|  |TAMS 0x0000000090500000, 0x0000000090500000| Untracked 
| 262|0x0000000090600000, 0x0000000090600000, 0x0000000090700000|  0%| F|  |TAMS 0x0000000090600000, 0x0000000090600000| Untracked 
| 263|0x0000000090700000, 0x0000000090700000, 0x0000000090800000|  0%| F|  |TAMS 0x0000000090700000, 0x0000000090700000| Untracked 
| 264|0x0000000090800000, 0x0000000090800000, 0x0000000090900000|  0%| F|  |TAMS 0x0000000090800000, 0x0000000090800000| Untracked 
| 265|0x0000000090900000, 0x0000000090900000, 0x0000000090a00000|  0%| F|  |TAMS 0x0000000090900000, 0x0000000090900000| Untracked 
| 266|0x0000000090a00000, 0x0000000090a00000, 0x0000000090b00000|  0%| F|  |TAMS 0x0000000090a00000, 0x0000000090a00000| Untracked 
| 267|0x0000000090b00000, 0x0000000090b00000, 0x0000000090c00000|  0%| F|  |TAMS 0x0000000090b00000, 0x0000000090b00000| Untracked 
| 268|0x0000000090c00000, 0x0000000090c00000, 0x0000000090d00000|  0%| F|  |TAMS 0x0000000090c00000, 0x0000000090c00000| Untracked 
| 269|0x0000000090d00000, 0x0000000090d00000, 0x0000000090e00000|  0%| F|  |TAMS 0x0000000090d00000, 0x0000000090d00000| Untracked 
| 270|0x0000000090e00000, 0x0000000090e00000, 0x0000000090f00000|  0%| F|  |TAMS 0x0000000090e00000, 0x0000000090e00000| Untracked 
| 271|0x0000000090f00000, 0x0000000090f00000, 0x0000000091000000|  0%| F|  |TAMS 0x0000000090f00000, 0x0000000090f00000| Untracked 
| 272|0x0000000091000000, 0x0000000091000000, 0x0000000091100000|  0%| F|  |TAMS 0x0000000091000000, 0x0000000091000000| Untracked 
| 273|0x0000000091100000, 0x0000000091100000, 0x0000000091200000|  0%| F|  |TAMS 0x0000000091100000, 0x0000000091100000| Untracked 
| 274|0x0000000091200000, 0x0000000091200000, 0x0000000091300000|  0%| F|  |TAMS 0x0000000091200000, 0x0000000091200000| Untracked 
| 275|0x0000000091300000, 0x0000000091300000, 0x0000000091400000|  0%| F|  |TAMS 0x0000000091300000, 0x0000000091300000| Untracked 
| 276|0x0000000091400000, 0x0000000091400000, 0x0000000091500000|  0%| F|  |TAMS 0x0000000091400000, 0x0000000091400000| Untracked 
| 277|0x0000000091500000, 0x0000000091500000, 0x0000000091600000|  0%| F|  |TAMS 0x0000000091500000, 0x0000000091500000| Untracked 
| 278|0x0000000091600000, 0x0000000091600000, 0x0000000091700000|  0%| F|  |TAMS 0x0000000091600000, 0x0000000091600000| Untracked 
| 279|0x0000000091700000, 0x0000000091700000, 0x0000000091800000|  0%| F|  |TAMS 0x0000000091700000, 0x0000000091700000| Untracked 
| 280|0x0000000091800000, 0x0000000091800000, 0x0000000091900000|  0%| F|  |TAMS 0x0000000091800000, 0x0000000091800000| Untracked 
| 281|0x0000000091900000, 0x0000000091900000, 0x0000000091a00000|  0%| F|  |TAMS 0x0000000091900000, 0x0000000091900000| Untracked 
| 282|0x0000000091a00000, 0x0000000091a00000, 0x0000000091b00000|  0%| F|  |TAMS 0x0000000091a00000, 0x0000000091a00000| Untracked 
| 283|0x0000000091b00000, 0x0000000091b00000, 0x0000000091c00000|  0%| F|  |TAMS 0x0000000091b00000, 0x0000000091b00000| Untracked 
| 284|0x0000000091c00000, 0x0000000091c00000, 0x0000000091d00000|  0%| F|  |TAMS 0x0000000091c00000, 0x0000000091c00000| Untracked 
| 285|0x0000000091d00000, 0x0000000091d00000, 0x0000000091e00000|  0%| F|  |TAMS 0x0000000091d00000, 0x0000000091d00000| Untracked 
| 286|0x0000000091e00000, 0x0000000091e00000, 0x0000000091f00000|  0%| F|  |TAMS 0x0000000091e00000, 0x0000000091e00000| Untracked 
| 287|0x0000000091f00000, 0x0000000091f00000, 0x0000000092000000|  0%| F|  |TAMS 0x0000000091f00000, 0x0000000091f00000| Untracked 
| 288|0x0000000092000000, 0x0000000092000000, 0x0000000092100000|  0%| F|  |TAMS 0x0000000092000000, 0x0000000092000000| Untracked 
| 289|0x0000000092100000, 0x0000000092100000, 0x0000000092200000|  0%| F|  |TAMS 0x0000000092100000, 0x0000000092100000| Untracked 
| 290|0x0000000092200000, 0x0000000092200000, 0x0000000092300000|  0%| F|  |TAMS 0x0000000092200000, 0x0000000092200000| Untracked 
| 291|0x0000000092300000, 0x0000000092300000, 0x0000000092400000|  0%| F|  |TAMS 0x0000000092300000, 0x0000000092300000| Untracked 
| 292|0x0000000092400000, 0x0000000092400000, 0x0000000092500000|  0%| F|  |TAMS 0x0000000092400000, 0x0000000092400000| Untracked 
| 293|0x0000000092500000, 0x0000000092500000, 0x0000000092600000|  0%| F|  |TAMS 0x0000000092500000, 0x0000000092500000| Untracked 
| 294|0x0000000092600000, 0x0000000092600000, 0x0000000092700000|  0%| F|  |TAMS 0x0000000092600000, 0x0000000092600000| Untracked 
| 295|0x0000000092700000, 0x0000000092700000, 0x0000000092800000|  0%| F|  |TAMS 0x0000000092700000, 0x0000000092700000| Untracked 
| 296|0x0000000092800000, 0x0000000092800000, 0x0000000092900000|  0%| F|  |TAMS 0x0000000092800000, 0x0000000092800000| Untracked 
| 297|0x0000000092900000, 0x0000000092900000, 0x0000000092a00000|  0%| F|  |TAMS 0x0000000092900000, 0x0000000092900000| Untracked 
| 298|0x0000000092a00000, 0x0000000092a00000, 0x0000000092b00000|  0%| F|  |TAMS 0x0000000092a00000, 0x0000000092a00000| Untracked 
| 299|0x0000000092b00000, 0x0000000092c00000, 0x0000000092c00000|100%| E|  |TAMS 0x0000000092b00000, 0x0000000092b00000| Complete 
| 300|0x0000000092c00000, 0x0000000092d00000, 0x0000000092d00000|100%| E|CS|TAMS 0x0000000092c00000, 0x0000000092c00000| Complete 
| 301|0x0000000092d00000, 0x0000000092e00000, 0x0000000092e00000|100%| E|CS|TAMS 0x0000000092d00000, 0x0000000092d00000| Complete 
| 302|0x0000000092e00000, 0x0000000092f00000, 0x0000000092f00000|100%| E|CS|TAMS 0x0000000092e00000, 0x0000000092e00000| Complete 
| 303|0x0000000092f00000, 0x0000000093000000, 0x0000000093000000|100%| E|CS|TAMS 0x0000000092f00000, 0x0000000092f00000| Complete 
| 304|0x0000000093000000, 0x0000000093100000, 0x0000000093100000|100%| E|CS|TAMS 0x0000000093000000, 0x0000000093000000| Complete 
| 305|0x0000000093100000, 0x0000000093200000, 0x0000000093200000|100%| E|CS|TAMS 0x0000000093100000, 0x0000000093100000| Complete 
| 306|0x0000000093200000, 0x0000000093300000, 0x0000000093300000|100%| E|CS|TAMS 0x0000000093200000, 0x0000000093200000| Complete 
| 307|0x0000000093300000, 0x0000000093400000, 0x0000000093400000|100%| E|CS|TAMS 0x0000000093300000, 0x0000000093300000| Complete 
| 308|0x0000000093400000, 0x0000000093500000, 0x0000000093500000|100%| E|CS|TAMS 0x0000000093400000, 0x0000000093400000| Complete 
| 309|0x0000000093500000, 0x0000000093600000, 0x0000000093600000|100%| E|CS|TAMS 0x0000000093500000, 0x0000000093500000| Complete 
| 310|0x0000000093600000, 0x0000000093700000, 0x0000000093700000|100%| E|CS|TAMS 0x0000000093600000, 0x0000000093600000| Complete 
| 311|0x0000000093700000, 0x0000000093800000, 0x0000000093800000|100%| E|CS|TAMS 0x0000000093700000, 0x0000000093700000| Complete 
| 312|0x0000000093800000, 0x0000000093900000, 0x0000000093900000|100%| E|CS|TAMS 0x0000000093800000, 0x0000000093800000| Complete 
| 313|0x0000000093900000, 0x0000000093a00000, 0x0000000093a00000|100%| E|CS|TAMS 0x0000000093900000, 0x0000000093900000| Complete 
| 314|0x0000000093a00000, 0x0000000093b00000, 0x0000000093b00000|100%| E|CS|TAMS 0x0000000093a00000, 0x0000000093a00000| Complete 
| 315|0x0000000093b00000, 0x0000000093c00000, 0x0000000093c00000|100%| E|CS|TAMS 0x0000000093b00000, 0x0000000093b00000| Complete 
| 316|0x0000000093c00000, 0x0000000093d00000, 0x0000000093d00000|100%| E|CS|TAMS 0x0000000093c00000, 0x0000000093c00000| Complete 
| 317|0x0000000093d00000, 0x0000000093e00000, 0x0000000093e00000|100%| E|CS|TAMS 0x0000000093d00000, 0x0000000093d00000| Complete 
| 318|0x0000000093e00000, 0x0000000093f00000, 0x0000000093f00000|100%| E|CS|TAMS 0x0000000093e00000, 0x0000000093e00000| Complete 
| 319|0x0000000093f00000, 0x0000000094000000, 0x0000000094000000|100%| E|CS|TAMS 0x0000000093f00000, 0x0000000093f00000| Complete 
| 320|0x0000000094000000, 0x0000000094100000, 0x0000000094100000|100%| E|CS|TAMS 0x0000000094000000, 0x0000000094000000| Complete 
| 321|0x0000000094100000, 0x0000000094200000, 0x0000000094200000|100%| E|CS|TAMS 0x0000000094100000, 0x0000000094100000| Complete 
| 322|0x0000000094200000, 0x0000000094300000, 0x0000000094300000|100%| E|CS|TAMS 0x0000000094200000, 0x0000000094200000| Complete 
| 323|0x0000000094300000, 0x0000000094400000, 0x0000000094400000|100%| E|CS|TAMS 0x0000000094300000, 0x0000000094300000| Complete 
| 324|0x0000000094400000, 0x0000000094500000, 0x0000000094500000|100%| E|CS|TAMS 0x0000000094400000, 0x0000000094400000| Complete 
| 325|0x0000000094500000, 0x0000000094600000, 0x0000000094600000|100%| E|CS|TAMS 0x0000000094500000, 0x0000000094500000| Complete 
| 326|0x0000000094600000, 0x0000000094700000, 0x0000000094700000|100%| E|CS|TAMS 0x0000000094600000, 0x0000000094600000| Complete 
| 327|0x0000000094700000, 0x0000000094800000, 0x0000000094800000|100%| E|CS|TAMS 0x0000000094700000, 0x0000000094700000| Complete 
| 328|0x0000000094800000, 0x0000000094900000, 0x0000000094900000|100%| E|CS|TAMS 0x0000000094800000, 0x0000000094800000| Complete 
| 329|0x0000000094900000, 0x0000000094a00000, 0x0000000094a00000|100%| E|CS|TAMS 0x0000000094900000, 0x0000000094900000| Complete 

Card table byte_map: [0x000001d2b6ed0000,0x000001d2b72d0000] _byte_map_base: 0x000001d2b6ad0000

Marking Bits (Prev, Next): (CMBitMap*) 0x000001d2a28651a0, (CMBitMap*) 0x000001d2a2865160
 Prev Bits: [0x000001d2b96d0000, 0x000001d2bb6d0000)
 Next Bits: [0x000001d2b76d0000, 0x000001d2b96d0000)

Polling page: 0x000001d2a28d0000

Metaspace:

Usage:
  Non-class:     83.01 MB used.
      Class:     12.99 MB used.
       Both:     96.01 MB used.

Virtual space:
  Non-class space:       88.00 MB reserved,      83.31 MB ( 95%) committed,  11 nodes.
      Class space:        1.00 GB reserved,      13.25 MB (  1%) committed,  1 nodes.
             Both:        1.09 GB reserved,      96.56 MB (  9%) committed. 

Chunk freelists:
   Non-Class:  176.00 KB
       Class:  2.72 MB
        Both:  2.89 MB

MaxMetaspaceSize: unlimited
CompressedClassSpaceSize: 1.00 GB
Initial GC threshold: 21.00 MB
Current GC threshold: 149.94 MB
CDS: off
MetaspaceReclaimPolicy: balanced
 - commit_granule_bytes: 65536.
 - commit_granule_words: 8192.
 - virtual_space_node_default_size: 1048576.
 - enlarge_chunks_in_place: 1.
 - new_chunks_are_fully_committed: 0.
 - uncommit_free_chunks: 1.
 - use_allocation_guard: 0.
 - handle_deallocations: 1.


Internal statistics:

num_allocs_failed_limit: 6.
num_arena_births: 816.
num_arena_deaths: 0.
num_vsnodes_births: 12.
num_vsnodes_deaths: 0.
num_space_committed: 1545.
num_space_uncommitted: 0.
num_chunks_returned_to_freelist: 6.
num_chunks_taken_from_freelist: 4361.
num_chunk_merges: 3.
num_chunk_splits: 2927.
num_chunks_enlarged: 2033.
num_purges: 0.
num_inconsistent_stats: 0.

CodeHeap 'non-profiled nmethods': size=120000Kb used=5227Kb max_used=5227Kb free=114772Kb
 bounds [0x000001d2aef70000, 0x000001d2af490000, 0x000001d2b64a0000]
CodeHeap 'profiled nmethods': size=120000Kb used=25492Kb max_used=25492Kb free=94507Kb
 bounds [0x000001d2a74a0000, 0x000001d2a8d90000, 0x000001d2ae9d0000]
CodeHeap 'non-nmethods': size=5760Kb used=2391Kb max_used=2489Kb free=3368Kb
 bounds [0x000001d2ae9d0000, 0x000001d2aec60000, 0x000001d2aef70000]
 total_blobs=13524 nmethods=12598 adapters=838
 compilation: enabled
              stopped_count=0, restarted_count=0
 full_count=0

Compilation events (20 events):
Event: 45.026 Thread 0x000001d2bdd6e9f0 nmethod 14322 0x000001d2af47e110 code [0x000001d2af47e2a0, 0x000001d2af47e378]
Event: 45.041 Thread 0x000001d2bdd6e9f0 14323       2       com.android.tools.r8.ir.conversion.k::a (149 bytes)
Event: 45.044 Thread 0x000001d2bdd6e9f0 nmethod 14323 0x000001d2a8d68310 code [0x000001d2a8d685e0, 0x000001d2a8d694e8]
Event: 45.046 Thread 0x000001d2bdd6e9f0 14324       2       com.android.tools.r8.graph.z::c (41 bytes)
Event: 45.048 Thread 0x000001d2bdd6e9f0 nmethod 14324 0x000001d2a8d69e90 code [0x000001d2a8d6a0e0, 0x000001d2a8d6aa78]
Event: 45.067 Thread 0x000001d2bdd6e9f0 14325       2       com.android.tools.r8.code.K0::hashCode (29 bytes)
Event: 45.068 Thread 0x000001d2bdd6e9f0 nmethod 14325 0x000001d2a8d6ae90 code [0x000001d2a8d6b020, 0x000001d2a8d6b188]
Event: 45.077 Thread 0x000001d2bdd6e9f0 14326       2       com.android.tools.r8.internal.Me$e::equals (85 bytes)
Event: 45.078 Thread 0x000001d2bdd6e9f0 nmethod 14326 0x000001d2a8d6b210 code [0x000001d2a8d6b400, 0x000001d2a8d6b7a8]
Event: 45.086 Thread 0x000001d2bdd6e9f0 14328       1       com.android.tools.r8.internal.QE::V1 (2 bytes)
Event: 45.086 Thread 0x000001d2bdd6e9f0 nmethod 14328 0x000001d2af47e410 code [0x000001d2af47e5a0, 0x000001d2af47e678]
Event: 45.103 Thread 0x000001d2bdd6e9f0 14329       2       java.util.HashMap::treeifyBin (110 bytes)
Event: 45.104 Thread 0x000001d2bdd6e9f0 nmethod 14329 0x000001d2a8d6b990 code [0x000001d2a8d6bb80, 0x000001d2a8d6c008]
Event: 45.119 Thread 0x000001d2bdd6e9f0 14330       2       com.android.tools.r8.internal.E9::a (276 bytes)
Event: 45.121 Thread 0x000001d2bdd6e9f0 nmethod 14330 0x000001d2a8d6c290 code [0x000001d2a8d6c580, 0x000001d2a8d6cef8]
Event: 45.122 Thread 0x000001d2bdd6e9f0 14331       3       com.android.tools.r8.internal.F7::u (845 bytes)
Event: 45.132 Thread 0x000001d2bdd6e9f0 nmethod 14331 0x000001d2a8d6d410 code [0x000001d2a8d6dee0, 0x000001d2a8d75d88]
Event: 45.132 Thread 0x000001d2bdd6e9f0 14332       3       com.android.tools.r8.ir.regalloc.a::<init> (167 bytes)
Event: 45.135 Thread 0x000001d2bdd6e9f0 nmethod 14332 0x000001d2a8d78390 code [0x000001d2a8d787c0, 0x000001d2a8d7ad58]
Event: 45.135 Thread 0x000001d2bdd6e9f0 14333 %     3       com.android.tools.r8.internal.Ne::a @ 16 (122 bytes)

GC Heap History (20 events):
Event: 31.350 GC heap before
{Heap before GC invocations=36 (full 0):
 garbage-first heap   total 196608K, used 147394K [0x0000000080000000, 0x0000000100000000)
  region size 1024K, 87 young (89088K), 12 survivors (12288K)
 Metaspace       used 84154K, committed 84736K, reserved 1130496K
  class space    used 11295K, committed 11584K, reserved 1048576K
}
Event: 31.427 GC heap after
{Heap after GC invocations=37 (full 0):
 garbage-first heap   total 196608K, used 76963K [0x0000000080000000, 0x0000000100000000)
  region size 1024K, 6 young (6144K), 6 survivors (6144K)
 Metaspace       used 84154K, committed 84736K, reserved 1130496K
  class space    used 11295K, committed 11584K, reserved 1048576K
}
Event: 32.557 GC heap before
{Heap before GC invocations=37 (full 0):
 garbage-first heap   total 196608K, used 151715K [0x0000000080000000, 0x0000000100000000)
  region size 1024K, 80 young (81920K), 6 survivors (6144K)
 Metaspace       used 87386K, committed 87936K, reserved 1130496K
  class space    used 11750K, committed 12032K, reserved 1048576K
}
Event: 32.589 GC heap after
{Heap after GC invocations=38 (full 0):
 garbage-first heap   total 196608K, used 92615K [0x0000000080000000, 0x0000000100000000)
  region size 1024K, 10 young (10240K), 10 survivors (10240K)
 Metaspace       used 87386K, committed 87936K, reserved 1130496K
  class space    used 11750K, committed 12032K, reserved 1048576K
}
Event: 34.081 GC heap before
{Heap before GC invocations=38 (full 0):
 garbage-first heap   total 196608K, used 150983K [0x0000000080000000, 0x0000000100000000)
  region size 1024K, 67 young (68608K), 10 survivors (10240K)
 Metaspace       used 90203K, committed 90816K, reserved 1130496K
  class space    used 12139K, committed 12416K, reserved 1048576K
}
Event: 34.145 GC heap after
{Heap after GC invocations=39 (full 0):
 garbage-first heap   total 196608K, used 102368K [0x0000000080000000, 0x0000000100000000)
  region size 1024K, 9 young (9216K), 9 survivors (9216K)
 Metaspace       used 90203K, committed 90816K, reserved 1130496K
  class space    used 12139K, committed 12416K, reserved 1048576K
}
Event: 34.534 GC heap before
{Heap before GC invocations=39 (full 0):
 garbage-first heap   total 196608K, used 153568K [0x0000000080000000, 0x0000000100000000)
  region size 1024K, 59 young (60416K), 9 survivors (9216K)
 Metaspace       used 91063K, committed 91648K, reserved 1130496K
  class space    used 12258K, committed 12544K, reserved 1048576K
}
Event: 34.577 GC heap after
{Heap after GC invocations=40 (full 0):
 garbage-first heap   total 196608K, used 112105K [0x0000000080000000, 0x0000000100000000)
  region size 1024K, 8 young (8192K), 8 survivors (8192K)
 Metaspace       used 91063K, committed 91648K, reserved 1130496K
  class space    used 12258K, committed 12544K, reserved 1048576K
}
Event: 35.633 GC heap before
{Heap before GC invocations=41 (full 0):
 garbage-first heap   total 224256K, used 154089K [0x0000000080000000, 0x0000000100000000)
  region size 1024K, 49 young (50176K), 8 survivors (8192K)
 Metaspace       used 92370K, committed 92928K, reserved 1130496K
  class space    used 12438K, committed 12672K, reserved 1048576K
}
Event: 35.687 GC heap after
{Heap after GC invocations=42 (full 0):
 garbage-first heap   total 224256K, used 120382K [0x0000000080000000, 0x0000000100000000)
  region size 1024K, 7 young (7168K), 7 survivors (7168K)
 Metaspace       used 92370K, committed 92928K, reserved 1130496K
  class space    used 12438K, committed 12672K, reserved 1048576K
}
Event: 35.719 GC heap before
{Heap before GC invocations=42 (full 0):
 garbage-first heap   total 224256K, used 123454K [0x0000000080000000, 0x0000000100000000)
  region size 1024K, 10 young (10240K), 7 survivors (7168K)
 Metaspace       used 92370K, committed 92928K, reserved 1130496K
  class space    used 12438K, committed 12672K, reserved 1048576K
}
Event: 35.757 GC heap after
{Heap after GC invocations=43 (full 0):
 garbage-first heap   total 337920K, used 121202K [0x0000000080000000, 0x0000000100000000)
  region size 1024K, 2 young (2048K), 2 survivors (2048K)
 Metaspace       used 92370K, committed 92928K, reserved 1130496K
  class space    used 12438K, committed 12672K, reserved 1048576K
}
Event: 39.589 GC heap before
{Heap before GC invocations=43 (full 0):
 garbage-first heap   total 337920K, used 245106K [0x0000000080000000, 0x0000000100000000)
  region size 1024K, 123 young (125952K), 2 survivors (2048K)
 Metaspace       used 96605K, committed 97216K, reserved 1138688K
  class space    used 13165K, committed 13440K, reserved 1048576K
}
Event: 39.647 GC heap after
{Heap after GC invocations=44 (full 0):
 garbage-first heap   total 337920K, used 136192K [0x0000000080000000, 0x0000000100000000)
  region size 1024K, 16 young (16384K), 16 survivors (16384K)
 Metaspace       used 96605K, committed 97216K, reserved 1138688K
  class space    used 13165K, committed 13440K, reserved 1048576K
}
Event: 41.905 GC heap before
{Heap before GC invocations=44 (full 0):
 garbage-first heap   total 337920K, used 247808K [0x0000000080000000, 0x0000000100000000)
  region size 1024K, 125 young (128000K), 16 survivors (16384K)
 Metaspace       used 97642K, committed 98240K, reserved 1138688K
  class space    used 13227K, committed 13504K, reserved 1048576K
}
Event: 41.956 GC heap after
{Heap after GC invocations=45 (full 0):
 garbage-first heap   total 337920K, used 137803K [0x0000000080000000, 0x0000000100000000)
  region size 1024K, 2 young (2048K), 2 survivors (2048K)
 Metaspace       used 97642K, committed 98240K, reserved 1138688K
  class space    used 13227K, committed 13504K, reserved 1048576K
}
Event: 43.971 GC heap before
{Heap before GC invocations=45 (full 0):
 garbage-first heap   total 337920K, used 257611K [0x0000000080000000, 0x0000000100000000)
  region size 1024K, 119 young (121856K), 2 survivors (2048K)
 Metaspace       used 98227K, committed 98816K, reserved 1138688K
  class space    used 13303K, committed 13568K, reserved 1048576K
}
Event: 43.980 GC heap after
{Heap after GC invocations=46 (full 0):
 garbage-first heap   total 337920K, used 137324K [0x0000000080000000, 0x0000000100000000)
  region size 1024K, 2 young (2048K), 2 survivors (2048K)
 Metaspace       used 98227K, committed 98816K, reserved 1138688K
  class space    used 13303K, committed 13568K, reserved 1048576K
}
Event: 45.056 GC heap before
{Heap before GC invocations=46 (full 0):
 garbage-first heap   total 337920K, used 266348K [0x0000000080000000, 0x0000000100000000)
  region size 1024K, 128 young (131072K), 2 survivors (2048K)
 Metaspace       used 98299K, committed 98880K, reserved 1138688K
  class space    used 13304K, committed 13568K, reserved 1048576K
}
Event: 45.064 GC heap after
{Heap after GC invocations=47 (full 0):
 garbage-first heap   total 337920K, used 137803K [0x0000000080000000, 0x0000000100000000)
  region size 1024K, 2 young (2048K), 2 survivors (2048K)
 Metaspace       used 98299K, committed 98880K, reserved 1138688K
  class space    used 13304K, committed 13568K, reserved 1048576K
}

Dll operation events (2 events):
Event: 0.016 Loaded shared library C:\Program Files\Android\Android Studio\jbr\bin\java.dll
Event: 0.991 Loaded shared library C:\Program Files\Android\Android Studio\jbr\bin\verify.dll

Deoptimization events (20 events):
Event: 43.754 Thread 0x000001d2c1890a30 Uncommon trap: trap_request=0xffffffc6 fr.pc=0x000001d2af44fe4c relative=0x000000000000028c
Event: 43.754 Thread 0x000001d2c1890a30 Uncommon trap: reason=bimorphic_or_optimized_type_check action=maybe_recompile pc=0x000001d2af44fe4c method=java.util.Spliterators$IteratorSpliterator.tryAdvance(Ljava/util/function/Consumer;)Z @ 68 c2
Event: 43.754 Thread 0x000001d2c1890a30 DEOPT PACKING pc=0x000001d2af44fe4c sp=0x0000009dd63f9530
Event: 43.754 Thread 0x000001d2c1890a30 DEOPT UNPACKING pc=0x000001d2aea2699d sp=0x0000009dd63f94c8 mode 2
Event: 43.859 Thread 0x000001d2c1890a30 DEOPT PACKING pc=0x000001d2a8938717 sp=0x0000009dd63f8c50
Event: 43.859 Thread 0x000001d2c1890a30 DEOPT UNPACKING pc=0x000001d2aea27124 sp=0x0000009dd63f8428 mode 0
Event: 43.860 Thread 0x000001d2c1890a30 Uncommon trap: trap_request=0xffffffbe fr.pc=0x000001d2af45aa98 relative=0x0000000000007bf8
Event: 43.860 Thread 0x000001d2c1890a30 Uncommon trap: reason=profile_predicate action=maybe_recompile pc=0x000001d2af45aa98 method=com.android.tools.r8.ir.regalloc.a.a(Lcom/android/tools/r8/ir/regalloc/a$a;Z)Lcom/android/tools/r8/ir/regalloc/a$a; @ 987 c2
Event: 43.860 Thread 0x000001d2c1890a30 DEOPT PACKING pc=0x000001d2af45aa98 sp=0x0000009dd63f8f50
Event: 43.860 Thread 0x000001d2c1890a30 DEOPT UNPACKING pc=0x000001d2aea2699d sp=0x0000009dd63f8f38 mode 2
Event: 43.864 Thread 0x000001d2c1890a30 Uncommon trap: trap_request=0xffffffbe fr.pc=0x000001d2af45aa98 relative=0x0000000000007bf8
Event: 43.864 Thread 0x000001d2c1890a30 Uncommon trap: reason=profile_predicate action=maybe_recompile pc=0x000001d2af45aa98 method=com.android.tools.r8.ir.regalloc.a.a(Lcom/android/tools/r8/ir/regalloc/a$a;Z)Lcom/android/tools/r8/ir/regalloc/a$a; @ 987 c2
Event: 43.877 Thread 0x000001d2c1890a30 DEOPT PACKING pc=0x000001d2af45aa98 sp=0x0000009dd63f8f50
Event: 43.877 Thread 0x000001d2c1890a30 DEOPT UNPACKING pc=0x000001d2aea2699d sp=0x0000009dd63f8f38 mode 2
Event: 44.209 Thread 0x000001d2c2b7e1b0 DEOPT PACKING pc=0x000001d2a8bc57a9 sp=0x0000009dd5ef9ad0
Event: 44.209 Thread 0x000001d2c2b7e1b0 DEOPT UNPACKING pc=0x000001d2aea27124 sp=0x0000009dd5ef8fc0 mode 0
Event: 44.220 Thread 0x000001d2c188da10 Uncommon trap: trap_request=0xffffff45 fr.pc=0x000001d2af439514 relative=0x0000000000003374
Event: 44.220 Thread 0x000001d2c188da10 Uncommon trap: reason=unstable_if action=reinterpret pc=0x000001d2af439514 method=com.android.tools.r8.internal.Nv.a(Lcom/android/tools/r8/internal/Me;Ljava/util/Set;)Z @ 190 c2
Event: 44.220 Thread 0x000001d2c188da10 DEOPT PACKING pc=0x000001d2af439514 sp=0x0000009dd70f8f50
Event: 44.220 Thread 0x000001d2c188da10 DEOPT UNPACKING pc=0x000001d2aea2699d sp=0x0000009dd70f8f70 mode 2

Classes unloaded (0 events):
No events

Classes redefined (0 events):
No events

Internal exceptions (20 events):
Event: 34.197 Thread 0x000001d2c1890a30 Exception <a 'java/lang/IncompatibleClassChangeError'{0x000000008b8f8ba0}: Found class java.lang.Object, but interface was expected> (0x000000008b8f8ba0) 
thrown [s\src\hotspot\share\interpreter\linkResolver.cpp, line 838]
Event: 34.229 Thread 0x000001d2c1890a30 Exception <a 'java/lang/NoSuchMethodError'{0x000000008b511300}: 'int java.lang.invoke.DirectMethodHandle$Holder.invokeVirtual(java.lang.Object, java.lang.Object, java.lang.Object)'> (0x000000008b511300) 
thrown [s\src\hotspot\share\interpreter\linkResolver.cpp, line 771]
Event: 36.201 Thread 0x000001d2c1703850 Exception <a 'java/lang/NoSuchMethodError'{0x000000009061a678}: 'int java.lang.invoke.DirectMethodHandle$Holder.invokeSpecialIFC(java.lang.Object, java.lang.Object, java.lang.Object)'> (0x000000009061a678) 
thrown [s\src\hotspot\share\interpreter\linkResolver.cpp, line 771]
Event: 36.525 Thread 0x000001d2c2b7e1b0 Exception <a 'java/lang/NoSuchMethodError'{0x000000008f67d080}: 'java.lang.Object java.lang.invoke.DirectMethodHandle$Holder.invokeVirtual(java.lang.Object, java.lang.Object, int, java.lang.Object)'> (0x000000008f67d080) 
thrown [s\src\hotspot\share\interpreter\linkResolver.cpp, line 771]
Event: 36.525 Thread 0x000001d2c1890a30 Exception <a 'java/lang/NoSuchMethodError'{0x000000008f7b45e0}: 'java.lang.Object java.lang.invoke.DirectMethodHandle$Holder.invokeVirtual(java.lang.Object, java.lang.Object, int, java.lang.Object)'> (0x000000008f7b45e0) 
thrown [s\src\hotspot\share\interpreter\linkResolver.cpp, line 771]
Event: 36.564 Thread 0x000001d2c1890a30 Exception <a 'java/lang/IncompatibleClassChangeError'{0x000000008f105668}: Found class java.lang.Object, but interface was expected> (0x000000008f105668) 
thrown [s\src\hotspot\share\interpreter\linkResolver.cpp, line 838]
Event: 36.564 Thread 0x000001d2c2b7e1b0 Exception <a 'java/lang/IncompatibleClassChangeError'{0x000000008f45cb08}: Found class java.lang.Object, but interface was expected> (0x000000008f45cb08) 
thrown [s\src\hotspot\share\interpreter\linkResolver.cpp, line 838]
Event: 36.567 Thread 0x000001d2c1890a30 Exception <a 'java/lang/IncompatibleClassChangeError'{0x000000008f109168}: Found class java.lang.Object, but interface was expected> (0x000000008f109168) 
thrown [s\src\hotspot\share\interpreter\linkResolver.cpp, line 838]
Event: 36.567 Thread 0x000001d2c2b7e1b0 Exception <a 'java/lang/IncompatibleClassChangeError'{0x000000008f4673a0}: Found class java.lang.Object, but interface was expected> (0x000000008f4673a0) 
thrown [s\src\hotspot\share\interpreter\linkResolver.cpp, line 838]
Event: 36.609 Thread 0x000001d2c188da10 Exception <a 'java/lang/NoSuchMethodError'{0x000000008f043538}: 'void java.lang.invoke.DirectMethodHandle$Holder.invokeVirtual(java.lang.Object, java.lang.Object, int, java.lang.Object)'> (0x000000008f043538) 
thrown [s\src\hotspot\share\interpreter\linkResolver.cpp, line 771]
Event: 36.738 Thread 0x000001d2c188da10 Exception <a 'java/lang/NoSuchMethodError'{0x000000008ed80ad0}: 'int java.lang.invoke.DirectMethodHandle$Holder.invokeSpecial(java.lang.Object, java.lang.Object, java.lang.Object, int, java.lang.Object)'> (0x000000008ed80ad0) 
thrown [s\src\hotspot\share\interpreter\linkResolver.cpp, line 771]
Event: 36.900 Thread 0x000001d2c188da10 Exception <a 'java/lang/NoSuchMethodError'{0x000000008ea85ae8}: 'int java.lang.invoke.DirectMethodHandle$Holder.invokeSpecial(java.lang.Object, java.lang.Object, java.lang.Object, int)'> (0x000000008ea85ae8) 
thrown [s\src\hotspot\share\interpreter\linkResolver.cpp, line 771]
Event: 36.901 Thread 0x000001d2c2b7e1b0 Exception <a 'java/lang/NoSuchMethodError'{0x000000008ebb8480}: 'int java.lang.invoke.DirectMethodHandle$Holder.invokeSpecial(java.lang.Object, java.lang.Object, java.lang.Object, int)'> (0x000000008ebb8480) 
thrown [s\src\hotspot\share\interpreter\linkResolver.cpp, line 771]
Event: 40.734 Thread 0x000001d2c1890a30 Exception <a 'java/lang/NoSuchMethodError'{0x000000009257c5f0}: 'int java.lang.invoke.DirectMethodHandle$Holder.invokeInterface(java.lang.Object, java.lang.Object, int)'> (0x000000009257c5f0) 
thrown [s\src\hotspot\share\interpreter\linkResolver.cpp, line 771]
Event: 43.104 Thread 0x000001d2c2b7e1b0 Exception <a 'java/lang/NoSuchMethodError'{0x0000000090e6bb78}: 'java.lang.Object java.lang.invoke.DirectMethodHandle$Holder.invokeSpecial(java.lang.Object, java.lang.Object, java.lang.Object, java.lang.Object, java.lang.Object, java.lang.Object, java.lang.Object, java.lang.Object, java.lang.Object, java.lang.Object, java.lang.Object)'> (0x0000000090e6bb78) 
thrown [s\src\hotspot\share\interpreter\linkResolver.cpp, line 771]
Event: 43.106 Thread 0x000001d2c2b7e1b0 Exception <a 'java/lang/NoSuchMethodError'{0x0000000090e77ed0}: 'java.lang.Object java.lang.invoke.DirectMethodHandle$Holder.newInvokeSpecial(java.lang.Object, java.lang.Object, java.lang.Object, java.lang.Object, java.lang.Object, java.lang.Object, java.lang.Object, java.lang.Object, java.lang.Object, java.lang.Object)'> (0x0000000090e77ed0) 
thrown [s\src\hotspot\share\interpreter\linkResolver.cpp, line 771]
Event: 43.107 Thread 0x000001d2c2b7e1b0 Exception <a 'java/lang/NoSuchMethodError'{0x0000000090e7d260}: 'java.lang.Object java.lang.invoke.Invokers$Holder.linkToTargetMethod(java.lang.Object, java.lang.Object, java.lang.Object, java.lang.Object, java.lang.Object, java.lang.Object, java.lang.Object, java.lang.Object, java.lang.Object, java.lang.Object)'> (0x0000000090e7d260) 
thrown [s\src\hotspot\share\interpreter\linkResolver.cpp, line 771]
Event: 43.109 Thread 0x000001d2c2b7e1b0 Exception <a 'java/lang/NoSuchMethodError'{0x0000000090605848}: 'int java.lang.invoke.DirectMethodHandle$Holder.invokeVirtual(java.lang.Object, java.lang.Object, int)'> (0x0000000090605848) 
thrown [s\src\hotspot\share\interpreter\linkResolver.cpp, line 771]
Event: 43.389 Thread 0x000001d2c2b7e1b0 Exception <a 'java/lang/IncompatibleClassChangeError'{0x0000000090653650}: Found class java.lang.Object, but interface was expected> (0x0000000090653650) 
thrown [s\src\hotspot\share\interpreter\linkResolver.cpp, line 838]
Event: 43.710 Thread 0x000001d2c188da10 Implicit null exception at 0x000001d2af4427e0 to 0x000001d2af447a0c

VM Operations (20 events):
Event: 41.904 Executing VM operation: G1CollectForAllocation
Event: 41.957 Executing VM operation: G1CollectForAllocation done
Event: 42.001 Executing VM operation: HandshakeAllThreads
Event: 42.007 Executing VM operation: HandshakeAllThreads done
Event: 42.454 Executing VM operation: HandshakeAllThreads
Event: 42.465 Executing VM operation: HandshakeAllThreads done
Event: 42.476 Executing VM operation: ICBufferFull
Event: 42.485 Executing VM operation: ICBufferFull done
Event: 42.520 Executing VM operation: ICBufferFull
Event: 42.521 Executing VM operation: ICBufferFull done
Event: 43.525 Executing VM operation: Cleanup
Event: 43.624 Executing VM operation: Cleanup done
Event: 43.822 Executing VM operation: HandshakeAllThreads
Event: 43.840 Executing VM operation: HandshakeAllThreads done
Event: 43.971 Executing VM operation: G1CollectForAllocation
Event: 43.988 Executing VM operation: G1CollectForAllocation done
Event: 45.001 Executing VM operation: Cleanup
Event: 45.011 Executing VM operation: Cleanup done
Event: 45.056 Executing VM operation: G1CollectForAllocation
Event: 45.065 Executing VM operation: G1CollectForAllocation done

Events (20 events):
Event: 36.409 Thread 0x000001d2bdd799b0 flushing nmethod 0x000001d2a8793b90
Event: 36.409 Thread 0x000001d2bdd799b0 flushing nmethod 0x000001d2a8795d90
Event: 36.410 Thread 0x000001d2bdd799b0 flushing nmethod 0x000001d2a87a0890
Event: 36.410 Thread 0x000001d2bdd799b0 flushing nmethod 0x000001d2a87a2b10
Event: 36.410 Thread 0x000001d2bdd799b0 flushing nmethod 0x000001d2a87a8c10
Event: 36.704 loading class java/util/PriorityQueue
Event: 36.707 loading class java/util/PriorityQueue done
Event: 36.862 loading class java/util/SortedSet$1
Event: 36.864 loading class java/util/SortedSet$1 done
Event: 36.871 loading class java/util/stream/SliceOps
Event: 36.872 loading class java/util/stream/SliceOps done
Event: 36.872 loading class java/util/stream/SliceOps$1
Event: 36.873 loading class java/util/stream/SliceOps$1 done
Event: 36.877 loading class java/util/stream/SliceOps$1$1
Event: 36.878 loading class java/util/stream/SliceOps$1$1 done
Event: 39.855 loading class java/util/IdentityHashMap$ValueIterator
Event: 39.877 loading class java/util/IdentityHashMap$ValueIterator done
Event: 39.948 Thread 0x000001d2c0d93840 Thread added: 0x000001d2c0d93840
Event: 42.502 Thread 0x000001d2bdd799b0 flushing nmethod 0x000001d2a868b890
Event: 42.504 Thread 0x000001d2bdd799b0 flushing nmethod 0x000001d2a8816810


Dynamic libraries:
0x00007ff7529e0000 - 0x00007ff7529ea000 	C:\Program Files\Android\Android Studio\jbr\bin\java.exe
0x00007ffb865b0000 - 0x00007ffb867c7000 	C:\WINDOWS\SYSTEM32\ntdll.dll
0x00007ffb84780000 - 0x00007ffb84844000 	C:\WINDOWS\System32\KERNEL32.DLL
0x00007ffb83a40000 - 0x00007ffb83de5000 	C:\WINDOWS\System32\KERNELBASE.dll
0x00007ffb841e0000 - 0x00007ffb842f1000 	C:\WINDOWS\System32\ucrtbase.dll
0x00007ffb6b770000 - 0x00007ffb6b787000 	C:\Program Files\Android\Android Studio\jbr\bin\jli.dll
0x00007ffb85ef0000 - 0x00007ffb8609e000 	C:\WINDOWS\System32\USER32.dll
0x00007ffb83f10000 - 0x00007ffb83f36000 	C:\WINDOWS\System32\win32u.dll
0x00007ffb851e0000 - 0x00007ffb85209000 	C:\WINDOWS\System32\GDI32.dll
0x00007ffb83920000 - 0x00007ffb83a39000 	C:\WINDOWS\System32\gdi32full.dll
0x00007ffb6b9a0000 - 0x00007ffb6b9bb000 	C:\Program Files\Android\Android Studio\jbr\bin\VCRUNTIME140.dll
0x00007ffb83e70000 - 0x00007ffb83f0a000 	C:\WINDOWS\System32\msvcp_win.dll
0x00007ffb6eae0000 - 0x00007ffb6ed73000 	C:\WINDOWS\WinSxS\amd64_microsoft.windows.common-controls_6595b64144ccf1df_6.0.22621.2506_none_270c5ae97388e100\COMCTL32.dll
0x00007ffb850d0000 - 0x00007ffb85177000 	C:\WINDOWS\System32\msvcrt.dll
0x00007ffb86270000 - 0x00007ffb862a1000 	C:\WINDOWS\System32\IMM32.DLL
0x00007ffb6ba30000 - 0x00007ffb6ba3c000 	C:\Program Files\Android\Android Studio\jbr\bin\vcruntime140_1.dll
0x00007ffb4d530000 - 0x00007ffb4d5bd000 	C:\Program Files\Android\Android Studio\jbr\bin\msvcp140.dll
0x00007ffb4f9b0000 - 0x00007ffb5061e000 	C:\Program Files\Android\Android Studio\jbr\bin\server\jvm.dll
0x00007ffb84ed0000 - 0x00007ffb84f81000 	C:\WINDOWS\System32\ADVAPI32.dll
0x00007ffb860a0000 - 0x00007ffb86146000 	C:\WINDOWS\System32\sechost.dll
0x00007ffb86150000 - 0x00007ffb86267000 	C:\WINDOWS\System32\RPCRT4.dll
0x00007ffb73470000 - 0x00007ffb734a4000 	C:\WINDOWS\SYSTEM32\WINMM.dll
0x00007ffb6ea90000 - 0x00007ffb6ea9a000 	C:\WINDOWS\SYSTEM32\VERSION.dll
0x00007ffb5beb0000 - 0x00007ffb5beb9000 	C:\WINDOWS\SYSTEM32\WSOCK32.dll
0x00007ffb84e50000 - 0x00007ffb84ec1000 	C:\WINDOWS\System32\WS2_32.dll
0x00007ffb82920000 - 0x00007ffb82938000 	C:\WINDOWS\SYSTEM32\kernel.appcore.dll
0x00007ffb7b950000 - 0x00007ffb7b95a000 	C:\Program Files\Android\Android Studio\jbr\bin\jimage.dll
0x00007ffb7e330000 - 0x00007ffb7e563000 	C:\WINDOWS\SYSTEM32\DBGHELP.DLL
0x00007ffb84950000 - 0x00007ffb84cd9000 	C:\WINDOWS\System32\combase.dll
0x00007ffb84ff0000 - 0x00007ffb850c7000 	C:\WINDOWS\System32\OLEAUT32.dll
0x00007ffb54340000 - 0x00007ffb54372000 	C:\WINDOWS\SYSTEM32\dbgcore.DLL
0x00007ffb83df0000 - 0x00007ffb83e6a000 	C:\WINDOWS\System32\bcryptPrimitives.dll
0x00007ffb6bc40000 - 0x00007ffb6bc65000 	C:\Program Files\Android\Android Studio\jbr\bin\java.dll
0x00007ffb6e8a0000 - 0x00007ffb6e8b8000 	C:\Program Files\Android\Android Studio\jbr\bin\zip.dll
0x00007ffb85210000 - 0x00007ffb85a69000 	C:\WINDOWS\System32\SHELL32.dll
0x00007ffb81840000 - 0x00007ffb82134000 	C:\WINDOWS\SYSTEM32\windows.storage.dll
0x00007ffb81700000 - 0x00007ffb8183e000 	C:\WINDOWS\SYSTEM32\wintypes.dll
0x00007ffb86470000 - 0x00007ffb86563000 	C:\WINDOWS\System32\SHCORE.dll
0x00007ffb84df0000 - 0x00007ffb84e4e000 	C:\WINDOWS\System32\shlwapi.dll
0x00007ffb83850000 - 0x00007ffb83876000 	C:\WINDOWS\SYSTEM32\profapi.dll
0x00007ffb6bc20000 - 0x00007ffb6bc39000 	C:\Program Files\Android\Android Studio\jbr\bin\net.dll
0x00007ffb76ef0000 - 0x00007ffb77027000 	C:\WINDOWS\SYSTEM32\WINHTTP.dll
0x00007ffb82da0000 - 0x00007ffb82e09000 	C:\WINDOWS\system32\mswsock.dll
0x00007ffb6bbc0000 - 0x00007ffb6bbd6000 	C:\Program Files\Android\Android Studio\jbr\bin\nio.dll
0x00007ffb788e0000 - 0x00007ffb788f0000 	C:\Program Files\Android\Android Studio\jbr\bin\verify.dll
0x00007ffb7b570000 - 0x00007ffb7b597000 	C:\Users\Ian\.gradle\native\e1d6ef7f7dcc3fd88c89a11ec53ec762bb8ba0a96d01ffa2cd45eb1d1d8dd5c5\windows-amd64\native-platform.dll
0x00007ffb43af0000 - 0x00007ffb43c34000 	C:\Users\Ian\.gradle\native\5664cfc778a61ccfe75a443a1ab52a65af34e5dc3c78e0209fed803814484fcb\windows-amd64\native-platform-file-events.dll
0x00007ffb6e820000 - 0x00007ffb6e829000 	C:\Program Files\Android\Android Studio\jbr\bin\management.dll
0x00007ffb6daa0000 - 0x00007ffb6daab000 	C:\Program Files\Android\Android Studio\jbr\bin\management_ext.dll
0x00007ffb862b0000 - 0x00007ffb862b8000 	C:\WINDOWS\System32\PSAPI.DLL
0x00007ffb82ff0000 - 0x00007ffb8300b000 	C:\WINDOWS\SYSTEM32\CRYPTSP.dll
0x00007ffb82880000 - 0x00007ffb828b5000 	C:\WINDOWS\system32\rsaenh.dll
0x00007ffb82e90000 - 0x00007ffb82ebc000 	C:\WINDOWS\SYSTEM32\USERENV.dll
0x00007ffb831e0000 - 0x00007ffb83208000 	C:\WINDOWS\SYSTEM32\bcrypt.dll
0x00007ffb83010000 - 0x00007ffb8301c000 	C:\WINDOWS\SYSTEM32\CRYPTBASE.dll
0x00007ffb823e0000 - 0x00007ffb8240d000 	C:\WINDOWS\SYSTEM32\IPHLPAPI.DLL
0x00007ffb851d0000 - 0x00007ffb851d9000 	C:\WINDOWS\System32\NSI.dll
0x00007ffb740f0000 - 0x00007ffb74109000 	C:\WINDOWS\SYSTEM32\dhcpcsvc6.DLL
0x00007ffb73fe0000 - 0x00007ffb73fff000 	C:\WINDOWS\SYSTEM32\dhcpcsvc.DLL
0x00007ffb82410000 - 0x00007ffb82509000 	C:\WINDOWS\SYSTEM32\DNSAPI.dll
0x00007ffb6cd20000 - 0x00007ffb6cd28000 	C:\WINDOWS\system32\wshunix.dll

dbghelp: loaded successfully - version: 4.0.5 - missing functions: none
symbol engine: initialized successfully - sym options: 0x614 - pdb path: .;C:\Program Files\Android\Android Studio\jbr\bin;C:\WINDOWS\SYSTEM32;C:\WINDOWS\WinSxS\amd64_microsoft.windows.common-controls_6595b64144ccf1df_6.0.22621.2506_none_270c5ae97388e100;C:\Program Files\Android\Android Studio\jbr\bin\server;C:\Users\Ian\.gradle\native\e1d6ef7f7dcc3fd88c89a11ec53ec762bb8ba0a96d01ffa2cd45eb1d1d8dd5c5\windows-amd64;C:\Users\Ian\.gradle\native\5664cfc778a61ccfe75a443a1ab52a65af34e5dc3c78e0209fed803814484fcb\windows-amd64

VM Arguments:
jvm_args: --add-opens=java.base/java.util=ALL-UNNAMED --add-opens=java.base/java.lang=ALL-UNNAMED --add-opens=java.base/java.lang.invoke=ALL-UNNAMED --add-opens=java.base/java.util=ALL-UNNAMED --add-opens=java.prefs/java.util.prefs=ALL-UNNAMED --add-opens=java.prefs/java.util.prefs=ALL-UNNAMED --add-opens=java.base/java.nio.charset=ALL-UNNAMED --add-opens=java.base/java.net=ALL-UNNAMED --add-opens=java.base/java.util.concurrent.atomic=ALL-UNNAMED -Xmx2048m -Dfile.encoding=UTF-8 -Duser.country=ID -Duser.language=id -Duser.variant 
java_command: org.gradle.launcher.daemon.bootstrap.GradleDaemon 7.2
java_class_path (initial): C:\Users\Ian\.gradle\wrapper\dists\gradle-7.2-bin\2dnblmf4td7x66yl1d74lt32g\gradle-7.2\lib\gradle-launcher-7.2.jar
Launcher Type: SUN_STANDARD

[Global flags]
     intx CICompilerCount                          = 3                                         {product} {ergonomic}
     uint ConcGCThreads                            = 1                                         {product} {ergonomic}
     uint G1ConcRefinementThreads                  = 4                                         {product} {ergonomic}
   size_t G1HeapRegionSize                         = 1048576                                   {product} {ergonomic}
    uintx GCDrainStackTargetSize                   = 64                                        {product} {ergonomic}
   size_t InitialHeapSize                          = 65011712                                  {product} {ergonomic}
   size_t MarkStackSize                            = 4194304                                   {product} {ergonomic}
   size_t MaxHeapSize                              = 2147483648                                {product} {command line}
   size_t MaxNewSize                               = 1287651328                                {product} {ergonomic}
   size_t MinHeapDeltaBytes                        = 1048576                                   {product} {ergonomic}
   size_t MinHeapSize                              = 8388608                                   {product} {ergonomic}
    uintx NonNMethodCodeHeapSize                   = 5832780                                {pd product} {ergonomic}
    uintx NonProfiledCodeHeapSize                  = 122912730                              {pd product} {ergonomic}
    uintx ProfiledCodeHeapSize                     = 122912730                              {pd product} {ergonomic}
    uintx ReservedCodeCacheSize                    = 251658240                              {pd product} {ergonomic}
     bool SegmentedCodeCache                       = true                                      {product} {ergonomic}
   size_t SoftMaxHeapSize                          = 2147483648                             {manageable} {ergonomic}
     bool UseCompressedClassPointers               = true                           {product lp64_product} {ergonomic}
     bool UseCompressedOops                        = true                           {product lp64_product} {ergonomic}
     bool UseG1GC                                  = true                                      {product} {ergonomic}
     bool UseLargePagesIndividualAllocation        = false                                  {pd product} {ergonomic}

Logging:
Log output configuration:
 #0: stdout all=warning uptime,level,tags
 #1: stderr all=off uptime,level,tags

Environment Variables:
PATH=C:\ProgramData\Oracle\Java\javapath;C:\Program Files\OpenLogic\jdk-17.0.6.10-hotspot\bin;C:\Program Files\OpenJDK\jdk-11.0.18.10-hotspot\bin;C:\Program Files (x86)\Common Files\Oracle\Java\javapath;C:\Program Files (x86)\Common Files\Intel\Shared Files\cpp\bin\Intel64;C:\WINDOWS\system32;C:\WINDOWS;C:\WINDOWS\System32\Wbem;C:\WINDOWS\System32\WindowsPowerShell\v1.0\;C:\WINDOWS\System32\OpenSSH\;C:\Program Files\Intel\WiFi\bin\;C:\Program Files\Common Files\Intel\WirelessCommon\;C:\Program Files\Git\cmd;C:\Users\Ian\AppData\Local\Microsoft\WindowsApps;;C:\Users\Ian\AppData\Local\Programs\Microsoft VS Code\bin
USERNAME=Ian
OS=Windows_NT
PROCESSOR_IDENTIFIER=Intel64 Family 6 Model 142 Stepping 10, GenuineIntel
TMP=C:\Users\Ian\AppData\Local\Temp
TEMP=C:\Users\Ian\AppData\Local\Temp


JNI global refs:
JNI global refs: 26, weak refs: 66

JNI global refs memory usage: 843, weak refs: 1473


---------------  S Y S T E M  ---------------

OS:
 Windows 11 , 64 bit Build 22621 (10.0.22621.2506)
OS uptime: 0 days 3:04 hours

CPU: total 4 (initial active 4) (2 cores per cpu, 2 threads per core) family 6 model 142 stepping 10 microcode 0xe0, cx8, cmov, fxsr, ht, mmx, 3dnowpref, sse, sse2, sse3, ssse3, sse4.1, sse4.2, popcnt, lzcnt, tsc, tscinvbit, aes, erms, clmul, clflush, clflushopt

Memory: 4k page, system-wide physical 3952M (357M free)
TotalPageFile size 8048M (AvailPageFile size 8M)
current process WorkingSet (physical memory assigned to process): 368M, peak: 449M
current process commit charge ("private bytes"): 719M, peak: 725M

vm_info: OpenJDK 64-Bit Server VM (17.0.6+0-b2043.56-10027231) for windows-amd64 JRE (17.0.6+0-b2043.56-10027231), built on Apr 28 2023 00:43:19 by "androidbuild" with MS VC++ 16.10 / 16.11 (VS2019)

END.
